TN:
SF:src/components/ActionSuggestionCard.js
FN:32,(anonymous_0)
FN:40,(anonymous_1)
FN:59,(anonymous_2)
FN:62,(anonymous_3)
FN:68,(anonymous_4)
FN:82,(anonymous_5)
FN:107,(anonymous_6)
FN:114,(anonymous_7)
FN:119,(anonymous_8)
FN:187,(anonymous_9)
FNF:10
FNH:0
FNDA:0,(anonymous_0)
FNDA:0,(anonymous_1)
FNDA:0,(anonymous_2)
FNDA:0,(anonymous_3)
FNDA:0,(anonymous_4)
FNDA:0,(anonymous_5)
FNDA:0,(anonymous_6)
FNDA:0,(anonymous_7)
FNDA:0,(anonymous_8)
FNDA:0,(anonymous_9)
DA:28,0
DA:29,0
DA:30,0
DA:32,0
DA:33,0
DA:34,0
DA:35,0
DA:36,0
DA:37,0
DA:40,0
DA:41,0
DA:57,0
DA:60,0
DA:63,0
DA:64,0
DA:65,0
DA:69,0
DA:71,0
DA:83,0
DA:84,0
DA:88,0
DA:107,0
DA:108,0
DA:109,0
DA:110,0
DA:114,0
DA:115,0
DA:116,0
DA:119,0
DA:120,0
DA:123,0
DA:188,0
DA:189,0
DA:208,0
LF:34
LH:0
BRDA:63,0,0,0
BRDA:63,0,1,0
BRDA:69,1,0,0
BRDA:69,1,1,0
BRDA:69,2,0,0
BRDA:69,2,1,0
BRDA:109,3,0,0
BRDA:109,3,1,0
BRDA:145,4,0,0
BRDA:145,4,1,0
BRDA:173,5,0,0
BRDA:173,5,1,0
BRDA:177,6,0,0
BRDA:177,6,1,0
BRF:14
BRH:0
end_of_record
TN:
SF:src/components/AnimatedButton.js
FN:4,(anonymous_0)
FN:15,(anonymous_1)
FN:29,(anonymous_2)
FN:40,(anonymous_3)
FNF:4
FNH:0
FNDA:0,(anonymous_0)
FNDA:0,(anonymous_1)
FNDA:0,(anonymous_2)
FNDA:0,(anonymous_3)
DA:4,0
DA:15,0
DA:16,0
DA:29,0
DA:30,0
DA:41,0
DA:45,0
DA:66,0
LF:8
LH:0
BRDA:13,0,0,0
BRDA:41,1,0,0
BRDA:41,1,1,0
BRDA:48,2,0,0
BRDA:48,2,1,0
BRDA:49,3,0,0
BRDA:49,3,1,0
BRDA:54,4,0,0
BRDA:54,4,1,0
BRDA:59,5,0,0
BRDA:59,5,1,0
BRF:11
BRH:0
end_of_record
TN:
SF:src/components/ConnectionRestoredListener.js
FN:9,(anonymous_0)
FN:16,(anonymous_1)
FNF:2
FNH:0
FNDA:0,(anonymous_0)
FNDA:0,(anonymous_1)
DA:9,0
DA:10,0
DA:11,0
DA:13,0
DA:14,0
DA:16,0
DA:17,0
DA:18,0
DA:20,0
DA:23,0
LF:10
LH:0
BRDA:14,0,0,0
BRDA:14,0,1,0
BRDA:17,1,0,0
BRDA:17,1,1,0
BRDA:17,2,0,0
BRDA:17,2,1,0
BRF:6
BRH:0
end_of_record
TN:
SF:src/components/DashboardFocusCard.js
FN:14,pickDisplayedReminder
FN:17,(anonymous_1)
FN:21,formatDue
FN:31,reminderIcon
FN:46,(anonymous_4)
FN:51,(anonymous_5)
FN:62,(anonymous_6)
FN:66,(anonymous_7)
FN:75,(anonymous_8)
FN:85,(anonymous_9)
FN:94,(anonymous_10)
FNF:11
FNH:0
FNDA:0,pickDisplayedReminder
FNDA:0,(anonymous_1)
FNDA:0,formatDue
FNDA:0,reminderIcon
FNDA:0,(anonymous_4)
FNDA:0,(anonymous_5)
FNDA:0,(anonymous_6)
FNDA:0,(anonymous_7)
FNDA:0,(anonymous_8)
FNDA:0,(anonymous_9)
FNDA:0,(anonymous_10)
DA:12,0
DA:15,0
DA:16,0
DA:17,0
DA:18,0
DA:22,0
DA:23,0
DA:24,0
DA:25,0
DA:27,0
DA:32,0
DA:34,0
DA:36,0
DA:38,0
DA:40,0
DA:42,0
DA:46,0
DA:47,0
DA:48,0
DA:50,0
DA:52,0
DA:57,0
DA:59,0
DA:61,0
DA:62,0
DA:66,0
DA:67,0
DA:68,0
DA:69,0
DA:70,0
DA:73,0
DA:75,0
DA:76,0
DA:77,0
DA:78,0
DA:79,0
DA:83,0
DA:85,0
DA:86,0
DA:87,0
DA:88,0
DA:89,0
DA:90,0
DA:94,0
DA:95,0
DA:96,0
DA:97,0
DA:98,0
DA:103,0
DA:105,0
DA:108,0
DA:110,0
LF:52
LH:0
BRDA:15,0,0,0
BRDA:15,0,1,0
BRDA:16,1,0,0
BRDA:16,1,1,0
BRDA:18,2,0,0
BRDA:18,2,1,0
BRDA:22,3,0,0
BRDA:22,3,1,0
BRDA:32,4,0,0
BRDA:32,4,1,0
BRDA:32,4,2,0
BRDA:32,4,3,0
BRDA:32,4,4,0
BRDA:52,5,0,0
BRDA:52,5,1,0
BRDA:57,6,0,0
BRDA:57,6,1,0
BRDA:67,7,0,0
BRDA:67,7,1,0
BRDA:68,8,0,0
BRDA:68,8,1,0
BRDA:69,9,0,0
BRDA:69,9,1,0
BRDA:70,10,0,0
BRDA:70,10,1,0
BRDA:73,11,0,0
BRDA:73,11,1,0
BRDA:76,12,0,0
BRDA:76,12,1,0
BRDA:76,13,0,0
BRDA:76,13,1,0
BRDA:78,14,0,0
BRDA:78,14,1,0
BRDA:83,15,0,0
BRDA:83,15,1,0
BRDA:86,16,0,0
BRDA:86,16,1,0
BRDA:86,17,0,0
BRDA:86,17,1,0
BRDA:87,18,0,0
BRDA:87,18,1,0
BRDA:89,19,0,0
BRDA:89,19,1,0
BRDA:95,20,0,0
BRDA:95,20,1,0
BRDA:95,21,0,0
BRDA:95,21,1,0
BRDA:97,22,0,0
BRDA:97,22,1,0
BRDA:103,23,0,0
BRDA:103,23,1,0
BRDA:108,24,0,0
BRDA:108,24,1,0
BRDA:114,25,0,0
BRDA:114,25,1,0
BRDA:116,26,0,0
BRDA:116,26,1,0
BRDA:117,27,0,0
BRDA:117,27,1,0
BRDA:119,28,0,0
BRDA:119,28,1,0
BRDA:120,29,0,0
BRDA:120,29,1,0
BRDA:121,30,0,0
BRDA:121,30,1,0
BRDA:130,31,0,0
BRDA:130,31,1,0
BRDA:136,32,0,0
BRDA:136,32,1,0
BRDA:142,33,0,0
BRDA:142,33,1,0
BRDA:148,34,0,0
BRDA:148,34,1,0
BRDA:156,35,0,0
BRDA:156,35,1,0
BRDA:158,36,0,0
BRDA:158,36,1,0
BRDA:170,37,0,0
BRDA:170,37,1,0
BRDA:179,38,0,0
BRDA:179,38,1,0
BRDA:185,39,0,0
BRDA:185,39,1,0
BRDA:196,40,0,0
BRDA:196,40,1,0
BRDA:202,41,0,0
BRDA:202,41,1,0
BRF:87
BRH:0
end_of_record
TN:
SF:src/components/DashboardScroll.js
FN:9,(anonymous_0)
FNF:1
FNH:0
FNDA:0,(anonymous_0)
DA:9,0
DA:15,0
DA:38,0
LF:3
LH:0
BRF:0
BRH:0
end_of_record
TN:
SF:src/components/EditEmergencyContactModal.js
FN:66,(anonymous_0)
FN:78,(anonymous_1)
FN:95,(anonymous_2)
FN:138,(anonymous_3)
FN:217,(anonymous_4)
FN:235,(anonymous_5)
FN:256,(anonymous_6)
FN:278,(anonymous_7)
FNF:8
FNH:0
FNDA:0,(anonymous_0)
FNDA:0,(anonymous_1)
FNDA:0,(anonymous_2)
FNDA:0,(anonymous_3)
FNDA:0,(anonymous_4)
FNDA:0,(anonymous_5)
FNDA:0,(anonymous_6)
FNDA:0,(anonymous_7)
DA:31,0
DA:32,0
DA:33,0
DA:34,0
DA:35,0
DA:36,0
DA:39,0
DA:66,0
DA:67,0
DA:68,0
DA:74,0
DA:75,0
DA:78,0
DA:79,0
DA:80,0
DA:86,0
DA:87,0
DA:88,0
DA:90,0
DA:95,0
DA:96,0
DA:99,0
DA:100,0
DA:101,0
DA:102,0
DA:103,0
DA:104,0
DA:108,0
DA:109,0
DA:110,0
DA:111,0
DA:112,0
DA:113,0
DA:117,0
DA:118,0
DA:119,0
DA:120,0
DA:122,0
DA:123,0
DA:124,0
DA:129,0
DA:130,0
DA:133,0
DA:134,0
DA:138,0
DA:139,0
DA:140,0
DA:141,0
DA:142,0
DA:145,0
DA:146,0
DA:149,0
DA:150,0
DA:151,0
DA:158,0
DA:159,0
DA:160,0
DA:162,0
DA:163,0
DA:164,0
DA:166,0
DA:168,0
DA:173,0
DA:174,0
DA:177,0
DA:217,0
DA:235,0
DA:256,0
DA:278,0
DA:315,0
LF:70
LH:0
BRDA:79,0,0,0
BRDA:79,0,1,0
BRDA:79,1,0,0
BRDA:79,1,1,0
BRDA:79,1,2,0
BRDA:81,2,0,0
BRDA:81,2,1,0
BRDA:82,3,0,0
BRDA:82,3,1,0
BRDA:83,4,0,0
BRDA:83,4,1,0
BRDA:84,5,0,0
BRDA:84,5,1,0
BRDA:88,6,0,0
BRDA:88,6,1,0
BRDA:88,7,0,0
BRDA:88,7,1,0
BRDA:99,8,0,0
BRDA:99,8,1,0
BRDA:101,9,0,0
BRDA:101,9,1,0
BRDA:103,10,0,0
BRDA:103,10,1,0
BRDA:108,11,0,0
BRDA:108,11,1,0
BRDA:110,12,0,0
BRDA:110,12,1,0
BRDA:112,13,0,0
BRDA:112,13,1,0
BRDA:117,14,0,0
BRDA:117,14,1,0
BRDA:119,15,0,0
BRDA:119,15,1,0
BRDA:123,16,0,0
BRDA:123,16,1,0
BRDA:129,17,0,0
BRDA:129,17,1,0
BRDA:129,18,0,0
BRDA:129,18,1,0
BRDA:139,19,0,0
BRDA:139,19,1,0
BRDA:139,20,0,0
BRDA:139,20,1,0
BRDA:145,21,0,0
BRDA:145,21,1,0
BRDA:154,22,0,0
BRDA:154,22,1,0
BRDA:155,23,0,0
BRDA:155,23,1,0
BRDA:163,24,0,0
BRDA:163,24,1,0
BRDA:164,25,0,0
BRDA:164,25,1,0
BRDA:164,25,2,0
BRDA:164,25,3,0
BRDA:166,26,0,0
BRDA:166,26,1,0
BRDA:173,27,0,0
BRDA:173,27,1,0
BRDA:173,28,0,0
BRDA:173,28,1,0
BRDA:173,28,2,0
BRDA:185,29,0,0
BRDA:185,29,1,0
BRDA:210,30,0,0
BRDA:210,30,1,0
BRDA:222,31,0,0
BRDA:222,31,1,0
BRDA:228,32,0,0
BRDA:228,32,1,0
BRDA:243,33,0,0
BRDA:243,33,1,0
BRDA:249,34,0,0
BRDA:249,34,1,0
BRDA:262,35,0,0
BRDA:262,35,1,0
BRDA:263,36,0,0
BRDA:263,36,1,0
BRDA:263,37,0,0
BRDA:263,37,1,0
BRDA:271,38,0,0
BRDA:271,38,1,0
BRDA:283,39,0,0
BRDA:283,39,1,0
BRDA:297,40,0,0
BRDA:297,40,1,0
BRDA:301,41,0,0
BRDA:301,41,1,0
BRDA:329,42,0,0
BRDA:329,42,1,0
BRDA:365,43,0,0
BRDA:365,43,1,0
BRDA:373,44,0,0
BRDA:373,44,1,0
BRDA:385,45,0,0
BRDA:385,45,1,0
BRDA:411,46,0,0
BRDA:411,46,1,0
BRF:98
BRH:0
end_of_record
TN:
SF:src/components/EmergencyContactsModal.js
FN:72,(anonymous_0)
FN:81,(anonymous_1)
FN:123,(anonymous_2)
FN:124,(anonymous_3)
FN:128,(anonymous_4)
FN:131,(anonymous_5)
FN:131,(anonymous_6)
FN:132,(anonymous_7)
FN:143,(anonymous_8)
FN:156,(anonymous_9)
FN:157,(anonymous_10)
FN:165,(anonymous_11)
FN:174,(anonymous_12)
FN:175,(anonymous_13)
FN:184,(anonymous_14)
FN:185,(anonymous_15)
FN:189,(anonymous_16)
FN:190,(anonymous_17)
FN:190,(anonymous_18)
FN:191,(anonymous_19)
FN:191,(anonymous_20)
FN:195,(anonymous_21)
FN:204,(anonymous_22)
FN:216,(anonymous_23)
FN:231,(anonymous_24)
FN:262,(anonymous_25)
FN:271,(anonymous_26)
FN:289,(anonymous_27)
FN:300,(anonymous_28)
FN:319,(anonymous_29)
FN:338,(anonymous_30)
FN:356,(anonymous_31)
FN:376,(anonymous_32)
FN:426,(anonymous_33)
FN:429,(anonymous_34)
FNF:35
FNH:0
FNDA:0,(anonymous_0)
FNDA:0,(anonymous_1)
FNDA:0,(anonymous_2)
FNDA:0,(anonymous_3)
FNDA:0,(anonymous_4)
FNDA:0,(anonymous_5)
FNDA:0,(anonymous_6)
FNDA:0,(anonymous_7)
FNDA:0,(anonymous_8)
FNDA:0,(anonymous_9)
FNDA:0,(anonymous_10)
FNDA:0,(anonymous_11)
FNDA:0,(anonymous_12)
FNDA:0,(anonymous_13)
FNDA:0,(anonymous_14)
FNDA:0,(anonymous_15)
FNDA:0,(anonymous_16)
FNDA:0,(anonymous_17)
FNDA:0,(anonymous_18)
FNDA:0,(anonymous_19)
FNDA:0,(anonymous_20)
FNDA:0,(anonymous_21)
FNDA:0,(anonymous_22)
FNDA:0,(anonymous_23)
FNDA:0,(anonymous_24)
FNDA:0,(anonymous_25)
FNDA:0,(anonymous_26)
FNDA:0,(anonymous_27)
FNDA:0,(anonymous_28)
FNDA:0,(anonymous_29)
FNDA:0,(anonymous_30)
FNDA:0,(anonymous_31)
FNDA:0,(anonymous_32)
FNDA:0,(anonymous_33)
FNDA:0,(anonymous_34)
DA:32,0
DA:33,0
DA:34,0
DA:35,0
DA:36,0
DA:37,0
DA:40,0
DA:72,0
DA:73,0
DA:74,0
DA:77,0
DA:78,0
DA:81,0
DA:82,0
DA:85,0
DA:86,0
DA:87,0
DA:88,0
DA:89,0
DA:90,0
DA:94,0
DA:95,0
DA:96,0
DA:97,0
DA:98,0
DA:99,0
DA:103,0
DA:104,0
DA:105,0
DA:106,0
DA:108,0
DA:109,0
DA:110,0
DA:115,0
DA:116,0
DA:119,0
DA:123,0
DA:124,0
DA:125,0
DA:128,0
DA:131,0
DA:132,0
DA:134,0
DA:135,0
DA:139,0
DA:143,0
DA:144,0
DA:145,0
DA:149,0
DA:152,0
DA:156,0
DA:157,0
DA:158,0
DA:159,0
DA:160,0
DA:164,0
DA:165,0
DA:166,0
DA:167,0
DA:168,0
DA:174,0
DA:175,0
DA:176,0
DA:177,0
DA:181,0
DA:184,0
DA:185,0
DA:189,0
DA:190,0
DA:191,0
DA:195,0
DA:196,0
DA:197,0
DA:200,0
DA:202,0
DA:204,0
DA:206,0
DA:207,0
DA:211,0
DA:212,0
DA:216,0
DA:217,0
DA:225,0
DA:227,0
DA:228,0
DA:230,0
DA:232,0
DA:233,0
DA:237,0
DA:238,0
DA:239,0
DA:240,0
DA:241,0
DA:245,0
DA:246,0
DA:251,0
DA:257,0
DA:262,0
DA:263,0
DA:273,0
DA:274,0
DA:276,0
DA:279,0
DA:280,0
DA:281,0
DA:289,0
DA:290,0
DA:291,0
DA:293,0
DA:300,0
DA:319,0
DA:338,0
DA:356,0
DA:376,0
DA:387,0
DA:426,0
DA:429,0
DA:469,0
LF:118
LH:0
BRDA:72,0,0,0
BRDA:72,1,0,0
BRDA:85,2,0,0
BRDA:85,2,1,0
BRDA:87,3,0,0
BRDA:87,3,1,0
BRDA:89,4,0,0
BRDA:89,4,1,0
BRDA:94,5,0,0
BRDA:94,5,1,0
BRDA:96,6,0,0
BRDA:96,6,1,0
BRDA:98,7,0,0
BRDA:98,7,1,0
BRDA:103,8,0,0
BRDA:103,8,1,0
BRDA:105,9,0,0
BRDA:105,9,1,0
BRDA:109,10,0,0
BRDA:109,10,1,0
BRDA:115,11,0,0
BRDA:115,11,1,0
BRDA:115,12,0,0
BRDA:115,12,1,0
BRDA:134,13,0,0
BRDA:134,13,1,0
BRDA:143,14,0,0
BRDA:143,14,1,0
BRDA:143,14,2,0
BRDA:144,15,0,0
BRDA:144,15,1,0
BRDA:164,16,0,0
BRDA:164,16,1,0
BRDA:175,17,0,0
BRDA:175,17,1,0
BRDA:176,18,0,0
BRDA:176,18,1,0
BRDA:196,19,0,0
BRDA:196,19,1,0
BRDA:204,20,0,0
BRDA:204,20,1,0
BRDA:204,20,2,0
BRDA:206,21,0,0
BRDA:206,21,1,0
BRDA:220,22,0,0
BRDA:220,22,1,0
BRDA:221,23,0,0
BRDA:221,23,1,0
BRDA:238,24,0,0
BRDA:238,24,1,0
BRDA:239,25,0,0
BRDA:239,25,1,0
BRDA:240,26,0,0
BRDA:240,26,1,0
BRDA:240,27,0,0
BRDA:240,27,1,0
BRDA:245,28,0,0
BRDA:245,28,1,0
BRDA:245,29,0,0
BRDA:245,29,1,0
BRDA:290,30,0,0
BRDA:290,30,1,0
BRDA:295,31,0,0
BRDA:295,31,1,0
BRDA:298,32,0,0
BRDA:298,32,1,0
BRDA:303,33,0,0
BRDA:303,33,1,0
BRDA:312,34,0,0
BRDA:312,34,1,0
BRDA:323,35,0,0
BRDA:323,35,1,0
BRDA:329,36,0,0
BRDA:329,36,1,0
BRDA:342,37,0,0
BRDA:342,37,1,0
BRDA:348,38,0,0
BRDA:348,38,1,0
BRDA:360,39,0,0
BRDA:360,39,1,0
BRDA:361,40,0,0
BRDA:361,40,1,0
BRDA:361,41,0,0
BRDA:361,41,1,0
BRDA:369,42,0,0
BRDA:369,42,1,0
BRDA:380,43,0,0
BRDA:380,43,1,0
BRDA:395,44,0,0
BRDA:395,44,1,0
BRDA:407,45,0,0
BRDA:407,45,1,0
BRDA:429,46,0,0
BRDA:429,46,1,0
BRDA:429,47,0,0
BRDA:429,47,1,0
BRDA:429,47,2,0
BRDA:455,48,0,0
BRDA:455,48,1,0
BRDA:565,49,0,0
BRDA:565,49,1,0
BRDA:578,50,0,0
BRDA:578,50,1,0
BRF:103
BRH:0
end_of_record
TN:
SF:src/components/EmotionBanner.js
FN:4,(anonymous_0)
FN:14,(anonymous_1)
FN:17,(anonymous_2)
FN:18,(anonymous_3)
FN:23,(anonymous_4)
FN:41,(anonymous_5)
FN:49,(anonymous_6)
FN:62,(anonymous_7)
FN:89,(anonymous_8)
FNF:9
FNH:0
FNDA:0,(anonymous_0)
FNDA:0,(anonymous_1)
FNDA:0,(anonymous_2)
FNDA:0,(anonymous_3)
FNDA:0,(anonymous_4)
FNDA:0,(anonymous_5)
FNDA:0,(anonymous_6)
FNDA:0,(anonymous_7)
FNDA:0,(anonymous_8)
DA:4,0
DA:5,0
DA:6,0
DA:7,0
DA:10,0
DA:11,0
DA:14,0
DA:16,0
DA:17,0
DA:18,0
DA:21,0
DA:23,0
DA:26,0
DA:27,0
DA:30,0
DA:33,0
DA:34,0
DA:37,0
DA:41,0
DA:43,0
DA:44,0
DA:45,0
DA:46,0
DA:49,0
DA:51,0
DA:64,0
DA:67,0
DA:70,0
DA:86,0
DA:89,0
DA:92,0
DA:124,0
LF:32
LH:0
BRDA:21,0,0,0
BRDA:21,0,1,0
BRDA:33,1,0,0
BRDA:33,1,1,0
BRDA:43,2,0,0
BRDA:43,2,1,0
BRF:6
BRH:0
end_of_record
TN:
SF:src/components/ErrorBoundary.js
FN:32,(anonymous_0)
FN:42,(anonymous_1)
FN:47,(anonymous_2)
FN:65,(anonymous_3)
FN:74,(anonymous_4)
FN:80,(anonymous_5)
FN:81,(anonymous_6)
FN:86,(anonymous_7)
FNF:8
FNH:0
FNDA:0,(anonymous_0)
FNDA:0,(anonymous_1)
FNDA:0,(anonymous_2)
FNDA:0,(anonymous_3)
FNDA:0,(anonymous_4)
FNDA:0,(anonymous_5)
FNDA:0,(anonymous_6)
FNDA:0,(anonymous_7)
DA:22,0
DA:33,0
DA:34,0
DA:44,0
DA:49,0
DA:50,0
DA:51,0
DA:54,0
DA:65,0
DA:66,0
DA:74,0
DA:77,0
DA:80,0
DA:81,0
DA:87,0
DA:88,0
DA:168,0
DA:172,0
LF:18
LH:0
BRDA:49,0,0,0
BRDA:49,0,1,0
BRDA:87,1,0,0
BRDA:87,1,1,0
BRDA:98,2,0,0
BRDA:98,2,1,0
BRDA:131,3,0,0
BRDA:131,3,1,0
BRDA:138,4,0,0
BRDA:138,4,1,0
BRDA:143,5,0,0
BRDA:143,5,1,0
BRDA:149,6,0,0
BRDA:149,6,1,0
BRDA:154,7,0,0
BRDA:154,7,1,0
BRDA:249,8,0,0
BRDA:249,8,1,0
BRF:18
BRH:0
end_of_record
TN:
SF:src/components/FirstSessionHint.js
FN:38,(anonymous_0)
FN:42,(anonymous_1)
FN:54,(anonymous_2)
FN:72,(anonymous_3)
FNF:4
FNH:0
FNDA:0,(anonymous_0)
FNDA:0,(anonymous_1)
FNDA:0,(anonymous_2)
FNDA:0,(anonymous_3)
DA:31,0
DA:38,0
DA:39,0
DA:40,0
DA:42,0
DA:43,0
DA:44,0
DA:50,0
DA:54,0
DA:55,0
DA:56,0
DA:57,0
DA:60,0
DA:61,0
DA:62,0
DA:63,0
DA:65,0
DA:72,0
DA:73,0
DA:74,0
DA:75,0
DA:78,0
DA:80,0
DA:114,0
LF:24
LH:0
BRDA:38,0,0,0
BRDA:43,1,0,0
BRDA:43,1,1,0
BRDA:62,2,0,0
BRDA:62,2,1,0
BRDA:78,3,0,0
BRDA:78,3,1,0
BRF:7
BRH:0
end_of_record
TN:
SF:src/components/FloatingNavBar.js
FN:18,(anonymous_0)
FN:32,(anonymous_1)
FN:62,(anonymous_2)
FN:73,(anonymous_3)
FN:95,(anonymous_4)
FN:97,(anonymous_5)
FN:99,(anonymous_6)
FN:122,(anonymous_7)
FN:131,(anonymous_8)
FN:141,(anonymous_9)
FN:146,(anonymous_10)
FN:156,(anonymous_11)
FN:165,(anonymous_12)
FN:174,(anonymous_13)
FN:185,NavTab
FN:195,(anonymous_15)
FNF:16
FNH:0
FNDA:0,(anonymous_0)
FNDA:0,(anonymous_1)
FNDA:0,(anonymous_2)
FNDA:0,(anonymous_3)
FNDA:0,(anonymous_4)
FNDA:0,(anonymous_5)
FNDA:0,(anonymous_6)
FNDA:0,(anonymous_7)
FNDA:0,(anonymous_8)
FNDA:0,(anonymous_9)
FNDA:0,(anonymous_10)
FNDA:0,(anonymous_11)
FNDA:0,(anonymous_12)
FNDA:0,(anonymous_13)
FNDA:0,NavTab
FNDA:0,(anonymous_15)
DA:10,0
DA:18,0
DA:25,0
DA:26,0
DA:29,0
DA:31,0
DA:33,0
DA:34,0
DA:35,0
DA:36,0
DA:39,0
DA:52,0
DA:53,0
DA:54,0
DA:56,0
DA:57,0
DA:58,0
DA:59,0
DA:60,0
DA:61,0
DA:62,0
DA:63,0
DA:64,0
DA:67,0
DA:69,0
DA:72,0
DA:73,0
DA:74,0
DA:75,0
DA:81,0
DA:83,0
DA:86,0
DA:88,0
DA:94,0
DA:96,0
DA:97,0
DA:99,0
DA:101,0
DA:106,0
DA:122,0
DA:131,0
DA:141,0
DA:146,0
DA:157,0
DA:165,0
DA:174,0
DA:193,0
DA:195,0
DA:216,0
LF:49
LH:0
BRDA:21,0,0,0
BRDA:23,1,0,0
BRDA:25,2,0,0
BRDA:25,3,0,0
BRDA:34,4,0,0
BRDA:34,4,1,0
BRDA:52,5,0,0
BRDA:52,5,1,0
BRDA:56,6,0,0
BRDA:56,6,1,0
BRDA:58,7,0,0
BRDA:58,7,1,0
BRDA:58,8,0,0
BRDA:58,8,1,0
BRDA:60,9,0,0
BRDA:60,9,1,0
BRDA:61,10,0,0
BRDA:61,10,1,0
BRDA:72,11,0,0
BRDA:72,11,1,0
BRDA:96,12,0,0
BRDA:96,12,1,0
BRDA:118,13,0,0
BRDA:118,13,1,0
BRDA:143,14,0,0
BRDA:143,14,1,0
BRDA:144,15,0,0
BRDA:144,15,1,0
BRDA:195,16,0,0
BRDA:195,16,1,0
BRDA:204,17,0,0
BRDA:204,17,1,0
BRDA:206,18,0,0
BRDA:206,18,1,0
BRDA:208,19,0,0
BRDA:208,19,1,0
BRDA:210,20,0,0
BRDA:210,20,1,0
BRF:38
BRH:0
end_of_record
TN:
SF:src/components/HabitCard.js
FN:14,(anonymous_0)
FN:18,(anonymous_1)
FN:27,(anonymous_2)
FN:35,(anonymous_3)
FN:42,(anonymous_4)
FN:130,(anonymous_5)
FN:137,(anonymous_6)
FN:151,(anonymous_7)
FN:173,(anonymous_8)
FN:177,(anonymous_9)
FN:181,(anonymous_10)
FN:197,(anonymous_11)
FN:212,(anonymous_12)
FN:233,(anonymous_13)
FN:237,(anonymous_14)
FN:242,(anonymous_15)
FN:261,(anonymous_16)
FNF:17
FNH:0
FNDA:0,(anonymous_0)
FNDA:0,(anonymous_1)
FNDA:0,(anonymous_2)
FNDA:0,(anonymous_3)
FNDA:0,(anonymous_4)
FNDA:0,(anonymous_5)
FNDA:0,(anonymous_6)
FNDA:0,(anonymous_7)
FNDA:0,(anonymous_8)
FNDA:0,(anonymous_9)
FNDA:0,(anonymous_10)
FNDA:0,(anonymous_11)
FNDA:0,(anonymous_12)
FNDA:0,(anonymous_13)
FNDA:0,(anonymous_14)
FNDA:0,(anonymous_15)
FNDA:0,(anonymous_16)
DA:14,0
DA:15,0
DA:16,0
DA:18,0
DA:19,0
DA:27,0
DA:28,0
DA:32,0
DA:35,0
DA:36,0
DA:42,0
DA:43,0
DA:44,0
DA:45,0
DA:46,0
DA:49,0
DA:51,0
DA:128,0
DA:130,0
DA:131,0
DA:132,0
DA:133,0
DA:134,0
DA:135,0
DA:137,0
DA:138,0
DA:139,0
DA:140,0
DA:142,0
DA:144,0
DA:146,0
DA:147,0
DA:150,0
DA:151,0
DA:154,0
DA:156,0
DA:157,0
DA:158,0
DA:159,0
DA:160,0
DA:161,0
DA:167,0
DA:168,0
DA:173,0
DA:174,0
DA:177,0
DA:178,0
DA:181,0
DA:182,0
DA:183,0
DA:186,0
DA:187,0
DA:197,0
DA:207,0
DA:208,0
DA:212,0
DA:220,0
DA:234,0
DA:237,0
DA:242,0
DA:256,0
DA:261,0
DA:268,0
DA:270,0
LF:64
LH:0
BRDA:20,0,0,0
BRDA:20,0,1,0
BRDA:20,1,0,0
BRDA:20,1,1,0
BRDA:42,2,0,0
BRDA:43,3,0,0
BRDA:43,3,1,0
BRDA:44,4,0,0
BRDA:44,4,1,0
BRDA:45,5,0,0
BRDA:45,5,1,0
BRDA:60,6,0,0
BRDA:60,6,1,0
BRDA:60,7,0,0
BRDA:60,7,1,0
BRDA:68,8,0,0
BRDA:68,8,1,0
BRDA:84,9,0,0
BRDA:84,9,1,0
BRDA:86,10,0,0
BRDA:86,10,1,0
BRDA:86,11,0,0
BRDA:86,11,1,0
BRDA:100,12,0,0
BRDA:100,12,1,0
BRDA:102,13,0,0
BRDA:102,13,1,0
BRDA:105,14,0,0
BRDA:105,14,1,0
BRDA:105,15,0,0
BRDA:105,15,1,0
BRDA:137,16,0,0
BRDA:139,17,0,0
BRDA:139,17,1,0
BRDA:147,18,0,0
BRDA:147,18,1,0
BRDA:151,19,0,0
BRDA:151,19,1,0
BRDA:151,20,0,0
BRDA:151,20,1,0
BRDA:158,21,0,0
BRDA:158,21,1,0
BRDA:182,22,0,0
BRDA:182,22,1,0
BRDA:186,23,0,0
BRDA:186,23,1,0
BRDA:207,24,0,0
BRDA:207,24,1,0
BRF:48
BRH:0
end_of_record
TN:
SF:src/components/Header.js
FN:8,(anonymous_0)
FN:11,(anonymous_1)
FN:21,(anonymous_2)
FNF:3
FNH:0
FNDA:0,(anonymous_0)
FNDA:0,(anonymous_1)
FNDA:0,(anonymous_2)
DA:8,0
DA:9,0
DA:11,0
DA:12,0
DA:13,0
DA:14,0
DA:16,0
DA:17,0
DA:21,0
DA:22,0
DA:24,0
DA:26,0
DA:27,0
DA:29,0
DA:31,0
DA:32,0
DA:37,0
DA:39,0
DA:41,0
DA:42,0
DA:44,0
DA:50,0
DA:51,0
DA:71,0
DA:92,0
DA:137,0
LF:26
LH:0
BRDA:12,0,0,0
BRDA:12,0,1,0
BRDA:16,1,0,0
BRDA:16,1,1,0
BRDA:26,2,0,0
BRDA:26,2,1,0
BRDA:26,3,0,0
BRDA:26,3,1,0
BRDA:29,4,0,0
BRDA:29,4,1,0
BRDA:50,5,0,0
BRDA:50,5,1,0
BRDA:50,6,0,0
BRDA:50,6,1,0
BRDA:74,7,0,0
BRDA:74,7,1,0
BRF:16
BRH:0
end_of_record
TN:
SF:src/components/JournalCard.js
FN:31,(anonymous_0)
FN:39,(anonymous_1)
FN:47,(anonymous_2)
FN:48,(anonymous_3)
FN:68,(anonymous_4)
FN:80,(anonymous_5)
FN:90,(anonymous_6)
FN:97,(anonymous_7)
FN:104,(anonymous_8)
FNF:9
FNH:0
FNDA:0,(anonymous_0)
FNDA:0,(anonymous_1)
FNDA:0,(anonymous_2)
FNDA:0,(anonymous_3)
FNDA:0,(anonymous_4)
FNDA:0,(anonymous_5)
FNDA:0,(anonymous_6)
FNDA:0,(anonymous_7)
FNDA:0,(anonymous_8)
DA:29,0
DA:31,0
DA:32,0
DA:33,0
DA:34,0
DA:35,0
DA:36,0
DA:37,0
DA:39,0
DA:40,0
DA:47,0
DA:48,0
DA:49,0
DA:50,0
DA:51,0
DA:52,0
DA:53,0
DA:54,0
DA:55,0
DA:56,0
DA:57,0
DA:58,0
DA:63,0
DA:64,0
DA:65,0
DA:68,0
DA:69,0
DA:70,0
DA:71,0
DA:76,0
DA:80,0
DA:81,0
DA:85,0
DA:86,0
DA:90,0
DA:91,0
DA:97,0
DA:98,0
DA:99,0
DA:101,0
DA:104,0
DA:105,0
DA:106,0
DA:108,0
DA:111,0
DA:165,0
LF:46
LH:0
BRDA:51,0,0,0
BRDA:51,0,1,0
BRDA:53,1,0,0
BRDA:53,1,1,0
BRDA:57,2,0,0
BRDA:57,2,1,0
BRDA:58,3,0,0
BRDA:58,3,1,0
BRDA:69,4,0,0
BRDA:69,4,1,0
BRDA:85,5,0,0
BRDA:85,5,1,0
BRDA:98,6,0,0
BRDA:98,6,1,0
BRDA:105,7,0,0
BRDA:105,7,1,0
BRDA:144,8,0,0
BRDA:144,8,1,0
BRDA:147,9,0,0
BRDA:147,9,1,0
BRDA:150,10,0,0
BRDA:150,10,1,0
BRDA:153,11,0,0
BRDA:153,11,1,0
BRF:24
BRH:0
end_of_record
TN:
SF:src/components/LastSessionSummaryCard.js
FN:19,formatGeneratedAt
FN:94,LastSessionSummaryCard
FN:95,(anonymous_2)
FNF:3
FNH:0
FNDA:0,formatGeneratedAt
FNDA:0,LastSessionSummaryCard
FNDA:0,(anonymous_2)
DA:11,0
DA:20,0
DA:21,0
DA:22,0
DA:23,0
DA:24,0
DA:26,0
DA:30,0
DA:95,0
DA:96,0
DA:97,0
DA:98,0
DA:99,0
DA:102,0
DA:104,0
DA:106,0
LF:16
LH:0
BRDA:20,0,0,0
BRDA:20,0,1,0
BRDA:23,1,0,0
BRDA:23,1,1,0
BRDA:96,2,0,0
BRDA:96,2,1,0
BRDA:97,3,0,0
BRDA:97,3,1,0
BRDA:98,4,0,0
BRDA:98,4,1,0
BRDA:99,5,0,0
BRDA:99,5,1,0
BRDA:102,6,0,0
BRDA:102,6,1,0
BRDA:102,7,0,0
BRDA:102,7,1,0
BRDA:111,8,0,0
BRDA:111,8,1,0
BRDA:116,9,0,0
BRDA:116,9,1,0
BRDA:117,10,0,0
BRDA:117,10,1,0
BRF:22
BRH:0
end_of_record
TN:
SF:src/components/MarkdownText.js
FN:14,(anonymous_0)
FN:61,(anonymous_1)
FN:82,(anonymous_2)
FNF:3
FNH:0
FNDA:0,(anonymous_0)
FNDA:0,(anonymous_1)
FNDA:0,(anonymous_2)
DA:14,0
DA:15,0
DA:16,0
DA:20,0
DA:21,0
DA:25,0
DA:26,0
DA:27,0
DA:30,0
DA:32,0
DA:33,0
DA:34,0
DA:35,0
DA:40,0
DA:41,0
DA:43,0
DA:47,0
DA:48,0
DA:49,0
DA:50,0
DA:54,0
DA:61,0
DA:67,0
DA:68,0
DA:71,0
DA:72,0
DA:80,0
DA:83,0
LF:28
LH:0
BRDA:15,0,0,0
BRDA:15,0,1,0
BRDA:15,1,0,0
BRDA:15,1,1,0
BRDA:20,2,0,0
BRDA:20,2,1,0
BRDA:32,3,0,0
BRDA:32,3,1,0
BRDA:34,4,0,0
BRDA:34,4,1,0
BRDA:47,5,0,0
BRDA:47,5,1,0
BRDA:49,6,0,0
BRDA:49,6,1,0
BRDA:54,7,0,0
BRDA:54,7,1,0
BRDA:67,8,0,0
BRDA:67,8,1,0
BRDA:67,9,0,0
BRDA:67,9,1,0
BRDA:71,10,0,0
BRDA:71,10,1,0
BRDA:71,11,0,0
BRDA:71,11,1,0
BRDA:85,12,0,0
BRDA:85,12,1,0
BRF:26
BRH:0
end_of_record
TN:
SF:src/components/MeditationView.js
FN:5,(anonymous_0)
FN:10,(anonymous_1)
FN:36,(anonymous_2)
FN:40,(anonymous_3)
FN:44,(anonymous_4)
FN:59,(anonymous_5)
FNF:6
FNH:0
FNDA:0,(anonymous_0)
FNDA:0,(anonymous_1)
FNDA:0,(anonymous_2)
FNDA:0,(anonymous_3)
FNDA:0,(anonymous_4)
FNDA:0,(anonymous_5)
DA:5,0
DA:6,0
DA:7,0
DA:10,0
DA:11,0
DA:36,0
DA:40,0
DA:41,0
DA:43,0
DA:44,0
DA:45,0
DA:46,0
DA:48,0
DA:49,0
DA:51,0
DA:52,0
DA:54,0
DA:55,0
DA:59,0
DA:60,0
DA:61,0
DA:65,0
DA:95,0
LF:23
LH:0
BRDA:46,0,0,0
BRDA:46,0,1,0
BRDA:46,0,2,0
BRDA:85,1,0,0
BRDA:85,1,1,0
BRF:5
BRH:0
end_of_record
TN:
SF:src/components/NotificationsPromptBanner.js
FN:20,(anonymous_0)
FN:28,(anonymous_1)
FN:42,(anonymous_2)
FN:47,(anonymous_3)
FNF:4
FNH:0
FNDA:0,(anonymous_0)
FNDA:0,(anonymous_1)
FNDA:0,(anonymous_2)
FNDA:0,(anonymous_3)
DA:14,0
DA:20,0
DA:26,0
DA:28,0
DA:29,0
DA:30,0
DA:36,0
DA:40,0
DA:42,0
DA:43,0
DA:44,0
DA:47,0
DA:48,0
DA:49,0
DA:52,0
DA:77,0
LF:16
LH:0
BRDA:24,0,0,0
BRDA:29,1,0,0
BRDA:29,1,1,0
BRDA:40,2,0,0
BRDA:40,2,1,0
BRDA:44,3,0,0
BRDA:44,3,1,0
BRDA:49,4,0,0
BRDA:49,4,1,0
BRDA:63,5,0,0
BRDA:63,5,1,0
BRF:11
BRH:0
end_of_record
TN:
SF:src/components/OfflineBanner.js
FN:8,(anonymous_0)
FNF:1
FNH:0
FNDA:0,(anonymous_0)
DA:8,0
DA:9,0
DA:11,0
DA:13,0
DA:14,0
DA:17,0
DA:30,0
LF:7
LH:0
BRDA:11,0,0,0
BRDA:11,0,1,0
BRDA:13,1,0,0
BRDA:13,1,1,0
BRF:4
BRH:0
end_of_record
TN:
SF:src/components/OnboardingQuestions.js
FN:40,(anonymous_0)
FN:48,(anonymous_1)
FN:51,(anonymous_2)
FN:54,(anonymous_3)
FN:59,(anonymous_4)
FN:97,(anonymous_5)
FN:98,(anonymous_6)
FN:108,(anonymous_7)
FN:112,(anonymous_8)
FN:118,(anonymous_9)
FN:119,(anonymous_10)
FNF:11
FNH:8
FNDA:5,(anonymous_0)
FNDA:2,(anonymous_1)
FNDA:1,(anonymous_2)
FNDA:2,(anonymous_3)
FNDA:1,(anonymous_4)
FNDA:1,(anonymous_5)
FNDA:0,(anonymous_6)
FNDA:12,(anonymous_7)
FNDA:36,(anonymous_8)
FNDA:0,(anonymous_9)
FNDA:0,(anonymous_10)
DA:17,1
DA:28,1
DA:34,1
DA:40,1
DA:41,5
DA:42,5
DA:43,5
DA:44,5
DA:45,5
DA:46,5
DA:48,5
DA:49,2
DA:50,2
DA:52,1
DA:55,2
DA:59,5
DA:60,1
DA:61,1
DA:63,1
DA:64,1
DA:65,1
DA:66,1
DA:68,0
DA:70,1
DA:72,1
DA:75,0
DA:76,0
DA:77,0
DA:82,0
DA:83,0
DA:84,0
DA:86,0
DA:88,0
DA:91,0
DA:93,0
DA:97,5
DA:98,1
DA:99,1
DA:100,1
DA:102,0
DA:104,1
DA:108,5
DA:109,12
DA:113,36
DA:114,36
DA:119,0
DA:120,0
DA:135,5
DA:137,4
DA:218,1
LF:50
LH:36
BRDA:63,0,0,1
BRDA:63,0,1,1
BRDA:63,0,2,1
BRDA:64,1,0,1
BRDA:64,1,1,0
BRDA:78,2,0,0
BRDA:78,2,1,0
BRDA:79,3,0,0
BRDA:79,3,1,0
BRDA:80,4,0,0
BRDA:80,4,1,0
BRDA:91,5,0,0
BRDA:91,5,1,0
BRDA:117,6,0,36
BRDA:117,6,1,0
BRDA:120,7,0,0
BRDA:120,7,1,0
BRDA:125,8,0,36
BRDA:125,8,1,0
BRDA:135,9,0,1
BRDA:135,9,1,4
BRDA:179,10,0,0
BRDA:179,10,1,4
BRDA:188,11,0,0
BRDA:188,11,1,4
BRDA:301,12,0,1
BRDA:301,12,1,0
BRF:27
BRH:11
end_of_record
TN:
SF:src/components/OnboardingTutorial.js
FN:89,(anonymous_0)
FN:97,(anonymous_1)
FN:101,(anonymous_2)
FN:114,(anonymous_3)
FN:129,(anonymous_4)
FN:167,(anonymous_5)
FN:193,(anonymous_6)
FN:208,(anonymous_7)
FN:243,(anonymous_8)
FN:254,(anonymous_9)
FN:260,(anonymous_10)
FN:269,(anonymous_11)
FN:281,(anonymous_12)
FN:294,(anonymous_13)
FN:434,(anonymous_14)
FNF:15
FNH:0
FNDA:0,(anonymous_0)
FNDA:0,(anonymous_1)
FNDA:0,(anonymous_2)
FNDA:0,(anonymous_3)
FNDA:0,(anonymous_4)
FNDA:0,(anonymous_5)
FNDA:0,(anonymous_6)
FNDA:0,(anonymous_7)
FNDA:0,(anonymous_8)
FNDA:0,(anonymous_9)
FNDA:0,(anonymous_10)
FNDA:0,(anonymous_11)
FNDA:0,(anonymous_12)
FNDA:0,(anonymous_13)
FNDA:0,(anonymous_14)
DA:29,0
DA:37,0
DA:38,0
DA:41,0
DA:54,0
DA:89,0
DA:90,0
DA:91,0
DA:92,0
DA:93,0
DA:94,0
DA:95,0
DA:99,0
DA:103,0
DA:104,0
DA:110,0
DA:111,0
DA:112,0
DA:114,0
DA:115,0
DA:117,0
DA:118,0
DA:130,0
DA:131,0
DA:132,0
DA:134,0
DA:135,0
DA:137,0
DA:150,0
DA:153,0
DA:154,0
DA:155,0
DA:156,0
DA:168,0
DA:169,0
DA:170,0
DA:172,0
DA:173,0
DA:175,0
DA:189,0
DA:193,0
DA:194,0
DA:195,0
DA:196,0
DA:197,0
DA:209,0
DA:210,0
DA:211,0
DA:213,0
DA:214,0
DA:216,0
DA:229,0
DA:231,0
DA:232,0
DA:244,0
DA:245,0
DA:246,0
DA:247,0
DA:248,0
DA:254,0
DA:255,0
DA:256,0
DA:257,0
DA:260,0
DA:261,0
DA:262,0
DA:263,0
DA:264,0
DA:266,0
DA:269,0
DA:270,0
DA:271,0
DA:272,0
DA:274,0
DA:278,0
DA:281,0
DA:282,0
DA:283,0
DA:284,0
DA:285,0
DA:286,0
DA:287,0
DA:288,0
DA:294,0
DA:295,0
DA:296,0
DA:311,0
DA:435,0
DA:511,0
LF:89
LH:0
BRDA:89,0,0,0
BRDA:89,1,0,0
BRDA:99,2,0,0
BRDA:99,2,1,0
BRDA:103,3,0,0
BRDA:103,3,1,0
BRDA:112,4,0,0
BRDA:112,4,1,0
BRDA:115,5,0,0
BRDA:115,5,1,0
BRDA:134,6,0,0
BRDA:134,6,1,0
BRDA:134,7,0,0
BRDA:134,7,1,0
BRDA:153,8,0,0
BRDA:153,8,1,0
BRDA:172,9,0,0
BRDA:172,9,1,0
BRDA:173,10,0,0
BRDA:173,10,1,0
BRDA:194,11,0,0
BRDA:194,11,1,0
BRDA:213,12,0,0
BRDA:213,12,1,0
BRDA:214,13,0,0
BRDA:214,13,1,0
BRDA:229,14,0,0
BRDA:229,14,1,0
BRDA:247,15,0,0
BRDA:247,15,1,0
BRDA:263,16,0,0
BRDA:263,16,1,0
BRDA:278,17,0,0
BRDA:278,17,1,0
BRDA:282,18,0,0
BRDA:282,18,1,0
BRDA:287,19,0,0
BRDA:287,19,1,0
BRDA:295,20,0,0
BRDA:295,20,1,0
BRDA:295,21,0,0
BRDA:295,21,1,0
BRDA:328,22,0,0
BRDA:328,22,1,0
BRDA:338,23,0,0
BRDA:338,23,1,0
BRDA:369,24,0,0
BRDA:369,24,1,0
BRDA:413,25,0,0
BRDA:413,25,1,0
BRDA:439,26,0,0
BRDA:439,26,1,0
BRDA:453,27,0,0
BRDA:453,27,1,0
BRDA:459,28,0,0
BRDA:459,28,1,0
BRDA:467,29,0,0
BRDA:467,29,1,0
BRDA:472,30,0,0
BRDA:472,30,1,0
BRDA:485,31,0,0
BRDA:485,31,1,0
BRDA:486,32,0,0
BRDA:486,32,1,0
BRDA:491,33,0,0
BRDA:491,33,1,0
BRDA:493,34,0,0
BRDA:493,34,1,0
BRDA:497,35,0,0
BRDA:497,35,1,0
BRDA:497,35,2,0
BRDA:515,36,0,0
BRDA:515,36,1,0
BRDA:634,37,0,0
BRDA:634,37,1,0
BRF:75
BRH:0
end_of_record
TN:
SF:src/components/ParticleBackground.js
FN:6,(anonymous_0)
FN:8,(anonymous_1)
FN:19,(anonymous_2)
FN:20,(anonymous_3)
FN:53,(anonymous_4)
FNF:5
FNH:0
FNDA:0,(anonymous_0)
FNDA:0,(anonymous_1)
FNDA:0,(anonymous_2)
FNDA:0,(anonymous_3)
FNDA:0,(anonymous_4)
DA:4,0
DA:6,0
DA:7,0
DA:8,0
DA:19,0
DA:20,0
DA:21,0
DA:36,0
DA:53,0
DA:54,0
DA:75,0
LF:11
LH:0
BRF:0
BRH:0
end_of_record
TN:
SF:src/components/PomodoroCard.js
FN:36,(anonymous_0)
FN:40,(anonymous_1)
FN:67,(anonymous_2)
FN:119,(anonymous_3)
FN:122,(anonymous_4)
FN:130,(anonymous_5)
FN:151,(anonymous_6)
FN:161,(anonymous_7)
FN:162,(anonymous_8)
FN:175,(anonymous_9)
FN:185,(anonymous_10)
FN:194,(anonymous_11)
FN:199,(anonymous_12)
FN:202,(anonymous_13)
FN:203,(anonymous_14)
FN:216,(anonymous_15)
FN:219,(anonymous_16)
FN:224,(anonymous_17)
FN:231,(anonymous_18)
FN:244,(anonymous_19)
FN:250,(anonymous_20)
FN:269,(anonymous_21)
FN:302,(anonymous_22)
FN:339,(anonymous_23)
FN:349,(anonymous_24)
FNF:25
FNH:0
FNDA:0,(anonymous_0)
FNDA:0,(anonymous_1)
FNDA:0,(anonymous_2)
FNDA:0,(anonymous_3)
FNDA:0,(anonymous_4)
FNDA:0,(anonymous_5)
FNDA:0,(anonymous_6)
FNDA:0,(anonymous_7)
FNDA:0,(anonymous_8)
FNDA:0,(anonymous_9)
FNDA:0,(anonymous_10)
FNDA:0,(anonymous_11)
FNDA:0,(anonymous_12)
FNDA:0,(anonymous_13)
FNDA:0,(anonymous_14)
FNDA:0,(anonymous_15)
FNDA:0,(anonymous_16)
FNDA:0,(anonymous_17)
FNDA:0,(anonymous_18)
FNDA:0,(anonymous_19)
FNDA:0,(anonymous_20)
FNDA:0,(anonymous_21)
FNDA:0,(anonymous_22)
FNDA:0,(anonymous_23)
FNDA:0,(anonymous_24)
DA:14,0
DA:15,0
DA:17,0
DA:34,0
DA:36,0
DA:37,0
DA:38,0
DA:40,0
DA:41,0
DA:42,0
DA:49,0
DA:50,0
DA:67,0
DA:68,0
DA:69,0
DA:70,0
DA:73,0
DA:74,0
DA:79,0
DA:119,0
DA:120,0
DA:122,0
DA:123,0
DA:127,0
DA:130,0
DA:131,0
DA:137,0
DA:151,0
DA:152,0
DA:153,0
DA:154,0
DA:155,0
DA:156,0
DA:157,0
DA:158,0
DA:161,0
DA:162,0
DA:163,0
DA:164,0
DA:165,0
DA:166,0
DA:169,0
DA:172,0
DA:175,0
DA:176,0
DA:185,0
DA:186,0
DA:187,0
DA:189,0
DA:194,0
DA:195,0
DA:196,0
DA:199,0
DA:200,0
DA:201,0
DA:202,0
DA:203,0
DA:205,0
DA:206,0
DA:207,0
DA:209,0
DA:210,0
DA:211,0
DA:213,0
DA:214,0
DA:216,0
DA:219,0
DA:221,0
DA:224,0
DA:225,0
DA:226,0
DA:227,0
DA:228,0
DA:231,0
DA:232,0
DA:233,0
DA:234,0
DA:236,0
DA:239,0
DA:244,0
DA:250,0
DA:270,0
DA:271,0
DA:302,0
DA:340,0
DA:341,0
DA:342,0
DA:350,0
DA:351,0
DA:352,0
DA:353,0
DA:387,0
DA:389,0
LF:93
LH:0
BRDA:49,0,0,0
BRDA:49,0,1,0
BRDA:112,1,0,0
BRDA:112,1,1,0
BRDA:119,2,0,0
BRDA:151,3,0,0
BRDA:151,4,0,0
BRDA:158,5,0,0
BRDA:158,5,1,0
BRDA:165,6,0,0
BRDA:165,6,1,0
BRDA:201,7,0,0
BRDA:201,7,1,0
BRDA:201,8,0,0
BRDA:201,8,1,0
BRDA:205,9,0,0
BRDA:205,9,1,0
BRDA:207,10,0,0
BRDA:207,10,1,0
BRDA:213,11,0,0
BRDA:213,11,1,0
BRDA:214,12,0,0
BRDA:214,12,1,0
BRDA:221,13,0,0
BRDA:221,13,1,0
BRDA:221,14,0,0
BRDA:221,14,1,0
BRDA:225,15,0,0
BRDA:225,15,1,0
BRDA:236,16,0,0
BRDA:236,16,1,0
BRDA:236,17,0,0
BRDA:236,17,1,0
BRDA:247,18,0,0
BRDA:247,18,1,0
BRDA:247,19,0,0
BRDA:247,19,1,0
BRDA:258,20,0,0
BRDA:258,20,1,0
BRDA:262,21,0,0
BRDA:262,21,1,0
BRDA:275,22,0,0
BRDA:275,22,1,0
BRDA:277,23,0,0
BRDA:277,23,1,0
BRDA:299,24,0,0
BRDA:299,24,1,0
BRDA:315,25,0,0
BRDA:315,25,1,0
BRDA:319,26,0,0
BRDA:319,26,1,0
BRDA:332,27,0,0
BRDA:332,27,1,0
BRDA:348,28,0,0
BRDA:348,28,1,0
BRDA:350,29,0,0
BRDA:350,29,1,0
BRDA:351,30,0,0
BRDA:351,30,1,0
BRF:59
BRH:0
end_of_record
TN:
SF:src/components/ProgressRing.js
FN:8,(anonymous_0)
FN:15,(anonymous_1)
FNF:2
FNH:0
FNDA:0,(anonymous_0)
FNDA:0,(anonymous_1)
DA:5,0
DA:8,0
DA:9,0
DA:10,0
DA:11,0
DA:13,0
DA:15,0
DA:16,0
DA:23,0
DA:28,0
DA:62,0
LF:11
LH:0
BRF:0
BRH:0
end_of_record
TN:
SF:src/components/ProtocolProgressIndicator.js
FN:18,(anonymous_0)
FN:28,(anonymous_1)
FN:55,(anonymous_2)
FN:88,(anonymous_3)
FNF:4
FNH:0
FNDA:0,(anonymous_0)
FNDA:0,(anonymous_1)
FNDA:0,(anonymous_2)
FNDA:0,(anonymous_3)
DA:18,0
DA:25,0
DA:26,0
DA:28,0
DA:29,0
DA:36,0
DA:41,0
DA:56,0
DA:57,0
DA:89,0
DA:90,0
DA:100,0
LF:12
LH:0
BRDA:52,0,0,0
BRDA:52,0,1,0
BRDA:69,1,0,0
BRDA:69,1,1,0
BRDA:85,2,0,0
BRDA:85,2,1,0
BRF:6
BRH:0
end_of_record
TN:
SF:src/components/QuoteSection.js
FN:9,(anonymous_0)
FN:13,(anonymous_1)
FN:18,(anonymous_2)
FN:38,(anonymous_3)
FN:43,(anonymous_4)
FN:45,(anonymous_5)
FNF:6
FNH:0
FNDA:0,(anonymous_0)
FNDA:0,(anonymous_1)
FNDA:0,(anonymous_2)
FNDA:0,(anonymous_3)
FNDA:0,(anonymous_4)
FNDA:0,(anonymous_5)
DA:9,0
DA:10,0
DA:11,0
DA:13,0
DA:14,0
DA:15,0
DA:18,0
DA:20,0
DA:34,0
DA:38,0
DA:39,0
DA:43,0
DA:44,0
DA:45,0
DA:48,0
DA:81,0
LF:16
LH:0
BRF:0
BRH:0
end_of_record
TN:
SF:src/components/Skeleton.js
FN:22,(anonymous_0)
FN:30,(anonymous_1)
FN:46,(anonymous_2)
FN:65,(anonymous_3)
FNF:4
FNH:0
FNDA:0,(anonymous_0)
FNDA:0,(anonymous_1)
FNDA:0,(anonymous_2)
FNDA:0,(anonymous_3)
DA:15,0
DA:16,0
DA:17,0
DA:19,0
DA:20,0
DA:22,0
DA:28,0
DA:30,0
DA:31,0
DA:45,0
DA:46,0
DA:49,0
DA:65,0
DA:66,0
DA:80,0
LF:15
LH:0
BRDA:23,0,0,0
BRDA:24,1,0,0
BRDA:25,2,0,0
BRF:3
BRH:0
end_of_record
TN:
SF:src/components/SkeletonLoader.js
FN:5,(anonymous_0)
FN:8,(anonymous_1)
FN:26,(anonymous_2)
FNF:3
FNH:0
FNDA:0,(anonymous_0)
FNDA:0,(anonymous_1)
FNDA:0,(anonymous_2)
DA:5,0
DA:6,0
DA:8,0
DA:9,0
DA:24,0
DA:26,0
DA:29,0
LF:7
LH:0
BRF:0
BRH:0
end_of_record
TN:
SF:src/components/TaskCard.js
FN:14,(anonymous_0)
FN:19,(anonymous_1)
FN:27,(anonymous_2)
FN:34,(anonymous_3)
FN:176,(anonymous_4)
FN:184,(anonymous_5)
FN:197,(anonymous_6)
FN:223,(anonymous_7)
FN:227,(anonymous_8)
FN:231,(anonymous_9)
FN:243,(anonymous_10)
FN:253,(anonymous_11)
FN:265,(anonymous_12)
FN:286,(anonymous_13)
FN:290,(anonymous_14)
FN:303,(anonymous_15)
FNF:16
FNH:0
FNDA:0,(anonymous_0)
FNDA:0,(anonymous_1)
FNDA:0,(anonymous_2)
FNDA:0,(anonymous_3)
FNDA:0,(anonymous_4)
FNDA:0,(anonymous_5)
FNDA:0,(anonymous_6)
FNDA:0,(anonymous_7)
FNDA:0,(anonymous_8)
FNDA:0,(anonymous_9)
FNDA:0,(anonymous_10)
FNDA:0,(anonymous_11)
FNDA:0,(anonymous_12)
FNDA:0,(anonymous_13)
FNDA:0,(anonymous_14)
FNDA:0,(anonymous_15)
DA:14,0
DA:15,0
DA:16,0
DA:17,0
DA:19,0
DA:20,0
DA:24,0
DA:27,0
DA:28,0
DA:34,0
DA:35,0
DA:40,0
DA:43,0
DA:45,0
DA:174,0
DA:176,0
DA:177,0
DA:178,0
DA:179,0
DA:180,0
DA:181,0
DA:184,0
DA:185,0
DA:186,0
DA:187,0
DA:189,0
DA:191,0
DA:193,0
DA:194,0
DA:197,0
DA:198,0
DA:199,0
DA:201,0
DA:204,0
DA:206,0
DA:207,0
DA:208,0
DA:209,0
DA:210,0
DA:211,0
DA:217,0
DA:218,0
DA:223,0
DA:224,0
DA:227,0
DA:228,0
DA:231,0
DA:232,0
DA:243,0
DA:244,0
DA:245,0
DA:248,0
DA:249,0
DA:253,0
DA:260,0
DA:261,0
DA:265,0
DA:273,0
DA:287,0
DA:290,0
DA:298,0
DA:303,0
DA:309,0
DA:311,0
LF:64
LH:0
BRDA:40,0,0,0
BRDA:40,0,1,0
BRDA:51,1,0,0
BRDA:51,1,1,0
BRDA:53,2,0,0
BRDA:53,2,1,0
BRDA:56,3,0,0
BRDA:56,3,1,0
BRDA:58,4,0,0
BRDA:58,4,1,0
BRDA:68,5,0,0
BRDA:68,5,1,0
BRDA:68,6,0,0
BRDA:68,6,1,0
BRDA:77,7,0,0
BRDA:77,7,1,0
BRDA:79,8,0,0
BRDA:79,8,1,0
BRDA:85,9,0,0
BRDA:85,9,1,0
BRDA:87,10,0,0
BRDA:87,10,1,0
BRDA:87,11,0,0
BRDA:87,11,1,0
BRDA:92,12,0,0
BRDA:92,12,1,0
BRDA:94,13,0,0
BRDA:94,13,1,0
BRDA:97,14,0,0
BRDA:97,14,1,0
BRDA:108,15,0,0
BRDA:108,15,1,0
BRDA:112,16,0,0
BRDA:112,16,1,0
BRDA:112,16,2,0
BRDA:133,17,0,0
BRDA:133,17,1,0
BRDA:137,18,0,0
BRDA:137,18,1,0
BRDA:149,19,0,0
BRDA:149,19,1,0
BRDA:153,20,0,0
BRDA:153,20,1,0
BRDA:184,21,0,0
BRDA:186,22,0,0
BRDA:186,22,1,0
BRDA:194,23,0,0
BRDA:194,23,1,0
BRDA:198,24,0,0
BRDA:198,24,1,0
BRDA:199,25,0,0
BRDA:199,25,1,0
BRDA:208,26,0,0
BRDA:208,26,1,0
BRDA:244,27,0,0
BRDA:244,27,1,0
BRDA:248,28,0,0
BRDA:248,28,1,0
BRDA:248,29,0,0
BRDA:248,29,1,0
BRDA:260,30,0,0
BRDA:260,30,1,0
BRF:62
BRH:0
end_of_record
TN:
SF:src/components/Toast.js
FN:48,(anonymous_0)
FN:54,(anonymous_1)
FN:79,(anonymous_2)
FNF:3
FNH:0
FNDA:0,(anonymous_0)
FNDA:0,(anonymous_1)
FNDA:0,(anonymous_2)
DA:24,0
DA:48,0
DA:49,0
DA:50,0
DA:51,0
DA:52,0
DA:54,0
DA:55,0
DA:57,0
DA:58,0
DA:60,0
DA:74,0
DA:76,0
DA:77,0
DA:79,0
DA:80,0
DA:81,0
DA:84,0
DA:133,0
LF:19
LH:0
BRDA:55,0,0,0
BRDA:55,0,1,0
BRDA:74,1,0,0
BRDA:74,1,1,0
BRDA:76,2,0,0
BRDA:76,2,1,0
BRDA:77,3,0,0
BRDA:77,3,1,0
BRDA:97,4,0,0
BRDA:97,4,1,0
BRDA:98,5,0,0
BRDA:98,5,1,0
BRDA:106,6,0,0
BRDA:106,6,1,0
BRDA:117,7,0,0
BRDA:117,7,1,0
BRDA:141,8,0,0
BRDA:141,8,1,0
BRF:18
BRH:0
end_of_record
TN:
SF:src/components/TrialBanner.js
FN:26,(anonymous_0)
FN:31,(anonymous_1)
FN:35,(anonymous_2)
FN:49,(anonymous_3)
FN:54,(anonymous_4)
FNF:5
FNH:0
FNDA:0,(anonymous_0)
FNDA:0,(anonymous_1)
FNDA:0,(anonymous_2)
FNDA:0,(anonymous_3)
FNDA:0,(anonymous_4)
DA:24,0
DA:26,0
DA:31,0
DA:32,0
DA:33,0
DA:35,0
DA:36,0
DA:37,0
DA:45,0
DA:46,0
DA:49,0
DA:50,0
DA:51,0
DA:54,0
DA:55,0
DA:56,0
DA:57,0
DA:61,0
DA:62,0
DA:63,0
DA:66,0
DA:70,0
DA:119,0
LF:23
LH:0
BRDA:26,0,0,0
BRDA:26,0,1,0
BRDA:31,1,0,0
BRDA:36,2,0,0
BRDA:36,2,1,0
BRDA:45,3,0,0
BRDA:45,3,1,0
BRDA:45,4,0,0
BRDA:45,4,1,0
BRDA:45,4,2,0
BRDA:56,5,0,0
BRDA:56,5,1,0
BRDA:62,6,0,0
BRDA:62,6,1,0
BRDA:63,7,0,0
BRDA:63,7,1,0
BRDA:66,8,0,0
BRDA:66,8,1,0
BRDA:85,9,0,0
BRDA:85,9,1,0
BRDA:92,10,0,0
BRDA:92,10,1,0
BRF:22
BRH:0
end_of_record
TN:
SF:src/components/TutorialHighlight.js
FN:44,(anonymous_0)
FN:48,(anonymous_1)
FNF:2
FNH:0
FNDA:0,(anonymous_0)
FNDA:0,(anonymous_1)
DA:14,0
DA:17,0
DA:44,0
DA:45,0
DA:46,0
DA:48,0
DA:49,0
DA:51,0
DA:67,0
DA:82,0
DA:83,0
DA:87,0
DA:88,0
DA:91,0
DA:92,0
DA:97,0
DA:147,0
LF:17
LH:0
BRDA:49,0,0,0
BRDA:49,0,1,0
BRDA:49,1,0,0
BRDA:49,1,1,0
BRDA:87,2,0,0
BRDA:87,2,1,0
BRDA:87,3,0,0
BRDA:87,3,1,0
BRDA:87,3,2,0
BRF:9
BRH:0
end_of_record
TN:
SF:src/components/chat/ChatHeader.js
FN:52,ChatHeader
FNF:1
FNH:0
FNDA:0,ChatHeader
DA:10,0
DA:12,0
DA:53,0
LF:3
LH:0
BRDA:17,0,0,0
BRDA:17,0,1,0
BRF:2
BRH:0
end_of_record
TN:
SF:src/components/chat/ChatInput.js
FN:60,ChatInput
FNF:1
FNH:0
FNDA:0,ChatInput
DA:16,0
DA:70,0
DA:71,0
DA:73,0
LF:4
LH:0
BRDA:65,0,0,0
BRDA:66,1,0,0
BRDA:68,2,0,0
BRDA:70,3,0,0
BRDA:70,3,1,0
BRDA:71,4,0,0
BRDA:71,4,1,0
BRDA:75,5,0,0
BRDA:75,5,1,0
BRDA:77,6,0,0
BRDA:77,6,1,0
BRDA:94,7,0,0
BRDA:94,7,1,0
BRDA:104,8,0,0
BRDA:104,8,1,0
BRF:15
BRH:0
end_of_record
TN:
SF:src/components/chat/ChatMessageItem.js
FN:22,AnimatedDot
FN:24,(anonymous_1)
FN:41,(anonymous_2)
FN:52,StreamingDots
FN:55,(anonymous_4)
FN:313,isValidMongoMessageId
FN:318,ChatMessageItem
FN:347,(anonymous_7)
FN:355,(anonymous_8)
FN:386,(anonymous_9)
FN:396,(anonymous_10)
FN:423,(anonymous_11)
FN:424,(anonymous_12)
FN:438,(anonymous_13)
FN:439,(anonymous_14)
FN:451,(anonymous_15)
FN:480,(anonymous_16)
FN:496,(anonymous_17)
FN:500,(anonymous_18)
FN:501,(anonymous_19)
FN:554,(anonymous_20)
FN:568,(anonymous_21)
FNF:22
FNH:0
FNDA:0,AnimatedDot
FNDA:0,(anonymous_1)
FNDA:0,(anonymous_2)
FNDA:0,StreamingDots
FNDA:0,(anonymous_4)
FNDA:0,isValidMongoMessageId
FNDA:0,ChatMessageItem
FNDA:0,(anonymous_7)
FNDA:0,(anonymous_8)
FNDA:0,(anonymous_9)
FNDA:0,(anonymous_10)
FNDA:0,(anonymous_11)
FNDA:0,(anonymous_12)
FNDA:0,(anonymous_13)
FNDA:0,(anonymous_14)
FNDA:0,(anonymous_15)
FNDA:0,(anonymous_16)
FNDA:0,(anonymous_17)
FNDA:0,(anonymous_18)
FNDA:0,(anonymous_19)
FNDA:0,(anonymous_20)
FNDA:0,(anonymous_21)
DA:23,0
DA:24,0
DA:25,0
DA:40,0
DA:41,0
DA:44,0
DA:45,0
DA:47,0
DA:53,0
DA:56,0
DA:66,0
DA:314,0
DA:315,0
DA:329,0
DA:330,0
DA:331,0
DA:332,0
DA:334,0
DA:336,0
DA:343,0
DA:345,0
DA:347,0
DA:348,0
DA:349,0
DA:350,0
DA:351,0
DA:352,0
DA:355,0
DA:356,0
DA:357,0
DA:358,0
DA:359,0
DA:360,0
DA:361,0
DA:363,0
DA:365,0
DA:366,0
DA:368,0
DA:369,0
DA:371,0
DA:374,0
DA:375,0
DA:376,0
DA:377,0
DA:386,0
DA:387,0
DA:388,0
DA:389,0
DA:392,0
DA:393,0
DA:397,0
DA:424,0
DA:439,0
DA:452,0
DA:453,0
DA:460,0
DA:461,0
DA:462,0
DA:463,0
DA:469,0
DA:472,0
DA:480,0
DA:492,0
DA:493,0
DA:497,0
DA:500,0
DA:501,0
DA:509,0
DA:536,0
DA:554,0
DA:568,0
LF:71
LH:0
BRDA:59,0,0,0
BRDA:59,0,1,0
BRDA:314,1,0,0
BRDA:314,1,1,0
BRDA:330,2,0,0
BRDA:330,2,1,0
BRDA:330,2,2,0
BRDA:332,3,0,0
BRDA:332,3,1,0
BRDA:334,4,0,0
BRDA:334,4,1,0
BRDA:336,5,0,0
BRDA:336,5,1,0
BRDA:336,5,2,0
BRDA:336,5,3,0
BRDA:336,5,4,0
BRDA:336,5,5,0
BRDA:336,5,6,0
BRDA:340,6,0,0
BRDA:340,6,1,0
BRDA:345,7,0,0
BRDA:345,7,1,0
BRDA:348,8,0,0
BRDA:348,8,1,0
BRDA:349,9,0,0
BRDA:349,9,1,0
BRDA:351,10,0,0
BRDA:351,10,1,0
BRDA:356,11,0,0
BRDA:356,11,1,0
BRDA:357,12,0,0
BRDA:357,12,1,0
BRDA:358,13,0,0
BRDA:358,13,1,0
BRDA:359,14,0,0
BRDA:359,14,1,0
BRDA:365,15,0,0
BRDA:365,15,1,0
BRDA:368,16,0,0
BRDA:368,16,1,0
BRDA:374,17,0,0
BRDA:374,17,1,0
BRDA:376,18,0,0
BRDA:376,18,1,0
BRDA:387,19,0,0
BRDA:387,19,1,0
BRDA:387,20,0,0
BRDA:387,20,1,0
BRDA:387,20,2,0
BRDA:388,21,0,0
BRDA:388,21,1,0
BRDA:392,22,0,0
BRDA:392,22,1,0
BRDA:392,23,0,0
BRDA:392,23,1,0
BRDA:401,24,0,0
BRDA:401,24,1,0
BRDA:407,25,0,0
BRDA:407,25,1,0
BRDA:409,26,0,0
BRDA:409,26,1,0
BRDA:412,27,0,0
BRDA:412,27,1,0
BRDA:422,28,0,0
BRDA:422,28,1,0
BRDA:422,28,2,0
BRDA:427,29,0,0
BRDA:427,29,1,0
BRDA:437,30,0,0
BRDA:437,30,1,0
BRDA:442,31,0,0
BRDA:442,31,1,0
BRDA:452,32,0,0
BRDA:452,32,1,0
BRDA:457,33,0,0
BRDA:457,33,1,0
BRDA:461,34,0,0
BRDA:461,34,1,0
BRDA:462,35,0,0
BRDA:462,35,1,0
BRDA:464,36,0,0
BRDA:464,36,1,0
BRDA:492,37,0,0
BRDA:492,37,1,0
BRDA:492,38,0,0
BRDA:492,38,1,0
BRDA:498,39,0,0
BRDA:498,39,1,0
BRDA:512,40,0,0
BRDA:512,40,1,0
BRDA:513,41,0,0
BRDA:513,41,1,0
BRDA:516,42,0,0
BRDA:516,42,1,0
BRDA:516,43,0,0
BRDA:516,43,1,0
BRDA:522,44,0,0
BRDA:522,44,1,0
BRDA:523,45,0,0
BRDA:523,45,1,0
BRDA:527,46,0,0
BRDA:527,46,1,0
BRDA:540,47,0,0
BRDA:540,47,1,0
BRDA:543,48,0,0
BRDA:543,48,1,0
BRDA:548,49,0,0
BRDA:548,49,1,0
BRDA:561,50,0,0
BRDA:561,50,1,0
BRDA:563,51,0,0
BRDA:563,51,1,0
BRDA:575,52,0,0
BRDA:575,52,1,0
BRDA:577,53,0,0
BRDA:577,53,1,0
BRF:116
BRH:0
end_of_record
TN:
SF:src/components/chat/ChatTypingIndicator.js
FN:54,TypingDot
FN:57,(anonymous_1)
FN:74,(anonymous_2)
FN:97,ChatTypingIndicator
FN:103,(anonymous_4)
FNF:5
FNH:0
FNDA:0,TypingDot
FNDA:0,(anonymous_1)
FNDA:0,(anonymous_2)
FNDA:0,ChatTypingIndicator
FNDA:0,(anonymous_4)
DA:16,0
DA:18,0
DA:55,0
DA:57,0
DA:58,0
DA:73,0
DA:74,0
DA:77,0
DA:98,0
DA:104,0
LF:10
LH:0
BRF:0
BRH:0
end_of_record
TN:
SF:src/components/chat/ClearConversationModal.js
FN:65,ClearConversationModal
FNF:1
FNH:0
FNDA:0,ClearConversationModal
DA:9,0
DA:66,0
DA:68,0
LF:3
LH:0
BRDA:66,0,0,0
BRDA:66,0,1,0
BRF:2
BRH:0
end_of_record
TN:
SF:src/components/chat/PendingOfflineMessageBanner.js
FN:7,(anonymous_0)
FNF:1
FNH:0
FNDA:0,(anonymous_0)
DA:7,0
DA:14,0
DA:16,0
DA:37,0
LF:4
LH:0
BRDA:14,0,0,0
BRDA:14,0,1,0
BRDA:23,1,0,0
BRDA:23,1,1,0
BRF:4
BRH:0
end_of_record
TN:
SF:src/components/chat/SessionIntentionBanner.js
FN:93,SessionIntentionBanner
FN:109,(anonymous_1)
FN:112,(anonymous_2)
FN:117,(anonymous_3)
FNF:4
FNH:0
FNDA:0,SessionIntentionBanner
FNDA:0,(anonymous_1)
FNDA:0,(anonymous_2)
FNDA:0,(anonymous_3)
DA:14,0
DA:99,0
DA:101,0
DA:110,0
DA:112,0
DA:117,0
LF:6
LH:0
BRDA:99,0,0,0
BRDA:99,0,1,0
BRDA:105,1,0,0
BRDA:105,1,1,0
BRDA:114,2,0,0
BRDA:114,2,1,0
BRDA:115,3,0,0
BRDA:115,3,1,0
BRDA:128,4,0,0
BRDA:128,4,1,0
BRF:10
BRH:0
end_of_record
TN:
SF:src/components/common/CardStyles.js
FN:112,(anonymous_0)
FN:129,(anonymous_1)
FNF:2
FNH:0
FNDA:0,(anonymous_0)
FNDA:0,(anonymous_1)
DA:14,1
DA:25,1
DA:112,1
DA:113,0
DA:129,1
DA:130,0
DA:154,1
LF:7
LH:5
BRDA:129,0,0,0
BRDA:129,1,0,0
BRDA:130,2,0,0
BRDA:130,2,1,0
BRDA:131,3,0,0
BRDA:131,3,1,0
BRDA:134,4,0,0
BRDA:134,4,1,0
BRDA:138,5,0,0
BRDA:138,5,1,0
BRDA:139,6,0,0
BRDA:139,6,1,0
BRDA:141,7,0,0
BRDA:141,7,1,0
BRDA:145,8,0,0
BRDA:145,8,1,0
BRDA:146,9,0,0
BRDA:146,9,1,0
BRF:18
BRH:0
end_of_record
TN:
SF:src/components/habits/CreateHabitModal.js
FN:33,(anonymous_0)
FN:47,(anonymous_1)
FN:56,(anonymous_2)
FN:59,(anonymous_3)
FN:60,(anonymous_4)
FN:61,(anonymous_5)
FN:67,(anonymous_6)
FN:73,(anonymous_7)
FN:74,(anonymous_8)
FN:75,(anonymous_9)
FN:78,(anonymous_10)
FN:86,(anonymous_11)
FN:93,(anonymous_12)
FN:119,(anonymous_13)
FN:143,(anonymous_14)
FN:167,(anonymous_15)
FN:176,(anonymous_16)
FN:189,(anonymous_17)
FN:196,(anonymous_18)
FN:216,(anonymous_19)
FN:233,(anonymous_20)
FN:252,(anonymous_21)
FN:289,(anonymous_22)
FN:305,(anonymous_23)
FNF:24
FNH:0
FNDA:0,(anonymous_0)
FNDA:0,(anonymous_1)
FNDA:0,(anonymous_2)
FNDA:0,(anonymous_3)
FNDA:0,(anonymous_4)
FNDA:0,(anonymous_5)
FNDA:0,(anonymous_6)
FNDA:0,(anonymous_7)
FNDA:0,(anonymous_8)
FNDA:0,(anonymous_9)
FNDA:0,(anonymous_10)
FNDA:0,(anonymous_11)
FNDA:0,(anonymous_12)
FNDA:0,(anonymous_13)
FNDA:0,(anonymous_14)
FNDA:0,(anonymous_15)
FNDA:0,(anonymous_16)
FNDA:0,(anonymous_17)
FNDA:0,(anonymous_18)
FNDA:0,(anonymous_19)
FNDA:0,(anonymous_20)
FNDA:0,(anonymous_21)
FNDA:0,(anonymous_22)
FNDA:0,(anonymous_23)
DA:22,0
DA:33,0
DA:41,0
DA:42,0
DA:43,0
DA:44,0
DA:45,0
DA:47,0
DA:48,0
DA:49,0
DA:50,0
DA:51,0
DA:56,0
DA:57,0
DA:58,0
DA:59,0
DA:60,0
DA:61,0
DA:62,0
DA:63,0
DA:67,0
DA:68,0
DA:69,0
DA:70,0
DA:71,0
DA:73,0
DA:74,0
DA:75,0
DA:76,0
DA:77,0
DA:78,0
DA:79,0
DA:81,0
DA:84,0
DA:86,0
DA:87,0
DA:88,0
DA:89,0
DA:93,0
DA:94,0
DA:95,0
DA:96,0
DA:99,0
DA:100,0
DA:101,0
DA:104,0
DA:116,0
DA:119,0
DA:120,0
DA:121,0
DA:123,0
DA:124,0
DA:128,0
DA:143,0
DA:167,0
DA:176,0
DA:190,0
DA:196,0
DA:216,0
DA:233,0
DA:252,0
DA:289,0
DA:305,0
DA:316,0
LF:64
LH:0
BRDA:39,0,0,0
BRDA:48,1,0,0
BRDA:48,1,1,0
BRDA:48,2,0,0
BRDA:48,2,1,0
BRDA:50,3,0,0
BRDA:50,3,1,0
BRDA:57,4,0,0
BRDA:57,4,1,0
BRDA:58,5,0,0
BRDA:58,5,1,0
BRDA:68,6,0,0
BRDA:68,6,1,0
BRDA:76,7,0,0
BRDA:76,7,1,0
BRDA:94,8,0,0
BRDA:94,8,1,0
BRDA:99,9,0,0
BRDA:99,9,1,0
BRDA:106,10,0,0
BRDA:106,10,1,0
BRDA:107,11,0,0
BRDA:107,11,1,0
BRDA:108,12,0,0
BRDA:108,12,1,0
BRDA:113,13,0,0
BRDA:113,13,1,0
BRDA:120,14,0,0
BRDA:120,14,1,0
BRDA:123,15,0,0
BRDA:123,15,1,0
BRDA:142,16,0,0
BRDA:142,16,1,0
BRDA:157,17,0,0
BRDA:157,17,1,0
BRDA:159,18,0,0
BRDA:159,18,1,0
BRDA:194,19,0,0
BRDA:194,19,1,0
BRDA:201,20,0,0
BRDA:201,20,1,0
BRDA:214,21,0,0
BRDA:214,21,1,0
BRDA:221,22,0,0
BRDA:221,22,1,0
BRDA:225,23,0,0
BRDA:225,23,1,0
BRDA:231,24,0,0
BRDA:231,24,1,0
BRDA:238,25,0,0
BRDA:238,25,1,0
BRDA:242,26,0,0
BRDA:242,26,1,0
BRDA:284,27,0,0
BRDA:284,27,1,0
BRF:55
BRH:0
end_of_record
TN:
SF:src/components/habits/HabitsEmptyView.js
FN:25,HabitsEmptyView
FNF:1
FNH:0
FNDA:0,HabitsEmptyView
DA:26,0
DA:27,0
DA:50,0
LF:3
LH:0
BRDA:35,0,0,0
BRDA:35,0,1,0
BRDA:37,1,0,0
BRDA:37,1,1,0
BRF:4
BRH:0
end_of_record
TN:
SF:src/components/habits/HabitsErrorView.js
FN:20,HabitsErrorView
FNF:1
FNH:0
FNDA:0,HabitsErrorView
DA:21,0
DA:33,0
LF:2
LH:0
BRF:0
BRH:0
end_of_record
TN:
SF:src/components/habits/HabitsScreenHeader.js
FN:23,HabitsScreenHeader
FN:47,(anonymous_1)
FN:68,(anonymous_2)
FN:95,(anonymous_3)
FNF:4
FNH:0
FNDA:0,HabitsScreenHeader
FNDA:0,(anonymous_1)
FNDA:0,(anonymous_2)
FNDA:0,(anonymous_3)
DA:30,0
DA:47,0
DA:68,0
DA:95,0
DA:105,0
LF:5
LH:0
BRDA:26,0,0,0
BRDA:27,1,0,0
BRDA:36,2,0,0
BRDA:36,2,1,0
BRDA:37,3,0,0
BRDA:37,3,1,0
BRDA:38,4,0,0
BRDA:38,4,1,0
BRDA:45,5,0,0
BRDA:45,5,1,0
BRDA:52,6,0,0
BRDA:52,6,1,0
BRDA:57,7,0,0
BRDA:57,7,1,0
BRDA:66,8,0,0
BRDA:66,8,1,0
BRDA:73,9,0,0
BRDA:73,9,1,0
BRDA:78,10,0,0
BRDA:78,10,1,0
BRDA:94,11,0,0
BRDA:94,11,1,0
BRF:22
BRH:0
end_of_record
TN:
SF:src/components/habits/SwipeableHabitItem.js
FN:68,SwipeableHabitItem
FN:84,(anonymous_1)
FN:96,(anonymous_2)
FN:129,(anonymous_3)
FN:154,(anonymous_4)
FN:163,(anonymous_5)
FN:169,(anonymous_6)
FN:176,(anonymous_7)
FN:188,(anonymous_8)
FN:194,(anonymous_9)
FN:285,(anonymous_10)
FNF:11
FNH:0
FNDA:0,SwipeableHabitItem
FNDA:0,(anonymous_1)
FNDA:0,(anonymous_2)
FNDA:0,(anonymous_3)
FNDA:0,(anonymous_4)
FNDA:0,(anonymous_5)
FNDA:0,(anonymous_6)
FNDA:0,(anonymous_7)
FNDA:0,(anonymous_8)
FNDA:0,(anonymous_9)
FNDA:0,(anonymous_10)
DA:66,0
DA:75,0
DA:76,0
DA:77,0
DA:78,0
DA:80,0
DA:85,0
DA:86,0
DA:87,0
DA:88,0
DA:90,0
DA:96,0
DA:97,0
DA:98,0
DA:99,0
DA:100,0
DA:101,0
DA:124,0
DA:129,0
DA:130,0
DA:154,0
DA:155,0
DA:164,0
DA:165,0
DA:169,0
DA:176,0
DA:177,0
DA:178,0
DA:179,0
DA:180,0
DA:181,0
DA:189,0
DA:190,0
DA:195,0
DA:196,0
DA:204,0
DA:285,0
DA:354,0
LF:38
LH:0
BRDA:86,0,0,0
BRDA:86,0,1,0
BRDA:98,1,0,0
BRDA:98,1,1,0
BRDA:99,2,0,0
BRDA:99,2,1,0
BRDA:178,3,0,0
BRDA:178,3,1,0
BRDA:180,4,0,0
BRDA:180,4,1,0
BRDA:221,5,0,0
BRDA:221,5,1,0
BRDA:249,6,0,0
BRDA:249,6,1,0
BRDA:265,7,0,0
BRDA:265,7,1,0
BRDA:269,8,0,0
BRDA:269,8,1,0
BRDA:271,9,0,0
BRDA:271,9,1,0
BRDA:276,10,0,0
BRDA:276,10,1,0
BRDA:288,11,0,0
BRDA:288,11,1,0
BRDA:300,12,0,0
BRDA:300,12,1,0
BRDA:302,13,0,0
BRDA:302,13,1,0
BRDA:317,14,0,0
BRDA:317,14,1,0
BRDA:318,15,0,0
BRDA:318,15,1,0
BRDA:329,16,0,0
BRDA:329,16,1,0
BRDA:329,17,0,0
BRDA:329,17,1,0
BRDA:335,18,0,0
BRDA:335,18,1,0
BRDA:341,19,0,0
BRDA:341,19,1,0
BRF:40
BRH:0
end_of_record
TN:
SF:src/components/payments/PaymentWebView.js
FN:46,(anonymous_0)
FN:58,(anonymous_1)
FN:81,(anonymous_2)
FN:87,(anonymous_3)
FN:91,(anonymous_4)
FN:95,(anonymous_5)
FN:102,(anonymous_6)
FN:117,(anonymous_7)
FN:133,(anonymous_8)
FN:138,(anonymous_9)
FN:175,(anonymous_10)
FN:180,(anonymous_11)
FN:187,(anonymous_12)
FN:192,(anonymous_13)
FN:199,(anonymous_14)
FN:206,(anonymous_15)
FN:229,(anonymous_16)
FN:304,(anonymous_17)
FN:311,(anonymous_18)
FN:314,(anonymous_19)
FNF:20
FNH:0
FNDA:0,(anonymous_0)
FNDA:0,(anonymous_1)
FNDA:0,(anonymous_2)
FNDA:0,(anonymous_3)
FNDA:0,(anonymous_4)
FNDA:0,(anonymous_5)
FNDA:0,(anonymous_6)
FNDA:0,(anonymous_7)
FNDA:0,(anonymous_8)
FNDA:0,(anonymous_9)
FNDA:0,(anonymous_10)
FNDA:0,(anonymous_11)
FNDA:0,(anonymous_12)
FNDA:0,(anonymous_13)
FNDA:0,(anonymous_14)
FNDA:0,(anonymous_15)
FNDA:0,(anonymous_16)
FNDA:0,(anonymous_17)
FNDA:0,(anonymous_18)
FNDA:0,(anonymous_19)
DA:28,0
DA:29,0
DA:33,0
DA:46,0
DA:47,0
DA:48,0
DA:49,0
DA:50,0
DA:51,0
DA:52,0
DA:53,0
DA:54,0
DA:55,0
DA:58,0
DA:59,0
DA:60,0
DA:61,0
DA:62,0
DA:63,0
DA:67,0
DA:68,0
DA:69,0
DA:70,0
DA:71,0
DA:72,0
DA:75,0
DA:76,0
DA:77,0
DA:81,0
DA:82,0
DA:83,0
DA:84,0
DA:87,0
DA:88,0
DA:91,0
DA:95,0
DA:96,0
DA:97,0
DA:98,0
DA:99,0
DA:102,0
DA:103,0
DA:104,0
DA:107,0
DA:108,0
DA:112,0
DA:114,0
DA:115,0
DA:117,0
DA:118,0
DA:120,0
DA:122,0
DA:123,0
DA:124,0
DA:126,0
DA:127,0
DA:131,0
DA:132,0
DA:133,0
DA:138,0
DA:139,0
DA:140,0
DA:143,0
DA:144,0
DA:145,0
DA:150,0
DA:151,0
DA:153,0
DA:157,0
DA:158,0
DA:159,0
DA:160,0
DA:161,0
DA:162,0
DA:163,0
DA:165,0
DA:167,0
DA:172,0
DA:173,0
DA:174,0
DA:175,0
DA:180,0
DA:181,0
DA:182,0
DA:183,0
DA:187,0
DA:188,0
DA:192,0
DA:193,0
DA:194,0
DA:195,0
DA:199,0
DA:200,0
DA:201,0
DA:202,0
DA:206,0
DA:207,0
DA:208,0
DA:209,0
DA:210,0
DA:211,0
DA:213,0
DA:216,0
DA:217,0
DA:221,0
DA:230,0
DA:231,0
DA:305,0
DA:306,0
DA:308,0
DA:309,0
DA:310,0
DA:311,0
DA:316,0
DA:317,0
DA:318,0
DA:319,0
DA:320,0
DA:344,0
LF:119
LH:0
BRDA:28,0,0,0
BRDA:28,0,1,0
BRDA:59,1,0,0
BRDA:59,1,1,0
BRDA:69,2,0,0
BRDA:69,2,1,0
BRDA:82,3,0,0
BRDA:82,3,1,0
BRDA:82,4,0,0
BRDA:82,4,1,0
BRDA:96,5,0,0
BRDA:96,5,1,0
BRDA:104,6,0,0
BRDA:104,6,1,0
BRDA:104,7,0,0
BRDA:104,7,1,0
BRDA:107,8,0,0
BRDA:107,8,1,0
BRDA:112,9,0,0
BRDA:112,9,1,0
BRDA:112,10,0,0
BRDA:112,10,1,0
BRDA:112,10,2,0
BRDA:120,11,0,0
BRDA:120,11,1,0
BRDA:120,12,0,0
BRDA:120,12,1,0
BRDA:120,12,2,0
BRDA:124,13,0,0
BRDA:124,13,1,0
BRDA:124,14,0,0
BRDA:124,14,1,0
BRDA:131,15,0,0
BRDA:131,15,1,0
BRDA:131,16,0,0
BRDA:131,16,1,0
BRDA:143,17,0,0
BRDA:143,17,1,0
BRDA:143,18,0,0
BRDA:143,18,1,0
BRDA:143,18,2,0
BRDA:150,19,0,0
BRDA:150,19,1,0
BRDA:150,20,0,0
BRDA:150,20,1,0
BRDA:150,20,2,0
BRDA:158,21,0,0
BRDA:158,21,1,0
BRDA:159,22,0,0
BRDA:159,22,1,0
BRDA:159,23,0,0
BRDA:159,23,1,0
BRDA:159,23,2,0
BRDA:161,24,0,0
BRDA:161,24,1,0
BRDA:163,25,0,0
BRDA:163,25,1,0
BRDA:172,26,0,0
BRDA:172,26,1,0
BRDA:172,27,0,0
BRDA:172,27,1,0
BRDA:172,27,2,0
BRDA:172,28,0,0
BRDA:172,28,1,0
BRDA:209,29,0,0
BRDA:209,29,1,0
BRDA:242,30,0,0
BRDA:242,30,1,0
BRDA:242,30,2,0
BRDA:249,31,0,0
BRDA:249,31,1,0
BRDA:253,32,0,0
BRDA:253,32,1,0
BRDA:255,33,0,0
BRDA:255,33,1,0
BRDA:258,34,0,0
BRDA:258,34,1,0
BRDA:258,34,2,0
BRDA:267,35,0,0
BRDA:267,35,1,0
BRDA:267,35,2,0
BRDA:275,36,0,0
BRDA:275,36,1,0
BRDA:294,37,0,0
BRDA:294,37,1,0
BRDA:308,38,0,0
BRDA:308,38,1,0
BRDA:316,39,0,0
BRDA:316,39,1,0
BRDA:317,40,0,0
BRDA:317,40,1,0
BRDA:318,41,0,0
BRDA:318,41,1,0
BRDA:319,42,0,0
BRDA:319,42,1,0
BRF:95
BRH:0
end_of_record
TN:
SF:src/components/payments/PlanCard.js
FN:15,(anonymous_0)
FN:23,(anonymous_1)
FNF:2
FNH:0
FNDA:0,(anonymous_0)
FNDA:0,(anonymous_1)
DA:15,0
DA:23,0
DA:24,0
DA:25,0
DA:26,0
DA:30,0
DA:104,0
LF:7
LH:0
BRDA:17,0,0,0
BRDA:18,1,0,0
BRDA:19,2,0,0
BRDA:21,3,0,0
BRDA:24,4,0,0
BRDA:24,4,1,0
BRDA:24,5,0,0
BRDA:24,5,1,0
BRDA:34,6,0,0
BRDA:34,6,1,0
BRDA:35,7,0,0
BRDA:35,7,1,0
BRDA:36,8,0,0
BRDA:36,8,1,0
BRDA:42,9,0,0
BRDA:42,9,1,0
BRDA:48,10,0,0
BRDA:48,10,1,0
BRDA:60,11,0,0
BRDA:60,11,1,0
BRDA:61,12,0,0
BRDA:61,12,1,0
BRDA:62,13,0,0
BRDA:62,13,1,0
BRDA:63,14,0,0
BRDA:63,14,1,0
BRDA:64,15,0,0
BRDA:64,15,1,0
BRDA:78,16,0,0
BRDA:78,16,1,0
BRDA:78,17,0,0
BRDA:78,17,1,0
BRDA:83,18,0,0
BRDA:83,18,1,0
BRDA:87,19,0,0
BRDA:87,19,1,0
BRDA:88,20,0,0
BRDA:88,20,1,0
BRDA:93,21,0,0
BRDA:93,21,1,0
BRDA:94,22,0,0
BRDA:94,22,1,0
BRDA:96,23,0,0
BRDA:96,23,1,0
BRF:44
BRH:0
end_of_record
TN:
SF:src/components/payments/SubscriptionStatus.js
FN:14,(anonymous_0)
FN:15,(anonymous_1)
FN:72,(anonymous_2)
FNF:3
FNH:0
FNDA:0,(anonymous_0)
FNDA:0,(anonymous_1)
FNDA:0,(anonymous_2)
DA:14,0
DA:15,0
DA:17,0
DA:18,0
DA:20,0
DA:28,0
DA:36,0
DA:42,0
DA:54,0
DA:61,0
DA:70,0
DA:72,0
DA:73,0
DA:74,0
DA:75,0
DA:82,0
DA:116,0
LF:17
LH:0
BRDA:17,0,0,0
BRDA:17,0,1,0
BRDA:18,1,0,0
BRDA:18,1,1,0
BRDA:18,1,2,0
BRDA:18,1,3,0
BRDA:18,1,4,0
BRDA:18,1,5,0
BRDA:18,1,6,0
BRDA:18,1,7,0
BRDA:18,1,8,0
BRDA:18,1,9,0
BRDA:18,1,10,0
BRDA:18,1,11,0
BRDA:32,2,0,0
BRDA:32,2,1,0
BRDA:46,3,0,0
BRDA:46,3,1,0
BRDA:73,4,0,0
BRDA:73,4,1,0
BRDA:96,5,0,0
BRDA:96,5,1,0
BRDA:96,5,2,0
BRDA:98,6,0,0
BRDA:98,6,1,0
BRDA:98,6,2,0
BRDA:104,7,0,0
BRDA:104,7,1,0
BRDA:104,7,2,0
BRDA:104,7,3,0
BRF:30
BRH:0
end_of_record
TN:
SF:src/components/pomodoro/CustomTimerModal.js
FN:45,CustomTimerModal
FN:56,(anonymous_1)
FN:81,(anonymous_2)
FN:113,(anonymous_3)
FNF:4
FNH:0
FNDA:0,CustomTimerModal
FNDA:0,(anonymous_1)
FNDA:0,(anonymous_2)
FNDA:0,(anonymous_3)
DA:43,0
DA:56,0
DA:58,0
DA:59,0
DA:62,0
DA:65,0
DA:82,0
DA:83,0
DA:114,0
DA:115,0
DA:146,0
LF:11
LH:0
BRDA:58,0,0,0
BRDA:58,0,1,0
BRDA:59,1,0,0
BRDA:59,1,1,0
BRDA:60,2,0,0
BRDA:60,2,1,0
BRDA:104,3,0,0
BRDA:104,3,1,0
BRDA:108,4,0,0
BRDA:108,4,1,0
BRF:10
BRH:0
end_of_record
TN:
SF:src/components/pomodoro/PomodoroControls.js
FN:28,PomodoroControls
FN:51,(anonymous_1)
FN:59,(anonymous_2)
FN:123,(anonymous_3)
FN:137,(anonymous_4)
FN:176,(anonymous_5)
FNF:6
FNH:0
FNDA:0,PomodoroControls
FNDA:0,(anonymous_1)
FNDA:0,(anonymous_2)
FNDA:0,(anonymous_3)
FNDA:0,(anonymous_4)
FNDA:0,(anonymous_5)
DA:46,0
DA:53,0
DA:55,0
DA:59,0
DA:123,0
DA:137,0
DA:176,0
DA:197,0
LF:8
LH:0
BRDA:39,0,0,0
BRDA:44,1,0,0
BRDA:53,2,0,0
BRDA:53,2,1,0
BRDA:58,3,0,0
BRDA:58,3,1,0
BRDA:62,4,0,0
BRDA:62,4,1,0
BRDA:89,5,0,0
BRDA:89,5,1,0
BRDA:90,6,0,0
BRDA:90,6,1,0
BRDA:95,7,0,0
BRDA:95,7,1,0
BRDA:102,8,0,0
BRDA:102,8,1,0
BRDA:114,9,0,0
BRDA:114,9,1,0
BRDA:120,10,0,0
BRDA:120,10,1,0
BRDA:121,11,0,0
BRDA:121,11,1,0
BRDA:128,12,0,0
BRDA:128,12,1,0
BRDA:134,13,0,0
BRDA:134,13,1,0
BRDA:135,14,0,0
BRDA:135,14,1,0
BRDA:142,15,0,0
BRDA:142,15,1,0
BRDA:148,16,0,0
BRDA:148,16,1,0
BRDA:149,17,0,0
BRDA:149,17,1,0
BRDA:156,18,0,0
BRDA:156,18,1,0
BRDA:167,19,0,0
BRDA:167,19,1,0
BRDA:174,20,0,0
BRDA:174,20,1,0
BRDA:181,21,0,0
BRDA:181,21,1,0
BRDA:186,22,0,0
BRDA:186,22,1,0
BRF:44
BRH:0
end_of_record
TN:
SF:src/components/pomodoro/PomodoroPendingTasksSection.js
FN:31,formatDueShort
FN:42,PomodoroPendingTasksSection
FN:54,(anonymous_2)
FN:116,(anonymous_3)
FN:138,(anonymous_4)
FN:187,(anonymous_5)
FNF:6
FNH:0
FNDA:0,formatDueShort
FNDA:0,PomodoroPendingTasksSection
FNDA:0,(anonymous_2)
FNDA:0,(anonymous_3)
FNDA:0,(anonymous_4)
FNDA:0,(anonymous_5)
DA:32,0
DA:33,0
DA:34,0
DA:35,0
DA:36,0
DA:38,0
DA:54,0
DA:55,0
DA:56,0
DA:57,0
DA:60,0
DA:118,0
DA:119,0
DA:120,0
DA:124,0
DA:127,0
DA:128,0
DA:129,0
DA:130,0
DA:131,0
DA:138,0
DA:187,0
DA:210,0
LF:23
LH:0
BRDA:32,0,0,0
BRDA:32,0,1,0
BRDA:35,1,0,0
BRDA:35,1,1,0
BRDA:52,2,0,0
BRDA:56,3,0,0
BRDA:56,3,1,0
BRDA:57,4,0,0
BRDA:57,4,1,0
BRDA:61,5,0,0
BRDA:61,5,1,0
BRDA:71,6,0,0
BRDA:71,6,1,0
BRDA:91,7,0,0
BRDA:91,7,1,0
BRDA:91,8,0,0
BRDA:91,8,1,0
BRDA:95,9,0,0
BRDA:95,9,1,0
BRDA:98,10,0,0
BRDA:98,10,1,0
BRDA:105,11,0,0
BRDA:105,11,1,0
BRDA:105,12,0,0
BRDA:105,12,1,0
BRDA:105,12,2,0
BRDA:118,13,0,0
BRDA:118,13,1,0
BRDA:119,14,0,0
BRDA:119,14,1,0
BRDA:120,15,0,0
BRDA:120,15,1,0
BRDA:124,16,0,0
BRDA:124,16,1,0
BRDA:124,17,0,0
BRDA:124,17,1,0
BRDA:127,18,0,0
BRDA:127,18,1,0
BRDA:128,19,0,0
BRDA:128,19,1,0
BRDA:134,20,0,0
BRDA:134,20,1,0
BRDA:134,21,0,0
BRDA:134,21,1,0
BRDA:148,22,0,0
BRDA:148,22,1,0
BRDA:154,23,0,0
BRDA:154,23,1,0
BRDA:154,24,0,0
BRDA:154,24,1,0
BRDA:165,25,0,0
BRDA:165,25,1,0
BRDA:173,26,0,0
BRDA:173,26,1,0
BRDA:185,27,0,0
BRDA:185,27,1,0
BRDA:185,27,2,0
BRDA:193,28,0,0
BRDA:193,28,1,0
BRF:59
BRH:0
end_of_record
TN:
SF:src/components/pomodoro/PomodoroScreenHeader.js
FN:20,shorten
FN:25,PomodoroScreenHeader
FNF:2
FNH:0
FNDA:0,shorten
FNDA:0,PomodoroScreenHeader
DA:21,0
DA:22,0
DA:31,0
DA:38,0
DA:39,0
DA:42,0
DA:75,0
LF:7
LH:0
BRDA:21,0,0,0
BRDA:21,0,1,0
BRDA:21,1,0,0
BRDA:21,1,1,0
BRDA:21,2,0,0
BRDA:21,2,1,0
BRDA:28,3,0,0
BRDA:29,4,0,0
BRDA:38,5,0,0
BRDA:38,5,1,0
BRDA:38,6,0,0
BRDA:38,6,1,0
BRDA:39,7,0,0
BRDA:39,7,1,0
BRDA:41,8,0,0
BRDA:41,8,1,0
BRDA:57,9,0,0
BRDA:57,9,1,0
BRDA:62,10,0,0
BRDA:62,10,1,0
BRF:20
BRH:0
end_of_record
TN:
SF:src/components/pomodoro/PomodoroTimerSection.js
FN:21,PomodoroTimerSection
FN:34,(anonymous_1)
FNF:2
FNH:0
FNDA:0,PomodoroTimerSection
FNDA:0,(anonymous_1)
DA:31,0
DA:32,0
DA:34,0
DA:35,0
DA:36,0
DA:43,0
DA:44,0
DA:51,0
DA:121,0
LF:9
LH:0
BRDA:29,0,0,0
BRDA:43,1,0,0
BRDA:43,1,1,0
BRDA:43,2,0,0
BRDA:43,2,1,0
BRDA:73,3,0,0
BRDA:73,3,1,0
BRDA:83,4,0,0
BRDA:83,4,1,0
BRDA:100,5,0,0
BRDA:100,5,1,0
BRF:11
BRH:0
end_of_record
TN:
SF:src/components/settings/SettingsConfirmModal.js
FN:5,SettingsConfirmModal
FNF:1
FNH:0
FNDA:0,SettingsConfirmModal
DA:16,0
DA:39,1
LF:2
LH:1
BRDA:10,0,0,0
BRDA:11,1,0,0
BRDA:14,2,0,0
BRDA:27,3,0,0
BRDA:27,3,1,0
BRDA:30,4,0,0
BRDA:30,4,1,0
BRF:7
BRH:0
end_of_record
TN:
SF:src/components/settings/SettingsContent.js
FN:25,SettingsContent
FN:46,(anonymous_1)
FN:74,(anonymous_2)
FN:82,(anonymous_3)
FN:84,(anonymous_4)
FN:94,(anonymous_5)
FN:102,(anonymous_6)
FN:110,(anonymous_7)
FN:118,(anonymous_8)
FN:131,(anonymous_9)
FN:156,(anonymous_10)
FN:158,(anonymous_11)
FN:176,(anonymous_12)
FN:178,(anonymous_13)
FN:201,(anonymous_14)
FN:218,(anonymous_15)
FN:232,(anonymous_16)
FN:246,(anonymous_17)
FN:256,(anonymous_18)
FN:267,(anonymous_19)
FN:277,(anonymous_20)
FN:295,(anonymous_21)
FN:313,(anonymous_22)
FN:325,(anonymous_23)
FN:328,(anonymous_24)
FN:331,(anonymous_25)
FN:356,(anonymous_26)
FN:369,(anonymous_27)
FN:382,(anonymous_28)
FN:392,(anonymous_29)
FN:409,(anonymous_30)
FN:424,(anonymous_31)
FN:441,(anonymous_32)
FN:465,(anonymous_33)
FN:487,(anonymous_34)
FN:502,(anonymous_35)
FNF:36
FNH:0
FNDA:0,SettingsContent
FNDA:0,(anonymous_1)
FNDA:0,(anonymous_2)
FNDA:0,(anonymous_3)
FNDA:0,(anonymous_4)
FNDA:0,(anonymous_5)
FNDA:0,(anonymous_6)
FNDA:0,(anonymous_7)
FNDA:0,(anonymous_8)
FNDA:0,(anonymous_9)
FNDA:0,(anonymous_10)
FNDA:0,(anonymous_11)
FNDA:0,(anonymous_12)
FNDA:0,(anonymous_13)
FNDA:0,(anonymous_14)
FNDA:0,(anonymous_15)
FNDA:0,(anonymous_16)
FNDA:0,(anonymous_17)
FNDA:0,(anonymous_18)
FNDA:0,(anonymous_19)
FNDA:0,(anonymous_20)
FNDA:0,(anonymous_21)
FNDA:0,(anonymous_22)
FNDA:0,(anonymous_23)
FNDA:0,(anonymous_24)
FNDA:0,(anonymous_25)
FNDA:0,(anonymous_26)
FNDA:0,(anonymous_27)
FNDA:0,(anonymous_28)
FNDA:0,(anonymous_29)
FNDA:0,(anonymous_30)
FNDA:0,(anonymous_31)
FNDA:0,(anonymous_32)
FNDA:0,(anonymous_33)
FNDA:0,(anonymous_34)
FNDA:0,(anonymous_35)
DA:18,0
DA:37,0
DA:38,0
DA:39,0
DA:40,0
DA:41,0
DA:43,0
DA:44,0
DA:46,0
DA:47,0
DA:48,0
DA:70,0
DA:72,0
DA:73,0
DA:75,0
DA:76,0
DA:81,0
DA:83,0
DA:84,0
DA:85,0
DA:87,0
DA:88,0
DA:93,0
DA:95,0
DA:96,0
DA:101,0
DA:103,0
DA:104,0
DA:105,0
DA:110,0
DA:111,0
DA:112,0
DA:113,0
DA:114,0
DA:117,0
DA:120,0
DA:121,0
DA:123,0
DA:124,0
DA:125,0
DA:126,0
DA:131,0
DA:132,0
DA:133,0
DA:134,0
DA:135,0
DA:136,0
DA:137,0
DA:139,0
DA:141,0
DA:145,0
DA:157,0
DA:158,0
DA:177,0
DA:178,0
DA:201,0
DA:218,0
DA:232,0
DA:246,0
DA:256,0
DA:267,0
DA:277,0
DA:296,0
DA:297,0
DA:298,0
DA:299,0
DA:300,0
DA:301,0
DA:302,0
DA:313,0
DA:325,0
DA:328,0
DA:331,0
DA:356,0
DA:369,0
DA:382,0
DA:393,0
DA:394,0
DA:410,0
DA:411,0
DA:425,0
DA:426,0
DA:441,0
DA:465,0
DA:487,0
DA:502,0
DA:513,0
LF:87
LH:0
BRDA:39,0,0,0
BRDA:39,0,1,0
BRDA:40,1,0,0
BRDA:40,1,1,0
BRDA:41,2,0,0
BRDA:41,2,1,0
BRDA:47,3,0,0
BRDA:47,3,1,0
BRDA:52,4,0,0
BRDA:52,4,1,0
BRDA:53,5,0,0
BRDA:53,5,1,0
BRDA:57,6,0,0
BRDA:57,6,1,0
BRDA:58,7,0,0
BRDA:58,7,1,0
BRDA:72,8,0,0
BRDA:72,8,1,0
BRDA:103,9,0,0
BRDA:103,9,1,0
BRDA:120,10,0,0
BRDA:120,10,1,0
BRDA:123,11,0,0
BRDA:123,11,1,0
BRDA:123,12,0,0
BRDA:123,12,1,0
BRDA:135,13,0,0
BRDA:135,13,1,0
BRDA:164,14,0,0
BRDA:164,14,1,0
BRDA:171,15,0,0
BRDA:171,15,1,0
BRDA:180,16,0,0
BRDA:180,16,1,0
BRDA:183,17,0,0
BRDA:183,17,1,0
BRDA:191,18,0,0
BRDA:191,18,1,0
BRDA:198,19,0,0
BRDA:198,19,1,0
BRDA:204,20,0,0
BRDA:204,20,1,0
BRDA:204,21,0,0
BRDA:204,21,1,0
BRDA:215,22,0,0
BRDA:215,22,1,0
BRDA:221,23,0,0
BRDA:221,23,1,0
BRDA:221,24,0,0
BRDA:221,24,1,0
BRDA:234,25,0,0
BRDA:234,25,1,0
BRDA:245,26,0,0
BRDA:245,26,1,0
BRDA:258,27,0,0
BRDA:258,27,1,0
BRDA:266,28,0,0
BRDA:266,28,1,0
BRDA:279,29,0,0
BRDA:279,29,1,0
BRDA:283,30,0,0
BRDA:283,30,1,0
BRDA:287,31,0,0
BRDA:287,31,1,0
BRDA:293,32,0,0
BRDA:293,32,1,0
BRDA:306,33,0,0
BRDA:306,33,1,0
BRDA:310,34,0,0
BRDA:310,34,1,0
BRDA:310,35,0,0
BRDA:310,35,1,0
BRDA:322,36,0,0
BRDA:322,36,1,0
BRDA:322,36,2,0
BRDA:357,37,0,0
BRDA:357,37,1,0
BRDA:370,38,0,0
BRDA:370,38,1,0
BRDA:383,39,0,0
BRDA:383,39,1,0
BRF:81
BRH:0
end_of_record
TN:
SF:src/components/settings/SettingsHeader.js
FN:6,SettingsHeader
FNF:1
FNH:0
FNDA:0,SettingsHeader
DA:7,0
DA:18,1
LF:2
LH:1
BRF:0
BRH:0
end_of_record
TN:
SF:src/components/subscription/SubscriptionContent.js
FN:16,SubscriptionContent
FN:29,(anonymous_1)
FN:60,(anonymous_2)
FN:64,(anonymous_3)
FN:75,(anonymous_4)
FN:76,(anonymous_5)
FNF:6
FNH:0
FNDA:0,SubscriptionContent
FNDA:0,(anonymous_1)
FNDA:0,(anonymous_2)
FNDA:0,(anonymous_3)
FNDA:0,(anonymous_4)
FNDA:0,(anonymous_5)
DA:14,0
DA:26,0
DA:28,0
DA:29,0
DA:32,0
DA:60,0
DA:64,0
DA:75,0
DA:78,0
DA:79,0
DA:80,0
DA:82,0
DA:85,0
DA:126,0
LF:14
LH:0
BRDA:26,0,0,0
BRDA:26,0,1,0
BRDA:26,0,2,0
BRDA:28,1,0,0
BRDA:28,1,1,0
BRDA:29,2,0,0
BRDA:29,2,1,0
BRDA:29,3,0,0
BRDA:29,3,1,0
BRDA:36,4,0,0
BRDA:36,4,1,0
BRDA:36,4,2,0
BRDA:40,5,0,0
BRDA:40,5,1,0
BRDA:41,6,0,0
BRDA:41,6,1,0
BRDA:42,7,0,0
BRDA:42,7,1,0
BRDA:43,8,0,0
BRDA:43,8,1,0
BRDA:44,9,0,0
BRDA:44,9,1,0
BRDA:46,10,0,0
BRDA:46,10,1,0
BRDA:69,11,0,0
BRDA:69,11,1,0
BRDA:75,12,0,0
BRDA:75,12,1,0
BRDA:78,13,0,0
BRDA:78,13,1,0
BRDA:78,13,2,0
BRDA:82,14,0,0
BRDA:82,14,1,0
BRDA:82,14,2,0
BRDA:82,14,3,0
BRDA:98,15,0,0
BRDA:98,15,1,0
BRDA:98,15,2,0
BRDA:106,16,0,0
BRDA:106,16,1,0
BRDA:115,17,0,0
BRDA:115,17,1,0
BRF:42
BRH:0
end_of_record
TN:
SF:src/components/subscription/SubscriptionErrorView.js
FN:7,SubscriptionErrorView
FNF:1
FNH:0
FNDA:0,SubscriptionErrorView
DA:8,0
DA:19,1
LF:2
LH:1
BRF:0
BRH:0
end_of_record
TN:
SF:src/components/subscription/SubscriptionLegalSection.js
FN:7,(anonymous_0)
FN:8,(anonymous_1)
FN:11,SubscriptionLegalSection
FN:19,(anonymous_3)
FN:28,(anonymous_4)
FNF:5
FNH:0
FNDA:0,(anonymous_0)
FNDA:0,(anonymous_1)
FNDA:0,SubscriptionLegalSection
FNDA:0,(anonymous_3)
FNDA:0,(anonymous_4)
DA:7,1
DA:8,0
DA:12,0
DA:13,0
DA:14,0
DA:19,0
DA:28,0
DA:39,1
LF:8
LH:2
BRDA:7,0,0,0
BRDA:11,1,0,0
BRDA:11,2,0,0
BRDA:12,3,0,0
BRDA:12,3,1,0
BRDA:13,4,0,0
BRDA:13,4,1,0
BRDA:15,5,0,0
BRDA:15,5,1,0
BRF:9
BRH:0
end_of_record
TN:
SF:src/components/subscription/SubscriptionLoadingView.js
FN:6,SubscriptionLoadingView
FNF:1
FNH:0
FNDA:0,SubscriptionLoadingView
DA:7,0
DA:15,1
LF:2
LH:1
BRF:0
BRH:0
end_of_record
TN:
SF:src/components/tasks/CreateTaskModal.js
FN:31,(anonymous_0)
FN:50,(anonymous_1)
FN:53,(anonymous_2)
FN:54,(anonymous_3)
FN:55,(anonymous_4)
FN:62,(anonymous_5)
FN:68,(anonymous_6)
FN:72,(anonymous_7)
FN:73,(anonymous_8)
FN:74,(anonymous_9)
FN:77,(anonymous_10)
FN:85,(anonymous_11)
FN:91,(anonymous_12)
FN:115,(anonymous_13)
FN:123,(anonymous_14)
FN:131,(anonymous_15)
FN:152,(anonymous_16)
FN:161,(anonymous_17)
FN:166,(anonymous_18)
FN:170,(anonymous_19)
FN:186,(anonymous_20)
FN:191,(anonymous_21)
FN:195,(anonymous_22)
FN:233,(anonymous_23)
FN:251,(anonymous_24)
FN:256,(anonymous_25)
FN:284,(anonymous_26)
FN:320,(anonymous_27)
FN:339,(anonymous_28)
FN:365,(anonymous_29)
FN:367,(anonymous_30)
FN:388,(anonymous_31)
FN:390,(anonymous_32)
FN:415,(anonymous_33)
FN:438,(anonymous_34)
FN:482,(anonymous_35)
FN:490,(anonymous_36)
FNF:37
FNH:0
FNDA:0,(anonymous_0)
FNDA:0,(anonymous_1)
FNDA:0,(anonymous_2)
FNDA:0,(anonymous_3)
FNDA:0,(anonymous_4)
FNDA:0,(anonymous_5)
FNDA:0,(anonymous_6)
FNDA:0,(anonymous_7)
FNDA:0,(anonymous_8)
FNDA:0,(anonymous_9)
FNDA:0,(anonymous_10)
FNDA:0,(anonymous_11)
FNDA:0,(anonymous_12)
FNDA:0,(anonymous_13)
FNDA:0,(anonymous_14)
FNDA:0,(anonymous_15)
FNDA:0,(anonymous_16)
FNDA:0,(anonymous_17)
FNDA:0,(anonymous_18)
FNDA:0,(anonymous_19)
FNDA:0,(anonymous_20)
FNDA:0,(anonymous_21)
FNDA:0,(anonymous_22)
FNDA:0,(anonymous_23)
FNDA:0,(anonymous_24)
FNDA:0,(anonymous_25)
FNDA:0,(anonymous_26)
FNDA:0,(anonymous_27)
FNDA:0,(anonymous_28)
FNDA:0,(anonymous_29)
FNDA:0,(anonymous_30)
FNDA:0,(anonymous_31)
FNDA:0,(anonymous_32)
FNDA:0,(anonymous_33)
FNDA:0,(anonymous_34)
FNDA:0,(anonymous_35)
FNDA:0,(anonymous_36)
DA:31,0
DA:38,0
DA:39,0
DA:40,0
DA:41,0
DA:42,0
DA:43,0
DA:44,0
DA:45,0
DA:46,0
DA:48,0
DA:50,0
DA:51,0
DA:52,0
DA:53,0
DA:54,0
DA:55,0
DA:56,0
DA:57,0
DA:62,0
DA:63,0
DA:64,0
DA:65,0
DA:66,0
DA:68,0
DA:69,0
DA:70,0
DA:72,0
DA:73,0
DA:74,0
DA:75,0
DA:76,0
DA:77,0
DA:78,0
DA:80,0
DA:83,0
DA:85,0
DA:86,0
DA:87,0
DA:91,0
DA:92,0
DA:93,0
DA:94,0
DA:95,0
DA:96,0
DA:97,0
DA:104,0
DA:105,0
DA:106,0
DA:107,0
DA:115,0
DA:116,0
DA:123,0
DA:124,0
DA:131,0
DA:132,0
DA:134,0
DA:135,0
DA:136,0
DA:137,0
DA:140,0
DA:141,0
DA:144,0
DA:145,0
DA:148,0
DA:149,0
DA:152,0
DA:153,0
DA:154,0
DA:155,0
DA:156,0
DA:157,0
DA:160,0
DA:161,0
DA:162,0
DA:165,0
DA:166,0
DA:170,0
DA:171,0
DA:172,0
DA:173,0
DA:174,0
DA:175,0
DA:176,0
DA:179,0
DA:180,0
DA:186,0
DA:187,0
DA:190,0
DA:191,0
DA:195,0
DA:196,0
DA:197,0
DA:198,0
DA:201,0
DA:202,0
DA:204,0
DA:205,0
DA:221,0
DA:223,0
DA:224,0
DA:229,0
DA:233,0
DA:234,0
DA:235,0
DA:248,0
DA:251,0
DA:252,0
DA:253,0
DA:256,0
DA:257,0
DA:258,0
DA:261,0
DA:284,0
DA:320,0
DA:339,0
DA:366,0
DA:367,0
DA:389,0
DA:390,0
DA:415,0
DA:438,0
DA:483,0
DA:490,0
DA:554,0
LF:125
LH:0
BRDA:51,0,0,0
BRDA:51,0,1,0
BRDA:52,1,0,0
BRDA:52,1,1,0
BRDA:63,2,0,0
BRDA:63,2,1,0
BRDA:75,3,0,0
BRDA:75,3,1,0
BRDA:92,4,0,0
BRDA:92,4,1,0
BRDA:134,5,0,0
BRDA:134,5,1,0
BRDA:136,6,0,0
BRDA:136,6,1,0
BRDA:140,7,0,0
BRDA:140,7,1,0
BRDA:144,8,0,0
BRDA:144,8,1,0
BRDA:144,9,0,0
BRDA:144,9,1,0
BRDA:144,9,2,0
BRDA:154,10,0,0
BRDA:154,10,1,0
BRDA:160,11,0,0
BRDA:160,11,1,0
BRDA:172,12,0,0
BRDA:172,12,1,0
BRDA:180,13,0,0
BRDA:180,13,1,0
BRDA:181,14,0,0
BRDA:181,14,1,0
BRDA:181,14,2,0
BRDA:181,14,3,0
BRDA:196,15,0,0
BRDA:196,15,1,0
BRDA:215,16,0,0
BRDA:215,16,1,0
BRDA:216,17,0,0
BRDA:216,17,1,0
BRDA:217,18,0,0
BRDA:217,18,1,0
BRDA:225,19,0,0
BRDA:225,19,1,0
BRDA:239,20,0,0
BRDA:239,20,1,0
BRDA:278,21,0,0
BRDA:278,21,1,0
BRDA:281,22,0,0
BRDA:281,22,1,0
BRDA:302,23,0,0
BRDA:302,23,1,0
BRDA:304,24,0,0
BRDA:304,24,1,0
BRDA:312,25,0,0
BRDA:312,25,1,0
BRDA:318,26,0,0
BRDA:318,26,1,0
BRDA:326,27,0,0
BRDA:326,27,1,0
BRDA:330,28,0,0
BRDA:330,28,1,0
BRDA:337,29,0,0
BRDA:337,29,1,0
BRDA:345,30,0,0
BRDA:345,30,1,0
BRDA:349,31,0,0
BRDA:349,31,1,0
BRDA:359,32,0,0
BRDA:359,32,1,0
BRDA:360,33,0,0
BRDA:360,33,1,0
BRDA:367,34,0,0
BRDA:367,34,1,0
BRDA:371,35,0,0
BRDA:371,35,1,0
BRDA:376,36,0,0
BRDA:376,36,1,0
BRDA:383,37,0,0
BRDA:383,37,1,0
BRDA:390,38,0,0
BRDA:390,38,1,0
BRDA:396,39,0,0
BRDA:396,39,1,0
BRDA:400,40,0,0
BRDA:400,40,1,0
BRDA:412,41,0,0
BRDA:412,41,1,0
BRDA:413,42,0,0
BRDA:413,42,1,0
BRDA:421,43,0,0
BRDA:421,43,1,0
BRDA:425,44,0,0
BRDA:425,44,1,0
BRDA:435,45,0,0
BRDA:435,45,1,0
BRDA:436,46,0,0
BRDA:436,46,1,0
BRDA:444,47,0,0
BRDA:444,47,1,0
BRDA:448,48,0,0
BRDA:448,48,1,0
BRDA:454,49,0,0
BRDA:454,49,1,0
BRDA:459,50,0,0
BRDA:459,50,1,0
BRDA:465,51,0,0
BRDA:465,51,1,0
BRDA:466,52,0,0
BRDA:466,52,1,0
BRDA:467,53,0,0
BRDA:467,53,1,0
BRDA:474,54,0,0
BRDA:474,54,1,0
BRDA:487,55,0,0
BRDA:487,55,1,0
BRDA:518,56,0,0
BRDA:518,56,1,0
BRDA:527,57,0,0
BRDA:527,57,1,0
BRDA:528,58,0,0
BRDA:528,58,1,0
BRDA:534,59,0,0
BRDA:534,59,1,0
BRDA:541,60,0,0
BRDA:541,60,1,0
BRDA:590,61,0,0
BRDA:590,61,1,0
BRDA:746,62,0,0
BRDA:746,62,1,0
BRDA:749,63,0,0
BRDA:749,63,1,0
BRDA:750,64,0,0
BRDA:750,64,1,0
BRDA:756,65,0,0
BRDA:756,65,1,0
BRF:135
BRH:0
end_of_record
TN:
SF:src/components/tasks/SwipeableTaskItem.js
FN:20,SwipeableTaskItem
FN:28,(anonymous_1)
FN:49,(anonymous_2)
FN:66,(anonymous_3)
FN:95,(anonymous_4)
FN:104,(anonymous_5)
FN:114,(anonymous_6)
FNF:7
FNH:0
FNDA:0,SwipeableTaskItem
FNDA:0,(anonymous_1)
FNDA:0,(anonymous_2)
FNDA:0,(anonymous_3)
FNDA:0,(anonymous_4)
FNDA:0,(anonymous_5)
FNDA:0,(anonymous_6)
DA:12,0
DA:13,0
DA:14,0
DA:15,0
DA:16,0
DA:17,0
DA:18,0
DA:21,0
DA:22,0
DA:23,0
DA:25,0
DA:26,0
DA:28,0
DA:29,0
DA:48,0
DA:50,0
DA:51,0
DA:52,0
DA:53,0
DA:54,0
DA:55,0
DA:56,0
DA:58,0
DA:59,0
DA:65,0
DA:67,0
DA:68,0
DA:69,0
DA:70,0
DA:71,0
DA:89,0
DA:95,0
DA:96,0
DA:105,0
DA:106,0
DA:107,0
DA:114,0
DA:115,0
DA:116,0
DA:117,0
DA:118,0
DA:121,0
DA:122,0
DA:133,0
DA:186,0
LF:45
LH:0
BRDA:20,0,0,0
BRDA:26,1,0,0
BRDA:26,1,1,0
BRDA:53,2,0,0
BRDA:53,2,1,0
BRDA:55,3,0,0
BRDA:55,3,1,0
BRDA:68,4,0,0
BRDA:68,4,1,0
BRDA:69,5,0,0
BRDA:69,5,1,0
BRDA:78,6,0,0
BRDA:78,6,1,0
BRDA:98,7,0,0
BRDA:98,7,1,0
BRDA:115,8,0,0
BRDA:115,8,1,0
BRDA:121,9,0,0
BRDA:121,9,1,0
BRDA:136,10,0,0
BRDA:136,10,1,0
BRF:21
BRH:0
end_of_record
TN:
SF:src/components/tasks/TaskDetailModal.js
FN:34,taskPayloadFromApi
FN:41,(anonymous_1)
FN:56,(anonymous_2)
FN:61,(anonymous_3)
FN:67,(anonymous_4)
FN:71,(anonymous_5)
FN:72,(anonymous_6)
FN:73,(anonymous_7)
FN:76,(anonymous_8)
FN:84,(anonymous_9)
FN:90,(anonymous_10)
FN:98,(anonymous_11)
FN:124,(anonymous_12)
FN:138,(anonymous_13)
FN:165,(anonymous_14)
FN:174,(anonymous_15)
FN:196,(anonymous_16)
FN:207,(anonymous_17)
FN:238,(anonymous_18)
FN:240,(anonymous_19)
FN:329,(anonymous_20)
FN:339,(anonymous_21)
FN:363,(anonymous_22)
FN:397,(anonymous_23)
FN:410,(anonymous_24)
FNF:25
FNH:0
FNDA:0,taskPayloadFromApi
FNDA:0,(anonymous_1)
FNDA:0,(anonymous_2)
FNDA:0,(anonymous_3)
FNDA:0,(anonymous_4)
FNDA:0,(anonymous_5)
FNDA:0,(anonymous_6)
FNDA:0,(anonymous_7)
FNDA:0,(anonymous_8)
FNDA:0,(anonymous_9)
FNDA:0,(anonymous_10)
FNDA:0,(anonymous_11)
FNDA:0,(anonymous_12)
FNDA:0,(anonymous_13)
FNDA:0,(anonymous_14)
FNDA:0,(anonymous_15)
FNDA:0,(anonymous_16)
FNDA:0,(anonymous_17)
FNDA:0,(anonymous_18)
FNDA:0,(anonymous_19)
FNDA:0,(anonymous_20)
FNDA:0,(anonymous_21)
FNDA:0,(anonymous_22)
FNDA:0,(anonymous_23)
FNDA:0,(anonymous_24)
DA:35,0
DA:36,0
DA:37,0
DA:38,0
DA:41,0
DA:50,0
DA:51,0
DA:52,0
DA:53,0
DA:54,0
DA:56,0
DA:57,0
DA:58,0
DA:61,0
DA:62,0
DA:63,0
DA:64,0
DA:65,0
DA:67,0
DA:68,0
DA:69,0
DA:71,0
DA:72,0
DA:73,0
DA:74,0
DA:75,0
DA:76,0
DA:77,0
DA:79,0
DA:82,0
DA:84,0
DA:85,0
DA:86,0
DA:90,0
DA:91,0
DA:92,0
DA:93,0
DA:94,0
DA:98,0
DA:99,0
DA:100,0
DA:101,0
DA:102,0
DA:103,0
DA:104,0
DA:105,0
DA:106,0
DA:107,0
DA:108,0
DA:110,0
DA:113,0
DA:118,0
DA:119,0
DA:123,0
DA:125,0
DA:126,0
DA:127,0
DA:128,0
DA:129,0
DA:130,0
DA:132,0
DA:133,0
DA:138,0
DA:139,0
DA:147,0
DA:149,0
DA:150,0
DA:151,0
DA:153,0
DA:158,0
DA:164,0
DA:166,0
DA:167,0
DA:168,0
DA:169,0
DA:175,0
DA:176,0
DA:177,0
DA:178,0
DA:179,0
DA:180,0
DA:182,0
DA:187,0
DA:196,0
DA:197,0
DA:198,0
DA:199,0
DA:208,0
DA:209,0
DA:210,0
DA:211,0
DA:212,0
DA:213,0
DA:215,0
DA:220,0
DA:228,0
DA:230,0
DA:231,0
DA:232,0
DA:233,0
DA:234,0
DA:235,0
DA:236,0
DA:238,0
DA:239,0
DA:240,0
DA:241,0
DA:243,0
DA:330,0
DA:331,0
DA:332,0
DA:339,0
DA:363,0
DA:398,0
DA:399,0
DA:400,0
DA:411,0
DA:412,0
DA:413,0
DA:428,0
LF:120
LH:0
BRDA:35,0,0,0
BRDA:35,0,1,0
BRDA:35,1,0,0
BRDA:35,1,1,0
BRDA:36,2,0,0
BRDA:36,2,1,0
BRDA:36,3,0,0
BRDA:36,3,1,0
BRDA:36,3,2,0
BRDA:37,4,0,0
BRDA:37,4,1,0
BRDA:48,5,0,0
BRDA:62,6,0,0
BRDA:62,6,1,0
BRDA:62,7,0,0
BRDA:62,7,1,0
BRDA:74,8,0,0
BRDA:74,8,1,0
BRDA:91,9,0,0
BRDA:91,9,1,0
BRDA:99,10,0,0
BRDA:99,10,1,0
BRDA:99,11,0,0
BRDA:99,11,1,0
BRDA:105,12,0,0
BRDA:105,12,1,0
BRDA:106,13,0,0
BRDA:106,13,1,0
BRDA:107,14,0,0
BRDA:107,14,1,0
BRDA:115,15,0,0
BRDA:115,15,1,0
BRDA:125,16,0,0
BRDA:125,16,1,0
BRDA:125,17,0,0
BRDA:125,17,1,0
BRDA:126,18,0,0
BRDA:126,18,1,0
BRDA:128,19,0,0
BRDA:128,19,1,0
BRDA:132,20,0,0
BRDA:132,20,1,0
BRDA:139,21,0,0
BRDA:139,21,1,0
BRDA:144,22,0,0
BRDA:144,22,1,0
BRDA:150,23,0,0
BRDA:150,23,1,0
BRDA:155,24,0,0
BRDA:155,24,1,0
BRDA:166,25,0,0
BRDA:166,25,1,0
BRDA:166,26,0,0
BRDA:166,26,1,0
BRDA:167,27,0,0
BRDA:167,27,1,0
BRDA:168,28,0,0
BRDA:168,28,1,0
BRDA:179,29,0,0
BRDA:179,29,1,0
BRDA:184,30,0,0
BRDA:184,30,1,0
BRDA:197,31,0,0
BRDA:197,31,1,0
BRDA:197,32,0,0
BRDA:197,32,1,0
BRDA:198,33,0,0
BRDA:198,33,1,0
BRDA:198,34,0,0
BRDA:198,34,1,0
BRDA:212,35,0,0
BRDA:212,35,1,0
BRDA:217,36,0,0
BRDA:217,36,1,0
BRDA:228,37,0,0
BRDA:228,37,1,0
BRDA:232,38,0,0
BRDA:232,38,1,0
BRDA:233,39,0,0
BRDA:233,39,1,0
BRDA:234,40,0,0
BRDA:234,40,1,0
BRDA:235,41,0,0
BRDA:235,41,1,0
BRDA:236,42,0,0
BRDA:236,42,1,0
BRDA:251,43,0,0
BRDA:251,43,1,0
BRDA:251,44,0,0
BRDA:251,44,1,0
BRDA:269,45,0,0
BRDA:269,45,1,0
BRDA:269,46,0,0
BRDA:269,46,1,0
BRDA:272,47,0,0
BRDA:272,47,1,0
BRDA:272,48,0,0
BRDA:272,48,1,0
BRDA:272,49,0,0
BRDA:272,49,1,0
BRDA:277,50,0,0
BRDA:277,50,1,0
BRDA:278,51,0,0
BRDA:278,51,1,0
BRDA:289,52,0,0
BRDA:289,52,1,0
BRDA:292,53,0,0
BRDA:292,53,1,0
BRDA:297,54,0,0
BRDA:297,54,1,0
BRDA:303,55,0,0
BRDA:303,55,1,0
BRDA:307,56,0,0
BRDA:307,56,1,0
BRDA:310,57,0,0
BRDA:310,57,1,0
BRDA:315,58,0,0
BRDA:315,58,1,0
BRDA:321,59,0,0
BRDA:321,59,1,0
BRDA:325,60,0,0
BRDA:325,60,1,0
BRDA:335,61,0,0
BRDA:335,61,1,0
BRDA:340,62,0,0
BRDA:340,62,1,0
BRDA:345,63,0,0
BRDA:345,63,1,0
BRDA:349,64,0,0
BRDA:349,64,1,0
BRDA:351,65,0,0
BRDA:351,65,1,0
BRDA:355,66,0,0
BRDA:355,66,1,0
BRDA:364,67,0,0
BRDA:364,67,1,0
BRDA:380,68,0,0
BRDA:380,68,1,0
BRDA:394,69,0,0
BRDA:394,69,1,0
BRDA:421,70,0,0
BRDA:421,70,1,0
BRF:142
BRH:0
end_of_record
TN:
SF:src/components/tasks/TaskHeader.js
FN:16,(anonymous_0)
FN:24,(anonymous_1)
FN:32,(anonymous_2)
FN:42,(anonymous_3)
FN:49,(anonymous_4)
FN:95,(anonymous_5)
FN:107,(anonymous_6)
FN:111,(anonymous_7)
FNF:8
FNH:0
FNDA:0,(anonymous_0)
FNDA:0,(anonymous_1)
FNDA:0,(anonymous_2)
FNDA:0,(anonymous_3)
FNDA:0,(anonymous_4)
FNDA:0,(anonymous_5)
FNDA:0,(anonymous_6)
FNDA:0,(anonymous_7)
DA:16,0
DA:23,0
DA:25,0
DA:29,0
DA:30,0
DA:32,0
DA:33,0
DA:37,0
DA:38,0
DA:41,0
DA:43,0
DA:44,0
DA:49,0
DA:50,0
DA:51,0
DA:52,0
DA:55,0
DA:95,0
DA:108,0
DA:111,0
DA:137,0
LF:21
LH:0
BRDA:20,0,0,0
BRDA:21,1,0,0
BRDA:34,2,0,0
BRDA:34,2,1,0
BRDA:50,3,0,0
BRDA:50,3,1,0
BRDA:50,4,0,0
BRDA:50,4,1,0
BRDA:51,5,0,0
BRDA:51,5,1,0
BRDA:51,6,0,0
BRDA:51,6,1,0
BRDA:52,7,0,0
BRDA:52,7,1,0
BRDA:66,8,0,0
BRDA:66,8,1,0
BRDA:94,9,0,0
BRDA:94,9,1,0
BRDA:110,10,0,0
BRDA:110,10,1,0
BRDA:117,11,0,0
BRDA:117,11,1,0
BRDA:120,12,0,0
BRDA:120,12,1,0
BRDA:124,13,0,0
BRDA:124,13,1,0
BRF:26
BRH:0
end_of_record
TN:
SF:src/components/tasks/TaskItem.js
FN:8,(anonymous_0)
FN:20,(anonymous_1)
FN:22,(anonymous_2)
FN:30,(anonymous_3)
FN:35,(anonymous_4)
FN:50,(anonymous_5)
FN:68,(anonymous_6)
FN:92,(anonymous_7)
FN:126,(anonymous_8)
FN:131,(anonymous_9)
FN:136,(anonymous_10)
FN:145,(anonymous_11)
FN:154,(anonymous_12)
FN:163,(anonymous_13)
FN:712,(anonymous_14)
FN:721,(anonymous_15)
FN:730,(anonymous_16)
FN:739,(anonymous_17)
FNF:18
FNH:0
FNDA:0,(anonymous_0)
FNDA:0,(anonymous_1)
FNDA:0,(anonymous_2)
FNDA:0,(anonymous_3)
FNDA:0,(anonymous_4)
FNDA:0,(anonymous_5)
FNDA:0,(anonymous_6)
FNDA:0,(anonymous_7)
FNDA:0,(anonymous_8)
FNDA:0,(anonymous_9)
FNDA:0,(anonymous_10)
FNDA:0,(anonymous_11)
FNDA:0,(anonymous_12)
FNDA:0,(anonymous_13)
FNDA:0,(anonymous_14)
FNDA:0,(anonymous_15)
FNDA:0,(anonymous_16)
FNDA:0,(anonymous_17)
DA:8,0
DA:9,0
DA:10,0
DA:11,0
DA:12,0
DA:13,0
DA:14,0
DA:15,0
DA:16,0
DA:17,0
DA:18,0
DA:19,0
DA:20,0
DA:21,0
DA:22,0
DA:23,0
DA:25,0
DA:26,0
DA:30,0
DA:31,0
DA:35,0
DA:36,0
DA:37,0
DA:38,0
DA:41,0
DA:42,0
DA:50,0
DA:51,0
DA:52,0
DA:53,0
DA:54,0
DA:55,0
DA:56,0
DA:57,0
DA:58,0
DA:59,0
DA:60,0
DA:61,0
DA:62,0
DA:63,0
DA:64,0
DA:68,0
DA:69,0
DA:92,0
DA:93,0
DA:94,0
DA:95,0
DA:119,0
DA:120,0
DA:121,0
DA:123,0
DA:126,0
DA:127,0
DA:128,0
DA:131,0
DA:132,0
DA:133,0
DA:136,0
DA:137,0
DA:146,0
DA:147,0
DA:154,0
DA:155,0
DA:163,0
DA:164,0
DA:172,0
DA:173,0
DA:174,0
DA:177,0
DA:407,0
DA:712,0
DA:713,0
DA:714,0
DA:715,0
DA:716,0
DA:717,0
DA:721,0
DA:722,0
DA:723,0
DA:724,0
DA:725,0
DA:726,0
DA:730,0
DA:731,0
DA:732,0
DA:733,0
DA:734,0
DA:735,0
DA:739,0
DA:740,0
DA:741,0
DA:742,0
DA:743,0
DA:744,0
LF:94
LH:0
BRDA:8,0,0,0
BRDA:8,1,0,0
BRDA:16,2,0,0
BRDA:16,2,1,0
BRDA:16,2,2,0
BRDA:16,2,3,0
BRDA:19,3,0,0
BRDA:19,3,1,0
BRDA:22,4,0,0
BRDA:22,4,1,0
BRDA:22,4,2,0
BRDA:22,5,0,0
BRDA:22,5,1,0
BRDA:23,6,0,0
BRDA:23,6,1,0
BRDA:23,7,0,0
BRDA:23,7,1,0
BRDA:36,8,0,0
BRDA:36,8,1,0
BRDA:37,9,0,0
BRDA:37,9,1,0
BRDA:42,10,0,0
BRDA:42,10,1,0
BRDA:44,11,0,0
BRDA:44,11,1,0
BRDA:46,12,0,0
BRDA:46,12,1,0
BRDA:51,13,0,0
BRDA:51,13,1,0
BRDA:53,14,0,0
BRDA:53,14,1,0
BRDA:53,15,0,0
BRDA:53,15,1,0
BRDA:60,16,0,0
BRDA:60,16,1,0
BRDA:61,17,0,0
BRDA:61,17,1,0
BRDA:62,18,0,0
BRDA:62,18,1,0
BRDA:63,19,0,0
BRDA:63,19,1,0
BRDA:63,20,0,0
BRDA:63,20,1,0
BRDA:64,21,0,0
BRDA:64,21,1,0
BRDA:94,22,0,0
BRDA:94,22,1,0
BRDA:94,23,0,0
BRDA:94,23,1,0
BRDA:119,24,0,0
BRDA:119,24,1,0
BRDA:139,25,0,0
BRDA:139,25,1,0
BRDA:172,26,0,0
BRDA:172,26,1,0
BRDA:181,27,0,0
BRDA:181,27,1,0
BRDA:200,28,0,0
BRDA:200,28,1,0
BRDA:201,29,0,0
BRDA:201,29,1,0
BRDA:202,30,0,0
BRDA:202,30,1,0
BRDA:226,31,0,0
BRDA:226,31,1,0
BRDA:228,32,0,0
BRDA:228,32,1,0
BRDA:237,33,0,0
BRDA:237,33,1,0
BRDA:239,34,0,0
BRDA:239,34,1,0
BRDA:245,35,0,0
BRDA:245,35,1,0
BRDA:247,36,0,0
BRDA:247,36,1,0
BRDA:247,37,0,0
BRDA:247,37,1,0
BRDA:252,38,0,0
BRDA:252,38,1,0
BRDA:253,39,0,0
BRDA:253,39,1,0
BRDA:254,40,0,0
BRDA:254,40,1,0
BRDA:260,41,0,0
BRDA:260,41,1,0
BRDA:261,42,0,0
BRDA:261,42,1,0
BRDA:267,43,0,0
BRDA:267,43,1,0
BRDA:268,44,0,0
BRDA:268,44,1,0
BRDA:277,45,0,0
BRDA:277,45,1,0
BRDA:278,46,0,0
BRDA:278,46,1,0
BRDA:279,47,0,0
BRDA:279,47,1,0
BRDA:283,48,0,0
BRDA:283,48,1,0
BRDA:286,49,0,0
BRDA:286,49,1,0
BRDA:287,50,0,0
BRDA:287,50,1,0
BRDA:288,51,0,0
BRDA:288,51,1,0
BRDA:293,52,0,0
BRDA:293,52,1,0
BRDA:304,53,0,0
BRDA:304,53,1,0
BRDA:308,54,0,0
BRDA:308,54,1,0
BRDA:314,55,0,0
BRDA:314,55,1,0
BRDA:316,56,0,0
BRDA:316,56,1,0
BRDA:334,57,0,0
BRDA:334,57,1,0
BRDA:335,58,0,0
BRDA:335,58,1,0
BRDA:340,59,0,0
BRDA:340,59,1,0
BRDA:344,60,0,0
BRDA:344,60,1,0
BRDA:345,61,0,0
BRDA:345,61,1,0
BRDA:355,62,0,0
BRDA:355,62,1,0
BRDA:356,63,0,0
BRDA:356,63,1,0
BRDA:361,64,0,0
BRDA:361,64,1,0
BRDA:365,65,0,0
BRDA:365,65,1,0
BRDA:366,66,0,0
BRDA:366,66,1,0
BRDA:377,67,0,0
BRDA:377,67,1,0
BRDA:377,67,2,0
BRDA:392,68,0,0
BRDA:392,68,1,0
BRDA:396,69,0,0
BRDA:396,69,1,0
BRDA:713,70,0,0
BRDA:713,70,1,0
BRDA:713,70,2,0
BRDA:713,70,3,0
BRDA:722,71,0,0
BRDA:722,71,1,0
BRDA:722,71,2,0
BRDA:722,71,3,0
BRDA:731,72,0,0
BRDA:731,72,1,0
BRDA:731,72,2,0
BRDA:731,72,3,0
BRDA:740,73,0,0
BRDA:740,73,1,0
BRDA:740,73,2,0
BRDA:740,73,3,0
BRF:158
BRH:0
end_of_record
TN:
SF:src/components/therapeutic/BreathingExercise.js
FN:41,(anonymous_0)
FN:58,(anonymous_1)
FN:64,(anonymous_2)
FN:98,(anonymous_3)
FN:99,(anonymous_4)
FN:109,(anonymous_5)
FN:132,(anonymous_6)
FN:139,(anonymous_7)
FN:151,(anonymous_8)
FN:163,(anonymous_9)
FN:177,(anonymous_10)
FNF:11
FNH:0
FNDA:0,(anonymous_0)
FNDA:0,(anonymous_1)
FNDA:0,(anonymous_2)
FNDA:0,(anonymous_3)
FNDA:0,(anonymous_4)
FNDA:0,(anonymous_5)
FNDA:0,(anonymous_6)
FNDA:0,(anonymous_7)
FNDA:0,(anonymous_8)
FNDA:0,(anonymous_9)
FNDA:0,(anonymous_10)
DA:20,0
DA:23,0
DA:24,0
DA:25,0
DA:26,0
DA:29,0
DA:41,0
DA:48,0
DA:49,0
DA:50,0
DA:51,0
DA:52,0
DA:54,0
DA:55,0
DA:58,0
DA:59,0
DA:64,0
DA:65,0
DA:66,0
DA:69,0
DA:70,0
DA:82,0
DA:83,0
DA:98,0
DA:99,0
DA:100,0
DA:101,0
DA:102,0
DA:104,0
DA:109,0
DA:110,0
DA:111,0
DA:112,0
DA:113,0
DA:114,0
DA:115,0
DA:116,0
DA:117,0
DA:119,0
DA:120,0
DA:121,0
DA:122,0
DA:124,0
DA:130,0
DA:132,0
DA:133,0
DA:134,0
DA:139,0
DA:140,0
DA:141,0
DA:142,0
DA:143,0
DA:145,0
DA:146,0
DA:151,0
DA:152,0
DA:153,0
DA:154,0
DA:155,0
DA:156,0
DA:157,0
DA:158,0
DA:159,0
DA:163,0
DA:164,0
DA:166,0
DA:168,0
DA:170,0
DA:172,0
DA:177,0
DA:178,0
DA:180,0
DA:182,0
DA:184,0
DA:186,0
DA:190,0
DA:254,0
LF:77
LH:0
BRDA:43,0,0,0
BRDA:44,1,0,0
BRDA:45,2,0,0
BRDA:46,3,0,0
BRDA:59,4,0,0
BRDA:59,4,1,0
BRDA:59,5,0,0
BRDA:59,5,1,0
BRDA:69,6,0,0
BRDA:69,6,1,0
BRDA:82,7,0,0
BRDA:82,7,1,0
BRDA:100,8,0,0
BRDA:100,8,1,0
BRDA:111,9,0,0
BRDA:111,9,1,0
BRDA:113,10,0,0
BRDA:113,10,1,0
BRDA:115,11,0,0
BRDA:115,11,1,0
BRDA:119,12,0,0
BRDA:119,12,1,0
BRDA:122,13,0,0
BRDA:122,13,1,0
BRDA:140,14,0,0
BRDA:140,14,1,0
BRDA:164,15,0,0
BRDA:164,15,1,0
BRDA:164,15,2,0
BRDA:164,15,3,0
BRDA:178,16,0,0
BRDA:178,16,1,0
BRDA:178,16,2,0
BRDA:178,16,3,0
BRDA:207,17,0,0
BRDA:207,17,1,0
BRDA:225,18,0,0
BRDA:225,18,1,0
BRDA:225,19,0,0
BRDA:225,19,1,0
BRDA:230,20,0,0
BRDA:230,20,1,0
BRDA:230,21,0,0
BRDA:230,21,1,0
BRDA:234,22,0,0
BRDA:234,22,1,0
BRF:46
BRH:0
end_of_record
TN:
SF:src/components/therapeutic/GroundingExercise.js
FN:47,(anonymous_0)
FN:68,(anonymous_1)
FN:73,(anonymous_2)
FN:77,(anonymous_3)
FN:85,(anonymous_4)
FN:87,(anonymous_5)
FN:96,(anonymous_6)
FN:98,(anonymous_7)
FN:100,(anonymous_8)
FN:105,(anonymous_9)
FN:108,(anonymous_10)
FN:116,(anonymous_11)
FN:120,(anonymous_12)
FN:125,(anonymous_13)
FN:174,(anonymous_14)
FN:205,(anonymous_15)
FN:209,(anonymous_16)
FNF:17
FNH:0
FNDA:0,(anonymous_0)
FNDA:0,(anonymous_1)
FNDA:0,(anonymous_2)
FNDA:0,(anonymous_3)
FNDA:0,(anonymous_4)
FNDA:0,(anonymous_5)
FNDA:0,(anonymous_6)
FNDA:0,(anonymous_7)
FNDA:0,(anonymous_8)
FNDA:0,(anonymous_9)
FNDA:0,(anonymous_10)
FNDA:0,(anonymous_11)
FNDA:0,(anonymous_12)
FNDA:0,(anonymous_13)
FNDA:0,(anonymous_14)
FNDA:0,(anonymous_15)
FNDA:0,(anonymous_16)
DA:27,0
DA:36,0
DA:47,0
DA:48,0
DA:55,0
DA:56,0
DA:57,0
DA:60,0
DA:61,0
DA:62,0
DA:65,0
DA:68,0
DA:69,0
DA:73,0
DA:74,0
DA:76,0
DA:77,0
DA:81,0
DA:84,0
DA:85,0
DA:86,0
DA:87,0
DA:89,0
DA:96,0
DA:97,0
DA:98,0
DA:100,0
DA:105,0
DA:106,0
DA:107,0
DA:108,0
DA:109,0
DA:111,0
DA:116,0
DA:117,0
DA:118,0
DA:119,0
DA:120,0
DA:125,0
DA:126,0
DA:127,0
DA:134,0
DA:135,0
DA:136,0
DA:139,0
DA:140,0
DA:158,0
DA:175,0
DA:206,0
DA:209,0
DA:260,0
LF:51
LH:0
BRDA:74,0,0,0
BRDA:74,0,1,0
BRDA:84,1,0,0
BRDA:84,1,1,0
BRDA:86,2,0,0
BRDA:86,2,1,0
[...]
DA:74,2
DA:75,0
DA:76,0
DA:77,0
DA:80,0
DA:81,0
DA:85,2
DA:86,0
DA:87,0
DA:90,2
DA:91,0
DA:92,0
DA:96,2
DA:97,0
DA:98,0
DA:99,0
DA:100,0
DA:105,2
DA:106,0
DA:107,0
DA:109,0
DA:110,0
DA:111,0
DA:116,2
DA:117,0
DA:118,0
DA:121,2
DA:122,0
DA:123,0
DA:126,2
DA:128,0
DA:129,0
DA:130,0
DA:138,2
DA:139,1
DA:140,1
DA:141,1
DA:142,1
DA:153,3
DA:154,3
DA:156,3
DA:159,3
DA:160,0
DA:161,0
DA:162,0
DA:163,0
DA:164,0
DA:176,1
DA:177,1
DA:178,1
DA:179,1
DA:180,1
DA:191,2
DA:192,2
DA:193,1
DA:194,1
DA:195,1
DA:197,0
DA:208,0
DA:213,1
LF:79
LH:46
BRDA:17,0,0,0
BRDA:17,0,1,2
BRDA:17,1,0,2
BRDA:17,1,1,2
BRDA:52,2,0,1
BRDA:52,2,1,2
BRDA:58,3,0,1
BRDA:58,3,1,1
BRDA:58,4,0,2
BRDA:58,4,1,1
BRDA:80,5,0,0
BRDA:80,5,1,0
BRDA:99,6,0,0
BRDA:99,6,1,0
BRDA:109,7,0,0
BRDA:109,7,1,0
BRDA:138,8,0,1
BRDA:138,8,1,1
BRDA:153,9,0,3
BRDA:153,9,1,0
BRDA:161,10,0,0
BRDA:161,10,1,0
BRDA:163,11,0,0
BRDA:163,11,1,0
BRDA:177,12,0,1
BRDA:177,12,1,0
BRDA:179,13,0,1
BRDA:179,13,1,0
BRDA:192,14,0,1
BRDA:192,14,1,1
BRDA:208,15,0,0
BRDA:208,15,1,0
BRDA:208,15,2,0
BRF:33
BRH:16
end_of_record
TN:
SF:src/styles/focusCardTheme.js
FNF:0
FNH:0
DA:8,4
DA:9,4
DA:10,4
DA:11,4
DA:12,4
DA:13,4
DA:14,4
DA:15,4
DA:18,4
DA:30,4
DA:39,4
DA:48,4
LF:12
LH:12
BRF:0
BRH:0
end_of_record
TN:
SF:src/styles/globalStyles.js
FNF:0
FNH:0
DA:4,2
DA:22,2
LF:2
LH:2
BRF:0
BRH:0
end_of_record
TN:
SF:src/test-utils/toastHookWrapper.js
FN:7,toastHookWrapper
FNF:1
FNH:1
FNDA:8,toastHookWrapper
DA:8,8
LF:1
LH:1
BRF:0
BRH:0
end_of_record
TN:
SF:src/types/api.types.ts
FNF:0
FNH:0
LF:0
LH:0
BRF:0
BRH:0
end_of_record
TN:
SF:src/types/auth.types.ts
FNF:0
FNH:0
LF:0
LH:0
BRF:0
BRH:0
end_of_record
TN:
SF:src/types/index.ts
FNF:0
FNH:0
LF:0
LH:0
BRF:0
BRH:0
end_of_record
TN:
SF:src/utils/apiErrorHandler.js
FN:45,isNetworkError
FN:63,isAuthError
FN:73,isRateLimitError
FN:82,isServerError
FN:95,getApiErrorMessage
FNF:5
FNH:5
FNDA:27,isNetworkError
FNDA:4,isAuthError
FNDA:2,isRateLimitError
FNDA:5,isServerError
FNDA:24,getApiErrorMessage
DA:14,4
DA:28,4
DA:46,27
DA:47,25
DA:48,25
DA:64,4
DA:65,4
DA:74,2
DA:83,5
DA:84,5
DA:96,24
DA:98,24
DA:99,2
DA:102,22
DA:103,2
DA:107,20
DA:108,5
DA:109,1
DA:111,4
DA:114,15
DA:115,15
DA:119,15
DA:124,15
DA:125,4
DA:129,11
DA:130,0
DA:131,0
DA:135,11
DA:137,1
DA:139,1
DA:141,1
DA:143,1
DA:147,2
DA:151,2
DA:153,3
DA:154,2
DA:155,1
LF:37
LH:35
BRDA:46,0,0,2
BRDA:46,0,1,25
BRDA:46,1,0,27
BRDA:46,1,1,25
BRDA:49,2,0,25
BRDA:49,2,1,20
BRDA:49,2,2,20
BRDA:49,2,3,19
BRDA:49,2,4,18
BRDA:49,2,5,17
BRDA:65,3,0,4
BRDA:65,3,1,3
BRDA:84,4,0,5
BRDA:84,4,1,3
BRDA:95,5,0,22
BRDA:96,6,0,22
BRDA:98,7,0,2
BRDA:98,7,1,22
BRDA:102,8,0,2
BRDA:102,8,1,20
BRDA:107,9,0,5
BRDA:107,9,1,15
BRDA:108,10,0,1
BRDA:108,10,1,4
BRDA:119,11,0,3
BRDA:119,11,1,12
BRDA:121,12,0,1
BRDA:121,12,1,11
BRDA:124,13,0,4
BRDA:124,13,1,11
BRDA:129,14,0,0
BRDA:129,14,1,11
BRDA:129,15,0,11
BRDA:129,15,1,0
BRDA:130,16,0,0
BRDA:130,16,1,0
BRDA:131,17,0,0
BRDA:131,17,1,0
BRDA:135,18,0,1
BRDA:135,18,1,1
BRDA:135,18,2,1
BRDA:135,18,3,1
BRDA:135,18,4,1
BRDA:135,18,5,2
BRDA:135,18,6,2
BRDA:135,18,7,1
BRDA:135,18,8,1
BRDA:135,18,9,2
BRDA:135,18,10,3
BRDA:153,19,0,1
BRDA:153,19,1,2
BRDA:153,20,0,3
BRDA:153,20,1,1
BRDA:154,21,0,1
BRDA:154,21,1,1
BRDA:154,22,0,2
BRDA:154,22,1,1
BRF:57
BRH:51
end_of_record
TN:
SF:src/utils/chatEntryContext.js
FN:17,setChatEntryBackTarget
FN:26,getChatEntryBackTarget
FN:36,clearChatEntryBackTarget
FN:49,resolveChatBackTarget
FNF:4
FNH:4
FNDA:2,setChatEntryBackTarget
FNDA:2,getChatEntryBackTarget
FNDA:1,clearChatEntryBackTarget
FNDA:3,resolveChatBackTarget
DA:12,6
DA:18,2
DA:19,2
DA:20,2
DA:22,0
DA:27,2
DA:28,2
DA:29,2
DA:30,1
DA:32,0
DA:37,1
DA:38,1
DA:40,0
DA:50,3
DA:51,3
DA:52,2
DA:53,2
DA:54,1
LF:18
LH:15
BRDA:18,0,0,0
BRDA:18,0,1,2
BRDA:18,1,0,2
BRDA:18,1,1,0
BRDA:29,2,0,1
BRDA:29,2,1,1
BRDA:29,3,0,2
BRDA:29,3,1,1
BRDA:51,4,0,1
BRDA:51,4,1,2
BRDA:51,5,0,3
BRDA:51,5,1,3
BRDA:53,6,0,1
BRDA:53,6,1,1
BRDA:53,7,0,2
BRDA:53,7,1,1
BRF:16
BRH:14
end_of_record
TN:
SF:src/utils/chatSessionStorage.js
FN:13,clearPersistedChatSession
FNF:1
FNH:0
FNDA:0,clearPersistedChatSession
DA:8,5
DA:14,0
DA:15,0
DA:16,0
DA:18,0
LF:5
LH:1
BRF:0
BRH:0
end_of_record
TN:
SF:src/utils/chatSseStream.js
FN:14,looksLikeCompleteAssistantText
FN:28,consumeSseDelta
FN:59,dispatchSsePayloads
FN:88,postChatSseWithXHR
FN:96,(anonymous_4)
FN:106,(anonymous_5)
FN:112,(anonymous_6)
FN:117,(anonymous_7)
FN:123,(anonymous_8)
FN:129,(anonymous_9)
FN:145,(anonymous_10)
FN:164,(anonymous_11)
FN:169,(anonymous_12)
FN:172,(anonymous_13)
FN:175,(anonymous_14)
FN:179,(anonymous_15)
FN:184,(anonymous_16)
FN:232,streamChatSseWithFetch
FN:241,(anonymous_18)
FN:291,(anonymous_19)
FN:296,(anonymous_20)
FN:362,flushPartialSseTail
FNF:22
FNH:5
FNDA:2,looksLikeCompleteAssistantText
FNDA:7,consumeSseDelta
FNDA:4,dispatchSsePayloads
FNDA:0,postChatSseWithXHR
FNDA:0,(anonymous_4)
FNDA:0,(anonymous_5)
FNDA:0,(anonymous_6)
FNDA:0,(anonymous_7)
FNDA:0,(anonymous_8)
FNDA:0,(anonymous_9)
FNDA:0,(anonymous_10)
FNDA:0,(anonymous_11)
FNDA:0,(anonymous_12)
FNDA:0,(anonymous_13)
FNDA:0,(anonymous_14)
FNDA:0,(anonymous_15)
FNDA:0,(anonymous_16)
FNDA:3,streamChatSseWithFetch
FNDA:0,(anonymous_18)
FNDA:2,(anonymous_19)
FNDA:0,(anonymous_20)
FNDA:0,flushPartialSseTail
DA:6,2
DA:15,2
DA:16,2
DA:18,2
DA:20,2
DA:30,7
DA:31,7
DA:32,7
DA:33,15
DA:34,15
DA:35,7
DA:37,8
DA:38,8
DA:39,8
DA:40,8
DA:41,8
DA:42,8
DA:43,8
DA:44,8
DA:45,8
DA:46,8
DA:60,4
DA:61,5
DA:62,1
DA:63,1
DA:65,4
DA:66,1
DA:67,1
DA:69,3
DA:70,3
DA:73,2
DA:96,0
DA:97,0
DA:98,0
DA:99,0
DA:100,0
DA:101,0
DA:102,0
DA:105,0
DA:107,0
DA:108,0
DA:112,0
DA:113,0
DA:114,0
DA:117,0
DA:118,0
DA:119,0
DA:120,0
DA:123,0
DA:124,0
DA:125,0
DA:126,0
DA:129,0
DA:130,0
DA:131,0
DA:132,0
DA:133,0
DA:134,0
DA:135,0
DA:136,0
DA:137,0
DA:138,0
DA:141,0
DA:145,0
DA:146,0
DA:147,0
DA:148,0
DA:149,0
DA:150,0
DA:151,0
DA:152,0
DA:153,0
DA:154,0
DA:155,0
DA:163,0
DA:164,0
DA:165,0
DA:167,0
DA:169,0
DA:170,0
DA:172,0
DA:173,0
DA:175,0
DA:176,0
DA:179,0
DA:180,0
DA:181,0
DA:184,0
DA:185,0
DA:186,0
DA:187,0
DA:188,0
DA:189,0
DA:191,0
DA:192,0
DA:193,0
DA:197,0
DA:198,0
DA:199,0
DA:200,0
DA:202,0
DA:203,0
DA:204,0
DA:205,0
DA:206,0
DA:214,0
DA:215,0
DA:216,0
DA:217,0
DA:218,0
DA:219,0
DA:222,0
DA:225,0
DA:240,3
DA:241,3
DA:243,3
DA:244,3
DA:251,0
DA:252,0
DA:253,0
DA:254,0
DA:256,0
DA:258,3
DA:261,3
DA:262,1
DA:264,1
DA:265,1
DA:266,1
DA:268,0
DA:269,0
DA:270,0
DA:271,0
DA:272,0
DA:273,0
DA:275,0
DA:282,1
DA:283,1
DA:284,1
DA:287,2
DA:288,2
DA:290,2
DA:292,2
DA:293,2
DA:296,2
DA:297,0
DA:298,0
DA:301,2
DA:302,2
DA:303,2
DA:304,2
DA:305,2
DA:306,2
DA:307,2
DA:308,2
DA:309,0
DA:311,2
DA:312,2
DA:313,1
DA:315,1
DA:316,1
DA:317,1
DA:318,1
DA:319,1
DA:322,1
DA:325,0
DA:326,0
DA:327,0
DA:328,0
DA:329,0
DA:330,0
DA:331,0
DA:332,0
DA:333,0
DA:334,0
DA:335,0
DA:338,0
DA:339,0
DA:340,0
DA:341,0
DA:346,0
DA:347,0
DA:348,0
DA:350,0
DA:351,0
DA:352,0
DA:353,0
DA:354,0
DA:358,0
DA:363,0
DA:364,0
DA:365,0
DA:366,0
DA:367,0
DA:368,0
DA:369,0
DA:370,0
DA:371,0
LF:197
LH:67
BRDA:15,0,0,2
BRDA:15,0,1,0
BRDA:16,1,0,0
BRDA:16,1,1,2
BRDA:18,2,0,0
BRDA:18,2,1,2
BRDA:30,3,0,7
BRDA:30,3,1,6
BRDA:30,4,0,7
BRDA:30,4,1,0
BRDA:34,5,0,7
BRDA:34,5,1,8
BRDA:42,6,0,0
BRDA:42,6,1,8
BRDA:42,7,0,8
BRDA:42,7,1,8
BRDA:44,8,0,0
BRDA:44,8,1,8
BRDA:61,9,0,1
BRDA:61,9,1,4
BRDA:62,10,0,1
BRDA:62,10,1,0
BRDA:65,11,0,1
BRDA:65,11,1,3
BRDA:66,12,0,1
BRDA:66,12,1,0
BRDA:69,13,0,3
BRDA:69,13,1,0
BRDA:69,14,0,3
BRDA:69,14,1,3
BRDA:94,15,0,0
BRDA:105,16,0,0
BRDA:105,16,1,0
BRDA:107,17,0,0
BRDA:107,17,1,0
BRDA:114,18,0,0
BRDA:114,18,1,0
BRDA:118,19,0,0
BRDA:118,19,1,0
BRDA:124,20,0,0
BRDA:124,20,1,0
BRDA:130,21,0,0
BRDA:130,21,1,0
BRDA:131,22,0,0
BRDA:131,22,1,0
BRDA:137,23,0,0
BRDA:137,23,1,0
BRDA:146,24,0,0
BRDA:146,24,1,0
BRDA:150,25,0,0
BRDA:150,25,1,0
BRDA:150,26,0,0
BRDA:150,26,1,0
BRDA:153,27,0,0
BRDA:153,27,1,0
BRDA:164,28,0,0
BRDA:164,28,1,0
BRDA:165,29,0,0
BRDA:165,29,1,0
BRDA:165,30,0,0
BRDA:165,30,1,0
BRDA:180,31,0,0
BRDA:180,31,1,0
BRDA:185,32,0,0
BRDA:185,32,1,0
BRDA:187,33,0,0
BRDA:187,33,1,0
BRDA:188,34,0,0
BRDA:188,34,1,0
BRDA:188,35,0,0
BRDA:188,35,1,0
BRDA:189,36,0,0
BRDA:189,36,1,0
BRDA:192,37,0,0
BRDA:192,37,1,0
BRDA:193,38,0,0
BRDA:193,38,1,0
BRDA:193,38,2,0
BRDA:193,38,3,0
BRDA:203,39,0,0
BRDA:203,39,1,0
BRDA:204,40,0,0
BRDA:204,40,1,0
BRDA:205,41,0,0
BRDA:205,41,1,0
BRDA:205,42,0,0
BRDA:205,42,1,0
BRDA:205,42,2,0
BRDA:216,43,0,0
BRDA:216,43,1,0
BRDA:238,44,0,0
BRDA:251,45,0,0
BRDA:251,45,1,0
BRDA:261,46,0,1
BRDA:261,46,1,2
BRDA:266,47,0,1
BRDA:266,47,1,0
BRDA:266,47,2,0
BRDA:266,47,3,0
BRDA:270,48,0,0
BRDA:270,48,1,0
BRDA:273,49,0,0
BRDA:273,49,1,0
BRDA:273,49,2,0
BRDA:273,49,3,0
BRDA:290,50,0,2
BRDA:290,50,1,0
BRDA:292,51,0,2
BRDA:292,51,1,0
BRDA:298,52,0,0
BRDA:298,52,1,0
BRDA:302,53,0,2
BRDA:302,53,1,0
BRDA:307,54,0,0
BRDA:307,54,1,2
BRDA:308,55,0,0
BRDA:308,55,1,2
BRDA:311,56,0,2
BRDA:311,56,1,0
BRDA:312,57,0,1
BRDA:312,57,1,1
BRDA:312,58,0,2
BRDA:312,58,1,2
BRDA:312,58,2,2
BRDA:317,59,0,1
BRDA:317,59,1,0
BRDA:330,60,0,0
BRDA:330,60,1,0
BRDA:334,61,0,0
BRDA:334,61,1,0
BRDA:338,62,0,0
BRDA:338,62,1,0
BRDA:346,63,0,0
BRDA:346,63,1,0
BRDA:347,64,0,0
BRDA:347,64,1,0
BRDA:347,65,0,0
BRDA:347,65,1,0
BRDA:347,65,2,0
BRDA:352,66,0,0
BRDA:352,66,1,0
BRDA:368,67,0,0
BRDA:368,67,1,0
BRDA:368,68,0,0
BRDA:368,68,1,0
BRDA:371,69,0,0
BRDA:371,69,1,0
BRF:147
BRH:36
end_of_record
TN:
SF:src/utils/clientRequestId.js
FN:8,isValidClientRequestId
FN:16,newClientRequestId
FNF:2
FNH:0
FNDA:0,isValidClientRequestId
FNDA:0,newClientRequestId
DA:1,2
DA:9,0
DA:17,0
DA:18,0
DA:19,0
DA:21,0
LF:6
LH:1
BRDA:9,0,0,0
BRDA:9,0,1,0
BRDA:17,1,0,0
BRDA:17,1,1,0
BRDA:18,2,0,0
BRDA:18,2,1,0
BRDA:18,3,0,0
BRDA:18,3,1,0
BRF:8
BRH:0
end_of_record
TN:
SF:src/utils/firstSessionHintStorage.js
FN:12,(anonymous_0)
FN:15,(anonymous_1)
FN:25,(anonymous_2)
FNF:3
FNH:3
FNDA:9,(anonymous_0)
FNDA:4,(anonymous_1)
FNDA:2,(anonymous_2)
DA:10,1
DA:12,1
DA:13,9
DA:15,1
DA:16,4
DA:17,4
DA:18,4
DA:19,3
DA:21,1
DA:25,1
DA:26,2
DA:27,2
DA:28,2
DA:30,1
LF:14
LH:14
BRDA:13,0,0,9
BRDA:13,0,1,2
BRF:2
BRH:2
end_of_record
TN:
SF:src/utils/gratitudeJournalEntry.js
FN:5,getGratitudeEntryDisplayText
FN:8,(anonymous_1)
FN:10,(anonymous_2)
FN:16,getGratitudeEntryPreviewLine
FN:29,sanitizeGratitudeEntriesFromStorage
FN:31,(anonymous_5)
FNF:6
FNH:6
FNDA:9,getGratitudeEntryDisplayText
FNDA:15,(anonymous_1)
FNDA:9,(anonymous_2)
FNDA:2,getGratitudeEntryPreviewLine
FNDA:3,sanitizeGratitudeEntriesFromStorage
FNDA:5,(anonymous_5)
DA:6,9
DA:7,7
DA:8,15
DA:9,6
DA:10,9
DA:12,1
DA:17,2
DA:18,2
DA:19,2
DA:20,2
DA:21,1
DA:30,3
DA:31,1
DA:32,5
DA:33,4
DA:34,3
DA:35,3
DA:36,3
DA:37,1
LF:19
LH:19
BRDA:6,0,0,2
BRDA:6,0,1,7
BRDA:7,1,0,6
BRDA:7,1,1,1
BRDA:8,2,0,1
BRDA:8,2,1,14
BRDA:9,3,0,2
BRDA:9,3,1,4
BRDA:9,4,0,2
BRDA:9,4,1,1
BRDA:12,5,0,1
BRDA:12,5,1,0
BRDA:16,6,0,1
BRDA:18,7,0,0
BRDA:18,7,1,2
BRDA:20,8,0,1
BRDA:20,8,1,1
BRDA:30,9,0,2
BRDA:30,9,1,1
BRDA:32,10,0,1
BRDA:32,10,1,4
BRDA:32,11,0,5
BRDA:32,11,1,4
BRDA:33,12,0,1
BRDA:33,12,1,3
BRDA:33,13,0,4
BRDA:33,13,1,4
BRDA:34,14,0,3
BRDA:34,14,1,1
BRDA:35,15,0,0
BRDA:35,15,1,3
BRDA:36,16,0,2
BRDA:36,16,1,1
BRF:33
BRH:30
end_of_record
TN:
SF:src/utils/greetings.js
FN:38,getGreetingByHourAndDayAndName
FN:61,randomFromArray
FNF:2
FNH:2
FNDA:15,getGreetingByHourAndDayAndName
FNDA:15,randomFromArray
DA:1,1
DA:34,1
DA:39,15
DA:40,15
DA:41,1
DA:42,14
DA:43,10
DA:44,4
DA:45,1
DA:46,3
DA:47,2
DA:49,1
DA:52,15
DA:55,15
DA:56,1
DA:58,14
DA:62,15
LF:17
LH:17
BRDA:38,0,0,1
BRDA:38,1,0,1
BRDA:38,2,0,1
BRDA:38,3,0,13
BRDA:40,4,0,1
BRDA:40,4,1,14
BRDA:40,5,0,15
BRDA:40,5,1,15
BRDA:42,6,0,10
BRDA:42,6,1,4
BRDA:42,7,0,14
BRDA:42,7,1,14
BRDA:44,8,0,1
BRDA:44,8,1,3
BRDA:44,9,0,4
BRDA:44,9,1,4
BRDA:46,10,0,2
BRDA:46,10,1,1
BRDA:46,11,0,3
BRDA:46,11,1,3
BRDA:55,12,0,1
BRDA:55,12,1,14
BRF:22
BRH:22
end_of_record
TN:
SF:src/utils/mongoId.js
FN:6,isValidMongoObjectId24
FNF:1
FNH:0
FNDA:0,isValidMongoObjectId24
DA:7,0
DA:8,0
LF:2
LH:0
BRDA:7,0,0,0
BRDA:7,0,1,0
BRF:2
BRH:0
end_of_record
TN:
SF:src/utils/networkUtils.js
FN:9,(anonymous_0)
FN:9,(anonymous_1)
FN:12,(anonymous_2)
FN:22,(anonymous_3)
FNF:4
FNH:4
FNDA:4,(anonymous_0)
FNDA:4,(anonymous_1)
FNDA:4,(anonymous_2)
FNDA:6,(anonymous_3)
DA:4,1
DA:5,1
DA:6,1
DA:9,4
DA:12,1
DA:13,4
DA:22,1
DA:23,6
DA:25,6
DA:26,10
DA:27,10
DA:30,10
DA:31,4
DA:32,4
DA:33,4
DA:36,10
DA:45,3
DA:46,2
DA:47,2
DA:48,2
DA:50,1
DA:53,7
DA:56,7
DA:57,3
DA:58,3
DA:59,3
DA:63,1
LF:27
LH:27
BRDA:22,0,0,1
BRDA:30,1,0,4
BRDA:30,1,1,6
BRDA:45,2,0,2
BRDA:45,2,1,1
BRDA:56,3,0,3
BRDA:56,3,1,4
BRF:7
BRH:7
end_of_record
TN:
SF:src/utils/notifications.js
FN:11,normalizeSchedulableTrigger
FN:40,(anonymous_1)
FN:53,(anonymous_2)
FN:66,(anonymous_3)
FN:77,(anonymous_4)
FN:84,(anonymous_5)
FN:131,(anonymous_6)
FN:173,(anonymous_7)
FN:196,(anonymous_8)
FN:201,(anonymous_9)
FN:207,(anonymous_10)
FN:233,(anonymous_11)
FN:243,(anonymous_12)
FN:329,(anonymous_13)
FNF:14
FNH:12
FNDA:1,normalizeSchedulableTrigger
FNDA:1,(anonymous_1)
FNDA:1,(anonymous_2)
FNDA:1,(anonymous_3)
FNDA:1,(anonymous_4)
FNDA:1,(anonymous_5)
FNDA:0,(anonymous_6)
FNDA:0,(anonymous_7)
FNDA:1,(anonymous_8)
FNDA:2,(anonymous_9)
FNDA:2,(anonymous_10)
FNDA:1,(anonymous_11)
FNDA:2,(anonymous_12)
FNDA:1,(anonymous_13)
DA:5,1
DA:12,1
DA:13,1
DA:14,0
DA:16,1
DA:17,1
DA:18,1
DA:19,1
DA:25,0
DA:30,0
DA:36,0
DA:40,1
DA:41,1
DA:53,1
DA:54,1
DA:66,1
DA:67,1
DA:68,0
DA:69,0
DA:77,1
DA:78,1
DA:79,1
DA:80,1
DA:84,1
DA:85,1
DA:86,1
DA:87,1
DA:110,1
DA:131,1
DA:132,0
DA:134,0
DA:136,0
DA:137,0
DA:138,0
DA:140,0
DA:153,0
DA:154,0
DA:155,0
DA:156,0
DA:158,0
DA:173,1
DA:174,0
DA:176,0
DA:177,0
DA:179,0
DA:196,1
DA:197,1
DA:201,1
DA:202,2
DA:203,2
DA:207,1
DA:208,2
DA:210,1
DA:211,1
DA:212,1
DA:213,1
DA:214,1
DA:215,1
DA:233,1
DA:234,1
DA:235,1
DA:236,2
DA:237,1
DA:243,1
DA:244,2
DA:245,2
DA:247,1
DA:248,1
DA:252,1
DA:253,1
DA:254,0
DA:255,0
DA:257,0
DA:258,0
DA:259,0
DA:263,1
DA:264,0
DA:265,0
DA:266,0
DA:270,1
DA:271,1
DA:272,1
DA:275,1
DA:276,0
DA:277,0
DA:278,0
DA:279,0
DA:282,1
DA:304,1
DA:306,0
DA:307,0
DA:308,0
DA:321,0
DA:323,0
DA:329,1
DA:330,1
DA:331,1
DA:332,1
DA:333,2
DA:334,1
DA:338,0
LF:101
LH:62
BRDA:12,0,0,0
BRDA:12,0,1,1
BRDA:13,1,0,0
BRDA:13,1,1,1
BRDA:13,2,0,1
BRDA:13,2,1,1
BRDA:16,3,0,0
BRDA:16,3,1,1
BRDA:17,4,0,0
BRDA:17,4,1,1
BRDA:18,5,0,1
BRDA:18,5,1,0
BRDA:25,6,0,0
BRDA:25,6,1,0
BRDA:26,7,0,0
BRDA:26,7,1,0
BRDA:26,7,2,0
BRDA:67,8,0,1
BRDA:67,8,1,0
BRDA:68,9,0,0
BRDA:68,9,1,0
BRDA:70,10,0,0
BRDA:70,10,1,0
BRDA:71,11,0,0
BRDA:71,11,1,0
BRDA:72,12,0,0
BRDA:72,12,1,0
BRDA:73,13,0,0
BRDA:73,13,1,0
BRDA:79,14,0,0
BRDA:79,14,1,1
BRDA:208,15,0,1
BRDA:208,15,1,1
BRDA:210,16,0,1
BRDA:210,16,1,0
BRDA:212,17,0,1
BRDA:212,17,1,0
BRDA:212,18,0,1
BRDA:212,18,1,1
BRDA:214,19,0,0
BRDA:214,19,1,1
BRDA:218,20,0,1
BRDA:218,20,1,0
BRDA:236,21,0,1
BRDA:236,21,1,1
BRDA:236,22,0,2
BRDA:236,22,1,2
BRDA:245,23,0,1
BRDA:245,23,1,1
BRDA:245,24,0,2
BRDA:245,24,1,2
BRDA:247,25,0,1
BRDA:247,25,1,0
BRDA:248,26,0,0
BRDA:248,26,1,1
BRDA:252,27,0,1
BRDA:252,27,1,0
BRDA:254,28,0,0
BRDA:254,28,1,0
BRDA:263,29,0,0
BRDA:263,29,1,1
BRDA:263,30,0,1
BRDA:263,30,1,1
BRDA:275,31,0,0
BRDA:275,31,1,1
BRDA:333,32,0,1
BRDA:333,32,1,1
BRDA:333,33,0,2
BRDA:333,33,1,2
BRF:69
BRH:36
end_of_record
TN:
SF:src/utils/notificationsPromptPolicy.js
FN:3,getNotificationsPromptVisitsKey
FN:7,getNotificationsPromptNextAtKey
FN:11,computeNextPromptAt
FN:21,shouldShowNotificationsPrompt
FNF:4
FNH:4
FNDA:2,getNotificationsPromptVisitsKey
FNDA:2,getNotificationsPromptNextAtKey
FNDA:2,computeNextPromptAt
FNDA:7,shouldShowNotificationsPrompt
DA:1,1
DA:4,2
DA:8,2
DA:16,2
DA:17,2
DA:18,2
DA:30,7
DA:31,6
DA:34,5
DA:37,4
DA:40,3
DA:43,2
DA:45,1
LF:13
LH:13
BRDA:4,0,0,2
BRDA:4,0,1,1
BRDA:8,1,0,2
BRDA:8,1,1,1
BRDA:11,2,0,0
BRDA:12,3,0,0
BRDA:13,4,0,0
BRDA:14,5,0,0
BRDA:16,6,0,2
BRDA:16,6,1,0
BRDA:17,7,0,1
BRDA:17,7,1,1
BRDA:21,8,0,0
BRDA:22,9,0,0
BRDA:23,10,0,1
BRDA:24,11,0,1
BRDA:25,12,0,1
BRDA:26,13,0,5
BRDA:27,14,0,5
BRDA:28,15,0,5
BRDA:30,16,0,1
BRDA:30,16,1,6
BRDA:31,17,0,1
BRDA:31,17,1,5
BRDA:34,18,0,1
BRDA:34,18,1,4
BRDA:34,19,0,5
BRDA:34,19,1,5
BRDA:37,20,0,1
BRDA:37,20,1,3
BRDA:37,21,0,4
BRDA:37,21,1,3
BRDA:40,22,0,1
BRDA:40,22,1,2
BRDA:43,23,0,1
BRDA:43,23,1,1
BRF:36
BRH:29
end_of_record
TN:
SF:src/utils/productActionTelemetry.js
FN:9,postProductActionTelemetry
FN:10,(anonymous_1)
FNF:2
FNH:0
FNDA:0,postProductActionTelemetry
FNDA:0,(anonymous_1)
DA:10,0
DA:11,0
DA:12,0
LF:3
LH:0
BRDA:11,0,0,0
BRDA:11,0,1,0
BRDA:11,1,0,0
BRDA:11,1,1,0
BRDA:12,2,0,0
BRDA:12,2,1,0
BRF:6
BRH:0
end_of_record
TN:
SF:src/utils/safeStorageJson.js
FN:9,parseGuestHandoffPendingFromStorage
FN:36,parseChatMessagesArrayFromStorage
FN:45,(anonymous_2)
FN:48,parseUserIdFromUserDataStorage
FNF:4
FNH:4
FNDA:12,parseGuestHandoffPendingFromStorage
FNDA:8,parseChatMessagesArrayFromStorage
FNDA:11,(anonymous_2)
FNDA:11,parseUserIdFromUserDataStorage
DA:10,12
DA:12,9
DA:13,9
DA:15,1
DA:17,8
DA:18,6
DA:19,6
DA:20,3
DA:21,3
DA:22,3
DA:23,3
DA:25,3
DA:37,8
DA:39,7
DA:40,7
DA:42,2
DA:44,5
DA:45,11
DA:49,11
DA:51,9
DA:52,9
DA:54,1
DA:56,8
DA:57,7
DA:58,7
DA:59,6
DA:60,6
LF:27
LH:27
BRDA:10,0,0,3
BRDA:10,0,1,9
BRDA:10,1,0,12
BRDA:10,1,1,10
BRDA:17,2,0,2
BRDA:17,2,1,6
BRDA:17,3,0,8
BRDA:17,3,1,8
BRDA:17,3,2,7
BRDA:19,4,0,3
BRDA:19,4,1,3
BRDA:19,5,0,6
BRDA:19,5,1,5
BRDA:21,6,0,3
BRDA:21,6,1,0
BRDA:23,7,0,2
BRDA:23,7,1,1
BRDA:23,8,0,3
BRDA:23,8,1,2
BRDA:37,9,0,1
BRDA:37,9,1,7
BRDA:37,10,0,8
BRDA:37,10,1,7
BRDA:44,11,0,2
BRDA:44,11,1,3
BRDA:45,12,0,11
BRDA:45,12,1,9
BRDA:45,12,2,5
BRDA:49,13,0,2
BRDA:49,13,1,9
BRDA:49,14,0,11
BRDA:49,14,1,10
BRDA:49,14,2,10
BRDA:56,15,0,1
BRDA:56,15,1,7
BRDA:56,16,0,8
BRDA:56,16,1,8
BRDA:56,16,2,8
BRDA:57,17,0,7
BRDA:57,17,1,2
BRDA:58,18,0,1
BRDA:58,18,1,6
BRDA:60,19,0,6
BRDA:60,19,1,0
BRF:44
BRH:42
end_of_record
TN:
SF:src/utils/sanitizeProposedProductActions.js
FN:3,rewriteActionTitle
FN:18,sanitizeProposedProductActions
FN:22,(anonymous_2)
FN:32,(anonymous_3)
FNF:4
FNH:0
FNDA:0,rewriteActionTitle
FNDA:0,sanitizeProposedProductActions
FNDA:0,(anonymous_2)
FNDA:0,(anonymous_3)
DA:1,2
DA:4,0
DA:5,0
DA:6,0
DA:7,0
DA:8,0
DA:9,0
DA:10,0
DA:19,0
DA:20,0
DA:23,0
DA:32,0
LF:12
LH:1
BRDA:4,0,0,0
BRDA:4,0,1,0
BRDA:5,1,0,0
BRDA:5,1,1,0
BRDA:6,2,0,0
BRDA:6,2,1,0
BRDA:7,3,0,0
BRDA:7,3,1,0
BRDA:8,4,0,0
BRDA:8,4,1,0
BRDA:9,5,0,0
BRDA:9,5,1,0
BRDA:10,6,0,0
BRDA:10,6,1,0
BRDA:19,7,0,0
BRDA:19,7,1,0
BRDA:23,8,0,0
BRDA:23,8,1,0
BRDA:23,8,2,0
BRDA:23,8,3,0
BRDA:23,8,4,0
BRDA:23,8,5,0
BRDA:23,8,6,0
BRDA:23,8,7,0
BRDA:23,8,8,0
BRF:25
BRH:0
end_of_record
TN:
SF:src/utils/taskDateSections.js
FN:6,stripTime
FN:12,mondayOfWeekMs
FN:21,bucketTaskItem
FN:45,buildTaskSections
FN:48,(anonymous_4)
FN:51,(anonymous_5)
FN:55,(anonymous_6)
FN:56,(anonymous_7)
FN:58,(anonymous_8)
FN:58,(anonymous_9)
FNF:10
FNH:0
FNDA:0,stripTime
FNDA:0,mondayOfWeekMs
FNDA:0,bucketTaskItem
FNDA:0,buildTaskSections
FNDA:0,(anonymous_4)
FNDA:0,(anonymous_5)
FNDA:0,(anonymous_6)
FNDA:0,(anonymous_7)
FNDA:0,(anonymous_8)
FNDA:0,(anonymous_9)
DA:7,0
DA:8,0
DA:9,0
DA:13,0
DA:14,0
DA:15,0
DA:16,0
DA:17,0
DA:18,0
DA:22,0
DA:23,0
DA:24,0
DA:25,0
DA:26,0
DA:27,0
DA:28,0
DA:29,0
DA:30,0
DA:31,0
DA:32,0
DA:33,0
DA:36,0
DA:46,0
DA:47,0
DA:48,0
DA:49,0
DA:51,0
DA:52,0
DA:53,0
DA:55,0
DA:56,0
DA:58,0
LF:32
LH:0
BRDA:21,0,0,0
BRDA:22,1,0,0
BRDA:22,1,1,0
BRDA:23,2,0,0
BRDA:23,2,1,0
BRDA:25,3,0,0
BRDA:25,3,1,0
BRDA:26,4,0,0
BRDA:26,4,1,0
BRDA:30,5,0,0
BRDA:30,5,1,0
BRDA:31,6,0,0
BRDA:31,6,1,0
BRDA:32,7,0,0
BRDA:32,7,1,0
BRDA:32,8,0,0
BRDA:32,8,1,0
BRDA:46,9,0,0
BRDA:46,9,1,0
BRDA:46,10,0,0
BRDA:46,10,1,0
BRDA:53,11,0,0
BRDA:53,11,1,0
BRF:23
BRH:0
end_of_record
TN:
SF:src/utils/tutorialStorage.js
FN:12,(anonymous_0)
FN:15,(anonymous_1)
FN:18,(anonymous_2)
FN:29,(anonymous_3)
FN:38,(anonymous_4)
FNF:5
FNH:5
FNDA:9,(anonymous_0)
FNDA:14,(anonymous_1)
FNDA:5,(anonymous_2)
FNDA:3,(anonymous_3)
FNDA:3,(anonymous_4)
DA:10,1
DA:12,9
DA:15,1
DA:16,14
DA:18,1
DA:19,5
DA:20,5
DA:21,5
DA:22,4
DA:24,1
DA:25,1
DA:29,1
DA:30,3
DA:31,3
DA:32,3
DA:34,1
DA:38,1
DA:39,3
DA:40,3
DA:41,3
DA:43,1
LF:21
LH:21
BRDA:15,0,0,1
BRDA:16,1,0,9
BRDA:16,1,1,5
BRDA:18,2,0,0
BRDA:29,3,0,0
BRDA:38,4,0,0
BRF:6
BRH:3
end_of_record
