<?xml version="1.0" encoding="UTF-8"?>
<coverage generated="1775664075130" clover="3.2.0">
  <project timestamp="1775664075130" name="All files">
    <metrics statements="10084" coveredstatements="3375" conditionals="8004" coveredconditionals="1684" methods="1440" coveredmethods="527" elements="19528" coveredelements="5586" complexity="0" loc="10084" ncloc="10084" packages="11" files="142" classes="142"/>
    <package name="constants">
      <metrics statements="653" coveredstatements="228" conditionals="528" coveredconditionals="87" methods="63" coveredmethods="21"/>
      <file name="app.js" path="/Users/marceloull/Documents/Anto/backend/constants/app.js">
        <metrics statements="7" coveredstatements="7" conditionals="4" coveredconditionals="4" methods="0" coveredmethods="0"/>
        <line num="9" count="35" type="stmt"/>
        <line num="10" count="35" type="stmt"/>
        <line num="15" count="35" type="stmt"/>
        <line num="16" count="35" type="stmt"/>
        <line num="17" count="35" type="stmt"/>
        <line num="19" count="35" type="cond" truecount="2" falsecount="0"/>
        <line num="22" count="35" type="cond" truecount="2" falsecount="0"/>
      </file>
      <file name="crisis.js" path="/Users/marceloull/Documents/Anto/backend/constants/crisis.js">
        <metrics statements="158" coveredstatements="9" conditionals="141" coveredconditionals="0" methods="6" coveredmethods="0"/>
        <line num="12" count="31" type="stmt"/>
        <line num="57" count="31" type="stmt"/>
        <line num="68" count="31" type="stmt"/>
        <line num="200" count="31" type="cond" truecount="0" falsecount="1"/>
        <line num="201" count="0" type="cond" truecount="0" falsecount="2"/>
        <line num="205" count="31" type="stmt"/>
        <line num="271" count="31" type="stmt"/>
        <line num="277" count="0" type="cond" truecount="0" falsecount="4"/>
        <line num="278" count="0" type="stmt"/>
        <line num="281" count="0" type="stmt"/>
        <line num="282" count="0" type="stmt"/>
        <line num="283" count="0" type="stmt"/>
        <line num="288" count="0" type="cond" truecount="0" falsecount="4"/>
        <line num="289" count="0" type="stmt"/>
        <line num="290" count="0" type="cond" truecount="0" falsecount="4"/>
        <line num="291" count="0" type="stmt"/>
        <line num="295" count="0" type="cond" truecount="0" falsecount="2"/>
        <line num="296" count="0" type="stmt"/>
        <line num="298" count="0" type="cond" truecount="0" falsecount="2"/>
        <line num="299" count="0" type="stmt"/>
        <line num="301" count="0" type="cond" truecount="0" falsecount="2"/>
        <line num="302" count="0" type="stmt"/>
        <line num="306" count="0" type="cond" truecount="0" falsecount="2"/>
        <line num="307" count="0" type="stmt"/>
        <line num="311" count="0" type="cond" truecount="0" falsecount="2"/>
        <line num="312" count="0" type="stmt"/>
        <line num="316" count="0" type="cond" truecount="0" falsecount="2"/>
        <line num="317" count="0" type="stmt"/>
        <line num="321" count="0" type="cond" truecount="0" falsecount="2"/>
        <line num="322" count="0" type="stmt"/>
        <line num="326" count="0" type="cond" truecount="0" falsecount="2"/>
        <line num="327" count="0" type="stmt"/>
        <line num="331" count="0" type="cond" truecount="0" falsecount="2"/>
        <line num="332" count="0" type="stmt"/>
        <line num="337" count="0" type="cond" truecount="0" falsecount="5"/>
        <line num="341" count="0" type="stmt"/>
        <line num="346" count="0" type="cond" truecount="0" falsecount="6"/>
        <line num="350" count="0" type="stmt"/>
        <line num="354" count="0" type="cond" truecount="0" falsecount="2"/>
        <line num="355" count="0" type="stmt"/>
        <line num="360" count="0" type="cond" truecount="0" falsecount="2"/>
        <line num="362" count="0" type="cond" truecount="0" falsecount="2"/>
        <line num="363" count="0" type="stmt"/>
        <line num="367" count="0" type="cond" truecount="0" falsecount="2"/>
        <line num="368" count="0" type="stmt"/>
        <line num="372" count="0" type="cond" truecount="0" falsecount="2"/>
        <line num="373" count="0" type="stmt"/>
        <line num="377" count="0" type="cond" truecount="0" falsecount="2"/>
        <line num="378" count="0" type="stmt"/>
        <line num="382" count="0" type="cond" truecount="0" falsecount="2"/>
        <line num="383" count="0" type="stmt"/>
        <line num="389" count="0" type="cond" truecount="0" falsecount="2"/>
        <line num="391" count="0" type="cond" truecount="0" falsecount="2"/>
        <line num="392" count="0" type="stmt"/>
        <line num="395" count="0" type="cond" truecount="0" falsecount="2"/>
        <line num="396" count="0" type="stmt"/>
        <line num="400" count="0" type="cond" truecount="0" falsecount="2"/>
        <line num="401" count="0" type="stmt"/>
        <line num="407" count="0" type="cond" truecount="0" falsecount="2"/>
        <line num="409" count="0" type="cond" truecount="0" falsecount="2"/>
        <line num="410" count="0" type="stmt"/>
        <line num="414" count="0" type="cond" truecount="0" falsecount="2"/>
        <line num="415" count="0" type="stmt"/>
        <line num="419" count="0" type="cond" truecount="0" falsecount="2"/>
        <line num="420" count="0" type="stmt"/>
        <line num="424" count="0" type="cond" truecount="0" falsecount="2"/>
        <line num="425" count="0" type="stmt"/>
        <line num="429" count="0" type="cond" truecount="0" falsecount="2"/>
        <line num="430" count="0" type="stmt"/>
        <line num="434" count="0" type="cond" truecount="0" falsecount="2"/>
        <line num="435" count="0" type="stmt"/>
        <line num="442" count="0" type="cond" truecount="0" falsecount="2"/>
        <line num="443" count="0" type="stmt"/>
        <line num="447" count="0" type="cond" truecount="0" falsecount="2"/>
        <line num="448" count="0" type="stmt"/>
        <line num="452" count="0" type="cond" truecount="0" falsecount="2"/>
        <line num="453" count="0" type="stmt"/>
        <line num="457" count="0" type="cond" truecount="0" falsecount="2"/>
        <line num="458" count="0" type="stmt"/>
        <line num="462" count="0" type="cond" truecount="0" falsecount="2"/>
        <line num="463" count="0" type="stmt"/>
        <line num="467" count="0" type="stmt"/>
        <line num="472" count="0" type="stmt"/>
        <line num="473" count="0" type="stmt"/>
        <line num="474" count="0" type="stmt"/>
        <line num="478" count="0" type="stmt"/>
        <line num="479" count="0" type="stmt"/>
        <line num="480" count="0" type="stmt"/>
        <line num="481" count="0" type="stmt"/>
        <line num="484" count="0" type="cond" truecount="0" falsecount="6"/>
        <line num="485" count="0" type="stmt"/>
        <line num="489" count="0" type="cond" truecount="0" falsecount="4"/>
        <line num="490" count="0" type="stmt"/>
        <line num="494" count="0" type="stmt"/>
        <line num="495" count="0" type="stmt"/>
        <line num="498" count="0" type="cond" truecount="0" falsecount="4"/>
        <line num="500" count="0" type="cond" truecount="0" falsecount="5"/>
        <line num="501" count="0" type="stmt"/>
        <line num="504" count="0" type="stmt"/>
        <line num="508" count="0" type="stmt"/>
        <line num="509" count="0" type="cond" truecount="0" falsecount="2"/>
        <line num="510" count="0" type="stmt"/>
        <line num="511" count="0" type="stmt"/>
        <line num="518" count="0" type="cond" truecount="0" falsecount="2"/>
        <line num="519" count="0" type="stmt"/>
        <line num="520" count="0" type="cond" truecount="0" falsecount="2"/>
        <line num="521" count="0" type="stmt"/>
        <line num="522" count="0" type="cond" truecount="0" falsecount="2"/>
        <line num="523" count="0" type="stmt"/>
        <line num="525" count="0" type="stmt"/>
        <line num="536" count="31" type="cond" truecount="0" falsecount="1"/>
        <line num="537" count="0" type="cond" truecount="0" falsecount="2"/>
        <line num="546" count="31" type="cond" truecount="0" falsecount="1"/>
        <line num="547" count="0" type="stmt"/>
        <line num="548" count="0" type="stmt"/>
        <line num="551" count="0" type="stmt"/>
        <line num="554" count="0" type="cond" truecount="0" falsecount="2"/>
        <line num="555" count="0" type="stmt"/>
        <line num="556" count="0" type="stmt"/>
        <line num="557" count="0" type="cond" truecount="0" falsecount="2"/>
        <line num="558" count="0" type="stmt"/>
        <line num="560" count="0" type="cond" truecount="0" falsecount="2"/>
        <line num="561" count="0" type="cond" truecount="0" falsecount="2"/>
        <line num="562" count="0" type="stmt"/>
        <line num="563" count="0" type="cond" truecount="0" falsecount="2"/>
        <line num="564" count="0" type="stmt"/>
        <line num="566" count="0" type="stmt"/>
        <line num="567" count="0" type="cond" truecount="0" falsecount="2"/>
        <line num="569" count="0" type="stmt"/>
        <line num="570" count="0" type="stmt"/>
        <line num="571" count="0" type="stmt"/>
        <line num="572" count="0" type="stmt"/>
        <line num="573" count="0" type="stmt"/>
        <line num="576" count="0" type="stmt"/>
        <line num="577" count="0" type="stmt"/>
        <line num="580" count="0" type="stmt"/>
        <line num="589" count="31" type="cond" truecount="0" falsecount="1"/>
        <line num="590" count="0" type="stmt"/>
        <line num="591" count="0" type="stmt"/>
        <line num="593" count="0" type="stmt"/>
        <line num="594" count="0" type="stmt"/>
        <line num="595" count="0" type="stmt"/>
        <line num="596" count="0" type="stmt"/>
        <line num="598" count="0" type="stmt"/>
        <line num="599" count="0" type="stmt"/>
        <line num="600" count="0" type="stmt"/>
        <line num="601" count="0" type="cond" truecount="0" falsecount="2"/>
        <line num="602" count="0" type="stmt"/>
        <line num="604" count="0" type="cond" truecount="0" falsecount="2"/>
        <line num="605" count="0" type="stmt"/>
        <line num="606" count="0" type="stmt"/>
        <line num="607" count="0" type="stmt"/>
        <line num="608" count="0" type="stmt"/>
        <line num="609" count="0" type="stmt"/>
        <line num="610" count="0" type="stmt"/>
        <line num="611" count="0" type="cond" truecount="0" falsecount="2"/>
        <line num="612" count="0" type="stmt"/>
        <line num="615" count="0" type="stmt"/>
      </file>
      <file name="email.js" path="/Users/marceloull/Documents/Anto/backend/constants/email.js">
        <metrics statements="5" coveredstatements="5" conditionals="2" coveredconditionals="2" methods="0" coveredmethods="0"/>
        <line num="10" count="27" type="stmt"/>
        <line num="11" count="27" type="stmt"/>
        <line num="14" count="27" type="cond" truecount="2" falsecount="0"/>
        <line num="15" count="27" type="stmt"/>
        <line num="18" count="27" type="stmt"/>
      </file>
      <file name="emergencyNumbers.js" path="/Users/marceloull/Documents/Anto/backend/constants/emergencyNumbers.js">
        <metrics statements="38" coveredstatements="20" conditionals="30" coveredconditionals="9" methods="6" coveredmethods="4"/>
        <line num="14" count="26" type="stmt"/>
        <line num="177" count="26" type="stmt"/>
        <line num="178" count="2" type="cond" truecount="1" falsecount="1"/>
        <line num="181" count="2" type="stmt"/>
        <line num="184" count="2" type="cond" truecount="2" falsecount="0"/>
        <line num="185" count="1" type="stmt"/>
        <line num="189" count="70" type="stmt"/>
        <line num="191" count="2" type="stmt"/>
        <line num="192" count="26" type="cond" truecount="2" falsecount="0"/>
        <line num="193" count="1" type="stmt"/>
        <line num="197" count="1" type="stmt"/>
        <line num="205" count="26" type="stmt"/>
        <line num="206" count="1" type="cond" truecount="1" falsecount="1"/>
        <line num="207" count="1" type="cond" truecount="1" falsecount="1"/>
        <line num="215" count="26" type="stmt"/>
        <line num="216" count="2" type="stmt"/>
        <line num="217" count="2" type="cond" truecount="2" falsecount="0"/>
        <line num="218" count="1" type="stmt"/>
        <line num="226" count="26" type="stmt"/>
        <line num="227" count="0" type="cond" truecount="0" falsecount="2"/>
        <line num="228" count="0" type="stmt"/>
        <line num="231" count="0" type="stmt"/>
        <line num="233" count="0" type="cond" truecount="0" falsecount="2"/>
        <line num="234" count="0" type="stmt"/>
        <line num="237" count="0" type="cond" truecount="0" falsecount="4"/>
        <line num="238" count="0" type="stmt"/>
        <line num="241" count="0" type="cond" truecount="0" falsecount="4"/>
        <line num="242" count="0" type="stmt"/>
        <line num="245" count="0" type="cond" truecount="0" falsecount="2"/>
        <line num="246" count="0" type="stmt"/>
        <line num="249" count="0" type="cond" truecount="0" falsecount="2"/>
        <line num="250" count="0" type="stmt"/>
        <line num="254" count="0" type="cond" truecount="0" falsecount="2"/>
        <line num="255" count="0" type="stmt"/>
        <line num="258" count="0" type="stmt"/>
        <line num="266" count="26" type="stmt"/>
        <line num="267" count="0" type="stmt"/>
        <line num="268" count="0" type="stmt"/>
      </file>
      <file name="guestChat.js" path="/Users/marceloull/Documents/Anto/backend/constants/guestChat.js">
        <metrics statements="3" coveredstatements="3" conditionals="0" coveredconditionals="0" methods="0" coveredmethods="0"/>
        <line num="2" count="23" type="stmt"/>
        <line num="5" count="23" type="stmt"/>
        <line num="8" count="23" type="stmt"/>
      </file>
      <file name="implicitNeeds.js" path="/Users/marceloull/Documents/Anto/backend/constants/implicitNeeds.js">
        <metrics statements="15" coveredstatements="11" conditionals="8" coveredconditionals="4" methods="2" coveredmethods="1"/>
        <line num="8" count="26" type="stmt"/>
        <line num="61" count="26" type="stmt"/>
        <line num="131" count="26" type="stmt"/>
        <line num="132" count="2" type="cond" truecount="3" falsecount="1"/>
        <line num="133" count="0" type="stmt"/>
        <line num="136" count="2" type="stmt"/>
        <line num="137" count="2" type="stmt"/>
        <line num="139" count="2" type="stmt"/>
        <line num="140" count="14" type="stmt"/>
        <line num="141" count="46" type="cond" truecount="1" falsecount="1"/>
        <line num="142" count="0" type="stmt"/>
        <line num="147" count="0" type="stmt"/>
        <line num="152" count="2" type="stmt"/>
        <line num="160" count="26" type="stmt"/>
        <line num="161" count="0" type="cond" truecount="0" falsecount="2"/>
      </file>
      <file name="index.js" path="/Users/marceloull/Documents/Anto/backend/constants/index.js">
        <metrics statements="0" coveredstatements="0" conditionals="0" coveredconditionals="0" methods="0" coveredmethods="0"/>
      </file>
      <file name="memory.js" path="/Users/marceloull/Documents/Anto/backend/constants/memory.js">
        <metrics statements="8" coveredstatements="8" conditionals="0" coveredconditionals="0" methods="0" coveredmethods="0"/>
        <line num="6" count="26" type="stmt"/>
        <line num="15" count="26" type="stmt"/>
        <line num="18" count="26" type="stmt"/>
        <line num="26" count="26" type="stmt"/>
        <line num="34" count="26" type="stmt"/>
        <line num="42" count="26" type="stmt"/>
        <line num="50" count="26" type="stmt"/>
        <line num="58" count="26" type="stmt"/>
      </file>
      <file name="mindfulnessTechniques.js" path="/Users/marceloull/Documents/Anto/backend/constants/mindfulnessTechniques.js">
        <metrics statements="8" coveredstatements="5" conditionals="5" coveredconditionals="0" methods="3" coveredmethods="0"/>
        <line num="8" count="24" type="stmt"/>
        <line num="113" count="24" type="stmt"/>
        <line num="223" count="24" type="stmt"/>
        <line num="224" count="0" type="cond" truecount="0" falsecount="2"/>
        <line num="232" count="24" type="cond" truecount="0" falsecount="1"/>
        <line num="233" count="0" type="cond" truecount="0" falsecount="2"/>
        <line num="240" count="24" type="stmt"/>
        <line num="241" count="0" type="stmt"/>
      </file>
      <file name="openai.js" path="/Users/marceloull/Documents/Anto/backend/constants/openai.js">
        <metrics statements="216" coveredstatements="69" conditionals="196" coveredconditionals="30" methods="22" coveredmethods="4"/>
        <line num="16" count="29" type="stmt"/>
        <line num="22" count="29" type="stmt"/>
        <line num="33" count="29" type="stmt"/>
        <line num="43" count="29" type="stmt"/>
        <line num="50" count="29" type="stmt"/>
        <line num="67" count="29" type="stmt"/>
        <line num="68" count="29" type="stmt"/>
        <line num="69" count="29" type="stmt"/>
        <line num="71" count="29" type="cond" truecount="4" falsecount="0"/>
        <line num="74" count="29" type="stmt"/>
        <line num="76" count="29" type="cond" truecount="4" falsecount="0"/>
        <line num="79" count="29" type="cond" truecount="1" falsecount="1"/>
        <line num="80" count="29" type="stmt"/>
        <line num="82" count="29" type="stmt"/>
        <line num="89" count="29" type="stmt"/>
        <line num="92" count="29" type="stmt"/>
        <line num="102" count="0" type="stmt"/>
        <line num="103" count="0" type="cond" truecount="0" falsecount="4"/>
        <line num="104" count="0" type="stmt"/>
        <line num="107" count="0" type="stmt"/>
        <line num="108" count="0" type="cond" truecount="0" falsecount="4"/>
        <line num="109" count="0" type="stmt"/>
        <line num="110" count="0" type="cond" truecount="0" falsecount="2"/>
        <line num="112" count="0" type="stmt"/>
        <line num="117" count="29" type="stmt"/>
        <line num="126" count="29" type="stmt"/>
        <line num="151" count="29" type="stmt"/>
        <line num="164" count="29" type="stmt"/>
        <line num="175" count="29" type="stmt"/>
        <line num="186" count="29" type="stmt"/>
        <line num="211" count="29" type="stmt"/>
        <line num="221" count="29" type="stmt"/>
        <line num="236" count="29" type="stmt"/>
        <line num="298" count="29" type="stmt"/>
        <line num="311" count="29" type="stmt"/>
        <line num="321" count="29" type="stmt"/>
        <line num="330" count="29" type="stmt"/>
        <line num="339" count="29" type="stmt"/>
        <line num="348" count="29" type="stmt"/>
        <line num="359" count="29" type="stmt"/>
        <line num="360" count="29" type="stmt"/>
        <line num="363" count="29" type="cond" truecount="1" falsecount="1"/>
        <line num="364" count="0" type="stmt"/>
        <line num="371" count="29" type="cond" truecount="3" falsecount="1"/>
        <line num="373" count="0" type="stmt"/>
        <line num="379" count="29" type="cond" truecount="3" falsecount="1"/>
        <line num="381" count="0" type="stmt"/>
        <line num="387" count="29" type="cond" truecount="1" falsecount="1"/>
        <line num="388" count="0" type="stmt"/>
        <line num="395" count="29" type="cond" truecount="3" falsecount="1"/>
        <line num="397" count="0" type="stmt"/>
        <line num="404" count="29" type="cond" truecount="1" falsecount="1"/>
        <line num="405" count="0" type="stmt"/>
        <line num="412" count="29" type="stmt"/>
        <line num="413" count="145" type="cond" truecount="3" falsecount="1"/>
        <line num="414" count="0" type="stmt"/>
        <line num="419" count="29" type="stmt"/>
        <line num="420" count="58" type="cond" truecount="3" falsecount="1"/>
        <line num="421" count="0" type="stmt"/>
        <line num="425" count="29" type="cond" truecount="1" falsecount="1"/>
        <line num="426" count="0" type="stmt"/>
        <line num="438" count="29" type="stmt"/>
        <line num="439" count="0" type="stmt"/>
        <line num="450" count="29" type="stmt"/>
        <line num="451" count="0" type="cond" truecount="0" falsecount="2"/>
        <line num="452" count="0" type="stmt"/>
        <line num="460" count="29" type="stmt"/>
        <line num="461" count="0" type="stmt"/>
        <line num="469" count="29" type="stmt"/>
        <line num="470" count="0" type="stmt"/>
        <line num="478" count="29" type="stmt"/>
        <line num="479" count="0" type="stmt"/>
        <line num="487" count="29" type="stmt"/>
        <line num="488" count="0" type="stmt"/>
        <line num="496" count="29" type="stmt"/>
        <line num="497" count="0" type="stmt"/>
        <line num="505" count="29" type="stmt"/>
        <line num="506" count="0" type="stmt"/>
        <line num="515" count="29" type="cond" truecount="0" falsecount="1"/>
        <line num="516" count="0" type="cond" truecount="0" falsecount="2"/>
        <line num="521" count="29" type="stmt"/>
        <line num="590" count="29" type="stmt"/>
        <line num="637" count="29" type="stmt"/>
        <line num="664" count="29" type="stmt"/>
        <line num="705" count="29" type="stmt"/>
        <line num="750" count="29" type="stmt"/>
        <line num="811" count="29" type="stmt"/>
        <line num="812" count="0" type="cond" truecount="0" falsecount="2"/>
        <line num="820" count="29" type="stmt"/>
        <line num="821" count="0" type="cond" truecount="0" falsecount="2"/>
        <line num="829" count="29" type="stmt"/>
        <line num="830" count="0" type="cond" truecount="0" falsecount="2"/>
        <line num="831" count="0" type="stmt"/>
        <line num="832" count="0" type="cond" truecount="0" falsecount="2"/>
        <line num="833" count="0" type="stmt"/>
        <line num="835" count="0" type="stmt"/>
        <line num="843" count="29" type="stmt"/>
        <line num="844" count="0" type="cond" truecount="0" falsecount="2"/>
        <line num="848" count="29" type="stmt"/>
        <line num="859" count="29" type="stmt"/>
        <line num="860" count="0" type="cond" truecount="0" falsecount="2"/>
        <line num="861" count="0" type="cond" truecount="0" falsecount="2"/>
        <line num="870" count="0" type="cond" truecount="0" falsecount="4"/>
        <line num="871" count="0" type="stmt"/>
        <line num="872" count="0" type="cond" truecount="0" falsecount="2"/>
        <line num="873" count="0" type="stmt"/>
        <line num="875" count="0" type="cond" truecount="0" falsecount="2"/>
        <line num="876" count="0" type="stmt"/>
        <line num="878" count="0" type="cond" truecount="0" falsecount="2"/>
        <line num="879" count="0" type="stmt"/>
        <line num="881" count="0" type="cond" truecount="0" falsecount="2"/>
        <line num="882" count="0" type="stmt"/>
        <line num="891" count="29" type="cond" truecount="0" falsecount="1"/>
        <line num="912" count="0" type="stmt"/>
        <line num="915" count="0" type="stmt"/>
        <line num="916" count="0" type="stmt"/>
        <line num="917" count="0" type="stmt"/>
        <line num="918" count="0" type="stmt"/>
        <line num="919" count="0" type="stmt"/>
        <line num="922" count="0" type="cond" truecount="0" falsecount="2"/>
        <line num="926" count="0" type="stmt"/>
        <line num="929" count="0" type="stmt"/>
        <line num="937" count="0" type="stmt"/>
        <line num="946" count="0" type="cond" truecount="0" falsecount="2"/>
        <line num="947" count="0" type="stmt"/>
        <line num="950" count="0" type="stmt"/>
        <line num="953" count="0" type="stmt"/>
        <line num="959" count="0" type="stmt"/>
        <line num="965" count="0" type="stmt"/>
        <line num="971" count="0" type="stmt"/>
        <line num="978" count="0" type="cond" truecount="0" falsecount="4"/>
        <line num="979" count="0" type="stmt"/>
        <line num="983" count="0" type="cond" truecount="0" falsecount="4"/>
        <line num="984" count="0" type="stmt"/>
        <line num="987" count="0" type="cond" truecount="0" falsecount="4"/>
        <line num="988" count="0" type="stmt"/>
        <line num="992" count="0" type="cond" truecount="0" falsecount="4"/>
        <line num="993" count="0" type="stmt"/>
        <line num="994" count="0" type="stmt"/>
        <line num="995" count="0" type="cond" truecount="0" falsecount="2"/>
        <line num="996" count="0" type="stmt"/>
        <line num="1003" count="0" type="cond" truecount="0" falsecount="5"/>
        <line num="1004" count="0" type="stmt"/>
        <line num="1008" count="0" type="cond" truecount="0" falsecount="3"/>
        <line num="1012" count="0" type="cond" truecount="0" falsecount="2"/>
        <line num="1013" count="0" type="cond" truecount="0" falsecount="2"/>
        <line num="1016" count="0" type="stmt"/>
        <line num="1020" count="0" type="stmt"/>
        <line num="1021" count="0" type="cond" truecount="0" falsecount="4"/>
        <line num="1026" count="0" type="cond" truecount="0" falsecount="2"/>
        <line num="1027" count="0" type="stmt"/>
        <line num="1028" count="0" type="cond" truecount="0" falsecount="2"/>
        <line num="1029" count="0" type="cond" truecount="0" falsecount="2"/>
        <line num="1030" count="0" type="cond" truecount="0" falsecount="2"/>
        <line num="1031" count="0" type="stmt"/>
        <line num="1035" count="0" type="stmt"/>
        <line num="1036" count="0" type="stmt"/>
        <line num="1038" count="0" type="cond" truecount="0" falsecount="2"/>
        <line num="1039" count="0" type="stmt"/>
        <line num="1040" count="0" type="stmt"/>
        <line num="1041" count="0" type="cond" truecount="0" falsecount="2"/>
        <line num="1042" count="0" type="stmt"/>
        <line num="1043" count="0" type="stmt"/>
        <line num="1044" count="0" type="cond" truecount="0" falsecount="2"/>
        <line num="1045" count="0" type="stmt"/>
        <line num="1046" count="0" type="stmt"/>
        <line num="1047" count="0" type="cond" truecount="0" falsecount="2"/>
        <line num="1048" count="0" type="stmt"/>
        <line num="1049" count="0" type="stmt"/>
        <line num="1050" count="0" type="cond" truecount="0" falsecount="2"/>
        <line num="1051" count="0" type="stmt"/>
        <line num="1052" count="0" type="stmt"/>
        <line num="1053" count="0" type="cond" truecount="0" falsecount="2"/>
        <line num="1054" count="0" type="stmt"/>
        <line num="1055" count="0" type="stmt"/>
        <line num="1056" count="0" type="cond" truecount="0" falsecount="2"/>
        <line num="1057" count="0" type="stmt"/>
        <line num="1058" count="0" type="stmt"/>
        <line num="1061" count="0" type="stmt"/>
        <line num="1064" count="0" type="stmt"/>
        <line num="1069" count="0" type="cond" truecount="0" falsecount="2"/>
        <line num="1070" count="0" type="stmt"/>
        <line num="1071" count="0" type="cond" truecount="0" falsecount="2"/>
        <line num="1072" count="0" type="stmt"/>
        <line num="1073" count="0" type="cond" truecount="0" falsecount="2"/>
        <line num="1074" count="0" type="stmt"/>
        <line num="1075" count="0" type="cond" truecount="0" falsecount="2"/>
        <line num="1076" count="0" type="stmt"/>
        <line num="1077" count="0" type="cond" truecount="0" falsecount="2"/>
        <line num="1078" count="0" type="stmt"/>
        <line num="1079" count="0" type="cond" truecount="0" falsecount="2"/>
        <line num="1080" count="0" type="stmt"/>
        <line num="1081" count="0" type="cond" truecount="0" falsecount="2"/>
        <line num="1082" count="0" type="stmt"/>
        <line num="1084" count="0" type="stmt"/>
        <line num="1088" count="0" type="stmt"/>
        <line num="1091" count="0" type="stmt"/>
        <line num="1105" count="0" type="cond" truecount="0" falsecount="5"/>
        <line num="1106" count="0" type="stmt"/>
        <line num="1111" count="0" type="stmt"/>
        <line num="1117" count="0" type="cond" truecount="0" falsecount="2"/>
        <line num="1118" count="0" type="cond" truecount="0" falsecount="4"/>
        <line num="1119" count="0" type="cond" truecount="0" falsecount="2"/>
        <line num="1120" count="0" type="stmt"/>
        <line num="1122" count="0" type="stmt"/>
        <line num="1125" count="0" type="stmt"/>
        <line num="1128" count="0" type="cond" truecount="0" falsecount="2"/>
        <line num="1129" count="0" type="cond" truecount="0" falsecount="2"/>
        <line num="1130" count="0" type="stmt"/>
        <line num="1132" count="0" type="stmt"/>
        <line num="1133" count="0" type="cond" truecount="0" falsecount="2"/>
        <line num="1136" count="0" type="stmt"/>
        <line num="1140" count="29" type="cond" truecount="1" falsecount="1"/>
        <line num="1141" count="29" type="stmt"/>
        <line num="1142" count="29" type="stmt"/>
        <line num="1144" count="0" type="stmt"/>
      </file>
      <file name="psychoeducation.js" path="/Users/marceloull/Documents/Anto/backend/constants/psychoeducation.js">
        <metrics statements="6" coveredstatements="3" conditionals="2" coveredconditionals="0" methods="2" coveredmethods="0"/>
        <line num="8" count="24" type="stmt"/>
        <line num="153" count="24" type="stmt"/>
        <line num="154" count="0" type="stmt"/>
        <line num="155" count="0" type="cond" truecount="0" falsecount="2"/>
        <line num="162" count="24" type="stmt"/>
        <line num="163" count="0" type="stmt"/>
      </file>
      <file name="relapsePrevention.js" path="/Users/marceloull/Documents/Anto/backend/constants/relapsePrevention.js">
        <metrics statements="30" coveredstatements="15" conditionals="18" coveredconditionals="7" methods="2" coveredmethods="1"/>
        <line num="7" count="26" type="stmt"/>
        <line num="51" count="26" type="stmt"/>
        <line num="85" count="26" type="stmt"/>
        <line num="86" count="2" type="cond" truecount="3" falsecount="1"/>
        <line num="87" count="0" type="stmt"/>
        <line num="90" count="2" type="stmt"/>
        <line num="91" count="2" type="stmt"/>
        <line num="99" count="2" type="stmt"/>
        <line num="100" count="6" type="cond" truecount="1" falsecount="1"/>
        <line num="101" count="0" type="stmt"/>
        <line num="102" count="0" type="stmt"/>
        <line num="103" count="0" type="stmt"/>
        <line num="108" count="2" type="stmt"/>
        <line num="109" count="6" type="cond" truecount="1" falsecount="1"/>
        <line num="110" count="0" type="stmt"/>
        <line num="111" count="0" type="stmt"/>
        <line num="112" count="0" type="stmt"/>
        <line num="117" count="2" type="stmt"/>
        <line num="118" count="6" type="cond" truecount="1" falsecount="1"/>
        <line num="119" count="0" type="stmt"/>
        <line num="120" count="0" type="stmt"/>
        <line num="121" count="0" type="stmt"/>
        <line num="125" count="2" type="cond" truecount="1" falsecount="1"/>
        <line num="126" count="0" type="stmt"/>
        <line num="129" count="2" type="stmt"/>
        <line num="137" count="26" type="stmt"/>
        <line num="138" count="0" type="cond" truecount="0" falsecount="4"/>
        <line num="139" count="0" type="stmt"/>
        <line num="143" count="0" type="cond" truecount="0" falsecount="2"/>
        <line num="145" count="0" type="stmt"/>
      </file>
      <file name="resistancePatterns.js" path="/Users/marceloull/Documents/Anto/backend/constants/resistancePatterns.js">
        <metrics statements="13" coveredstatements="10" conditionals="8" coveredconditionals="4" methods="2" coveredmethods="1"/>
        <line num="8" count="26" type="stmt"/>
        <line num="45" count="26" type="stmt"/>
        <line num="102" count="26" type="stmt"/>
        <line num="103" count="2" type="cond" truecount="3" falsecount="1"/>
        <line num="104" count="0" type="stmt"/>
        <line num="107" count="2" type="stmt"/>
        <line num="109" count="2" type="stmt"/>
        <line num="110" count="10" type="stmt"/>
        <line num="111" count="30" type="cond" truecount="1" falsecount="1"/>
        <line num="112" count="0" type="stmt"/>
        <line num="121" count="2" type="stmt"/>
        <line num="129" count="26" type="stmt"/>
        <line num="130" count="0" type="cond" truecount="0" falsecount="2"/>
      </file>
      <file name="selfEfficacy.js" path="/Users/marceloull/Documents/Anto/backend/constants/selfEfficacy.js">
        <metrics statements="32" coveredstatements="16" conditionals="18" coveredconditionals="7" methods="2" coveredmethods="1"/>
        <line num="8" count="26" type="stmt"/>
        <line num="115" count="26" type="cond" truecount="0" falsecount="2"/>
        <line num="116" count="0" type="stmt"/>
        <line num="117" count="0" type="stmt"/>
        <line num="120" count="0" type="cond" truecount="0" falsecount="4"/>
        <line num="121" count="0" type="stmt"/>
        <line num="122" count="0" type="stmt"/>
        <line num="123" count="0" type="stmt"/>
        <line num="131" count="0" type="stmt"/>
        <line num="132" count="0" type="stmt"/>
        <line num="133" count="0" type="stmt"/>
        <line num="134" count="0" type="stmt"/>
        <line num="136" count="0" type="stmt"/>
        <line num="148" count="26" type="stmt"/>
        <line num="149" count="2" type="cond" truecount="3" falsecount="1"/>
        <line num="150" count="0" type="stmt"/>
        <line num="153" count="2" type="stmt"/>
        <line num="156" count="2" type="stmt"/>
        <line num="162" count="2" type="stmt"/>
        <line num="167" count="2" type="stmt"/>
        <line num="168" count="2" type="stmt"/>
        <line num="170" count="2" type="stmt"/>
        <line num="171" count="4" type="cond" truecount="1" falsecount="1"/>
        <line num="172" count="0" type="stmt"/>
        <line num="176" count="2" type="stmt"/>
        <line num="177" count="4" type="cond" truecount="1" falsecount="1"/>
        <line num="178" count="0" type="stmt"/>
        <line num="182" count="2" type="cond" truecount="1" falsecount="1"/>
        <line num="183" count="0" type="stmt"/>
        <line num="184" count="2" type="cond" truecount="1" falsecount="1"/>
        <line num="185" count="0" type="stmt"/>
        <line num="188" count="2" type="stmt"/>
      </file>
      <file name="socialSupport.js" path="/Users/marceloull/Documents/Anto/backend/constants/socialSupport.js">
        <metrics statements="31" coveredstatements="17" conditionals="20" coveredconditionals="7" methods="3" coveredmethods="1"/>
        <line num="8" count="26" type="stmt"/>
        <line num="92" count="26" type="stmt"/>
        <line num="93" count="0" type="cond" truecount="0" falsecount="4"/>
        <line num="94" count="0" type="stmt"/>
        <line num="97" count="0" type="stmt"/>
        <line num="100" count="0" type="stmt"/>
        <line num="108" count="0" type="stmt"/>
        <line num="109" count="0" type="cond" truecount="0" falsecount="2"/>
        <line num="110" count="0" type="stmt"/>
        <line num="118" count="0" type="stmt"/>
        <line num="126" count="26" type="stmt"/>
        <line num="127" count="2" type="cond" truecount="3" falsecount="1"/>
        <line num="128" count="0" type="stmt"/>
        <line num="131" count="2" type="stmt"/>
        <line num="134" count="2" type="stmt"/>
        <line num="140" count="2" type="stmt"/>
        <line num="145" count="2" type="stmt"/>
        <line num="146" count="2" type="stmt"/>
        <line num="148" count="2" type="stmt"/>
        <line num="149" count="4" type="cond" truecount="1" falsecount="1"/>
        <line num="150" count="0" type="stmt"/>
        <line num="154" count="2" type="stmt"/>
        <line num="155" count="4" type="cond" truecount="1" falsecount="1"/>
        <line num="156" count="0" type="stmt"/>
        <line num="160" count="2" type="cond" truecount="1" falsecount="1"/>
        <line num="161" count="0" type="stmt"/>
        <line num="162" count="2" type="cond" truecount="1" falsecount="1"/>
        <line num="163" count="0" type="stmt"/>
        <line num="166" count="2" type="stmt"/>
        <line num="174" count="26" type="stmt"/>
        <line num="175" count="0" type="cond" truecount="0" falsecount="2"/>
      </file>
      <file name="strengthsAndResources.js" path="/Users/marceloull/Documents/Anto/backend/constants/strengthsAndResources.js">
        <metrics statements="16" coveredstatements="11" conditionals="7" coveredconditionals="4" methods="2" coveredmethods="1"/>
        <line num="8" count="26" type="stmt"/>
        <line num="129" count="26" type="stmt"/>
        <line num="143" count="26" type="stmt"/>
        <line num="144" count="2" type="cond" truecount="3" falsecount="1"/>
        <line num="145" count="0" type="stmt"/>
        <line num="148" count="2" type="stmt"/>
        <line num="149" count="2" type="stmt"/>
        <line num="152" count="2" type="stmt"/>
        <line num="160" count="2" type="stmt"/>
        <line num="161" count="10" type="cond" truecount="1" falsecount="1"/>
        <line num="162" count="0" type="stmt"/>
        <line num="169" count="2" type="stmt"/>
        <line num="177" count="26" type="cond" truecount="0" falsecount="1"/>
        <line num="178" count="0" type="stmt"/>
        <line num="179" count="0" type="stmt"/>
        <line num="180" count="0" type="stmt"/>
      </file>
      <file name="therapeuticTechniques.js" path="/Users/marceloull/Documents/Anto/backend/constants/therapeuticTechniques.js">
        <metrics statements="67" coveredstatements="19" conditionals="69" coveredconditionals="9" methods="11" coveredmethods="7"/>
        <line num="15" count="29" type="stmt"/>
        <line num="324" count="29" type="stmt"/>
        <line num="403" count="29" type="stmt"/>
        <line num="520" count="29" type="stmt"/>
        <line num="601" count="29" type="cond" truecount="1" falsecount="0"/>
        <line num="602" count="1" type="cond" truecount="1" falsecount="1"/>
        <line num="605" count="1" type="cond" truecount="1" falsecount="1"/>
        <line num="606" count="0" type="stmt"/>
        <line num="607" count="0" type="cond" truecount="0" falsecount="4"/>
        <line num="614" count="1" type="stmt"/>
        <line num="622" count="29" type="stmt"/>
        <line num="623" count="1" type="stmt"/>
        <line num="624" count="5" type="cond" truecount="2" falsecount="0"/>
        <line num="633" count="29" type="stmt"/>
        <line num="634" count="1" type="stmt"/>
        <line num="635" count="4" type="cond" truecount="2" falsecount="0"/>
        <line num="644" count="29" type="stmt"/>
        <line num="645" count="1" type="stmt"/>
        <line num="646" count="5" type="cond" truecount="2" falsecount="0"/>
        <line num="658" count="29" type="cond" truecount="0" falsecount="3"/>
        <line num="660" count="0" type="cond" truecount="0" falsecount="2"/>
        <line num="661" count="0" type="stmt"/>
        <line num="662" count="0" type="cond" truecount="0" falsecount="2"/>
        <line num="663" count="0" type="stmt"/>
        <line num="672" count="0" type="cond" truecount="0" falsecount="2"/>
        <line num="673" count="0" type="stmt"/>
        <line num="674" count="0" type="cond" truecount="0" falsecount="2"/>
        <line num="675" count="0" type="stmt"/>
        <line num="684" count="0" type="cond" truecount="0" falsecount="4"/>
        <line num="686" count="0" type="stmt"/>
        <line num="693" count="0" type="cond" truecount="0" falsecount="2"/>
        <line num="695" count="0" type="cond" truecount="0" falsecount="4"/>
        <line num="696" count="0" type="stmt"/>
        <line num="703" count="0" type="stmt"/>
        <line num="712" count="0" type="stmt"/>
        <line num="713" count="0" type="cond" truecount="0" falsecount="2"/>
        <line num="714" count="0" type="stmt"/>
        <line num="721" count="0" type="stmt"/>
        <line num="730" count="29" type="cond" truecount="0" falsecount="1"/>
        <line num="731" count="0" type="cond" truecount="0" falsecount="2"/>
        <line num="733" count="0" type="cond" truecount="0" falsecount="2"/>
        <line num="736" count="0" type="cond" truecount="0" falsecount="2"/>
        <line num="737" count="0" type="cond" truecount="0" falsecount="2"/>
        <line num="739" count="0" type="cond" truecount="0" falsecount="2"/>
        <line num="740" count="0" type="stmt"/>
        <line num="744" count="0" type="cond" truecount="0" falsecount="5"/>
        <line num="745" count="0" type="stmt"/>
        <line num="746" count="0" type="stmt"/>
        <line num="747" count="0" type="stmt"/>
        <line num="748" count="0" type="stmt"/>
        <line num="750" count="0" type="cond" truecount="0" falsecount="2"/>
        <line num="751" count="0" type="stmt"/>
        <line num="755" count="0" type="stmt"/>
        <line num="759" count="0" type="stmt"/>
        <line num="760" count="0" type="cond" truecount="0" falsecount="2"/>
        <line num="762" count="0" type="cond" truecount="0" falsecount="2"/>
        <line num="763" count="0" type="stmt"/>
        <line num="766" count="0" type="cond" truecount="0" falsecount="5"/>
        <line num="767" count="0" type="stmt"/>
        <line num="768" count="0" type="stmt"/>
        <line num="769" count="0" type="stmt"/>
        <line num="770" count="0" type="stmt"/>
        <line num="774" count="0" type="cond" truecount="0" falsecount="2"/>
        <line num="775" count="0" type="stmt"/>
        <line num="779" count="0" type="cond" truecount="0" falsecount="2"/>
        <line num="780" count="0" type="stmt"/>
        <line num="783" count="0" type="stmt"/>
      </file>
    </package>
    <package name="middleware">
      <metrics statements="451" coveredstatements="207" conditionals="353" coveredconditionals="130" methods="54" coveredmethods="27"/>
      <file name="auth.js" path="/Users/marceloull/Documents/Anto/backend/middleware/auth.js">
        <metrics statements="75" coveredstatements="42" conditionals="40" coveredconditionals="19" methods="9" coveredmethods="4"/>
        <line num="8" count="39" type="stmt"/>
        <line num="9" count="39" type="stmt"/>
        <line num="10" count="39" type="stmt"/>
        <line num="11" count="39" type="stmt"/>
        <line num="14" count="39" type="stmt"/>
        <line num="27" count="39" type="stmt"/>
        <line num="32" count="39" type="stmt"/>
        <line num="33" count="174" type="cond" truecount="2" falsecount="0"/>
        <line num="34" count="174" type="cond" truecount="2" falsecount="0"/>
        <line num="37" count="104" type="cond" truecount="2" falsecount="0"/>
        <line num="38" count="103" type="stmt"/>
        <line num="40" count="1" type="cond" truecount="2" falsecount="0"/>
        <line num="44" count="39" type="stmt"/>
        <line num="45" count="104" type="stmt"/>
        <line num="46" count="104" type="stmt"/>
        <line num="48" count="3" type="stmt"/>
        <line num="53" count="39" type="stmt"/>
        <line num="54" count="3" type="cond" truecount="2" falsecount="0"/>
        <line num="55" count="1" type="stmt"/>
        <line num="59" count="2" type="stmt"/>
        <line num="71" count="174" type="stmt"/>
        <line num="73" count="174" type="cond" truecount="2" falsecount="0"/>
        <line num="74" count="70" type="stmt"/>
        <line num="79" count="104" type="stmt"/>
        <line num="80" count="104" type="stmt"/>
        <line num="83" count="101" type="cond" truecount="1" falsecount="1"/>
        <line num="85" count="101" type="cond" truecount="1" falsecount="1"/>
        <line num="86" count="0" type="stmt"/>
        <line num="92" count="101" type="stmt"/>
        <line num="93" count="101" type="cond" truecount="2" falsecount="0"/>
        <line num="94" count="86" type="stmt"/>
        <line num="96" count="86" type="stmt"/>
        <line num="97" count="86" type="cond" truecount="1" falsecount="1"/>
        <line num="99" count="0" type="stmt"/>
        <line num="100" count="0" type="stmt"/>
        <line num="103" count="86" type="stmt"/>
        <line num="104" count="86" type="stmt"/>
        <line num="105" count="86" type="cond" truecount="2" falsecount="0"/>
        <line num="109" count="0" type="stmt"/>
        <line num="113" count="0" type="stmt"/>
        <line num="118" count="101" type="stmt"/>
        <line num="121" count="101" type="stmt"/>
        <line num="126" count="101" type="stmt"/>
        <line num="128" count="3" type="stmt"/>
        <line num="136" count="39" type="stmt"/>
        <line num="137" count="0" type="stmt"/>
        <line num="138" count="0" type="stmt"/>
        <line num="140" count="0" type="cond" truecount="0" falsecount="4"/>
        <line num="141" count="0" type="stmt"/>
        <line num="146" count="0" type="stmt"/>
        <line num="147" count="0" type="stmt"/>
        <line num="148" count="0" type="stmt"/>
        <line num="150" count="0" type="stmt"/>
        <line num="159" count="39" type="stmt"/>
        <line num="160" count="0" type="stmt"/>
        <line num="161" count="0" type="cond" truecount="0" falsecount="2"/>
        <line num="162" count="0" type="stmt"/>
        <line num="167" count="0" type="cond" truecount="0" falsecount="2"/>
        <line num="168" count="0" type="stmt"/>
        <line num="175" count="0" type="stmt"/>
        <line num="185" count="39" type="stmt"/>
        <line num="186" count="0" type="stmt"/>
        <line num="187" count="0" type="stmt"/>
        <line num="188" count="0" type="cond" truecount="0" falsecount="4"/>
        <line num="189" count="0" type="stmt"/>
        <line num="194" count="0" type="stmt"/>
        <line num="196" count="0" type="cond" truecount="0" falsecount="2"/>
        <line num="197" count="0" type="stmt"/>
        <line num="204" count="0" type="stmt"/>
        <line num="206" count="0" type="cond" truecount="0" falsecount="2"/>
        <line num="207" count="0" type="stmt"/>
        <line num="214" count="0" type="stmt"/>
        <line num="215" count="0" type="stmt"/>
        <line num="217" count="0" type="stmt"/>
        <line num="218" count="0" type="stmt"/>
      </file>
      <file name="checkDatabase.js" path="/Users/marceloull/Documents/Anto/backend/middleware/checkDatabase.js">
        <metrics statements="6" coveredstatements="0" conditionals="4" coveredconditionals="0" methods="1" coveredmethods="0"/>
        <line num="8" count="0" type="stmt"/>
        <line num="10" count="0" type="cond" truecount="0" falsecount="2"/>
        <line num="12" count="0" type="cond" truecount="0" falsecount="2"/>
        <line num="13" count="0" type="stmt"/>
        <line num="17" count="0" type="stmt"/>
        <line num="27" count="0" type="stmt"/>
      </file>
      <file name="checkSubscription.js" path="/Users/marceloull/Documents/Anto/backend/middleware/checkSubscription.js">
        <metrics statements="95" coveredstatements="28" conditionals="85" coveredconditionals="18" methods="5" coveredmethods="2"/>
        <line num="20" count="25" type="cond" truecount="1" falsecount="0"/>
        <line num="21" count="95" type="stmt"/>
        <line num="22" count="4" type="stmt"/>
        <line num="23" count="4" type="stmt"/>
        <line num="24" count="4" type="stmt"/>
        <line num="25" count="4" type="cond" truecount="3" falsecount="1"/>
        <line num="27" count="0" type="stmt"/>
        <line num="33" count="0" type="stmt"/>
        <line num="40" count="4" type="stmt"/>
        <line num="41" count="4" type="cond" truecount="1" falsecount="1"/>
        <line num="43" count="0" type="stmt"/>
        <line num="52" count="0" type="stmt"/>
        <line num="60" count="0" type="stmt"/>
        <line num="63" count="4" type="stmt"/>
        <line num="66" count="4" type="cond" truecount="1" falsecount="1"/>
        <line num="67" count="0" type="stmt"/>
        <line num="74" count="0" type="stmt"/>
        <line num="81" count="4" type="stmt"/>
        <line num="85" count="4" type="cond" truecount="1" falsecount="1"/>
        <line num="88" count="4" type="stmt"/>
        <line num="91" count="4" type="cond" truecount="1" falsecount="1"/>
        <line num="92" count="4" type="stmt"/>
        <line num="93" count="4" type="cond" truecount="2" falsecount="0"/>
        <line num="95" count="3" type="stmt"/>
        <line num="102" count="3" type="stmt"/>
        <line num="108" count="1" type="stmt"/>
        <line num="109" count="1" type="stmt"/>
        <line num="112" count="1" type="cond" truecount="1" falsecount="2"/>
        <line num="117" count="1" type="cond" truecount="3" falsecount="0"/>
        <line num="121" count="1" type="cond" truecount="4" falsecount="1"/>
        <line num="123" count="0" type="cond" truecount="0" falsecount="5"/>
        <line num="124" count="0" type="stmt"/>
        <line num="125" count="0" type="stmt"/>
        <line num="128" count="0" type="stmt"/>
        <line num="137" count="0" type="stmt"/>
        <line num="150" count="0" type="stmt"/>
        <line num="163" count="1" type="stmt"/>
        <line num="171" count="1" type="stmt"/>
        <line num="181" count="1" type="stmt"/>
        <line num="185" count="0" type="stmt"/>
        <line num="186" count="0" type="stmt"/>
        <line num="187" count="0" type="stmt"/>
        <line num="190" count="0" type="cond" truecount="0" falsecount="5"/>
        <line num="191" count="0" type="stmt"/>
        <line num="192" count="0" type="stmt"/>
        <line num="193" count="0" type="stmt"/>
        <line num="196" count="0" type="cond" truecount="0" falsecount="5"/>
        <line num="198" count="0" type="stmt"/>
        <line num="203" count="0" type="stmt"/>
        <line num="216" count="0" type="stmt"/>
        <line num="229" count="0" type="stmt"/>
        <line num="237" count="0" type="stmt"/>
        <line num="240" count="0" type="stmt"/>
        <line num="250" count="0" type="stmt"/>
        <line num="252" count="0" type="stmt"/>
        <line num="253" count="0" type="stmt"/>
        <line num="265" count="25" type="stmt"/>
        <line num="266" count="0" type="stmt"/>
        <line num="267" count="0" type="stmt"/>
        <line num="268" count="0" type="stmt"/>
        <line num="269" count="0" type="cond" truecount="0" falsecount="2"/>
        <line num="270" count="0" type="stmt"/>
        <line num="276" count="0" type="stmt"/>
        <line num="278" count="0" type="cond" truecount="0" falsecount="2"/>
        <line num="279" count="0" type="stmt"/>
        <line num="282" count="0" type="cond" truecount="0" falsecount="4"/>
        <line num="283" count="0" type="stmt"/>
        <line num="290" count="0" type="stmt"/>
        <line num="291" count="0" type="cond" truecount="0" falsecount="4"/>
        <line num="293" count="0" type="stmt"/>
        <line num="300" count="0" type="stmt"/>
        <line num="307" count="0" type="stmt"/>
        <line num="310" count="0" type="cond" truecount="0" falsecount="4"/>
        <line num="311" count="0" type="stmt"/>
        <line num="319" count="0" type="stmt"/>
        <line num="326" count="0" type="stmt"/>
        <line num="328" count="0" type="stmt"/>
        <line num="329" count="0" type="stmt"/>
        <line num="341" count="25" type="stmt"/>
        <line num="342" count="0" type="stmt"/>
        <line num="343" count="0" type="stmt"/>
        <line num="344" count="0" type="cond" truecount="0" falsecount="2"/>
        <line num="345" count="0" type="stmt"/>
        <line num="348" count="0" type="stmt"/>
        <line num="350" count="0" type="cond" truecount="0" falsecount="2"/>
        <line num="351" count="0" type="stmt"/>
        <line num="359" count="0" type="stmt"/>
        <line num="360" count="0" type="cond" truecount="0" falsecount="2"/>
        <line num="361" count="0" type="stmt"/>
        <line num="362" count="0" type="cond" truecount="0" falsecount="3"/>
        <line num="365" count="0" type="cond" truecount="0" falsecount="3"/>
        <line num="369" count="0" type="stmt"/>
        <line num="378" count="0" type="stmt"/>
        <line num="380" count="0" type="stmt"/>
        <line num="382" count="0" type="stmt"/>
      </file>
      <file name="errorHandler.js" path="/Users/marceloull/Documents/Anto/backend/middleware/errorHandler.js">
        <metrics statements="52" coveredstatements="28" conditionals="54" coveredconditionals="32" methods="6" coveredmethods="4"/>
        <line num="25" count="24" type="stmt"/>
        <line num="36" count="24" type="stmt"/>
        <line num="38" count="8" type="stmt"/>
        <line num="40" count="8" type="stmt"/>
        <line num="41" count="8" type="stmt"/>
        <line num="47" count="8" type="cond" truecount="3" falsecount="1"/>
        <line num="48" count="0" type="stmt"/>
        <line num="52" count="0" type="stmt"/>
        <line num="53" count="0" type="stmt"/>
        <line num="54" count="0" type="stmt"/>
        <line num="58" count="8" type="cond" truecount="2" falsecount="0"/>
        <line num="59" count="7" type="stmt"/>
        <line num="63" count="1" type="cond" truecount="4" falsecount="1"/>
        <line num="64" count="0" type="stmt"/>
        <line num="65" count="0" type="stmt"/>
        <line num="69" count="1" type="cond" truecount="8" falsecount="1"/>
        <line num="78" count="0" type="stmt"/>
        <line num="79" count="0" type="cond" truecount="0" falsecount="2"/>
        <line num="81" count="0" type="cond" truecount="0" falsecount="2"/>
        <line num="82" count="0" type="stmt"/>
        <line num="86" count="0" type="stmt"/>
        <line num="90" count="0" type="stmt"/>
        <line num="94" count="0" type="stmt"/>
        <line num="99" count="1" type="cond" truecount="3" falsecount="1"/>
        <line num="100" count="0" type="stmt"/>
        <line num="101" count="0" type="stmt"/>
        <line num="105" count="1" type="cond" truecount="4" falsecount="1"/>
        <line num="106" count="0" type="stmt"/>
        <line num="112" count="0" type="stmt"/>
        <line num="116" count="1" type="stmt"/>
        <line num="124" count="1" type="cond" truecount="2" falsecount="2"/>
        <line num="125" count="0" type="stmt"/>
        <line num="128" count="1" type="stmt"/>
        <line num="138" count="24" type="cond" truecount="0" falsecount="1"/>
        <line num="139" count="8" type="cond" truecount="1" falsecount="1"/>
        <line num="140" count="8" type="stmt"/>
        <line num="150" count="8" type="cond" truecount="1" falsecount="1"/>
        <line num="151" count="0" type="stmt"/>
        <line num="152" count="0" type="cond" truecount="0" falsecount="2"/>
        <line num="153" count="0" type="stmt"/>
        <line num="161" count="8" type="cond" truecount="1" falsecount="1"/>
        <line num="162" count="0" type="stmt"/>
        <line num="166" count="8" type="cond" truecount="1" falsecount="1"/>
        <line num="167" count="8" type="stmt"/>
        <line num="175" count="8" type="stmt"/>
        <line num="185" count="24" type="stmt"/>
        <line num="186" count="6" type="stmt"/>
        <line num="193" count="6" type="stmt"/>
        <line num="199" count="6" type="stmt"/>
        <line num="209" count="24" type="stmt"/>
        <line num="210" count="0" type="stmt"/>
        <line num="211" count="0" type="stmt"/>
      </file>
      <file name="guestAuth.js" path="/Users/marceloull/Documents/Anto/backend/middleware/guestAuth.js">
        <metrics statements="21" coveredstatements="18" conditionals="16" coveredconditionals="13" methods="1" coveredmethods="1"/>
        <line num="8" count="14" type="cond" truecount="2" falsecount="0"/>
        <line num="9" count="14" type="stmt"/>
        <line num="10" count="14" type="cond" truecount="2" falsecount="0"/>
        <line num="11" count="11" type="stmt"/>
        <line num="12" count="3" type="cond" truecount="1" falsecount="1"/>
        <line num="13" count="0" type="stmt"/>
        <line num="16" count="14" type="cond" truecount="2" falsecount="0"/>
        <line num="17" count="3" type="stmt"/>
        <line num="20" count="11" type="stmt"/>
        <line num="21" count="11" type="stmt"/>
        <line num="22" count="10" type="cond" truecount="3" falsecount="1"/>
        <line num="23" count="0" type="stmt"/>
        <line num="26" count="10" type="stmt"/>
        <line num="27" count="10" type="cond" truecount="2" falsecount="0"/>
        <line num="28" count="1" type="stmt"/>
        <line num="31" count="9" type="cond" truecount="1" falsecount="1"/>
        <line num="32" count="0" type="stmt"/>
        <line num="35" count="9" type="stmt"/>
        <line num="36" count="9" type="stmt"/>
        <line num="37" count="9" type="stmt"/>
        <line num="39" count="1" type="stmt"/>
      </file>
      <file name="logging.js" path="/Users/marceloull/Documents/Anto/backend/middleware/logging.js">
        <metrics statements="9" coveredstatements="6" conditionals="14" coveredconditionals="4" methods="3" coveredmethods="1"/>
        <line num="9" count="1" type="stmt"/>
        <line num="10" count="0" type="stmt"/>
        <line num="21" count="0" type="stmt"/>
        <line num="25" count="1" type="stmt"/>
        <line num="28" count="0" type="cond" truecount="0" falsecount="2"/>
        <line num="33" count="1" type="stmt"/>
        <line num="34" count="2" type="stmt"/>
        <line num="45" count="2" type="stmt"/>
        <line num="46" count="2" type="stmt"/>
      </file>
      <file name="performance.js" path="/Users/marceloull/Documents/Anto/backend/middleware/performance.js">
        <metrics statements="54" coveredstatements="27" conditionals="29" coveredconditionals="10" methods="10" coveredmethods="4"/>
        <line num="16" count="23" type="stmt"/>
        <line num="17" count="178" type="stmt"/>
        <line num="18" count="178" type="stmt"/>
        <line num="22" count="178" type="stmt"/>
        <line num="23" count="178" type="cond" truecount="1" falsecount="1"/>
        <line num="25" count="178" type="cond" truecount="1" falsecount="1"/>
        <line num="26" count="0" type="stmt"/>
        <line num="28" count="178" type="stmt"/>
        <line num="33" count="178" type="stmt"/>
        <line num="34" count="178" type="stmt"/>
        <line num="35" count="178" type="stmt"/>
        <line num="36" count="178" type="stmt"/>
        <line num="37" count="178" type="stmt"/>
        <line num="38" count="178" type="stmt"/>
        <line num="40" count="178" type="cond" truecount="1" falsecount="1"/>
        <line num="42" count="0" type="cond" truecount="0" falsecount="2"/>
        <line num="43" count="0" type="stmt"/>
        <line num="44" count="0" type="stmt"/>
        <line num="50" count="178" type="stmt"/>
        <line num="54" count="178" type="stmt"/>
        <line num="55" count="178" type="stmt"/>
        <line num="56" count="178" type="stmt"/>
        <line num="57" count="178" type="stmt"/>
        <line num="59" count="178" type="stmt"/>
        <line num="63" count="178" type="cond" truecount="4" falsecount="0"/>
        <line num="64" count="4" type="stmt"/>
        <line num="76" count="178" type="cond" truecount="1" falsecount="1"/>
        <line num="77" count="0" type="stmt"/>
        <line num="87" count="178" type="stmt"/>
        <line num="94" count="23" type="cond" truecount="0" falsecount="1"/>
        <line num="95" count="0" type="stmt"/>
        <line num="98" count="0" type="cond" truecount="0" falsecount="2"/>
        <line num="99" count="0" type="stmt"/>
        <line num="102" count="0" type="stmt"/>
        <line num="106" count="23" type="stmt"/>
        <line num="107" count="23" type="stmt"/>
        <line num="110" count="0" type="stmt"/>
        <line num="111" count="0" type="cond" truecount="0" falsecount="2"/>
        <line num="112" count="0" type="stmt"/>
        <line num="114" count="0" type="stmt"/>
        <line num="116" count="0" type="stmt"/>
        <line num="117" count="0" type="stmt"/>
        <line num="118" count="0" type="stmt"/>
        <line num="121" count="0" type="cond" truecount="0" falsecount="4"/>
        <line num="122" count="0" type="stmt"/>
        <line num="124" count="0" type="stmt"/>
        <line num="125" count="0" type="cond" truecount="0" falsecount="2"/>
        <line num="126" count="0" type="stmt"/>
        <line num="132" count="0" type="stmt"/>
        <line num="136" count="0" type="stmt"/>
        <line num="137" count="0" type="cond" truecount="0" falsecount="2"/>
        <line num="138" count="0" type="stmt"/>
        <line num="144" count="0" type="stmt"/>
        <line num="149" count="0" type="stmt"/>
      </file>
      <file name="queryOptimizer.js" path="/Users/marceloull/Documents/Anto/backend/middleware/queryOptimizer.js">
        <metrics statements="38" coveredstatements="2" conditionals="16" coveredconditionals="0" methods="2" coveredmethods="0"/>
        <line num="16" count="23" type="stmt"/>
        <line num="17" count="0" type="stmt"/>
        <line num="19" count="0" type="stmt"/>
        <line num="20" count="0" type="stmt"/>
        <line num="21" count="0" type="stmt"/>
        <line num="22" count="0" type="stmt"/>
        <line num="25" count="0" type="stmt"/>
        <line num="26" count="0" type="stmt"/>
        <line num="27" count="0" type="stmt"/>
        <line num="28" count="0" type="stmt"/>
        <line num="31" count="0" type="stmt"/>
        <line num="32" count="0" type="stmt"/>
        <line num="33" count="0" type="stmt"/>
        <line num="34" count="0" type="stmt"/>
        <line num="37" count="0" type="stmt"/>
        <line num="38" count="0" type="stmt"/>
        <line num="39" count="0" type="stmt"/>
        <line num="42" count="0" type="stmt"/>
        <line num="43" count="0" type="stmt"/>
        <line num="44" count="0" type="stmt"/>
        <line num="47" count="0" type="stmt"/>
        <line num="48" count="0" type="stmt"/>
        <line num="49" count="0" type="stmt"/>
        <line num="51" count="0" type="stmt"/>
        <line num="53" count="0" type="stmt"/>
        <line num="60" count="23" type="cond" truecount="0" falsecount="1"/>
        <line num="67" count="0" type="stmt"/>
        <line num="69" count="0" type="cond" truecount="0" falsecount="2"/>
        <line num="70" count="0" type="stmt"/>
        <line num="73" count="0" type="cond" truecount="0" falsecount="2"/>
        <line num="74" count="0" type="stmt"/>
        <line num="77" count="0" type="cond" truecount="0" falsecount="2"/>
        <line num="78" count="0" type="stmt"/>
        <line num="81" count="0" type="cond" truecount="0" falsecount="2"/>
        <line num="82" count="0" type="stmt"/>
        <line num="85" count="0" type="cond" truecount="0" falsecount="2"/>
        <line num="86" count="0" type="stmt"/>
        <line num="89" count="0" type="stmt"/>
      </file>
      <file name="sanitizeInput.js" path="/Users/marceloull/Documents/Anto/backend/middleware/sanitizeInput.js">
        <metrics statements="43" coveredstatements="38" conditionals="35" coveredconditionals="22" methods="9" coveredmethods="8"/>
        <line num="18" count="23" type="cond" truecount="0" falsecount="1"/>
        <line num="19" count="329" type="cond" truecount="1" falsecount="1"/>
        <line num="20" count="0" type="stmt"/>
        <line num="27" count="329" type="stmt"/>
        <line num="29" count="329" type="stmt"/>
        <line num="32" count="329" type="cond" truecount="1" falsecount="1"/>
        <line num="33" count="329" type="stmt"/>
        <line num="37" count="329" type="cond" truecount="1" falsecount="1"/>
        <line num="38" count="0" type="stmt"/>
        <line num="42" count="329" type="cond" truecount="1" falsecount="1"/>
        <line num="43" count="329" type="stmt"/>
        <line num="49" count="0" type="stmt"/>
        <line num="55" count="329" type="stmt"/>
        <line num="64" count="23" type="cond" truecount="0" falsecount="1"/>
        <line num="65" count="715" type="cond" truecount="3" falsecount="1"/>
        <line num="66" count="0" type="stmt"/>
        <line num="69" count="715" type="cond" truecount="2" falsecount="0"/>
        <line num="70" count="148" type="stmt"/>
        <line num="73" count="567" type="cond" truecount="1" falsecount="1"/>
        <line num="74" count="0" type="stmt"/>
        <line num="77" count="567" type="cond" truecount="2" falsecount="0"/>
        <line num="78" count="542" type="stmt"/>
        <line num="79" count="542" type="stmt"/>
        <line num="81" count="181" type="stmt"/>
        <line num="82" count="181" type="stmt"/>
        <line num="84" count="542" type="stmt"/>
        <line num="87" count="25" type="stmt"/>
        <line num="93" count="23" type="stmt"/>
        <line num="94" count="178" type="cond" truecount="3" falsecount="1"/>
        <line num="95" count="178" type="stmt"/>
        <line num="101" count="178" type="stmt"/>
        <line num="107" count="23" type="stmt"/>
        <line num="108" count="178" type="cond" truecount="3" falsecount="1"/>
        <line num="109" count="178" type="stmt"/>
        <line num="115" count="178" type="stmt"/>
        <line num="121" count="23" type="stmt"/>
        <line num="122" count="178" type="cond" truecount="3" falsecount="1"/>
        <line num="123" count="178" type="stmt"/>
        <line num="129" count="178" type="stmt"/>
        <line num="135" count="23" type="stmt"/>
        <line num="136" count="178" type="stmt"/>
        <line num="137" count="178" type="stmt"/>
        <line num="138" count="178" type="stmt"/>
      </file>
      <file name="validation.js" path="/Users/marceloull/Documents/Anto/backend/middleware/validation.js">
        <metrics statements="58" coveredstatements="18" conditionals="60" coveredconditionals="12" methods="8" coveredmethods="3"/>
        <line num="7" count="28" type="stmt"/>
        <line num="10" count="28" type="stmt"/>
        <line num="19" count="28" type="stmt"/>
        <line num="20" count="36" type="cond" truecount="2" falsecount="0"/>
        <line num="24" count="28" type="stmt"/>
        <line num="25" count="0" type="stmt"/>
        <line num="35" count="28" type="stmt"/>
        <line num="36" count="7" type="stmt"/>
        <line num="38" count="7" type="cond" truecount="1" falsecount="1"/>
        <line num="39" count="0" type="stmt"/>
        <line num="42" count="7" type="stmt"/>
        <line num="49" count="28" type="stmt"/>
        <line num="50" count="29" type="cond" truecount="1" falsecount="1"/>
        <line num="52" count="29" type="cond" truecount="1" falsecount="1"/>
        <line num="53" count="0" type="stmt"/>
        <line num="56" count="29" type="cond" truecount="1" falsecount="1"/>
        <line num="57" count="0" type="stmt"/>
        <line num="61" count="29" type="cond" truecount="3" falsecount="1"/>
        <line num="62" count="0" type="stmt"/>
        <line num="64" count="29" type="cond" truecount="3" falsecount="1"/>
        <line num="65" count="0" type="stmt"/>
        <line num="68" count="29" type="stmt"/>
        <line num="75" count="28" type="stmt"/>
        <line num="76" count="0" type="stmt"/>
        <line num="77" count="0" type="stmt"/>
        <line num="80" count="0" type="cond" truecount="0" falsecount="5"/>
        <line num="81" count="0" type="stmt"/>
        <line num="85" count="0" type="cond" truecount="0" falsecount="2"/>
        <line num="86" count="0" type="stmt"/>
        <line num="87" count="0" type="cond" truecount="0" falsecount="2"/>
        <line num="88" count="0" type="stmt"/>
        <line num="91" count="0" type="cond" truecount="0" falsecount="2"/>
        <line num="92" count="0" type="stmt"/>
        <line num="95" count="0" type="stmt"/>
        <line num="103" count="28" type="stmt"/>
        <line num="104" count="0" type="stmt"/>
        <line num="105" count="0" type="stmt"/>
        <line num="106" count="0" type="stmt"/>
        <line num="108" count="0" type="stmt"/>
        <line num="109" count="0" type="stmt"/>
        <line num="112" count="0" type="cond" truecount="0" falsecount="6"/>
        <line num="113" count="0" type="stmt"/>
        <line num="114" count="0" type="stmt"/>
        <line num="118" count="0" type="cond" truecount="0" falsecount="5"/>
        <line num="119" count="0" type="stmt"/>
        <line num="123" count="0" type="cond" truecount="0" falsecount="4"/>
        <line num="124" count="0" type="stmt"/>
        <line num="125" count="0" type="stmt"/>
        <line num="129" count="0" type="cond" truecount="0" falsecount="4"/>
        <line num="130" count="0" type="stmt"/>
        <line num="131" count="0" type="stmt"/>
        <line num="135" count="0" type="cond" truecount="0" falsecount="4"/>
        <line num="136" count="0" type="stmt"/>
        <line num="137" count="0" type="cond" truecount="0" falsecount="2"/>
        <line num="138" count="0" type="cond" truecount="0" falsecount="2"/>
        <line num="143" count="0" type="cond" truecount="0" falsecount="2"/>
        <line num="144" count="0" type="stmt"/>
        <line num="147" count="0" type="stmt"/>
      </file>
    </package>
    <package name="models">
      <metrics statements="783" coveredstatements="625" conditionals="443" coveredconditionals="265" methods="148" coveredmethods="119"/>
      <file name="AppleServerNotification.js" path="/Users/marceloull/Documents/Anto/backend/models/AppleServerNotification.js">
        <metrics statements="2" coveredstatements="2" conditionals="0" coveredconditionals="0" methods="0" coveredmethods="0"/>
        <line num="7" count="24" type="stmt"/>
        <line num="39" count="24" type="stmt"/>
      </file>
      <file name="ClinicalScaleResult.js" path="/Users/marceloull/Documents/Anto/backend/models/ClinicalScaleResult.js">
        <metrics statements="27" coveredstatements="5" conditionals="23" coveredconditionals="2" methods="3" coveredmethods="0"/>
        <line num="7" count="24" type="stmt"/>
        <line num="83" count="24" type="stmt"/>
        <line num="84" count="24" type="stmt"/>
        <line num="87" count="24" type="cond" truecount="0" falsecount="1"/>
        <line num="89" count="0" type="cond" truecount="0" falsecount="4"/>
        <line num="90" count="0" type="stmt"/>
        <line num="98" count="0" type="cond" truecount="0" falsecount="4"/>
        <line num="99" count="0" type="stmt"/>
        <line num="108" count="0" type="cond" truecount="0" falsecount="2"/>
        <line num="109" count="0" type="stmt"/>
        <line num="112" count="0" type="stmt"/>
        <line num="114" count="0" type="stmt"/>
        <line num="123" count="0" type="cond" truecount="0" falsecount="2"/>
        <line num="124" count="0" type="stmt"/>
        <line num="133" count="0" type="stmt"/>
        <line num="134" count="0" type="stmt"/>
        <line num="135" count="0" type="stmt"/>
        <line num="136" count="0" type="stmt"/>
        <line num="138" count="0" type="stmt"/>
        <line num="139" count="0" type="cond" truecount="0" falsecount="2"/>
        <line num="140" count="0" type="stmt"/>
        <line num="141" count="0" type="cond" truecount="0" falsecount="2"/>
        <line num="142" count="0" type="stmt"/>
        <line num="146" count="0" type="stmt"/>
        <line num="148" count="0" type="stmt"/>
        <line num="157" count="0" type="stmt"/>
        <line num="166" count="24" type="cond" truecount="2" falsecount="0"/>
      </file>
      <file name="CognitiveDistortionReport.js" path="/Users/marceloull/Documents/Anto/backend/models/CognitiveDistortionReport.js">
        <metrics statements="32" coveredstatements="5" conditionals="21" coveredconditionals="2" methods="6" coveredmethods="0"/>
        <line num="7" count="24" type="stmt"/>
        <line num="72" count="24" type="stmt"/>
        <line num="73" count="24" type="stmt"/>
        <line num="76" count="24" type="cond" truecount="0" falsecount="1"/>
        <line num="78" count="0" type="cond" truecount="0" falsecount="4"/>
        <line num="79" count="0" type="stmt"/>
        <line num="88" count="0" type="cond" truecount="0" falsecount="2"/>
        <line num="89" count="0" type="stmt"/>
        <line num="92" count="0" type="stmt"/>
        <line num="94" count="0" type="stmt"/>
        <line num="101" count="0" type="cond" truecount="0" falsecount="2"/>
        <line num="102" count="0" type="stmt"/>
        <line num="111" count="0" type="stmt"/>
        <line num="112" count="0" type="stmt"/>
        <line num="113" count="0" type="cond" truecount="0" falsecount="2"/>
        <line num="114" count="0" type="stmt"/>
        <line num="115" count="0" type="cond" truecount="0" falsecount="2"/>
        <line num="120" count="0" type="stmt"/>
        <line num="121" count="0" type="stmt"/>
        <line num="126" count="0" type="stmt"/>
        <line num="130" count="0" type="stmt"/>
        <line num="131" count="0" type="stmt"/>
        <line num="133" count="0" type="stmt"/>
        <line num="134" count="0" type="stmt"/>
        <line num="135" count="0" type="cond" truecount="0" falsecount="2"/>
        <line num="139" count="0" type="stmt"/>
        <line num="140" count="0" type="cond" truecount="0" falsecount="2"/>
        <line num="141" count="0" type="stmt"/>
        <line num="142" count="0" type="cond" truecount="0" falsecount="2"/>
        <line num="143" count="0" type="stmt"/>
        <line num="146" count="0" type="stmt"/>
        <line num="157" count="24" type="cond" truecount="2" falsecount="0"/>
      </file>
      <file name="Conversation.js" path="/Users/marceloull/Documents/Anto/backend/models/Conversation.js">
        <metrics statements="14" coveredstatements="11" conditionals="10" coveredconditionals="7" methods="2" coveredmethods="2"/>
        <line num="7" count="29" type="stmt"/>
        <line num="12" count="29" type="stmt"/>
        <line num="52" count="29" type="stmt"/>
        <line num="53" count="22" type="cond" truecount="1" falsecount="1"/>
        <line num="54" count="0" type="stmt"/>
        <line num="56" count="22" type="cond" truecount="2" falsecount="0"/>
        <line num="57" count="15" type="cond" truecount="1" falsecount="1"/>
        <line num="58" count="0" type="stmt"/>
        <line num="60" count="7" type="cond" truecount="1" falsecount="1"/>
        <line num="61" count="0" type="stmt"/>
        <line num="63" count="22" type="stmt"/>
        <line num="67" count="29" type="stmt"/>
        <line num="68" count="29" type="stmt"/>
        <line num="70" count="29" type="cond" truecount="2" falsecount="0"/>
      </file>
      <file name="CrisisEvent.js" path="/Users/marceloull/Documents/Anto/backend/models/CrisisEvent.js">
        <metrics statements="21" coveredstatements="20" conditionals="5" coveredconditionals="2" methods="4" coveredmethods="4"/>
        <line num="7" count="27" type="stmt"/>
        <line num="118" count="27" type="stmt"/>
        <line num="119" count="27" type="stmt"/>
        <line num="120" count="27" type="stmt"/>
        <line num="121" count="27" type="stmt"/>
        <line num="124" count="27" type="cond" truecount="0" falsecount="1"/>
        <line num="125" count="4" type="stmt"/>
        <line num="126" count="4" type="stmt"/>
        <line num="135" count="27" type="stmt"/>
        <line num="136" count="3" type="stmt"/>
        <line num="146" count="27" type="cond" truecount="0" falsecount="1"/>
        <line num="147" count="1" type="stmt"/>
        <line num="148" count="1" type="stmt"/>
        <line num="149" count="1" type="stmt"/>
        <line num="153" count="27" type="cond" truecount="1" falsecount="0"/>
        <line num="154" count="4" type="stmt"/>
        <line num="155" count="4" type="stmt"/>
        <line num="156" count="4" type="stmt"/>
        <line num="160" count="27" type="cond" truecount="1" falsecount="1"/>
        <line num="161" count="0" type="stmt"/>
        <line num="164" count="27" type="stmt"/>
      </file>
      <file name="EmergencyAlert.js" path="/Users/marceloull/Documents/Anto/backend/models/EmergencyAlert.js">
        <metrics statements="128" coveredstatements="99" conditionals="98" coveredconditionals="61" methods="16" coveredmethods="12"/>
        <line num="7" count="26" type="stmt"/>
        <line num="117" count="26" type="stmt"/>
        <line num="118" count="26" type="stmt"/>
        <line num="119" count="26" type="stmt"/>
        <line num="120" count="26" type="stmt"/>
        <line num="121" count="26" type="stmt"/>
        <line num="122" count="26" type="stmt"/>
        <line num="125" count="26" type="cond" truecount="1" falsecount="0"/>
        <line num="134" count="5" type="stmt"/>
        <line num="136" count="5" type="stmt"/>
        <line num="141" count="5" type="cond" truecount="4" falsecount="0"/>
        <line num="142" count="1" type="stmt"/>
        <line num="143" count="1" type="cond" truecount="1" falsecount="1"/>
        <line num="144" count="1" type="cond" truecount="1" falsecount="1"/>
        <line num="147" count="5" type="cond" truecount="2" falsecount="0"/>
        <line num="148" count="1" type="stmt"/>
        <line num="151" count="5" type="cond" truecount="2" falsecount="0"/>
        <line num="152" count="1" type="stmt"/>
        <line num="155" count="5" type="stmt"/>
        <line num="163" count="26" type="cond" truecount="1" falsecount="0"/>
        <line num="164" count="2" type="stmt"/>
        <line num="166" count="2" type="stmt"/>
        <line num="172" count="2" type="stmt"/>
        <line num="202" count="2" type="stmt"/>
        <line num="204" count="2" type="cond" truecount="2" falsecount="0"/>
        <line num="207" count="2" type="cond" truecount="2" falsecount="0"/>
        <line num="210" count="2" type="cond" truecount="1" falsecount="1"/>
        <line num="211" count="0" type="stmt"/>
        <line num="212" count="2" type="cond" truecount="1" falsecount="1"/>
        <line num="213" count="0" type="stmt"/>
        <line num="216" count="2" type="cond" truecount="1" falsecount="1"/>
        <line num="217" count="0" type="stmt"/>
        <line num="218" count="2" type="cond" truecount="1" falsecount="1"/>
        <line num="219" count="0" type="stmt"/>
        <line num="223" count="2" type="stmt"/>
        <line num="224" count="2" type="cond" truecount="1" falsecount="1"/>
        <line num="225" count="2" type="stmt"/>
        <line num="232" count="2" type="stmt"/>
        <line num="233" count="2" type="cond" truecount="1" falsecount="1"/>
        <line num="234" count="2" type="cond" truecount="1" falsecount="1"/>
        <line num="235" count="2" type="cond" truecount="1" falsecount="1"/>
        <line num="236" count="2" type="cond" truecount="1" falsecount="1"/>
        <line num="239" count="2" type="stmt"/>
        <line num="240" count="2" type="cond" truecount="2" falsecount="0"/>
        <line num="243" count="2" type="stmt"/>
[...]
        <line num="77" count="0" type="stmt"/>
        <line num="78" count="0" type="stmt"/>
        <line num="79" count="0" type="stmt"/>
        <line num="80" count="0" type="stmt"/>
        <line num="84" count="0" type="stmt"/>
        <line num="85" count="0" type="stmt"/>
        <line num="86" count="0" type="stmt"/>
        <line num="87" count="0" type="stmt"/>
        <line num="91" count="0" type="cond" truecount="0" falsecount="2"/>
        <line num="92" count="0" type="cond" truecount="0" falsecount="2"/>
        <line num="93" count="0" type="cond" truecount="0" falsecount="2"/>
        <line num="94" count="0" type="stmt"/>
        <line num="95" count="0" type="stmt"/>
        <line num="97" count="0" type="stmt"/>
        <line num="100" count="0" type="cond" truecount="0" falsecount="2"/>
        <line num="101" count="0" type="cond" truecount="0" falsecount="2"/>
        <line num="102" count="0" type="stmt"/>
        <line num="104" count="0" type="stmt"/>
        <line num="114" count="0" type="cond" truecount="0" falsecount="2"/>
        <line num="115" count="0" type="stmt"/>
        <line num="118" count="0" type="cond" truecount="0" falsecount="2"/>
        <line num="119" count="0" type="stmt"/>
        <line num="122" count="0" type="stmt"/>
        <line num="123" count="0" type="stmt"/>
        <line num="125" count="0" type="cond" truecount="0" falsecount="2"/>
        <line num="126" count="0" type="stmt"/>
        <line num="127" count="0" type="cond" truecount="0" falsecount="2"/>
        <line num="128" count="0" type="stmt"/>
        <line num="132" count="0" type="stmt"/>
        <line num="135" count="0" type="stmt"/>
        <line num="137" count="0" type="stmt"/>
        <line num="139" count="0" type="cond" truecount="0" falsecount="2"/>
        <line num="140" count="0" type="cond" truecount="0" falsecount="2"/>
        <line num="141" count="0" type="stmt"/>
        <line num="143" count="0" type="stmt"/>
        <line num="144" count="0" type="cond" truecount="0" falsecount="2"/>
        <line num="145" count="0" type="stmt"/>
        <line num="150" count="0" type="stmt"/>
        <line num="152" count="0" type="cond" truecount="0" falsecount="2"/>
        <line num="153" count="0" type="stmt"/>
      </file>
      <file name="errors.js" path="/Users/marceloull/Documents/Anto/backend/utils/errors.js">
        <metrics statements="55" coveredstatements="49" conditionals="45" coveredconditionals="25" methods="19" coveredmethods="18"/>
        <line num="15" count="29" type="stmt"/>
        <line num="17" count="29" type="stmt"/>
        <line num="18" count="29" type="stmt"/>
        <line num="19" count="29" type="stmt"/>
        <line num="20" count="29" type="cond" truecount="2" falsecount="0"/>
        <line num="21" count="29" type="stmt"/>
        <line num="24" count="29" type="stmt"/>
        <line num="29" count="5" type="stmt"/>
        <line num="41" count="5" type="cond" truecount="1" falsecount="1"/>
        <line num="45" count="10" type="stmt"/>
        <line num="60" count="4" type="stmt"/>
        <line num="61" count="4" type="stmt"/>
        <line num="65" count="1" type="stmt"/>
        <line num="66" count="1" type="cond" truecount="1" falsecount="1"/>
        <line num="67" count="1" type="stmt"/>
        <line num="69" count="1" type="stmt"/>
        <line num="78" count="3" type="stmt"/>
        <line num="87" count="2" type="stmt"/>
        <line num="96" count="1" type="stmt"/>
        <line num="97" count="1" type="stmt"/>
        <line num="106" count="2" type="stmt"/>
        <line num="115" count="1" type="stmt"/>
        <line num="124" count="2" type="stmt"/>
        <line num="125" count="2" type="stmt"/>
        <line num="134" count="1" type="stmt"/>
        <line num="135" count="1" type="stmt"/>
        <line num="144" count="1" type="stmt"/>
        <line num="145" count="1" type="stmt"/>
        <line num="154" count="0" type="stmt"/>
        <line num="155" count="0" type="stmt"/>
        <line num="164" count="1" type="stmt"/>
        <line num="165" count="1" type="stmt"/>
        <line num="166" count="1" type="stmt"/>
        <line num="173" count="25" type="stmt"/>
        <line num="174" count="3" type="cond" truecount="2" falsecount="0"/>
        <line num="175" count="1" type="stmt"/>
        <line num="179" count="1" type="stmt"/>
        <line num="182" count="2" type="cond" truecount="4" falsecount="0"/>
        <line num="183" count="1" type="stmt"/>
        <line num="184" count="1" type="stmt"/>
        <line num="187" count="1" type="cond" truecount="1" falsecount="1"/>
        <line num="188" count="1" type="stmt"/>
        <line num="192" count="0" type="cond" truecount="0" falsecount="9"/>
        <line num="200" count="0" type="stmt"/>
        <line num="203" count="0" type="stmt"/>
        <line num="209" count="25" type="stmt"/>
        <line num="210" count="2" type="cond" truecount="2" falsecount="0"/>
        <line num="211" count="1" type="stmt"/>
        <line num="214" count="1" type="cond" truecount="1" falsecount="1"/>
        <line num="215" count="1" type="stmt"/>
        <line num="218" count="0" type="stmt"/>
        <line num="224" count="25" type="stmt"/>
        <line num="225" count="3" type="cond" truecount="2" falsecount="0"/>
        <line num="226" count="2" type="stmt"/>
        <line num="228" count="1" type="stmt"/>
      </file>
      <file name="logger.js" path="/Users/marceloull/Documents/Anto/backend/utils/logger.js">
        <metrics statements="52" coveredstatements="43" conditionals="47" coveredconditionals="24" methods="16" coveredmethods="14"/>
        <line num="14" count="52" type="stmt"/>
        <line num="15" count="52" type="stmt"/>
        <line num="18" count="52" type="stmt"/>
        <line num="27" count="52" type="stmt"/>
        <line num="35" count="52" type="stmt"/>
        <line num="38" count="52" type="stmt"/>
        <line num="42" count="0" type="cond" truecount="0" falsecount="2"/>
        <line num="47" count="52" type="stmt"/>
        <line num="54" count="52" type="stmt"/>
        <line num="55" count="52" type="cond" truecount="1" falsecount="1"/>
        <line num="58" count="52" type="stmt"/>
        <line num="67" count="52" type="cond" truecount="1" falsecount="1"/>
        <line num="69" count="52" type="stmt"/>
        <line num="81" count="52" type="stmt"/>
        <line num="93" count="52" type="stmt"/>
        <line num="104" count="52" type="cond" truecount="1" falsecount="1"/>
        <line num="105" count="0" type="stmt"/>
        <line num="119" count="52" type="stmt"/>
        <line num="129" count="52" type="stmt"/>
        <line num="130" count="10" type="cond" truecount="1" falsecount="1"/>
        <line num="132" count="10" type="stmt"/>
        <line num="143" count="52" type="stmt"/>
        <line num="144" count="268" type="cond" truecount="3" falsecount="1"/>
        <line num="146" count="268" type="stmt"/>
        <line num="147" count="268" type="stmt"/>
        <line num="149" count="268" type="stmt"/>
        <line num="150" count="1220" type="cond" truecount="2" falsecount="0"/>
        <line num="151" count="4" type="stmt"/>
        <line num="152" count="202" type="cond" truecount="4" falsecount="0"/>
        <line num="153" count="13" type="stmt"/>
        <line num="157" count="268" type="stmt"/>
        <line num="161" count="52" type="stmt"/>
        <line num="164" count="11" type="stmt"/>
        <line num="168" count="15" type="stmt"/>
        <line num="172" count="164" type="stmt"/>
        <line num="176" count="1" type="stmt"/>
        <line num="180" count="55" type="stmt"/>
        <line num="185" count="1" type="stmt"/>
        <line num="186" count="1" type="stmt"/>
        <line num="191" count="9" type="stmt"/>
        <line num="192" count="9" type="stmt"/>
        <line num="205" count="1" type="stmt"/>
        <line num="210" count="1" type="stmt"/>
        <line num="215" count="1" type="stmt"/>
        <line num="220" count="6" type="stmt"/>
        <line num="225" count="0" type="stmt"/>
        <line num="228" count="0" type="cond" truecount="0" falsecount="4"/>
        <line num="229" count="0" type="stmt"/>
        <line num="230" count="0" type="stmt"/>
        <line num="231" count="0" type="cond" truecount="0" falsecount="2"/>
        <line num="232" count="0" type="stmt"/>
        <line num="234" count="0" type="stmt"/>
      </file>
      <file name="mercadopagoPaymentApi.js" path="/Users/marceloull/Documents/Anto/backend/utils/mercadopagoPaymentApi.js">
        <metrics statements="13" coveredstatements="0" conditionals="8" coveredconditionals="0" methods="1" coveredmethods="0"/>
        <line num="11" count="0" type="stmt"/>
        <line num="12" count="0" type="cond" truecount="0" falsecount="4"/>
        <line num="13" count="0" type="stmt"/>
        <line num="16" count="0" type="stmt"/>
        <line num="17" count="0" type="stmt"/>
        <line num="18" count="0" type="stmt"/>
        <line num="25" count="0" type="cond" truecount="0" falsecount="2"/>
        <line num="26" count="0" type="stmt"/>
        <line num="30" count="0" type="stmt"/>
        <line num="33" count="0" type="stmt"/>
        <line num="34" count="0" type="stmt"/>
        <line num="41" count="0" type="stmt"/>
        <line num="45" count="0" type="stmt"/>
      </file>
      <file name="mercadopagoWebhookSignature.js" path="/Users/marceloull/Documents/Anto/backend/utils/mercadopagoWebhookSignature.js">
        <metrics statements="32" coveredstatements="27" conditionals="37" coveredconditionals="30" methods="2" coveredmethods="2"/>
        <line num="13" count="3" type="cond" truecount="3" falsecount="1"/>
        <line num="14" count="3" type="cond" truecount="4" falsecount="0"/>
        <line num="15" count="2" type="cond" truecount="2" falsecount="0"/>
        <line num="16" count="1" type="stmt"/>
        <line num="35" count="2" type="cond" truecount="5" falsecount="1"/>
        <line num="36" count="0" type="stmt"/>
        <line num="39" count="2" type="stmt"/>
        <line num="42" count="2" type="stmt"/>
        <line num="43" count="4" type="stmt"/>
        <line num="44" count="4" type="cond" truecount="1" falsecount="1"/>
        <line num="45" count="4" type="stmt"/>
        <line num="46" count="4" type="stmt"/>
        <line num="47" count="4" type="cond" truecount="2" falsecount="0"/>
        <line num="48" count="4" type="cond" truecount="2" falsecount="0"/>
        <line num="51" count="2" type="cond" truecount="3" falsecount="1"/>
        <line num="52" count="0" type="stmt"/>
        <line num="55" count="2" type="stmt"/>
        <line num="56" count="2" type="cond" truecount="1" falsecount="1"/>
        <line num="57" count="0" type="stmt"/>
        <line num="60" count="2" type="stmt"/>
        <line num="61" count="2" type="cond" truecount="2" falsecount="0"/>
        <line num="62" count="1" type="stmt"/>
        <line num="65" count="1" type="stmt"/>
        <line num="66" count="1" type="stmt"/>
        <line num="68" count="1" type="stmt"/>
        <line num="69" count="1" type="stmt"/>
        <line num="70" count="1" type="stmt"/>
        <line num="71" count="1" type="cond" truecount="3" falsecount="1"/>
        <line num="72" count="0" type="stmt"/>
        <line num="74" count="1" type="stmt"/>
        <line num="75" count="1" type="cond" truecount="1" falsecount="1"/>
        <line num="77" count="0" type="stmt"/>
      </file>
      <file name="pagination.js" path="/Users/marceloull/Documents/Anto/backend/utils/pagination.js">
        <metrics statements="45" coveredstatements="30" conditionals="50" coveredconditionals="28" methods="4" coveredmethods="4"/>
        <line num="29" count="4" type="stmt"/>
        <line num="31" count="4" type="stmt"/>
        <line num="33" count="4" type="cond" truecount="1" falsecount="1"/>
        <line num="35" count="0" type="stmt"/>
        <line num="36" count="0" type="cond" truecount="0" falsecount="2"/>
        <line num="38" count="0" type="stmt"/>
        <line num="39" count="0" type="stmt"/>
        <line num="41" count="0" type="cond" truecount="0" falsecount="2"/>
        <line num="43" count="0" type="cond" truecount="0" falsecount="2"/>
        <line num="48" count="0" type="stmt"/>
        <line num="49" count="0" type="stmt"/>
        <line num="63" count="4" type="stmt"/>
        <line num="65" count="4" type="stmt"/>
        <line num="67" count="4" type="cond" truecount="1" falsecount="1"/>
        <line num="68" count="0" type="stmt"/>
        <line num="71" count="4" type="stmt"/>
        <line num="74" count="4" type="stmt"/>
        <line num="75" count="4" type="cond" truecount="2" falsecount="0"/>
        <line num="78" count="4" type="cond" truecount="4" falsecount="0"/>
        <line num="82" count="4" type="stmt"/>
        <line num="89" count="0" type="stmt"/>
        <line num="90" count="0" type="stmt"/>
        <line num="113" count="4" type="stmt"/>
        <line num="114" count="4" type="stmt"/>
        <line num="116" count="4" type="stmt"/>
        <line num="118" count="4" type="cond" truecount="2" falsecount="0"/>
        <line num="119" count="1" type="stmt"/>
        <line num="122" count="4" type="stmt"/>
        <line num="127" count="4" type="stmt"/>
        <line num="139" count="0" type="stmt"/>
        <line num="140" count="0" type="stmt"/>
        <line num="159" count="4" type="cond" truecount="2" falsecount="0"/>
        <line num="160" count="1" type="stmt"/>
        <line num="163" count="3" type="stmt"/>
        <line num="164" count="3" type="stmt"/>
        <line num="165" count="3" type="cond" truecount="2" falsecount="0"/>
        <line num="167" count="0" type="stmt"/>
        <line num="168" count="0" type="stmt"/>
        <line num="195" count="3" type="stmt"/>
        <line num="198" count="3" type="cond" truecount="2" falsecount="0"/>
        <line num="202" count="3" type="cond" truecount="2" falsecount="0"/>
        <line num="203" count="2" type="stmt"/>
        <line num="212" count="2" type="stmt"/>
        <line num="222" count="1" type="stmt"/>
        <line num="231" count="1" type="stmt"/>
      </file>
      <file name="sentry.js" path="/Users/marceloull/Documents/Anto/backend/utils/sentry.js">
        <metrics statements="81" coveredstatements="24" conditionals="56" coveredconditionals="12" methods="12" coveredmethods="7"/>
        <line num="14" count="29" type="stmt"/>
        <line num="21" count="29" type="cond" truecount="0" falsecount="1"/>
        <line num="23" count="23" type="cond" truecount="3" falsecount="1"/>
        <line num="24" count="23" type="stmt"/>
        <line num="25" count="23" type="stmt"/>
        <line num="28" count="0" type="stmt"/>
        <line num="29" count="0" type="cond" truecount="0" falsecount="2"/>
        <line num="30" count="0" type="stmt"/>
        <line num="31" count="0" type="stmt"/>
        <line num="34" count="0" type="stmt"/>
        <line num="35" count="0" type="stmt"/>
        <line num="40" count="0" type="cond" truecount="0" falsecount="2"/>
        <line num="41" count="0" type="stmt"/>
        <line num="45" count="0" type="stmt"/>
        <line num="46" count="0" type="stmt"/>
        <line num="48" count="0" type="stmt"/>
        <line num="51" count="0" type="stmt"/>
        <line num="59" count="0" type="cond" truecount="0" falsecount="2"/>
        <line num="60" count="0" type="cond" truecount="0" falsecount="2"/>
        <line num="61" count="0" type="stmt"/>
        <line num="62" count="0" type="stmt"/>
        <line num="63" count="0" type="stmt"/>
        <line num="65" count="0" type="cond" truecount="0" falsecount="2"/>
        <line num="67" count="0" type="stmt"/>
        <line num="72" count="0" type="cond" truecount="0" falsecount="2"/>
        <line num="73" count="0" type="stmt"/>
        <line num="80" count="0" type="stmt"/>
        <line num="84" count="0" type="cond" truecount="0" falsecount="2"/>
        <line num="86" count="0" type="stmt"/>
        <line num="88" count="0" type="stmt"/>
        <line num="92" count="0" type="stmt"/>
        <line num="93" count="0" type="stmt"/>
        <line num="95" count="0" type="stmt"/>
        <line num="105" count="29" type="cond" truecount="1" falsecount="0"/>
        <line num="106" count="2" type="cond" truecount="1" falsecount="1"/>
        <line num="107" count="2" type="stmt"/>
        <line num="110" count="0" type="stmt"/>
        <line num="111" count="0" type="stmt"/>
        <line num="115" count="0" type="stmt"/>
        <line num="126" count="29" type="cond" truecount="2" falsecount="0"/>
        <line num="127" count="2" type="cond" truecount="1" falsecount="1"/>
        <line num="128" count="2" type="stmt"/>
        <line num="131" count="0" type="stmt"/>
        <line num="132" count="0" type="stmt"/>
        <line num="137" count="0" type="stmt"/>
        <line num="146" count="29" type="stmt"/>
        <line num="147" count="1" type="cond" truecount="1" falsecount="1"/>
        <line num="148" count="1" type="stmt"/>
        <line num="151" count="0" type="stmt"/>
        <line num="152" count="0" type="stmt"/>
        <line num="158" count="0" type="stmt"/>
        <line num="165" count="29" type="stmt"/>
        <line num="166" count="1" type="cond" truecount="1" falsecount="1"/>
        <line num="167" count="1" type="stmt"/>
        <line num="170" count="0" type="stmt"/>
        <line num="171" count="0" type="stmt"/>
        <line num="173" count="0" type="stmt"/>
        <line num="183" count="29" type="stmt"/>
        <line num="184" count="1" type="cond" truecount="1" falsecount="1"/>
        <line num="185" count="1" type="stmt"/>
        <line num="188" count="0" type="stmt"/>
        <line num="189" count="0" type="stmt"/>
        <line num="191" count="0" type="stmt"/>
        <line num="200" count="29" type="stmt"/>
        <line num="201" count="1" type="cond" truecount="1" falsecount="1"/>
        <line num="202" count="1" type="stmt"/>
        <line num="205" count="0" type="stmt"/>
        <line num="206" count="0" type="stmt"/>
        <line num="211" count="0" type="stmt"/>
        <line num="221" count="29" type="stmt"/>
        <line num="222" count="0" type="cond" truecount="0" falsecount="4"/>
        <line num="223" count="0" type="stmt"/>
        <line num="226" count="0" type="stmt"/>
        <line num="241" count="0" type="cond" truecount="0" falsecount="2"/>
        <line num="243" count="0" type="stmt"/>
        <line num="244" count="0" type="cond" truecount="0" falsecount="2"/>
        <line num="245" count="0" type="stmt"/>
        <line num="246" count="0" type="cond" truecount="0" falsecount="4"/>
        <line num="247" count="0" type="stmt"/>
        <line num="251" count="0" type="stmt"/>
        <line num="262" count="0" type="stmt"/>
      </file>
      <file name="withTimeout.js" path="/Users/marceloull/Documents/Anto/backend/utils/withTimeout.js">
        <metrics statements="11" coveredstatements="10" conditionals="11" coveredconditionals="7" methods="3" coveredmethods="2"/>
        <line num="13" count="5" type="stmt"/>
        <line num="14" count="5" type="cond" truecount="3" falsecount="1"/>
        <line num="15" count="0" type="stmt"/>
        <line num="18" count="5" type="cond" truecount="1" falsecount="1"/>
        <line num="20" count="5" type="cond" truecount="2" falsecount="0"/>
        <line num="24" count="5" type="stmt"/>
        <line num="26" count="5" type="stmt"/>
        <line num="27" count="5" type="stmt"/>
        <line num="30" count="5" type="stmt"/>
        <line num="32" count="5" type="stmt"/>
        <line num="36" count="5" type="cond" truecount="1" falsecount="1"/>
      </file>
    </package>
  </project>
</coverage>
