<?xml version="1.0" encoding="UTF-8"?>
<testsuites name="jest tests" tests="2" failures="0" errors="0" time="0.271">
  <testsuite name="userSummaryService period helpers" errors="0" failures="0" skipped="0" timestamp="2026-04-21T20:59:10" time="0.259" tests="2">
    <testcase classname="userSummaryService period helpers calendarWeekRangeFromAnchor: semana lunes–domingo que contiene un martes" name="userSummaryService period helpers calendarWeekRangeFromAnchor: semana lunes–domingo que contiene un martes" time="0.002">
    </testcase>
    <testcase classname="userSummaryService period helpers calendarMonthRange: abril 2026" name="userSummaryService period helpers calendarMonthRange: abril 2026" time="0.001">
    </testcase>
  </testsuite>
</testsuites>