<?xml version="1.0" encoding="UTF-8"?>
<testsuites name="jest tests" tests="5" failures="0" errors="0" time="0.74">
  <testsuite name="prompt regression golden (#119)" errors="0" failures="0" skipped="0" timestamp="2026-05-05T22:42:36" time="0.718" tests="5">
    <testcase classname="prompt regression golden (#119) BASE_ASSISTANT_PROMPT mantiene anclas de seguridad y anti-minimización en crisis" name="prompt regression golden (#119) BASE_ASSISTANT_PROMPT mantiene anclas de seguridad y anti-minimización en crisis" time="0.002">
    </testcase>
    <testcase classname="prompt regression golden (#119) caso vnp_high_intensity" name="prompt regression golden (#119) caso vnp_high_intensity" time="0.002">
    </testcase>
    <testcase classname="prompt regression golden (#119) caso low_confidence_clarify" name="prompt regression golden (#119) caso low_confidence_clarify" time="0.001">
    </testcase>
    <testcase classname="prompt regression golden (#119) caso understanding_non_baseline" name="prompt regression golden (#119) caso understanding_non_baseline" time="0">
    </testcase>
    <testcase classname="prompt regression golden (#119) caso crisis_medium_prepended" name="prompt regression golden (#119) caso crisis_medium_prepended" time="0.001">
    </testcase>
  </testsuite>
</testsuites>