<?xml version="1.0" encoding="UTF-8"?>
<testsuites name="jest tests" tests="889" failures="30" errors="0" time="339.354">
  <testsuite name="Subscription Model" errors="0" failures="0" skipped="0" timestamp="2026-03-25T13:40:16" time="1.784" tests="26">
    <testcase classname="Subscription Model Validaciones debe crear una suscripción válida" name="Subscription Model Validaciones debe crear una suscripción válida" time="0.07">
    </testcase>
    <testcase classname="Subscription Model Validaciones debe requerir userId" name="Subscription Model Validaciones debe requerir userId" time="0.011">
    </testcase>
    <testcase classname="Subscription Model Validaciones debe validar plan enum" name="Subscription Model Validaciones debe validar plan enum" time="0.01">
    </testcase>
    <testcase classname="Subscription Model Validaciones debe validar status enum" name="Subscription Model Validaciones debe validar status enum" time="0.003">
    </testcase>
    <testcase classname="Subscription Model Estructura del modelo debe tener campos de Mercado Pago" name="Subscription Model Estructura del modelo debe tener campos de Mercado Pago" time="0.006">
    </testcase>
    <testcase classname="Subscription Model Estructura del modelo debe tener campos de trial" name="Subscription Model Estructura del modelo debe tener campos de trial" time="0.012">
    </testcase>
    <testcase classname="Subscription Model Virtual properties isActive debe retornar true para suscripción activa" name="Subscription Model Virtual properties isActive debe retornar true para suscripción activa" time="0.007">
    </testcase>
    <testcase classname="Subscription Model Virtual properties isActive debe retornar false para suscripción cancelada" name="Subscription Model Virtual properties isActive debe retornar false para suscripción cancelada" time="0.002">
    </testcase>
    <testcase classname="Subscription Model Virtual properties daysRemaining debe calcular días restantes correctamente" name="Subscription Model Virtual properties daysRemaining debe calcular días restantes correctamente" time="0.002">
    </testcase>
    <testcase classname="Subscription Model Virtual properties daysRemaining debe retornar 0 si no hay currentPeriodEnd" name="Subscription Model Virtual properties daysRemaining debe retornar 0 si no hay currentPeriodEnd" time="0.002">
    </testcase>
    <testcase classname="Subscription Model Virtual properties isInTrial debe retornar true para trial activo" name="Subscription Model Virtual properties isInTrial debe retornar true para trial activo" time="0.005">
    </testcase>
    <testcase classname="Subscription Model Virtual properties isInTrial debe retornar false si no hay trialStart" name="Subscription Model Virtual properties isInTrial debe retornar false si no hay trialStart" time="0.003">
    </testcase>
    <testcase classname="Subscription Model Virtual properties isInTrial debe retornar false si el trial expiró" name="Subscription Model Virtual properties isInTrial debe retornar false si el trial expiró" time="0.002">
    </testcase>
    <testcase classname="Subscription Model Virtual properties isActive debe retornar false si el período expiró" name="Subscription Model Virtual properties isActive debe retornar false si el período expiró" time="0.003">
    </testcase>
    <testcase classname="Subscription Model Métodos de instancia debe tener método cancel" name="Subscription Model Métodos de instancia debe tener método cancel" time="0.002">
    </testcase>
    <testcase classname="Subscription Model Métodos de instancia cancel debe cancelar al final del período por defecto" name="Subscription Model Métodos de instancia cancel debe cancelar al final del período por defecto" time="0.031">
    </testcase>
    <testcase classname="Subscription Model Métodos de instancia cancel debe cancelar inmediatamente si se especifica" name="Subscription Model Métodos de instancia cancel debe cancelar inmediatamente si se especifica" time="0.034">
    </testcase>
    <testcase classname="Subscription Model Métodos de instancia debe tener método reactivate" name="Subscription Model Métodos de instancia debe tener método reactivate" time="0.002">
    </testcase>
    <testcase classname="Subscription Model Métodos de instancia reactivate debe reactivar una suscripción cancelada" name="Subscription Model Métodos de instancia reactivate debe reactivar una suscripción cancelada" time="0.011">
    </testcase>
    <testcase classname="Subscription Model Métodos estáticos debe tener método findActiveByUserId" name="Subscription Model Métodos estáticos debe tener método findActiveByUserId" time="0.001">
    </testcase>
    <testcase classname="Subscription Model Métodos estáticos debe tener método findExpiringSoon" name="Subscription Model Métodos estáticos debe tener método findExpiringSoon" time="0.002">
    </testcase>
    <testcase classname="Subscription Model Métodos estáticos findActiveByUserId debe retornar null sin suscripciones" name="Subscription Model Métodos estáticos findActiveByUserId debe retornar null sin suscripciones" time="0.012">
    </testcase>
    <testcase classname="Subscription Model Métodos estáticos findActiveByUserId debe encontrar suscripción activa" name="Subscription Model Métodos estáticos findActiveByUserId debe encontrar suscripción activa" time="0.029">
    </testcase>
    <testcase classname="Subscription Model Métodos estáticos findActiveByUserId debe encontrar suscripción en trial" name="Subscription Model Métodos estáticos findActiveByUserId debe encontrar suscripción en trial" time="0.012">
    </testcase>
    <testcase classname="Subscription Model Métodos estáticos findExpiringSoon debe retornar array vacío sin suscripciones" name="Subscription Model Métodos estáticos findExpiringSoon debe retornar array vacío sin suscripciones" time="0.02">
    </testcase>
    <testcase classname="Subscription Model Métodos estáticos findExpiringSoon debe encontrar suscripciones que expiran pronto" name="Subscription Model Métodos estáticos findExpiringSoon debe encontrar suscripciones que expiran pronto" time="0.013">
    </testcase>
  </testsuite>
  <testsuite name="Transaction Model" errors="0" failures="0" skipped="0" timestamp="2026-03-25T13:40:16" time="1.973" tests="25">
    <testcase classname="Transaction Model Validaciones debe crear una transacción válida" name="Transaction Model Validaciones debe crear una transacción válida" time="0.073">
    </testcase>
    <testcase classname="Transaction Model Validaciones debe requerir userId" name="Transaction Model Validaciones debe requerir userId" time="0.013">
    </testcase>
    <testcase classname="Transaction Model Validaciones debe requerir amount" name="Transaction Model Validaciones debe requerir amount" time="0.02">
    </testcase>
    <testcase classname="Transaction Model Validaciones debe validar status enum" name="Transaction Model Validaciones debe validar status enum" time="0.011">
    </testcase>
    <testcase classname="Transaction Model Validaciones debe validar type enum" name="Transaction Model Validaciones debe validar type enum" time="0.01">
    </testcase>
    <testcase classname="Transaction Model Validaciones debe validar paymentMethod enum" name="Transaction Model Validaciones debe validar paymentMethod enum" time="0.005">
    </testcase>
    <testcase classname="Transaction Model Validaciones debe validar paymentProvider enum" name="Transaction Model Validaciones debe validar paymentProvider enum" time="0.005">
    </testcase>
    <testcase classname="Transaction Model Validaciones debe validar amount mínimo" name="Transaction Model Validaciones debe validar amount mínimo" time="0.007">
    </testcase>
    <testcase classname="Transaction Model Estructura del modelo debe tener campos de proveedor de pago" name="Transaction Model Estructura del modelo debe tener campos de proveedor de pago" time="0.005">
    </testcase>
    <testcase classname="Transaction Model Estructura del modelo debe tener valores por defecto" name="Transaction Model Estructura del modelo debe tener valores por defecto" time="0.006">
    </testcase>
    <testcase classname="Transaction Model Estructura del modelo debe guardar y recuperar una transacción" name="Transaction Model Estructura del modelo debe guardar y recuperar una transacción" time="0.021">
    </testcase>
    <testcase classname="Transaction Model Estructura del modelo debe aceptar todos los tipos de transacción válidos" name="Transaction Model Estructura del modelo debe aceptar todos los tipos de transacción válidos" time="0.009">
    </testcase>
    <testcase classname="Transaction Model Estructura del modelo debe aceptar todos los estados válidos" name="Transaction Model Estructura del modelo debe aceptar todos los estados válidos" time="0.015">
    </testcase>
    <testcase classname="Transaction Model Estructura del modelo debe aceptar todos los métodos de pago válidos" name="Transaction Model Estructura del modelo debe aceptar todos los métodos de pago válidos" time="0.012">
    </testcase>
    <testcase classname="Transaction Model Estructura del modelo debe aceptar todos los proveedores válidos" name="Transaction Model Estructura del modelo debe aceptar todos los proveedores válidos" time="0.006">
    </testcase>
    <testcase classname="Transaction Model Estructura del modelo debe aceptar todos los planes válidos" name="Transaction Model Estructura del modelo debe aceptar todos los planes válidos" time="0.007">
    </testcase>
    <testcase classname="Transaction Model Estructura del modelo debe guardar metadata adicional" name="Transaction Model Estructura del modelo debe guardar metadata adicional" time="0.006">
    </testcase>
    <testcase classname="Transaction Model Métodos estáticos debe tener método getUserTransactions" name="Transaction Model Métodos estáticos debe tener método getUserTransactions" time="0.005">
    </testcase>
    <testcase classname="Transaction Model Métodos estáticos debe tener método getTransactionStats" name="Transaction Model Métodos estáticos debe tener método getTransactionStats" time="0.025">
    </testcase>
    <testcase classname="Transaction Model Métodos estáticos getUserTransactions debe retornar array vacío sin transacciones" name="Transaction Model Métodos estáticos getUserTransactions debe retornar array vacío sin transacciones" time="0.017">
    </testcase>
    <testcase classname="Transaction Model Métodos estáticos getUserTransactions debe filtrar por status" name="Transaction Model Métodos estáticos getUserTransactions debe filtrar por status" time="0.025">
    </testcase>
    <testcase classname="Transaction Model Métodos estáticos getUserTransactions debe filtrar por type" name="Transaction Model Métodos estáticos getUserTransactions debe filtrar por type" time="0.019">
    </testcase>
    <testcase classname="Transaction Model Métodos estáticos getTransactionStats debe retornar estadísticas vacías sin transacciones" name="Transaction Model Métodos estáticos getTransactionStats debe retornar estadísticas vacías sin transacciones" time="0.016">
    </testcase>
    <testcase classname="Transaction Model Métodos estáticos getTransactionStats debe calcular estadísticas correctamente" name="Transaction Model Métodos estáticos getTransactionStats debe calcular estadísticas correctamente" time="0.127">
    </testcase>
    <testcase classname="Transaction Model Métodos estáticos getTransactionStats debe filtrar por fecha" name="Transaction Model Métodos estáticos getTransactionStats debe filtrar por fecha" time="0.007">
    </testcase>
  </testsuite>
  <testsuite name="CrisisEvent Model" errors="0" failures="0" skipped="0" timestamp="2026-03-25T13:40:16" time="1.985" tests="22">
    <testcase classname="CrisisEvent Model debe crear y guardar un evento de crisis exitosamente" name="CrisisEvent Model debe crear y guardar un evento de crisis exitosamente" time="0.146">
    </testcase>
    <testcase classname="CrisisEvent Model no debe guardar un evento sin userId" name="CrisisEvent Model no debe guardar un evento sin userId" time="0.018">
    </testcase>
    <testcase classname="CrisisEvent Model no debe guardar un evento sin riskLevel" name="CrisisEvent Model no debe guardar un evento sin riskLevel" time="0.014">
    </testcase>
    <testcase classname="CrisisEvent Model debe validar que el riskLevel sea válido" name="CrisisEvent Model debe validar que el riskLevel sea válido" time="0.021">
    </testcase>
    <testcase classname="CrisisEvent Model debe tener valores por defecto correctos" name="CrisisEvent Model debe tener valores por defecto correctos" time="0.023">
    </testcase>
    <testcase classname="CrisisEvent Model debe marcar alertas como enviadas" name="CrisisEvent Model debe marcar alertas como enviadas" time="0.079">
    </testcase>
    <testcase classname="CrisisEvent Model debe marcar seguimiento como completado" name="CrisisEvent Model debe marcar seguimiento como completado" time="0.035">
    </testcase>
    <testcase classname="CrisisEvent Model debe establecer resolvedAt cuando se resuelve" name="CrisisEvent Model debe establecer resolvedAt cuando se resuelve" time="0.036">
    </testcase>
    <testcase classname="CrisisEvent Model Métodos de instancia debe tener método markAsResolved" name="CrisisEvent Model Métodos de instancia debe tener método markAsResolved" time="0.009">
    </testcase>
    <testcase classname="CrisisEvent Model Métodos de instancia markAsResolved debe marcar como resuelto" name="CrisisEvent Model Métodos de instancia markAsResolved debe marcar como resuelto" time="0.015">
    </testcase>
    <testcase classname="CrisisEvent Model Métodos de instancia debe tener método scheduleFollowUp" name="CrisisEvent Model Métodos de instancia debe tener método scheduleFollowUp" time="0.019">
    </testcase>
    <testcase classname="CrisisEvent Model Métodos de instancia scheduleFollowUp debe programar seguimiento" name="CrisisEvent Model Métodos de instancia scheduleFollowUp debe programar seguimiento" time="0.014">
    </testcase>
    <testcase classname="CrisisEvent Model Métodos de instancia scheduleFollowUp debe usar horas por defecto de 24" name="CrisisEvent Model Métodos de instancia scheduleFollowUp debe usar horas por defecto de 24" time="0.016">
    </testcase>
    <testcase classname="CrisisEvent Model Métodos estáticos debe tener método getRecentCrises" name="CrisisEvent Model Métodos estáticos debe tener método getRecentCrises" time="0.006">
    </testcase>
    <testcase classname="CrisisEvent Model Métodos estáticos getRecentCrises debe retornar array vacío sin crisis" name="CrisisEvent Model Métodos estáticos getRecentCrises debe retornar array vacío sin crisis" time="0.007">
    </testcase>
    <testcase classname="CrisisEvent Model Métodos estáticos getRecentCrises debe retornar crisis recientes" name="CrisisEvent Model Métodos estáticos getRecentCrises debe retornar crisis recientes" time="0.008">
    </testcase>
    <testcase classname="CrisisEvent Model Métodos estáticos getRecentCrises debe filtrar por días" name="CrisisEvent Model Métodos estáticos getRecentCrises debe filtrar por días" time="0.007">
    </testcase>
    <testcase classname="CrisisEvent Model Métodos estáticos debe tener método getPendingFollowUps" name="CrisisEvent Model Métodos estáticos debe tener método getPendingFollowUps" time="0.007">
    </testcase>
    <testcase classname="CrisisEvent Model Métodos estáticos getPendingFollowUps debe retornar array vacío sin seguimientos pendientes" name="CrisisEvent Model Métodos estáticos getPendingFollowUps debe retornar array vacío sin seguimientos pendientes" time="0.007">
    </testcase>
    <testcase classname="CrisisEvent Model Métodos estáticos getPendingFollowUps debe retornar seguimientos pendientes" name="CrisisEvent Model Métodos estáticos getPendingFollowUps debe retornar seguimientos pendientes" time="0.014">
    </testcase>
    <testcase classname="CrisisEvent Model Métodos estáticos getPendingFollowUps no debe retornar seguimientos completados" name="CrisisEvent Model Métodos estáticos getPendingFollowUps no debe retornar seguimientos completados" time="0.005">
    </testcase>
    <testcase classname="CrisisEvent Model Métodos estáticos getRecentCrises debe ordenar por fecha descendente" name="CrisisEvent Model Métodos estáticos getRecentCrises debe ordenar por fecha descendente" time="0.008">
    </testcase>
  </testsuite>
  <testsuite name="Habit Model" errors="0" failures="0" skipped="0" timestamp="2026-03-25T13:40:16" time="2.138" tests="33">
    <testcase classname="Habit Model Validaciones debe crear un hábito válido" name="Habit Model Validaciones debe crear un hábito válido" time="0.052">
    </testcase>
    <testcase classname="Habit Model Validaciones debe requerir userId" name="Habit Model Validaciones debe requerir userId" time="0.005">
    </testcase>
    <testcase classname="Habit Model Validaciones debe requerir title" name="Habit Model Validaciones debe requerir title" time="0.008">
    </testcase>
    <testcase classname="Habit Model Validaciones debe requerir icon" name="Habit Model Validaciones debe requerir icon" time="0.018">
    </testcase>
    <testcase classname="Habit Model Validaciones debe validar frequency enum" name="Habit Model Validaciones debe validar frequency enum" time="0.015">
    </testcase>
    <testcase classname="Habit Model Validaciones debe validar icon enum" name="Habit Model Validaciones debe validar icon enum" time="0.003">
    </testcase>
    <testcase classname="Habit Model Validaciones debe validar longitud máxima de title" name="Habit Model Validaciones debe validar longitud máxima de title" time="0.007">
    </testcase>
    <testcase classname="Habit Model Estructura del modelo debe tener progress como objeto" name="Habit Model Estructura del modelo debe tener progress como objeto" time="0.005">
    </testcase>
    <testcase classname="Habit Model Estructura del modelo debe tener reminder como objeto" name="Habit Model Estructura del modelo debe tener reminder como objeto" time="0.007">
    </testcase>
    <testcase classname="Habit Model Estructura del modelo debe generar id único automáticamente" name="Habit Model Estructura del modelo debe generar id único automáticamente" time="0.008">
    </testcase>
    <testcase classname="Habit Model Métodos de instancia debe marcar hábito como completado" name="Habit Model Métodos de instancia debe marcar hábito como completado" time="0.041">
    </testcase>
    <testcase classname="Habit Model Métodos de instancia debe desmarcar hábito como completado si ya estaba completado" name="Habit Model Métodos de instancia debe desmarcar hábito como completado si ya estaba completado" time="0.015">
    </testcase>
    <testcase classname="Habit Model Métodos de instancia debe verificar si debe notificar" name="Habit Model Métodos de instancia debe verificar si debe notificar" time="0.006">
    </testcase>
    <testcase classname="Habit Model Métodos de instancia no debe notificar si está archivado" name="Habit Model Métodos de instancia no debe notificar si está archivado" time="0.011">
    </testcase>
    <testcase classname="Habit Model Métodos de instancia debe hacer soft delete" name="Habit Model Métodos de instancia debe hacer soft delete" time="0.014">
    </testcase>
    <testcase classname="Habit Model Métodos de instancia debe restaurar hábito eliminado" name="Habit Model Métodos de instancia debe restaurar hábito eliminado" time="0.014">
    </testcase>
    <testcase classname="Habit Model Métodos de instancia debe alternar estado de archivado" name="Habit Model Métodos de instancia debe alternar estado de archivado" time="0.02">
    </testcase>
    <testcase classname="Habit Model Métodos de instancia shouldNotify debe retornar false si reminder está deshabilitado" name="Habit Model Métodos de instancia shouldNotify debe retornar false si reminder está deshabilitado" time="0.017">
    </testcase>
    <testcase classname="Habit Model Propiedades virtuales debe calcular completionRate correctamente" name="Habit Model Propiedades virtuales debe calcular completionRate correctamente" time="0.007">
    </testcase>
    <testcase classname="Habit Model Propiedades virtuales debe retornar 0 para completionRate si totalDays es 0" name="Habit Model Propiedades virtuales debe retornar 0 para completionRate si totalDays es 0" time="0.008">
    </testcase>
    <testcase classname="Habit Model Propiedades virtuales debe calcular daysSinceLastCompleted correctamente" name="Habit Model Propiedades virtuales debe calcular daysSinceLastCompleted correctamente" time="0.008">
    </testcase>
    <testcase classname="Habit Model Propiedades virtuales debe retornar null para daysSinceLastCompleted si no hay lastCompleted" name="Habit Model Propiedades virtuales debe retornar null para daysSinceLastCompleted si no hay lastCompleted" time="0.014">
    </testcase>
    <testcase classname="Habit Model Propiedades virtuales isActive debe retornar true para hábito activo" name="Habit Model Propiedades virtuales isActive debe retornar true para hábito activo" time="0.005">
    </testcase>
    <testcase classname="Habit Model Propiedades virtuales isActive debe retornar false para hábito archivado" name="Habit Model Propiedades virtuales isActive debe retornar false para hábito archivado" time="0.006">
    </testcase>
    <testcase classname="Habit Model Propiedades virtuales isActive debe retornar false para hábito eliminado" name="Habit Model Propiedades virtuales isActive debe retornar false para hábito eliminado" time="0.008">
    </testcase>
    <testcase classname="Habit Model Métodos estáticos debe tener método getStats" name="Habit Model Métodos estáticos debe tener método getStats" time="0.005">
    </testcase>
    <testcase classname="Habit Model Métodos estáticos debe tener método getActiveHabits" name="Habit Model Métodos estáticos debe tener método getActiveHabits" time="0.003">
    </testcase>
    <testcase classname="Habit Model Métodos estáticos debe tener método getOverdueHabits" name="Habit Model Métodos estáticos debe tener método getOverdueHabits" time="0.002">
    </testcase>
    <testcase classname="Habit Model Métodos estáticos getStats debe retornar estadísticas vacías sin hábitos" name="Habit Model Métodos estáticos getStats debe retornar estadísticas vacías sin hábitos" time="0.011">
    </testcase>
    <testcase classname="Habit Model Métodos estáticos getStats debe calcular estadísticas con hábitos" name="Habit Model Métodos estáticos getStats debe calcular estadísticas con hábitos" time="0.116">
    </testcase>
    <testcase classname="Habit Model Métodos estáticos getActiveHabits debe retornar array vacío sin hábitos" name="Habit Model Métodos estáticos getActiveHabits debe retornar array vacío sin hábitos" time="0.008">
    </testcase>
    <testcase classname="Habit Model Métodos estáticos getActiveHabits debe retornar solo hábitos activos" name="Habit Model Métodos estáticos getActiveHabits debe retornar solo hábitos activos" time="0.161">
    </testcase>
    <testcase classname="Habit Model Métodos estáticos getOverdueHabits debe retornar array vacío sin hábitos vencidos" name="Habit Model Métodos estáticos getOverdueHabits debe retornar array vacío sin hábitos vencidos" time="0.018">
    </testcase>
  </testsuite>
  <testsuite name="TherapeuticTechniqueUsage Model" errors="0" failures="0" skipped="0" timestamp="2026-03-25T13:40:16" time="2.172" tests="22">
    <testcase classname="TherapeuticTechniqueUsage Model Validaciones debe crear un uso de técnica válido" name="TherapeuticTechniqueUsage Model Validaciones debe crear un uso de técnica válido" time="0.045">
    </testcase>
    <testcase classname="TherapeuticTechniqueUsage Model Validaciones debe requerir userId" name="TherapeuticTechniqueUsage Model Validaciones debe requerir userId" time="0.01">
    </testcase>
    <testcase classname="TherapeuticTechniqueUsage Model Validaciones debe requerir techniqueId" name="TherapeuticTechniqueUsage Model Validaciones debe requerir techniqueId" time="0.008">
    </testcase>
    <testcase classname="TherapeuticTechniqueUsage Model Validaciones debe requerir techniqueName" name="TherapeuticTechniqueUsage Model Validaciones debe requerir techniqueName" time="0.014">
    </testcase>
    <testcase classname="TherapeuticTechniqueUsage Model Validaciones debe requerir techniqueType" name="TherapeuticTechniqueUsage Model Validaciones debe requerir techniqueType" time="0.008">
    </testcase>
    <testcase classname="TherapeuticTechniqueUsage Model Validaciones debe validar techniqueType enum" name="TherapeuticTechniqueUsage Model Validaciones debe validar techniqueType enum" time="0.014">
    </testcase>
    <testcase classname="TherapeuticTechniqueUsage Model Validaciones debe validar emotion enum" name="TherapeuticTechniqueUsage Model Validaciones debe validar emotion enum" time="0.005">
    </testcase>
    <testcase classname="TherapeuticTechniqueUsage Model Validaciones debe validar emotionalIntensityBefore rango" name="TherapeuticTechniqueUsage Model Validaciones debe validar emotionalIntensityBefore rango" time="0.004">
    </testcase>
    <testcase classname="TherapeuticTechniqueUsage Model Validaciones debe validar emotionalIntensityAfter rango" name="TherapeuticTechniqueUsage Model Validaciones debe validar emotionalIntensityAfter rango" time="0.011">
    </testcase>
    <testcase classname="TherapeuticTechniqueUsage Model Validaciones debe validar effectiveness rango" name="TherapeuticTechniqueUsage Model Validaciones debe validar effectiveness rango" time="0.006">
    </testcase>
    <testcase classname="TherapeuticTechniqueUsage Model Validaciones debe tener valores por defecto" name="TherapeuticTechniqueUsage Model Validaciones debe tener valores por defecto" time="0.007">
    </testcase>
    <testcase classname="TherapeuticTechniqueUsage Model Métodos estáticos debe tener método getUserStats" name="TherapeuticTechniqueUsage Model Métodos estáticos debe tener método getUserStats" time="0.001">
    </testcase>
    <testcase classname="TherapeuticTechniqueUsage Model Métodos estáticos debe tener método getMostUsedTechniques" name="TherapeuticTechniqueUsage Model Métodos estáticos debe tener método getMostUsedTechniques" time="0.001">
    </testcase>
    <testcase classname="TherapeuticTechniqueUsage Model Métodos estáticos getUserStats debe retornar estadísticas vacías sin datos" name="TherapeuticTechniqueUsage Model Métodos estáticos getUserStats debe retornar estadísticas vacías sin datos" time="0.089">
    </testcase>
    <testcase classname="TherapeuticTechniqueUsage Model Métodos estáticos getMostUsedTechniques debe retornar array vacío sin datos" name="TherapeuticTechniqueUsage Model Métodos estáticos getMostUsedTechniques debe retornar array vacío sin datos" time="0.016">
    </testcase>
    <testcase classname="TherapeuticTechniqueUsage Model Métodos estáticos debe tener método getStatsByEmotion" name="TherapeuticTechniqueUsage Model Métodos estáticos debe tener método getStatsByEmotion" time="0.002">
    </testcase>
    <testcase classname="TherapeuticTechniqueUsage Model Métodos estáticos getStatsByEmotion debe retornar array vacío sin datos" name="TherapeuticTechniqueUsage Model Métodos estáticos getStatsByEmotion debe retornar array vacío sin datos" time="0.013">
    </testcase>
    <testcase classname="TherapeuticTechniqueUsage Model Métodos estáticos getUserStats debe calcular estadísticas con datos" name="TherapeuticTechniqueUsage Model Métodos estáticos getUserStats debe calcular estadísticas con datos" time="0.134">
    </testcase>
    <testcase classname="TherapeuticTechniqueUsage Model Métodos estáticos getUserStats debe filtrar por rango de fechas" name="TherapeuticTechniqueUsage Model Métodos estáticos getUserStats debe filtrar por rango de fechas" time="0.114">
    </testcase>
    <testcase classname="TherapeuticTechniqueUsage Model Métodos estáticos getMostUsedTechniques debe retornar técnicas ordenadas por uso" name="TherapeuticTechniqueUsage Model Métodos estáticos getMostUsedTechniques debe retornar técnicas ordenadas por uso" time="0.11">
    </testcase>
    <testcase classname="TherapeuticTechniqueUsage Model Métodos estáticos getStatsByEmotion debe agrupar por emoción" name="TherapeuticTechniqueUsage Model Métodos estáticos getStatsByEmotion debe agrupar por emoción" time="0.111">
    </testcase>
    <testcase classname="TherapeuticTechniqueUsage Model Guardado y recuperación debe guardar y recuperar un uso de técnica" name="TherapeuticTechniqueUsage Model Guardado y recuperación debe guardar y recuperar un uso de técnica" time="0.015">
    </testcase>
  </testsuite>
  <testsuite name="Task Model" errors="0" failures="0" skipped="0" timestamp="2026-03-25T13:40:16" time="3.331" tests="53">
    <testcase classname="Task Model Validaciones debe crear una tarea válida" name="Task Model Validaciones debe crear una tarea válida" time="0.042">
    </testcase>
    <testcase classname="Task Model Validaciones debe requerir userId" name="Task Model Validaciones debe requerir userId" time="0.009">
    </testcase>
    <testcase classname="Task Model Validaciones debe requerir title" name="Task Model Validaciones debe requerir title" time="0.011">
    </testcase>
    <testcase classname="Task Model Validaciones debe requerir dueDate" name="Task Model Validaciones debe requerir dueDate" time="0.006">
    </testcase>
    <testcase classname="Task Model Validaciones debe validar status enum" name="Task Model Validaciones debe validar status enum" time="0.013">
    </testcase>
    <testcase classname="Task Model Validaciones debe validar priority enum" name="Task Model Validaciones debe validar priority enum" time="0.014">
    </testcase>
    <testcase classname="Task Model Validaciones debe validar estimatedTime máximo" name="Task Model Validaciones debe validar estimatedTime máximo" time="0.007">
    </testcase>
    <testcase classname="Task Model Validaciones debe validar estimatedTime mínimo" name="Task Model Validaciones debe validar estimatedTime mínimo" time="0.011">
    </testcase>
    <testcase classname="Task Model Validaciones debe validar progress máximo" name="Task Model Validaciones debe validar progress máximo" time="0.009">
    </testcase>
    <testcase classname="Task Model Validaciones debe validar progress mínimo" name="Task Model Validaciones debe validar progress mínimo" time="0.001">
    </testcase>
    <testcase classname="Task Model Validaciones debe validar itemType enum" name="Task Model Validaciones debe validar itemType enum" time="0.002">
    </testcase>
    <testcase classname="Task Model Validaciones debe aceptar todos los tipos de itemType válidos" name="Task Model Validaciones debe aceptar todos los tipos de itemType válidos" time="0.003">
    </testcase>
    <testcase classname="Task Model Validaciones debe validar que parentTask no sea la misma tarea" name="Task Model Validaciones debe validar que parentTask no sea la misma tarea" time="0.004">
    </testcase>
    <testcase classname="Task Model Validaciones debe validar repeat.endDate después de dueDate" name="Task Model Validaciones debe validar repeat.endDate después de dueDate" time="0.007">
    </testcase>
    <testcase classname="Task Model Estructura del modelo debe tener subtasks como array" name="Task Model Estructura del modelo debe tener subtasks como array" time="0.002">
    </testcase>
    <testcase classname="Task Model Estructura del modelo debe tener tags como array" name="Task Model Estructura del modelo debe tener tags como array" time="0.001">
    </testcase>
    <testcase classname="Task Model Estructura del modelo debe generar id único automáticamente" name="Task Model Estructura del modelo debe generar id único automáticamente" time="0.003">
    </testcase>
    <testcase classname="Task Model Métodos de instancia debe marcar tarea como completada" name="Task Model Métodos de instancia debe marcar tarea como completada" time="0.015">
    </testcase>
    <testcase classname="Task Model Métodos de instancia no debe permitir marcar recordatorio como completado" name="Task Model Métodos de instancia no debe permitir marcar recordatorio como completado" time="0.016">
    </testcase>
    <testcase classname="Task Model Métodos de instancia debe marcar tarea como en progreso" name="Task Model Métodos de instancia debe marcar tarea como en progreso" time="0.026">
    </testcase>
    <testcase classname="Task Model Métodos de instancia no debe permitir marcar recordatorio como en progreso" name="Task Model Métodos de instancia no debe permitir marcar recordatorio como en progreso" time="0.005">
    </testcase>
    <testcase classname="Task Model Métodos de instancia debe cancelar tarea" name="Task Model Métodos de instancia debe cancelar tarea" time="0.014">
    </testcase>
    <testcase classname="Task Model Métodos de instancia debe agregar subtarea" name="Task Model Métodos de instancia debe agregar subtarea" time="0.085">
    </testcase>
    <testcase classname="Task Model Métodos de instancia debe completar subtarea" name="Task Model Métodos de instancia debe completar subtarea" time="0.026">
    </testcase>
    <testcase classname="Task Model Métodos de instancia debe lanzar error al completar subtarea con índice inválido" name="Task Model Métodos de instancia debe lanzar error al completar subtarea con índice inválido" time="0.01">
    </testcase>
    <testcase classname="Task Model Métodos de instancia debe hacer soft delete" name="Task Model Métodos de instancia debe hacer soft delete" time="0.008">
    </testcase>
    <testcase classname="Task Model Propiedades virtuales debe calcular isOverdue correctamente" name="Task Model Propiedades virtuales debe calcular isOverdue correctamente" time="0.013">
    </testcase>
    <testcase classname="Task Model Propiedades virtuales debe retornar false para isOverdue si está completada" name="Task Model Propiedades virtuales debe retornar false para isOverdue si está completada" time="0.002">
    </testcase>
    <testcase classname="Task Model Propiedades virtuales debe calcular daysUntilDue correctamente" name="Task Model Propiedades virtuales debe calcular daysUntilDue correctamente" time="0.002">
    </testcase>
    <testcase classname="Task Model Propiedades virtuales debe calcular completionRate correctamente con subtareas" name="Task Model Propiedades virtuales debe calcular completionRate correctamente con subtareas" time="0.001">
    </testcase>
    <testcase classname="Task Model Propiedades virtuales debe retornar 100% completionRate si está completada sin subtareas" name="Task Model Propiedades virtuales debe retornar 100% completionRate si está completada sin subtareas" time="0.004">
    </testcase>
    <testcase classname="Task Model Propiedades virtuales isOverdue debe retornar false si no hay dueDate" name="Task Model Propiedades virtuales isOverdue debe retornar false si no hay dueDate" time="0.004">
    </testcase>
    <testcase classname="Task Model Propiedades virtuales daysUntilDue debe retornar null si no hay dueDate" name="Task Model Propiedades virtuales daysUntilDue debe retornar null si no hay dueDate" time="0.001">
    </testcase>
    <testcase classname="Task Model Propiedades virtuales isOverdue debe retornar false si está cancelada" name="Task Model Propiedades virtuales isOverdue debe retornar false si está cancelada" time="0.001">
    </testcase>
    <testcase classname="Task Model Propiedades virtuales completionRate debe calcularse correctamente con todas las subtareas completadas" name="Task Model Propiedades virtuales completionRate debe calcularse correctamente con todas las subtareas completadas" time="0.004">
    </testcase>
    <testcase classname="Task Model Propiedades virtuales completionRate debe retornar 0% si no hay subtareas y no está completada" name="Task Model Propiedades virtuales completionRate debe retornar 0% si no hay subtareas y no está completada" time="0.001">
    </testcase>
    <testcase classname="Task Model Propiedades virtuales daysUntilDue debe calcular días negativos para fechas pasadas" name="Task Model Propiedades virtuales daysUntilDue debe calcular días negativos para fechas pasadas" time="0.008">
    </testcase>
    <testcase classname="Task Model Middleware pre-save debe establecer completedAt cuando status cambia a completed" name="Task Model Middleware pre-save debe establecer completedAt cuando status cambia a completed" time="0.008">
    </testcase>
    <testcase classname="Task Model Middleware pre-save debe actualizar progress basado en subtareas al guardar" name="Task Model Middleware pre-save debe actualizar progress basado en subtareas al guardar" time="0.015">
    </testcase>
    <testcase classname="Task Model Métodos estáticos debe tener método getPendingItems" name="Task Model Métodos estáticos debe tener método getPendingItems" time="0.001">
    </testcase>
    <testcase classname="Task Model Métodos estáticos debe tener método getOverdueItems" name="Task Model Métodos estáticos debe tener método getOverdueItems" time="0.001">
    </testcase>
    <testcase classname="Task Model Métodos estáticos debe tener método getStats" name="Task Model Métodos estáticos debe tener método getStats" time="0.003">
    </testcase>
    <testcase classname="Task Model Métodos estáticos getPendingItems debe retornar array vacío sin tareas" name="Task Model Métodos estáticos getPendingItems debe retornar array vacío sin tareas" time="0.01">
    </testcase>
    <testcase classname="Task Model Métodos estáticos getPendingItems debe filtrar por tipo" name="Task Model Métodos estáticos getPendingItems debe filtrar por tipo" time="0.02">
    </testcase>
    <testcase classname="Task Model Métodos estáticos getPendingItems debe filtrar por categoría" name="Task Model Métodos estáticos getPendingItems debe filtrar por categoría" time="0.11">
    </testcase>
    <testcase classname="Task Model Métodos estáticos getPendingItems debe filtrar por prioridad" name="Task Model Métodos estáticos getPendingItems debe filtrar por prioridad" time="0.112">
    </testcase>
    <testcase classname="Task Model Métodos estáticos getOverdueItems debe retornar tareas vencidas" name="Task Model Métodos estáticos getOverdueItems debe retornar tareas vencidas" time="0.131">
    </testcase>
    <testcase classname="Task Model Métodos estáticos getOverdueItems no debe retornar tareas completadas" name="Task Model Métodos estáticos getOverdueItems no debe retornar tareas completadas" time="0.138">
    </testcase>
    <testcase classname="Task Model Métodos estáticos getStats debe calcular estadísticas correctamente" name="Task Model Métodos estáticos getStats debe calcular estadísticas correctamente" time="0.204">
    </testcase>
    <testcase classname="Task Model Métodos estáticos getPendingItems debe filtrar por categoría" name="Task Model Métodos estáticos getPendingItems debe filtrar por categoría" time="0.275">
    </testcase>
    <testcase classname="Task Model Métodos estáticos getOverdueItems debe retornar tareas vencidas" name="Task Model Métodos estáticos getOverdueItems debe retornar tareas vencidas" time="0.215">
    </testcase>
    <testcase classname="Task Model Métodos estáticos getStats debe retornar estadísticas vacías sin tareas" name="Task Model Métodos estáticos getStats debe retornar estadísticas vacías sin tareas" time="0.032">
    </testcase>
    <testcase classname="Task Model Métodos estáticos getStats debe calcular estadísticas correctamente" name="Task Model Métodos estáticos getStats debe calcular estadísticas correctamente" time="0.185">
    </testcase>
  </testsuite>
  <testsuite name="EmergencyAlert Model" errors="0" failures="0" skipped="0" timestamp="2026-03-25T13:40:18" time="1.3" tests="21">
    <testcase classname="EmergencyAlert Model Validaciones debe crear una alerta de emergencia válida" name="EmergencyAlert Model Validaciones debe crear una alerta de emergencia válida" time="0.014">
    </testcase>
    <testcase classname="EmergencyAlert Model Validaciones debe requerir userId" name="EmergencyAlert Model Validaciones debe requerir userId" time="0.026">
    </testcase>
    <testcase classname="EmergencyAlert Model Validaciones debe requerir riskLevel" name="EmergencyAlert Model Validaciones debe requerir riskLevel" time="0.034">
    </testcase>
    <testcase classname="EmergencyAlert Model Validaciones debe requerir contact.name" name="EmergencyAlert Model Validaciones debe requerir contact.name" time="0.014">
    </testcase>
    <testcase classname="EmergencyAlert Model Validaciones debe requerir contact.email" name="EmergencyAlert Model Validaciones debe requerir contact.email" time="0.045">
    </testcase>
    <testcase classname="EmergencyAlert Model Validaciones debe validar riskLevel enum" name="EmergencyAlert Model Validaciones debe validar riskLevel enum" time="0.023">
    </testcase>
    <testcase classname="EmergencyAlert Model Validaciones debe validar status enum" name="EmergencyAlert Model Validaciones debe validar status enum" time="0.066">
    </testcase>
    <testcase classname="EmergencyAlert Model Validaciones debe tener valores por defecto" name="EmergencyAlert Model Validaciones debe tener valores por defecto" time="0.007">
    </testcase>
    <testcase classname="EmergencyAlert Model Métodos estáticos debe tener método getUserAlerts" name="EmergencyAlert Model Métodos estáticos debe tener método getUserAlerts" time="0.014">
    </testcase>
    <testcase classname="EmergencyAlert Model Métodos estáticos debe tener método getUserAlertStats" name="EmergencyAlert Model Métodos estáticos debe tener método getUserAlertStats" time="0.002">
    </testcase>
    <testcase classname="EmergencyAlert Model Métodos estáticos debe tener método detectPatterns" name="EmergencyAlert Model Métodos estáticos debe tener método detectPatterns" time="0.001">
    </testcase>
    <testcase classname="EmergencyAlert Model Métodos estáticos getUserAlerts debe retornar array vacío sin alertas" name="EmergencyAlert Model Métodos estáticos getUserAlerts debe retornar array vacío sin alertas" time="0.021">
    </testcase>
    <testcase classname="EmergencyAlert Model Métodos estáticos getUserAlerts debe filtrar por fecha" name="EmergencyAlert Model Métodos estáticos getUserAlerts debe filtrar por fecha" time="0.019">
    </testcase>
    <testcase classname="EmergencyAlert Model Métodos estáticos getUserAlerts debe filtrar por riskLevel" name="EmergencyAlert Model Métodos estáticos getUserAlerts debe filtrar por riskLevel" time="0.033">
    </testcase>
    <testcase classname="EmergencyAlert Model Métodos estáticos getUserAlerts debe filtrar por status" name="EmergencyAlert Model Métodos estáticos getUserAlerts debe filtrar por status" time="0.002">
    </testcase>
    <testcase classname="EmergencyAlert Model Métodos estáticos getUserAlerts debe incluir pruebas si isTest es true" name="EmergencyAlert Model Métodos estáticos getUserAlerts debe incluir pruebas si isTest es true" time="0.026">
    </testcase>
    <testcase classname="EmergencyAlert Model Métodos estáticos getUserAlertStats debe retornar estadísticas vacías sin alertas" name="EmergencyAlert Model Métodos estáticos getUserAlertStats debe retornar estadísticas vacías sin alertas" time="0.052">
    </testcase>
    <testcase classname="EmergencyAlert Model Métodos estáticos getUserAlertStats debe calcular estadísticas con alertas" name="EmergencyAlert Model Métodos estáticos getUserAlertStats debe calcular estadísticas con alertas" time="0.042">
    </testcase>
    <testcase classname="EmergencyAlert Model Métodos estáticos detectPatterns debe retornar patrones con recomendación de más datos" name="EmergencyAlert Model Métodos estáticos detectPatterns debe retornar patrones con recomendación de más datos" time="0.024">
    </testcase>
    <testcase classname="EmergencyAlert Model Métodos estáticos detectPatterns debe detectar patrones con suficientes alertas" name="EmergencyAlert Model Métodos estáticos detectPatterns debe detectar patrones con suficientes alertas" time="0.05">
    </testcase>
    <testcase classname="EmergencyAlert Model Guardado y recuperación debe guardar y recuperar una alerta" name="EmergencyAlert Model Guardado y recuperación debe guardar y recuperar una alerta" time="0.012">
    </testcase>
  </testsuite>
  <testsuite name="UserProgress Model" errors="0" failures="0" skipped="0" timestamp="2026-03-25T13:40:19" time="1.191" tests="12">
    <testcase classname="UserProgress Model Validaciones debe crear un progreso válido" name="UserProgress Model Validaciones debe crear un progreso válido" time="0.029">
    </testcase>
    <testcase classname="UserProgress Model Validaciones debe requerir userId" name="UserProgress Model Validaciones debe requerir userId" time="0.06">
    </testcase>
    <testcase classname="UserProgress Model Validaciones debe validar intensidad emocional en rango 1-10" name="UserProgress Model Validaciones debe validar intensidad emocional en rango 1-10" time="0.009">
    </testcase>
    <testcase classname="UserProgress Model Métodos de instancia debe agregar entrada de progreso" name="UserProgress Model Métodos de instancia debe agregar entrada de progreso" time="0.077">
    </testcase>
    <testcase classname="UserProgress Model Métodos de instancia debe actualizar métricas generales" name="UserProgress Model Métodos de instancia debe actualizar métricas generales" time="0.077">
    </testcase>
    <testcase classname="UserProgress Model Métodos de instancia debe obtener resumen de progreso" name="UserProgress Model Métodos de instancia debe obtener resumen de progreso" time="0.013">
    </testcase>
    <testcase classname="UserProgress Model Métodos de instancia debe analizar emociones recientes" name="UserProgress Model Métodos de instancia debe analizar emociones recientes" time="0.003">
    </testcase>
    <testcase classname="UserProgress Model Métodos de instancia debe obtener insights recientes" name="UserProgress Model Métodos de instancia debe obtener insights recientes" time="0.002">
    </testcase>
    <testcase classname="UserProgress Model Métodos de instancia debe retornar array vacío para emociones sin entradas" name="UserProgress Model Métodos de instancia debe retornar array vacío para emociones sin entradas" time="0.001">
    </testcase>
    <testcase classname="UserProgress Model Métodos de instancia debe manejar entradas sin emotionalState" name="UserProgress Model Métodos de instancia debe manejar entradas sin emotionalState" time="0.003">
    </testcase>
    <testcase classname="UserProgress Model Métodos de instancia debe actualizar métricas con múltiples entradas" name="UserProgress Model Métodos de instancia debe actualizar métricas con múltiples entradas" time="0.008">
    </testcase>
    <testcase classname="UserProgress Model Métodos de instancia getProgressSummary debe filtrar por días" name="UserProgress Model Métodos de instancia getProgressSummary debe filtrar por días" time="0.088">
    </testcase>
  </testsuite>
  <testsuite name="Flujo completo: Tareas y Hábitos" errors="0" failures="0" skipped="0" timestamp="2026-03-25T13:40:20" time="9.899" tests="4">
    <testcase classname="Flujo completo: Tareas y Hábitos debe crear y completar una tarea" name="Flujo completo: Tareas y Hábitos debe crear y completar una tarea" time="0.763">
    </testcase>
    <testcase classname="Flujo completo: Tareas y Hábitos debe crear y actualizar un hábito" name="Flujo completo: Tareas y Hábitos debe crear y actualizar un hábito" time="0.269">
    </testcase>
    <testcase classname="Flujo completo: Tareas y Hábitos debe obtener estadísticas de tareas y hábitos" name="Flujo completo: Tareas y Hábitos debe obtener estadísticas de tareas y hábitos" time="0.295">
    </testcase>
    <testcase classname="Flujo completo: Tareas y Hábitos debe validar permisos de acceso a tareas y hábitos" name="Flujo completo: Tareas y Hábitos debe validar permisos de acceso a tareas y hábitos" time="0.257">
    </testcase>
  </testsuite>
  <testsuite name="Habit Routes" errors="0" failures="1" skipped="0" timestamp="2026-03-25T13:40:17" time="13.408" tests="8">
    <testcase classname="Habit Routes POST /api/habits debe crear un nuevo hábito con datos válidos" name="Habit Routes POST /api/habits debe crear un nuevo hábito con datos válidos" time="0.846">
    </testcase>
    <testcase classname="Habit Routes POST /api/habits debe rechazar crear hábito sin autenticación" name="Habit Routes POST /api/habits debe rechazar crear hábito sin autenticación" time="0.251">
    </testcase>
    <testcase classname="Habit Routes POST /api/habits debe rechazar crear hábito con datos inválidos" name="Habit Routes POST /api/habits debe rechazar crear hábito con datos inválidos" time="0.245">
    </testcase>
    <testcase classname="Habit Routes GET /api/habits debe obtener todos los hábitos del usuario" name="Habit Routes GET /api/habits debe obtener todos los hábitos del usuario" time="0.466">
    </testcase>
    <testcase classname="Habit Routes GET /api/habits debe filtrar hábitos por status" name="Habit Routes GET /api/habits debe filtrar hábitos por status" time="0.27">
    </testcase>
    <testcase classname="Habit Routes GET /api/habits/active debe obtener hábitos activos" name="Habit Routes GET /api/habits/active debe obtener hábitos activos" time="0.242">
    </testcase>
    <testcase classname="Habit Routes PUT /api/habits/:id debe actualizar un hábito existente" name="Habit Routes PUT /api/habits/:id debe actualizar un hábito existente" time="0.262">
      <failure>Error: expected 200 &quot;OK&quot;, got 404 &quot;Not Found&quot;
    at Object.&lt;anonymous&gt; (/Users/marceloull/Documents/Anto/backend/tests/integration/routes/habits.test.js:274:10)
    at processTicksAndRejections (node:internal/process/task_queues:105:5)
----
    at Test._assertStatus (/Users/marceloull/Documents/Anto/backend/node_modules/supertest/lib/test.js:309:14)
    at /Users/marceloull/Documents/Anto/backend/node_modules/supertest/lib/test.js:365:13
    at Test._assertFunction (/Users/marceloull/Documents/Anto/backend/node_modules/supertest/lib/test.js:342:13)
    at Test.assert (/Users/marceloull/Documents/Anto/backend/node_modules/supertest/lib/test.js:195:23)
    at localAssert (/Users/marceloull/Documents/Anto/backend/node_modules/supertest/lib/test.js:138:14)
    at Server.&lt;anonymous&gt; (/Users/marceloull/Documents/Anto/backend/node_modules/supertest/lib/test.js:152:11)
    at Object.onceWrapper (node:events:638:28)
    at Server.emit (node:events:524:28)
    at emitCloseNT (node:net:2383:8)
    at processTicksAndRejections (node:internal/process/task_queues:89:21)</failure>
    </testcase>
    <testcase classname="Habit Routes DELETE /api/habits/:id debe eliminar un hábito existente" name="Habit Routes DELETE /api/habits/:id debe eliminar un hábito existente" time="0.25">
    </testcase>
  </testsuite>
  <testsuite name="Flujo completo: Chat con Análisis Emocional" errors="0" failures="0" skipped="0" timestamp="2026-03-25T13:40:18" time="13.312" tests="3">
    <testcase classname="Flujo completo: Chat con Análisis Emocional debe completar el flujo completo de chat con análisis emocional" name="Flujo completo: Chat con Análisis Emocional debe completar el flujo completo de chat con análisis emocional" time="1.434">
    </testcase>
    <testcase classname="Flujo completo: Chat con Análisis Emocional debe manejar múltiples mensajes en una conversación" name="Flujo completo: Chat con Análisis Emocional debe manejar múltiples mensajes en una conversación" time="0.774">
    </testcase>
    <testcase classname="Flujo completo: Chat con Análisis Emocional debe validar permisos de acceso a conversaciones" name="Flujo completo: Chat con Análisis Emocional debe validar permisos de acceso a conversaciones" time="0.777">
    </testcase>
  </testsuite>
  <testsuite name="UserProfile Model" errors="0" failures="0" skipped="0" timestamp="2026-03-25T13:40:30" time="0.701" tests="15">
    <testcase classname="UserProfile Model Validaciones debe crear un perfil válido" name="UserProfile Model Validaciones debe crear un perfil válido" time="0.008">
    </testcase>
    <testcase classname="UserProfile Model Validaciones debe requerir userId" name="UserProfile Model Validaciones debe requerir userId" time="0.002">
    </testcase>
    <testcase classname="UserProfile Model Validaciones debe tener estructura correcta" name="UserProfile Model Validaciones debe tener estructura correcta" time="0.002">
    </testcase>
    <testcase classname="UserProfile Model Estructura del modelo debe tener timePatterns como objeto" name="UserProfile Model Estructura del modelo debe tener timePatterns como objeto" time="0.002">
    </testcase>
    <testcase classname="UserProfile Model Estructura del modelo debe tener preferences como objeto" name="UserProfile Model Estructura del modelo debe tener preferences como objeto" time="0.003">
    </testcase>
    <testcase classname="UserProfile Model Estructura del modelo debe inicializar timePatterns con valores por defecto al guardar" name="UserProfile Model Estructura del modelo debe inicializar timePatterns con valores por defecto al guardar" time="0.035">
    </testcase>
    <testcase classname="UserProfile Model Estructura del modelo debe inicializar emotionalPatterns con valores por defecto al guardar" name="UserProfile Model Estructura del modelo debe inicializar emotionalPatterns con valores por defecto al guardar" time="0.028">
    </testcase>
    <testcase classname="UserProfile Model Estructura del modelo debe inicializar connectionStats con valores por defecto al guardar" name="UserProfile Model Estructura del modelo debe inicializar connectionStats con valores por defecto al guardar" time="0.004">
    </testcase>
    <testcase classname="UserProfile Model Estructura del modelo debe guardar y recuperar un perfil" name="UserProfile Model Estructura del modelo debe guardar y recuperar un perfil" time="0.008">
    </testcase>
    <testcase classname="UserProfile Model Estructura del modelo debe validar age máximo" name="UserProfile Model Estructura del modelo debe validar age máximo" time="0.003">
    </testcase>
    <testcase classname="UserProfile Model Estructura del modelo debe validar age mínimo" name="UserProfile Model Estructura del modelo debe validar age mínimo" time="0.003">
    </testcase>
    <testcase classname="UserProfile Model Estructura del modelo debe validar gender enum" name="UserProfile Model Estructura del modelo debe validar gender enum" time="0.002">
    </testcase>
    <testcase classname="UserProfile Model Estructura del modelo debe validar gender inválido" name="UserProfile Model Estructura del modelo debe validar gender inválido" time="0.001">
    </testcase>
    <testcase classname="UserProfile Model Estructura del modelo debe tener connectionStats con estructura completa" name="UserProfile Model Estructura del modelo debe tener connectionStats con estructura completa" time="0.003">
    </testcase>
    <testcase classname="UserProfile Model Estructura del modelo debe tener timePatterns con estructura completa" name="UserProfile Model Estructura del modelo debe tener timePatterns con estructura completa" time="0.003">
    </testcase>
  </testsuite>
  <testsuite name="CacheService" errors="0" failures="0" skipped="0" timestamp="2026-03-25T13:40:31" time="0.107" tests="17">
    <testcase classname="CacheService generateKey debe generar clave simple con string" name="CacheService generateKey debe generar clave simple con string" time="0.002">
    </testcase>
    <testcase classname="CacheService generateKey debe generar clave con objeto usando base64" name="CacheService generateKey debe generar clave con objeto usando base64" time="0">
    </testcase>
    <testcase classname="CacheService generateKey debe generar claves diferentes para objetos diferentes" name="CacheService generateKey debe generar claves diferentes para objetos diferentes" time="0.001">
    </testcase>
    <testcase classname="CacheService get y set (caché en memoria) debe guardar y recuperar un valor" name="CacheService get y set (caché en memoria) debe guardar y recuperar un valor" time="0">
    </testcase>
    <testcase classname="CacheService get y set (caché en memoria) debe retornar null para clave que no existe" name="CacheService get y set (caché en memoria) debe retornar null para clave que no existe" time="0">
    </testcase>
    <testcase classname="CacheService get y set (caché en memoria) debe expirar valores después del TTL" name="CacheService get y set (caché en memoria) debe expirar valores después del TTL" time="0.011">
    </testcase>
    <testcase classname="CacheService get y set (caché en memoria) debe mantener valores dentro del TTL" name="CacheService get y set (caché en memoria) debe mantener valores dentro del TTL" time="0">
    </testcase>
    <testcase classname="CacheService delete debe eliminar un valor del caché" name="CacheService delete debe eliminar un valor del caché" time="0.001">
    </testcase>
    <testcase classname="CacheService delete debe manejar eliminación de clave que no existe" name="CacheService delete debe manejar eliminación de clave que no existe" time="0">
    </testcase>
    <testcase classname="CacheService clear debe limpiar todo el caché" name="CacheService clear debe limpiar todo el caché" time="0">
    </testcase>
    <testcase classname="CacheService deletePattern debe eliminar claves que coincidan con el patrón" name="CacheService deletePattern debe eliminar claves que coincidan con el patrón" time="0.001">
    </testcase>
    <testcase classname="CacheService invalidateUserCache debe invalidar todas las claves de caché de un usuario" name="CacheService invalidateUserCache debe invalidar todas las claves de caché de un usuario" time="0">
    </testcase>
    <testcase classname="CacheService getStats debe retornar estadísticas del caché en memoria" name="CacheService getStats debe retornar estadísticas del caché en memoria" time="0.001">
    </testcase>
    <testcase classname="CacheService getOrSet debe retornar valor del caché si existe" name="CacheService getOrSet debe retornar valor del caché si existe" time="0">
    </testcase>
    <testcase classname="CacheService getOrSet debe ejecutar función y guardar resultado si no existe en caché" name="CacheService getOrSet debe ejecutar función y guardar resultado si no existe en caché" time="0">
    </testcase>
    <testcase classname="CacheService getOrSet debe ejecutar función nuevamente si el valor expiró" name="CacheService getOrSet debe ejecutar función nuevamente si el valor expiró" time="0.01">
    </testcase>
    <testcase classname="CacheService cleanExpired debe limpiar entradas expiradas del caché" name="CacheService cleanExpired debe limpiar entradas expiradas del caché" time="0.01">
    </testcase>
  </testsuite>
  <testsuite name="Pagination Utils" errors="0" failures="0" skipped="0" timestamp="2026-03-25T13:40:31" time="0.312" tests="11">
    <testcase classname="Pagination Utils offsetPaginate debe paginar correctamente con offset" name="Pagination Utils offsetPaginate debe paginar correctamente con offset" time="0.004">
    </testcase>
    <testcase classname="Pagination Utils offsetPaginate debe manejar la última página correctamente" name="Pagination Utils offsetPaginate debe manejar la última página correctamente" time="0">
    </testcase>
    <testcase classname="Pagination Utils offsetPaginate debe aplicar select si se proporciona" name="Pagination Utils offsetPaginate debe aplicar select si se proporciona" time="0.001">
    </testcase>
    <testcase classname="Pagination Utils cursorPaginate debe paginar correctamente con cursor" name="Pagination Utils cursorPaginate debe paginar correctamente con cursor" time="0">
    </testcase>
    <testcase classname="Pagination Utils cursorPaginate debe retornar hasMore false cuando no hay más resultados" name="Pagination Utils cursorPaginate debe retornar hasMore false cuando no hay más resultados" time="0.001">
    </testcase>
    <testcase classname="Pagination Utils determinePaginationType debe retornar cursor para datasets grandes" name="Pagination Utils determinePaginationType debe retornar cursor para datasets grandes" time="0">
    </testcase>
    <testcase classname="Pagination Utils determinePaginationType debe retornar offset para datasets pequeños" name="Pagination Utils determinePaginationType debe retornar offset para datasets pequeños" time="0">
    </testcase>
    <testcase classname="Pagination Utils determinePaginationType debe retornar el tipo especificado si se proporciona" name="Pagination Utils determinePaginationType debe retornar el tipo especificado si se proporciona" time="0">
    </testcase>
    <testcase classname="Pagination Utils paginate debe usar cursor pagination cuando type es cursor" name="Pagination Utils paginate debe usar cursor pagination cuando type es cursor" time="0.001">
    </testcase>
    <testcase classname="Pagination Utils paginate debe usar offset pagination cuando type es offset" name="Pagination Utils paginate debe usar offset pagination cuando type es offset" time="0">
    </testcase>
    <testcase classname="Pagination Utils paginate debe auto-detectar tipo cuando type es auto" name="Pagination Utils paginate debe auto-detectar tipo cuando type es auto" time="0">
    </testcase>
  </testsuite>
  <testsuite name="Task Routes" errors="0" failures="2" skipped="0" timestamp="2026-03-25T13:40:16" time="15.926" tests="9">
    <testcase classname="Task Routes POST /api/tasks debe crear una nueva tarea con datos válidos" name="Task Routes POST /api/tasks debe crear una nueva tarea con datos válidos" time="0.568">
    </testcase>
    <testcase classname="Task Routes POST /api/tasks debe rechazar crear tarea sin autenticación" name="Task Routes POST /api/tasks debe rechazar crear tarea sin autenticación" time="0.326">
    </testcase>
    <testcase classname="Task Routes POST /api/tasks debe rechazar crear tarea sin título" name="Task Routes POST /api/tasks debe rechazar crear tarea sin título" time="0.227">
    </testcase>
    <testcase classname="Task Routes GET /api/tasks debe obtener todas las tareas del usuario" name="Task Routes GET /api/tasks debe obtener todas las tareas del usuario" time="0.456">
    </testcase>
    <testcase classname="Task Routes GET /api/tasks debe filtrar tareas por status" name="Task Routes GET /api/tasks debe filtrar tareas por status" time="0.289">
    </testcase>
    <testcase classname="Task Routes GET /api/tasks/:id debe obtener una tarea específica" name="Task Routes GET /api/tasks/:id debe obtener una tarea específica" time="0.262">
    </testcase>
    <testcase classname="Task Routes GET /api/tasks/:id debe rechazar obtener tarea de otro usuario" name="Task Routes GET /api/tasks/:id debe rechazar obtener tarea de otro usuario" time="0.261">
    </testcase>
    <testcase classname="Task Routes PUT /api/tasks/:id debe actualizar una tarea existente" name="Task Routes PUT /api/tasks/:id debe actualizar una tarea existente" time="0.431">
      <failure>Error: expected 200 &quot;OK&quot;, got 404 &quot;Not Found&quot;
    at Object.&lt;anonymous&gt; (/Users/marceloull/Documents/Anto/backend/tests/integration/routes/tasks.test.js:354:10)
----
    at Test._assertStatus (/Users/marceloull/Documents/Anto/backend/node_modules/supertest/lib/test.js:309:14)
    at /Users/marceloull/Documents/Anto/backend/node_modules/supertest/lib/test.js:365:13
    at Test._assertFunction (/Users/marceloull/Documents/Anto/backend/node_modules/supertest/lib/test.js:342:13)
    at Test.assert (/Users/marceloull/Documents/Anto/backend/node_modules/supertest/lib/test.js:195:23)
    at localAssert (/Users/marceloull/Documents/Anto/backend/node_modules/supertest/lib/test.js:138:14)
    at Server.&lt;anonymous&gt; (/Users/marceloull/Documents/Anto/backend/node_modules/supertest/lib/test.js:152:11)
    at Object.onceWrapper (node:events:638:28)
    at Server.emit (node:events:524:28)
    at emitCloseNT (node:net:2383:8)
    at processTicksAndRejections (node:internal/process/task_queues:89:21)</failure>
    </testcase>
    <testcase classname="Task Routes DELETE /api/tasks/:id debe eliminar una tarea existente" name="Task Routes DELETE /api/tasks/:id debe eliminar una tarea existente" time="0.527">
      <failure>Error: expected 200 &quot;OK&quot;, got 404 &quot;Not Found&quot;
    at Object.&lt;anonymous&gt; (/Users/marceloull/Documents/Anto/backend/tests/integration/routes/tasks.test.js:384:10)
    at Promise.then.completed (/Users/marceloull/Documents/Anto/backend/node_modules/jest-circus/build/utils.js:298:28)
    at new Promise (&lt;anonymous&gt;)
    at callAsyncCircusFn (/Users/marceloull/Documents/Anto/backend/node_modules/jest-circus/build/utils.js:231:10)
    at _callCircusTest (/Users/marceloull/Documents/Anto/backend/node_modules/jest-circus/build/run.js:316:40)
    at _runTest (/Users/marceloull/Documents/Anto/backend/node_modules/jest-circus/build/run.js:252:3)
    at _runTestsForDescribeBlock (/Users/marceloull/Documents/Anto/backend/node_modules/jest-circus/build/run.js:126:9)
    at _runTestsForDescribeBlock (/Users/marceloull/Documents/Anto/backend/node_modules/jest-circus/build/run.js:121:9)
    at _runTestsForDescribeBlock (/Users/marceloull/Documents/Anto/backend/node_modules/jest-circus/build/run.js:121:9)
    at run (/Users/marceloull/Documents/Anto/backend/node_modules/jest-circus/build/run.js:71:3)
    at runAndTransformResultsToJestFormat (/Users/marceloull/Documents/Anto/backend/node_modules/jest-circus/build/legacy-code-todo-rewrite/jestAdapterInit.js:122:21)
    at jestAdapter (/Users/marceloull/Documents/Anto/backend/node_modules/jest-circus/build/legacy-code-todo-rewrite/jestAdapter.js:79:19)
    at runTestInternal (/Users/marceloull/Documents/Anto/backend/node_modules/jest-runner/build/runTest.js:367:16)
    at runTest (/Users/marceloull/Documents/Anto/backend/node_modules/jest-runner/build/runTest.js:444:34)
    at Object.worker (/Users/marceloull/Documents/Anto/backend/node_modules/jest-runner/build/testWorker.js:106:12)
----
    at Test._assertStatus (/Users/marceloull/Documents/Anto/backend/node_modules/supertest/lib/test.js:309:14)
    at /Users/marceloull/Documents/Anto/backend/node_modules/supertest/lib/test.js:365:13
    at Test._assertFunction (/Users/marceloull/Documents/Anto/backend/node_modules/supertest/lib/test.js:342:13)
    at Test.assert (/Users/marceloull/Documents/Anto/backend/node_modules/supertest/lib/test.js:195:23)
    at localAssert (/Users/marceloull/Documents/Anto/backend/node_modules/supertest/lib/test.js:138:14)
    at Server.&lt;anonymous&gt; (/Users/marceloull/Documents/Anto/backend/node_modules/supertest/lib/test.js:152:11)
    at Object.onceWrapper (node:events:638:28)
    at Server.emit (node:events:524:28)
    at emitCloseNT (node:net:2383:8)
    at processTicksAndRejections (node:internal/process/task_queues:89:21)</failure>
    </testcase>
  </testsuite>
  <testsuite name="Error Classes" errors="0" failures="0" skipped="0" timestamp="2026-03-25T13:40:32" time="0.198" tests="22">
    <testcase classname="Error Classes AppError debe crear un error con status code por defecto" name="Error Classes AppError debe crear un error con status code por defecto" time="0.009">
    </testcase>
    <testcase classname="Error Classes AppError debe crear un error con status code personalizado" name="Error Classes AppError debe crear un error con status code personalizado" time="0.002">
    </testcase>
    <testcase classname="Error Classes AppError debe serializar a JSON correctamente" name="Error Classes AppError debe serializar a JSON correctamente" time="0.002">
    </testcase>
    <testcase classname="Error Classes ValidationError debe crear un error de validación" name="Error Classes ValidationError debe crear un error de validación" time="0">
    </testcase>
    <testcase classname="Error Classes ValidationError debe incluir errores específicos" name="Error Classes ValidationError debe incluir errores específicos" time="0.001">
    </testcase>
    <testcase classname="Error Classes AuthenticationError debe crear un error de autenticación" name="Error Classes AuthenticationError debe crear un error de autenticación" time="0">
    </testcase>
    <testcase classname="Error Classes AuthorizationError debe crear un error de autorización" name="Error Classes AuthorizationError debe crear un error de autorización" time="0">
    </testcase>
    <testcase classname="Error Classes NotFoundError debe crear un error de recurso no encontrado" name="Error Classes NotFoundError debe crear un error de recurso no encontrado" time="0.001">
    </testcase>
    <testcase classname="Error Classes ConflictError debe crear un error de conflicto" name="Error Classes ConflictError debe crear un error de conflicto" time="0.001">
    </testcase>
    <testcase classname="Error Classes RateLimitError debe crear un error de límite de tasa" name="Error Classes RateLimitError debe crear un error de límite de tasa" time="0">
    </testcase>
    <testcase classname="Error Classes ExternalServiceError debe crear un error de servicio externo" name="Error Classes ExternalServiceError debe crear un error de servicio externo" time="0.003">
    </testcase>
    <testcase classname="Error Classes DatabaseError debe crear un error de base de datos" name="Error Classes DatabaseError debe crear un error de base de datos" time="0.002">
    </testcase>
    <testcase classname="Error Classes OpenAIError debe crear un error de OpenAI" name="Error Classes OpenAIError debe crear un error de OpenAI" time="0.001">
    </testcase>
    <testcase classname="Error Classes SubscriptionRequiredError debe crear un error de suscripción requerida" name="Error Classes SubscriptionRequiredError debe crear un error de suscripción requerida" time="0.001">
    </testcase>
    <testcase classname="Error Classes handleMongooseError debe convertir ValidationError de Mongoose" name="Error Classes handleMongooseError debe convertir ValidationError de Mongoose" time="0.001">
    </testcase>
    <testcase classname="Error Classes handleMongooseError debe convertir error de duplicado" name="Error Classes handleMongooseError debe convertir error de duplicado" time="0">
    </testcase>
    <testcase classname="Error Classes handleMongooseError debe convertir CastError" name="Error Classes handleMongooseError debe convertir CastError" time="0">
    </testcase>
    <testcase classname="Error Classes handleJWTError debe convertir JsonWebTokenError" name="Error Classes handleJWTError debe convertir JsonWebTokenError" time="0.001">
    </testcase>
    <testcase classname="Error Classes handleJWTError debe convertir TokenExpiredError" name="Error Classes handleJWTError debe convertir TokenExpiredError" time="0.001">
    </testcase>
    <testcase classname="Error Classes isOperationalError debe retornar true para errores operacionales" name="Error Classes isOperationalError debe retornar true para errores operacionales" time="0">
    </testcase>
    <testcase classname="Error Classes isOperationalError debe retornar false para errores no operacionales" name="Error Classes isOperationalError debe retornar false para errores no operacionales" time="0.001">
    </testcase>
    <testcase classname="Error Classes isOperationalError debe retornar false para errores estándar" name="Error Classes isOperationalError debe retornar false para errores estándar" time="0">
    </testcase>
  </testsuite>
  <testsuite name="TestNotificationRoutes (integration)" errors="0" failures="0" skipped="0" timestamp="2026-03-25T13:40:19" time="13.038" tests="9">
    <testcase classname="TestNotificationRoutes (integration) POST /api/notifications/test/crisis-warning debe enviar notificación de crisis WARNING exitosamente" name="TestNotificationRoutes (integration) POST /api/notifications/test/crisis-warning debe enviar notificación de crisis WARNING exitosamente" time="0.989">
    </testcase>
    <testcase classname="TestNotificationRoutes (integration) POST /api/notifications/test/crisis-warning debe retornar 400 si el usuario no tiene token push" name="TestNotificationRoutes (integration) POST /api/notifications/test/crisis-warning debe retornar 400 si el usuario no tiene token push" time="0.353">
    </testcase>
    <testcase classname="TestNotificationRoutes (integration) POST /api/notifications/test/crisis-warning debe retornar 400 si el usuario no existe" name="TestNotificationRoutes (integration) POST /api/notifications/test/crisis-warning debe retornar 400 si el usuario no existe" time="0.355">
    </testcase>
    <testcase classname="TestNotificationRoutes (integration) POST /api/notifications/test/crisis-warning debe retornar 500 si falla el envío" name="TestNotificationRoutes (integration) POST /api/notifications/test/crisis-warning debe retornar 500 si falla el envío" time="0.349">
    </testcase>
    <testcase classname="TestNotificationRoutes (integration) POST /api/notifications/test/crisis-medium debe enviar notificación de crisis MEDIUM exitosamente" name="TestNotificationRoutes (integration) POST /api/notifications/test/crisis-medium debe enviar notificación de crisis MEDIUM exitosamente" time="0.383">
    </testcase>
    <testcase classname="TestNotificationRoutes (integration) POST /api/notifications/test/crisis-medium debe retornar 400 si el usuario no tiene token push" name="TestNotificationRoutes (integration) POST /api/notifications/test/crisis-medium debe retornar 400 si el usuario no tiene token push" time="0.343">
    </testcase>
    <testcase classname="TestNotificationRoutes (integration) POST /api/notifications/test/followup debe enviar notificación de seguimiento exitosamente" name="TestNotificationRoutes (integration) POST /api/notifications/test/followup debe enviar notificación de seguimiento exitosamente" time="0.343">
    </testcase>
    <testcase classname="TestNotificationRoutes (integration) POST /api/notifications/test/followup debe retornar 400 si el usuario no tiene token push" name="TestNotificationRoutes (integration) POST /api/notifications/test/followup debe retornar 400 si el usuario no tiene token push" time="0.45">
    </testcase>
    <testcase classname="TestNotificationRoutes (integration) POST /api/notifications/test/followup debe manejar errores correctamente" name="TestNotificationRoutes (integration) POST /api/notifications/test/followup debe manejar errores correctamente" time="0.459">
    </testcase>
  </testsuite>
  <testsuite name="ActionSuggestionService" errors="0" failures="0" skipped="0" timestamp="2026-03-25T13:40:32" time="0.192" tests="19">
    <testcase classname="ActionSuggestionService Métodos del servicio debe tener método generateSuggestions" name="ActionSuggestionService Métodos del servicio debe tener método generateSuggestions" time="0.002">
    </testcase>
    <testcase classname="ActionSuggestionService Métodos del servicio debe generar sugerencias para análisis emocional válido" name="ActionSuggestionService Métodos del servicio debe generar sugerencias para análisis emocional válido" time="0.001">
    </testcase>
    <testcase classname="ActionSuggestionService Métodos del servicio debe retornar array vacío para análisis inválido" name="ActionSuggestionService Métodos del servicio debe retornar array vacío para análisis inválido" time="0.001">
    </testcase>
    <testcase classname="ActionSuggestionService Métodos del servicio debe retornar array vacío para emoción no mapeada" name="ActionSuggestionService Métodos del servicio debe retornar array vacío para emoción no mapeada" time="0.002">
    </testcase>
    <testcase classname="ActionSuggestionService Generación de sugerencias por emoción debe generar sugerencias para ansiedad alta intensidad" name="ActionSuggestionService Generación de sugerencias por emoción debe generar sugerencias para ansiedad alta intensidad" time="0">
    </testcase>
    <testcase classname="ActionSuggestionService Generación de sugerencias por emoción debe generar sugerencias para ansiedad media intensidad" name="ActionSuggestionService Generación de sugerencias por emoción debe generar sugerencias para ansiedad media intensidad" time="0">
    </testcase>
    <testcase classname="ActionSuggestionService Generación de sugerencias por emoción debe generar sugerencias para tristeza alta intensidad" name="ActionSuggestionService Generación de sugerencias por emoción debe generar sugerencias para tristeza alta intensidad" time="0.001">
    </testcase>
    <testcase classname="ActionSuggestionService Generación de sugerencias por emoción debe generar sugerencias para enojo alta intensidad" name="ActionSuggestionService Generación de sugerencias por emoción debe generar sugerencias para enojo alta intensidad" time="0.002">
    </testcase>
    <testcase classname="ActionSuggestionService Generación de sugerencias por emoción debe generar sugerencias para culpa alta intensidad" name="ActionSuggestionService Generación de sugerencias por emoción debe generar sugerencias para culpa alta intensidad" time="0.002">
    </testcase>
    <testcase classname="ActionSuggestionService Generación de sugerencias por emoción debe generar sugerencias para soledad alta intensidad" name="ActionSuggestionService Generación de sugerencias por emoción debe generar sugerencias para soledad alta intensidad" time="0.001">
    </testcase>
    <testcase classname="ActionSuggestionService Generación de sugerencias por tema debe generar sugerencias específicas para tema trabajo" name="ActionSuggestionService Generación de sugerencias por tema debe generar sugerencias específicas para tema trabajo" time="0">
    </testcase>
    <testcase classname="ActionSuggestionService Generación de sugerencias por tema debe generar sugerencias específicas para tema relaciones" name="ActionSuggestionService Generación de sugerencias por tema debe generar sugerencias específicas para tema relaciones" time="0.003">
    </testcase>
    <testcase classname="ActionSuggestionService Generación de sugerencias por tema debe usar tema general si el tema específico no existe" name="ActionSuggestionService Generación de sugerencias por tema debe usar tema general si el tema específico no existe" time="0">
    </testcase>
    <testcase classname="ActionSuggestionService Generación con análisis contextual debe incluir análisis contextual en sugerencias" name="ActionSuggestionService Generación con análisis contextual debe incluir análisis contextual en sugerencias" time="0.001">
    </testcase>
    <testcase classname="ActionSuggestionService Generación con análisis contextual debe manejar análisis contextual vacío" name="ActionSuggestionService Generación con análisis contextual debe manejar análisis contextual vacío" time="0">
    </testcase>
    <testcase classname="ActionSuggestionService Niveles de intensidad debe clasificar intensidad alta (&gt;=8)" name="ActionSuggestionService Niveles de intensidad debe clasificar intensidad alta (&gt;=8)" time="0.001">
    </testcase>
    <testcase classname="ActionSuggestionService Niveles de intensidad debe clasificar intensidad media (5-7)" name="ActionSuggestionService Niveles de intensidad debe clasificar intensidad media (5-7)" time="0.002">
    </testcase>
    <testcase classname="ActionSuggestionService Niveles de intensidad debe manejar intensidad baja (&lt;5)" name="ActionSuggestionService Niveles de intensidad debe manejar intensidad baja (&lt;5)" time="0">
    </testcase>
[...]
    </testcase>
    <testcase classname="Chat Routes GET /api/chat/messages/search debe rechazar búsqueda sin autenticación" name="Chat Routes GET /api/chat/messages/search debe rechazar búsqueda sin autenticación" time="0.011">
    </testcase>
  </testsuite>
  <testsuite name="Crisis Routes" errors="0" failures="0" skipped="0" timestamp="2026-03-25T13:43:57" time="11.427" tests="3">
    <testcase classname="Crisis Routes GET /api/crisis/summary debe rechazar consulta sin autenticación" name="Crisis Routes GET /api/crisis/summary debe rechazar consulta sin autenticación" time="0.143">
    </testcase>
    <testcase classname="Crisis Routes GET /api/crisis/trends debe rechazar consulta sin autenticación" name="Crisis Routes GET /api/crisis/trends debe rechazar consulta sin autenticación" time="0.004">
    </testcase>
    <testcase classname="Crisis Routes GET /api/crisis/history debe rechazar consulta sin autenticación" name="Crisis Routes GET /api/crisis/history debe rechazar consulta sin autenticación" time="0.004">
    </testcase>
  </testsuite>
  <testsuite name="Notification Routes" errors="0" failures="0" skipped="0" timestamp="2026-03-25T13:44:00" time="21.55" tests="2">
    <testcase classname="Notification Routes GET /api/notifications debe rechazar consulta sin autenticación" name="Notification Routes GET /api/notifications debe rechazar consulta sin autenticación" time="0.348">
    </testcase>
    <testcase classname="Notification Routes POST /api/notifications debe rechazar creación sin autenticación" name="Notification Routes POST /api/notifications debe rechazar creación sin autenticación" time="0.14">
    </testcase>
  </testsuite>
  <testsuite name="Therapeutic Techniques Routes" errors="0" failures="0" skipped="0" timestamp="2026-03-25T13:43:53" time="28.96" tests="3">
    <testcase classname="Therapeutic Techniques Routes GET /api/therapeutic-techniques debe rechazar consulta sin autenticación" name="Therapeutic Techniques Routes GET /api/therapeutic-techniques debe rechazar consulta sin autenticación" time="0.187">
    </testcase>
    <testcase classname="Therapeutic Techniques Routes GET /api/therapeutic-techniques/:id debe rechazar consulta sin autenticación" name="Therapeutic Techniques Routes GET /api/therapeutic-techniques/:id debe rechazar consulta sin autenticación" time="0.02">
    </testcase>
    <testcase classname="Therapeutic Techniques Routes POST /api/therapeutic-techniques/:id/use debe rechazar uso sin autenticación" name="Therapeutic Techniques Routes POST /api/therapeutic-techniques/:id/use debe rechazar uso sin autenticación" time="0.089">
    </testcase>
  </testsuite>
  <testsuite name="PaymentServiceMercadoPago" errors="0" failures="0" skipped="0" timestamp="2026-03-25T13:44:01" time="21.851" tests="2">
    <testcase classname="PaymentServiceMercadoPago Métodos del servicio debe tener métodos exportados" name="PaymentServiceMercadoPago Métodos del servicio debe tener métodos exportados" time="0.008">
    </testcase>
    <testcase classname="PaymentServiceMercadoPago Métodos del servicio debe tener método createCheckoutSession si existe" name="PaymentServiceMercadoPago Métodos del servicio debe tener método createCheckoutSession si existe" time="0.001">
    </testcase>
  </testsuite>
  <testsuite name="Payment Recovery Routes" errors="0" failures="0" skipped="0" timestamp="2026-03-25T13:44:09" time="20.672" tests="1">
    <testcase classname="Payment Recovery Routes POST /api/payments/recovery/retry debe rechazar intento sin autenticación" name="Payment Recovery Routes POST /api/payments/recovery/retry debe rechazar intento sin autenticación" time="0.813">
    </testcase>
  </testsuite>
  <testsuite name="Validation Middleware" errors="0" failures="0" skipped="0" timestamp="2026-03-25T13:44:21" time="9.515" tests="2">
    <testcase classname="Validation Middleware validateUserObjectId debe ser una función" name="Validation Middleware validateUserObjectId debe ser una función" time="0.031">
    </testcase>
    <testcase classname="Validation Middleware validateUserObjectId debe ser un middleware (función que retorna función o función directa)" name="Validation Middleware validateUserObjectId debe ser un middleware (función que retorna función o función directa)" time="0.001">
    </testcase>
  </testsuite>
  <testsuite name="Cloudinary Routes" errors="0" failures="0" skipped="0" timestamp="2026-03-25T13:44:23" time="8.899" tests="1">
    <testcase classname="Cloudinary Routes POST /api/cloudinary/upload debe rechazar subida sin autenticación" name="Cloudinary Routes POST /api/cloudinary/upload debe rechazar subida sin autenticación" time="0.325">
    </testcase>
  </testsuite>
  <testsuite name="Notification Engagement Routes" errors="0" failures="0" skipped="0" timestamp="2026-03-25T13:44:09" time="24.095" tests="1">
    <testcase classname="Notification Engagement Routes GET /api/notifications/engagement debe rechazar consulta sin autenticación" name="Notification Engagement Routes GET /api/notifications/engagement debe rechazar consulta sin autenticación" time="7.311">
    </testcase>
  </testsuite>
  <testsuite name="Sanitize Input" errors="0" failures="0" skipped="1" timestamp="2026-03-25T13:44:33" time="2.313" tests="1">
    <testcase classname="Sanitize Input debe estar deshabilitado temporalmente" name="Sanitize Input debe estar deshabilitado temporalmente" time="0">
      <skipped/>
    </testcase>
  </testsuite>
  <testsuite name="Payment Metrics Routes" errors="0" failures="0" skipped="0" timestamp="2026-03-25T13:44:22" time="14.333" tests="1">
    <testcase classname="Payment Metrics Routes GET /api/payments/metrics debe rechazar consulta sin autenticación" name="Payment Metrics Routes GET /api/payments/metrics debe rechazar consulta sin autenticación" time="0.834">
    </testcase>
  </testsuite>
  <testsuite name="CheckSubscription Middleware" errors="0" failures="0" skipped="0" timestamp="2026-03-25T13:44:30" time="7.435" tests="2">
    <testcase classname="CheckSubscription Middleware requireActiveSubscription debe ser una función" name="CheckSubscription Middleware requireActiveSubscription debe ser una función" time="0.014">
    </testcase>
    <testcase classname="CheckSubscription Middleware requireActiveSubscription debe retornar un middleware" name="CheckSubscription Middleware requireActiveSubscription debe retornar un middleware" time="0.001">
    </testcase>
  </testsuite>
  <testsuite name="Cloudinary Routes" errors="0" failures="2" skipped="0" timestamp="2026-03-25T13:42:45" time="111.932" tests="2">
    <testcase classname="Cloudinary Routes POST /api/cloudinary/signature debe rechazar request sin autenticación" name="Cloudinary Routes POST /api/cloudinary/signature debe rechazar request sin autenticación" time="10.13">
      <failure>Error: thrown: &quot;Exceeded timeout of 10000 ms for a hook.
Add a timeout value to this test to increase the timeout, if this is a long-running test. See https://jestjs.io/docs/api#testname-fn-timeout.&quot;
    at /Users/marceloull/Documents/Anto/backend/tests/integration/routes/cloudinary.test.js:70:3
    at _dispatchDescribe (/Users/marceloull/Documents/Anto/backend/node_modules/jest-circus/build/index.js:91:26)
    at describe (/Users/marceloull/Documents/Anto/backend/node_modules/jest-circus/build/index.js:55:5)
    at /Users/marceloull/Documents/Anto/backend/tests/integration/routes/cloudinary.test.js:61:1
    at SourceTextModule.evaluate (node:internal/vm/module:227:23)
    at Runtime.linkAndEvaluateModule (/Users/marceloull/Documents/Anto/backend/node_modules/jest-runtime/build/index.js:710:20)
    at processTicksAndRejections (node:internal/process/task_queues:105:5)
    at jestAdapter (/Users/marceloull/Documents/Anto/backend/node_modules/jest-circus/build/legacy-code-todo-rewrite/jestAdapter.js:75:5)
    at runTestInternal (/Users/marceloull/Documents/Anto/backend/node_modules/jest-runner/build/runTest.js:367:16)
    at runTest (/Users/marceloull/Documents/Anto/backend/node_modules/jest-runner/build/runTest.js:444:34)
    at Object.worker (/Users/marceloull/Documents/Anto/backend/node_modules/jest-runner/build/testWorker.js:106:12)</failure>
    </testcase>
    <testcase classname="Cloudinary Routes POST /api/cloudinary/signature debe rechazar request sin datos requeridos" name="Cloudinary Routes POST /api/cloudinary/signature debe rechazar request sin datos requeridos" time="10.052">
      <failure>Error: thrown: &quot;Exceeded timeout of 10000 ms for a hook.
Add a timeout value to this test to increase the timeout, if this is a long-running test. See https://jestjs.io/docs/api#testname-fn-timeout.&quot;
    at /Users/marceloull/Documents/Anto/backend/tests/integration/routes/cloudinary.test.js:70:3
    at _dispatchDescribe (/Users/marceloull/Documents/Anto/backend/node_modules/jest-circus/build/index.js:91:26)
    at describe (/Users/marceloull/Documents/Anto/backend/node_modules/jest-circus/build/index.js:55:5)
    at /Users/marceloull/Documents/Anto/backend/tests/integration/routes/cloudinary.test.js:61:1
    at SourceTextModule.evaluate (node:internal/vm/module:227:23)
    at Runtime.linkAndEvaluateModule (/Users/marceloull/Documents/Anto/backend/node_modules/jest-runtime/build/index.js:710:20)
    at processTicksAndRejections (node:internal/process/task_queues:105:5)
    at jestAdapter (/Users/marceloull/Documents/Anto/backend/node_modules/jest-circus/build/legacy-code-todo-rewrite/jestAdapter.js:75:5)
    at runTestInternal (/Users/marceloull/Documents/Anto/backend/node_modules/jest-runner/build/runTest.js:367:16)
    at runTest (/Users/marceloull/Documents/Anto/backend/node_modules/jest-runner/build/runTest.js:444:34)
    at Object.worker (/Users/marceloull/Documents/Anto/backend/node_modules/jest-runner/build/testWorker.js:106:12)</failure>
    </testcase>
  </testsuite>
  <testsuite name="Metrics Routes" errors="0" failures="4" skipped="0" timestamp="2026-03-25T13:42:16" time="133.819" tests="4">
    <testcase classname="Metrics Routes GET /api/metrics/system debe obtener métricas generales del sistema" name="Metrics Routes GET /api/metrics/system debe obtener métricas generales del sistema" time="10.156">
      <failure>Error: thrown: &quot;Exceeded timeout of 10000 ms for a hook.
Add a timeout value to this test to increase the timeout, if this is a long-running test. See https://jestjs.io/docs/api#testname-fn-timeout.&quot;
    at /Users/marceloull/Documents/Anto/backend/tests/integration/routes/metrics.test.js:28:3
    at _dispatchDescribe (/Users/marceloull/Documents/Anto/backend/node_modules/jest-circus/build/index.js:91:26)
    at describe (/Users/marceloull/Documents/Anto/backend/node_modules/jest-circus/build/index.js:55:5)
    at /Users/marceloull/Documents/Anto/backend/tests/integration/routes/metrics.test.js:19:1
    at SourceTextModule.evaluate (node:internal/vm/module:227:23)
    at Runtime.linkAndEvaluateModule (/Users/marceloull/Documents/Anto/backend/node_modules/jest-runtime/build/index.js:710:20)
    at processTicksAndRejections (node:internal/process/task_queues:105:5)
    at jestAdapter (/Users/marceloull/Documents/Anto/backend/node_modules/jest-circus/build/legacy-code-todo-rewrite/jestAdapter.js:75:5)
    at runTestInternal (/Users/marceloull/Documents/Anto/backend/node_modules/jest-runner/build/runTest.js:367:16)
    at runTest (/Users/marceloull/Documents/Anto/backend/node_modules/jest-runner/build/runTest.js:444:34)
    at Object.worker (/Users/marceloull/Documents/Anto/backend/node_modules/jest-runner/build/testWorker.js:106:12)</failure>
    </testcase>
    <testcase classname="Metrics Routes GET /api/metrics/system debe rechazar request sin autenticación" name="Metrics Routes GET /api/metrics/system debe rechazar request sin autenticación" time="10.104">
      <failure>Error: thrown: &quot;Exceeded timeout of 10000 ms for a hook.
Add a timeout value to this test to increase the timeout, if this is a long-running test. See https://jestjs.io/docs/api#testname-fn-timeout.&quot;
    at /Users/marceloull/Documents/Anto/backend/tests/integration/routes/metrics.test.js:28:3
    at _dispatchDescribe (/Users/marceloull/Documents/Anto/backend/node_modules/jest-circus/build/index.js:91:26)
    at describe (/Users/marceloull/Documents/Anto/backend/node_modules/jest-circus/build/index.js:55:5)
    at /Users/marceloull/Documents/Anto/backend/tests/integration/routes/metrics.test.js:19:1
    at SourceTextModule.evaluate (node:internal/vm/module:227:23)
    at Runtime.linkAndEvaluateModule (/Users/marceloull/Documents/Anto/backend/node_modules/jest-runtime/build/index.js:710:20)
    at processTicksAndRejections (node:internal/process/task_queues:105:5)
    at jestAdapter (/Users/marceloull/Documents/Anto/backend/node_modules/jest-circus/build/legacy-code-todo-rewrite/jestAdapter.js:75:5)
    at runTestInternal (/Users/marceloull/Documents/Anto/backend/node_modules/jest-runner/build/runTest.js:367:16)
    at runTest (/Users/marceloull/Documents/Anto/backend/node_modules/jest-runner/build/runTest.js:444:34)
    at Object.worker (/Users/marceloull/Documents/Anto/backend/node_modules/jest-runner/build/testWorker.js:106:12)</failure>
    </testcase>
    <testcase classname="Metrics Routes GET /api/metrics/me debe obtener métricas del usuario" name="Metrics Routes GET /api/metrics/me debe obtener métricas del usuario" time="10.174">
      <failure>Error: thrown: &quot;Exceeded timeout of 10000 ms for a hook.
Add a timeout value to this test to increase the timeout, if this is a long-running test. See https://jestjs.io/docs/api#testname-fn-timeout.&quot;
    at /Users/marceloull/Documents/Anto/backend/tests/integration/routes/metrics.test.js:28:3
    at _dispatchDescribe (/Users/marceloull/Documents/Anto/backend/node_modules/jest-circus/build/index.js:91:26)
    at describe (/Users/marceloull/Documents/Anto/backend/node_modules/jest-circus/build/index.js:55:5)
    at /Users/marceloull/Documents/Anto/backend/tests/integration/routes/metrics.test.js:19:1
    at SourceTextModule.evaluate (node:internal/vm/module:227:23)
    at Runtime.linkAndEvaluateModule (/Users/marceloull/Documents/Anto/backend/node_modules/jest-runtime/build/index.js:710:20)
    at processTicksAndRejections (node:internal/process/task_queues:105:5)
    at jestAdapter (/Users/marceloull/Documents/Anto/backend/node_modules/jest-circus/build/legacy-code-todo-rewrite/jestAdapter.js:75:5)
    at runTestInternal (/Users/marceloull/Documents/Anto/backend/node_modules/jest-runner/build/runTest.js:367:16)
    at runTest (/Users/marceloull/Documents/Anto/backend/node_modules/jest-runner/build/runTest.js:444:34)
    at Object.worker (/Users/marceloull/Documents/Anto/backend/node_modules/jest-runner/build/testWorker.js:106:12)</failure>
    </testcase>
    <testcase classname="Metrics Routes GET /api/metrics/health debe obtener estadísticas de salud del sistema" name="Metrics Routes GET /api/metrics/health debe obtener estadísticas de salud del sistema" time="10.076">
      <failure>Error: thrown: &quot;Exceeded timeout of 10000 ms for a hook.
Add a timeout value to this test to increase the timeout, if this is a long-running test. See https://jestjs.io/docs/api#testname-fn-timeout.&quot;
    at /Users/marceloull/Documents/Anto/backend/tests/integration/routes/metrics.test.js:28:3
    at _dispatchDescribe (/Users/marceloull/Documents/Anto/backend/node_modules/jest-circus/build/index.js:91:26)
    at describe (/Users/marceloull/Documents/Anto/backend/node_modules/jest-circus/build/index.js:55:5)
    at /Users/marceloull/Documents/Anto/backend/tests/integration/routes/metrics.test.js:19:1
    at SourceTextModule.evaluate (node:internal/vm/module:227:23)
    at Runtime.linkAndEvaluateModule (/Users/marceloull/Documents/Anto/backend/node_modules/jest-runtime/build/index.js:710:20)
    at processTicksAndRejections (node:internal/process/task_queues:105:5)
    at jestAdapter (/Users/marceloull/Documents/Anto/backend/node_modules/jest-circus/build/legacy-code-todo-rewrite/jestAdapter.js:75:5)
    at runTestInternal (/Users/marceloull/Documents/Anto/backend/node_modules/jest-runner/build/runTest.js:367:16)
    at runTest (/Users/marceloull/Documents/Anto/backend/node_modules/jest-runner/build/runTest.js:444:34)
    at Object.worker (/Users/marceloull/Documents/Anto/backend/node_modules/jest-runner/build/testWorker.js:106:12)</failure>
    </testcase>
  </testsuite>
  <testsuite name="TrialNotificationService" errors="0" failures="0" skipped="0" timestamp="2026-03-25T13:44:36" time="23.194" tests="1">
    <testcase classname="TrialNotificationService Métodos del servicio debe tener métodos exportados" name="TrialNotificationService Métodos del servicio debe tener métodos exportados" time="0.291">
    </testcase>
  </testsuite>
  <testsuite name="PushNotificationService" errors="0" failures="0" skipped="0" timestamp="2026-03-25T13:44:38" time="32.009" tests="1">
    <testcase classname="PushNotificationService Métodos del servicio debe tener métodos exportados" name="PushNotificationService Métodos del servicio debe tener métodos exportados" time="0.098">
    </testcase>
  </testsuite>
  <testsuite name="NotificationScheduler Service" errors="0" failures="0" skipped="0" timestamp="2026-03-25T13:44:33" time="37.415" tests="1">
    <testcase classname="NotificationScheduler Service Métodos del servicio debe tener métodos exportados" name="NotificationScheduler Service Métodos del servicio debe tener métodos exportados" time="0.181">
    </testcase>
  </testsuite>
  <testsuite name="PaymentRecoveryService" errors="0" failures="0" skipped="0" timestamp="2026-03-25T13:44:37" time="28.973" tests="1">
    <testcase classname="PaymentRecoveryService Métodos del servicio debe tener métodos exportados" name="PaymentRecoveryService Métodos del servicio debe tener métodos exportados" time="0.063">
    </testcase>
  </testsuite>
  <testsuite name="WhatsAppService" errors="0" failures="0" skipped="0" timestamp="2026-03-25T13:45:01" time="17.866" tests="1">
    <testcase classname="WhatsAppService Métodos del servicio debe tener métodos exportados" name="WhatsAppService Métodos del servicio debe tener métodos exportados" time="0.113">
    </testcase>
  </testsuite>
  <testsuite name="OpenAIService" errors="0" failures="0" skipped="0" timestamp="2026-03-25T13:44:31" time="53.022" tests="2">
    <testcase classname="OpenAIService Métodos del servicio debe tener métodos exportados" name="OpenAIService Métodos del servicio debe tener métodos exportados" time="0.062">
    </testcase>
    <testcase classname="OpenAIService Métodos del servicio debe tener método generateResponse si existe" name="OpenAIService Métodos del servicio debe tener método generateResponse si existe" time="0">
    </testcase>
  </testsuite>
  <testsuite name="UserProfileService" errors="0" failures="0" skipped="0" timestamp="2026-03-25T13:45:01" time="28.335" tests="1">
    <testcase classname="UserProfileService Métodos del servicio debe tener métodos exportados" name="UserProfileService Métodos del servicio debe tener métodos exportados" time="0.008">
    </testcase>
  </testsuite>
  <testsuite name="PaymentAuditService" errors="0" failures="0" skipped="0" timestamp="2026-03-25T13:44:55" time="31.556" tests="1">
    <testcase classname="PaymentAuditService Métodos del servicio debe tener métodos exportados" name="PaymentAuditService Métodos del servicio debe tener métodos exportados" time="0.731">
    </testcase>
  </testsuite>
  <testsuite name="MetricsService" errors="0" failures="0" skipped="0" timestamp="2026-03-25T13:45:11" time="42.656" tests="1">
    <testcase classname="MetricsService Métodos del servicio debe tener métodos exportados" name="MetricsService Métodos del servicio debe tener métodos exportados" time="0.024">
    </testcase>
  </testsuite>
</testsuites>