<?xml version="1.0" encoding="UTF-8"?>
<testsuites name="jest tests" tests="15" failures="0" errors="0" time="8.327">
  <testsuite name="Guest chat routes (regresión)" errors="0" failures="0" skipped="0" timestamp="2026-04-07T16:33:45" time="8.179" tests="15">
    <testcase classname="Guest chat routes (regresión) POST /api/chat/guest/session debe crear sesión 201 con token y conversationId" name="Guest chat routes (regresión) POST /api/chat/guest/session debe crear sesión 201 con token y conversationId" time="0.562">
    </testcase>
    <testcase classname="Guest chat routes (regresión) GET /api/chat/guest/conversations/:conversationId/messages debe responder 401 sin token" name="Guest chat routes (regresión) GET /api/chat/guest/conversations/:conversationId/messages debe responder 401 sin token" time="0.041">
    </testcase>
    <testcase classname="Guest chat routes (regresión) GET /api/chat/guest/conversations/:conversationId/messages debe responder 400 si conversationId no es ObjectId válido" name="Guest chat routes (regresión) GET /api/chat/guest/conversations/:conversationId/messages debe responder 400 si conversationId no es ObjectId válido" time="0.067">
    </testcase>
    <testcase classname="Guest chat routes (regresión) GET /api/chat/guest/conversations/:conversationId/messages debe listar mensajes 200 con token válido" name="Guest chat routes (regresión) GET /api/chat/guest/conversations/:conversationId/messages debe listar mensajes 200 con token válido" time="0.073">
    </testcase>
    <testcase classname="Guest chat routes (regresión) GET /api/chat/guest/conversations/:conversationId/messages debe responder 403 si conversationId no pertenece a la sesión" name="Guest chat routes (regresión) GET /api/chat/guest/conversations/:conversationId/messages debe responder 403 si conversationId no pertenece a la sesión" time="0.087">
    </testcase>
    <testcase classname="Guest chat routes (regresión) DELETE /api/chat/guest/conversations/:conversationId/messages debe responder 401 sin token" name="Guest chat routes (regresión) DELETE /api/chat/guest/conversations/:conversationId/messages debe responder 401 sin token" time="0.246">
    </testcase>
    <testcase classname="Guest chat routes (regresión) DELETE /api/chat/guest/conversations/:conversationId/messages debe borrar mensajes 200 y dejar la lista vacía al volver a leer" name="Guest chat routes (regresión) DELETE /api/chat/guest/conversations/:conversationId/messages debe borrar mensajes 200 y dejar la lista vacía al volver a leer" time="1.11">
    </testcase>
    <testcase classname="Guest chat routes (regresión) DELETE /api/chat/guest/conversations/:conversationId/messages debe responder 403 si conversationId no pertenece a la sesión" name="Guest chat routes (regresión) DELETE /api/chat/guest/conversations/:conversationId/messages debe responder 403 si conversationId no pertenece a la sesión" time="0.019">
    </testcase>
    <testcase classname="Guest chat routes (regresión) POST /api/chat/guest/messages debe responder 401 sin token" name="Guest chat routes (regresión) POST /api/chat/guest/messages debe responder 401 sin token" time="0.027">
    </testcase>
    <testcase classname="Guest chat routes (regresión) POST /api/chat/guest/messages debe responder 401 con token inválido" name="Guest chat routes (regresión) POST /api/chat/guest/messages debe responder 401 con token inválido" time="0.03">
    </testcase>
    <testcase classname="Guest chat routes (regresión) POST /api/chat/guest/messages debe responder 400 si faltan conversationId o content" name="Guest chat routes (regresión) POST /api/chat/guest/messages debe responder 400 si faltan conversationId o content" time="0.042">
    </testcase>
    <testcase classname="Guest chat routes (regresión) POST /api/chat/guest/messages debe responder 403 si conversationId no coincide con la sesión" name="Guest chat routes (regresión) POST /api/chat/guest/messages debe responder 403 si conversationId no coincide con la sesión" time="0.019">
    </testcase>
    <testcase classname="Guest chat routes (regresión) POST /api/chat/guest/messages debe responder 400 si content supera GUEST_MAX_CONTENT_LENGTH" name="Guest chat routes (regresión) POST /api/chat/guest/messages debe responder 400 si content supera GUEST_MAX_CONTENT_LENGTH" time="0.017">
    </testcase>
    <testcase classname="Guest chat routes (regresión) POST /api/chat/guest/messages debe responder 403 GUEST_LIMIT_REACHED cuando ya hay max mensajes de usuario" name="Guest chat routes (regresión) POST /api/chat/guest/messages debe responder 403 GUEST_LIMIT_REACHED cuando ya hay max mensajes de usuario" time="0.037">
    </testcase>
    <testcase classname="Guest chat routes (regresión) Rate limit creación de sesiones debe responder 429 tras exceder límite de POST /session" name="Guest chat routes (regresión) Rate limit creación de sesiones debe responder 429 tras exceder límite de POST /session" time="0.026">
    </testcase>
  </testsuite>
</testsuites>