<?xml version="1.0" encoding="UTF-8"?>
<testsuites name="jest tests" tests="771" failures="2" errors="0" time="30.653">
  <testsuite name="Conversation Model" errors="0" failures="1" skipped="0" timestamp="2026-04-07T14:55:17" time="0.6" tests="9">
    <testcase classname="Conversation Model Validaciones debe crear una conversación válida" name="Conversation Model Validaciones debe crear una conversación válida" time="0.025">
    </testcase>
    <testcase classname="Conversation Model Validaciones debe requerir userId" name="Conversation Model Validaciones debe requerir userId" time="0.002">
      <failure>Error: expect(received).toBeDefined()

Received: undefined
    at Object.&lt;anonymous&gt; (/Users/marceloull/Documents/Anto/backend/tests/unit/models/Conversation.test.js:38:21)
    at Promise.then.completed (/Users/marceloull/Documents/Anto/backend/node_modules/jest-circus/build/utils.js:298:28)
    at new Promise (&lt;anonymous&gt;)
    at callAsyncCircusFn (/Users/marceloull/Documents/Anto/backend/node_modules/jest-circus/build/utils.js:231:10)
    at _callCircusTest (/Users/marceloull/Documents/Anto/backend/node_modules/jest-circus/build/run.js:316:40)
    at processTicksAndRejections (node:internal/process/task_queues:105:5)
    at _runTest (/Users/marceloull/Documents/Anto/backend/node_modules/jest-circus/build/run.js:252:3)
    at _runTestsForDescribeBlock (/Users/marceloull/Documents/Anto/backend/node_modules/jest-circus/build/run.js:126:9)
    at _runTestsForDescribeBlock (/Users/marceloull/Documents/Anto/backend/node_modules/jest-circus/build/run.js:121:9)
    at _runTestsForDescribeBlock (/Users/marceloull/Documents/Anto/backend/node_modules/jest-circus/build/run.js:121:9)
    at run (/Users/marceloull/Documents/Anto/backend/node_modules/jest-circus/build/run.js:71:3)
    at runAndTransformResultsToJestFormat (/Users/marceloull/Documents/Anto/backend/node_modules/jest-circus/build/legacy-code-todo-rewrite/jestAdapterInit.js:122:21)
    at jestAdapter (/Users/marceloull/Documents/Anto/backend/node_modules/jest-circus/build/legacy-code-todo-rewrite/jestAdapter.js:79:19)
    at runTestInternal (/Users/marceloull/Documents/Anto/backend/node_modules/jest-runner/build/runTest.js:367:16)
    at runTest (/Users/marceloull/Documents/Anto/backend/node_modules/jest-runner/build/runTest.js:444:34)</failure>
    </testcase>
    <testcase classname="Conversation Model Validaciones debe validar status enum" name="Conversation Model Validaciones debe validar status enum" time="0.001">
    </testcase>
    <testcase classname="Conversation Model Validaciones debe tener status por defecto como active" name="Conversation Model Validaciones debe tener status por defecto como active" time="0">
    </testcase>
    <testcase classname="Conversation Model Validaciones debe generar id automáticamente" name="Conversation Model Validaciones debe generar id automáticamente" time="0">
    </testcase>
    <testcase classname="Conversation Model Estructura del modelo debe tener lastMessage como referencia opcional" name="Conversation Model Estructura del modelo debe tener lastMessage como referencia opcional" time="0.001">
    </testcase>
    <testcase classname="Conversation Model Estructura del modelo debe guardar y recuperar una conversación" name="Conversation Model Estructura del modelo debe guardar y recuperar una conversación" time="0.024">
    </testcase>
    <testcase classname="Conversation Model Estructura del modelo debe aceptar status archived" name="Conversation Model Estructura del modelo debe aceptar status archived" time="0.002">
    </testcase>
    <testcase classname="Conversation Model Middleware pre-save debe generar id si no existe antes de guardar" name="Conversation Model Middleware pre-save debe generar id si no existe antes de guardar" time="0.001">
    </testcase>
  </testsuite>
  <testsuite name="Subscription Model" errors="0" failures="0" skipped="0" timestamp="2026-04-07T14:55:17" time="0.41" tests="26">
    <testcase classname="Subscription Model Validaciones debe crear una suscripción válida" name="Subscription Model Validaciones debe crear una suscripción válida" time="0.004">
    </testcase>
    <testcase classname="Subscription Model Validaciones debe requerir userId" name="Subscription Model Validaciones debe requerir userId" time="0.002">
    </testcase>
    <testcase classname="Subscription Model Validaciones debe validar plan enum" name="Subscription Model Validaciones debe validar plan enum" time="0.002">
    </testcase>
    <testcase classname="Subscription Model Validaciones debe validar status enum" name="Subscription Model Validaciones debe validar status enum" time="0.001">
    </testcase>
    <testcase classname="Subscription Model Estructura del modelo debe tener campos de Mercado Pago" name="Subscription Model Estructura del modelo debe tener campos de Mercado Pago" time="0.001">
    </testcase>
    <testcase classname="Subscription Model Estructura del modelo debe tener campos de trial" name="Subscription Model Estructura del modelo debe tener campos de trial" time="0.001">
    </testcase>
    <testcase classname="Subscription Model Virtual properties isActive debe retornar true para suscripción activa" name="Subscription Model Virtual properties isActive debe retornar true para suscripción activa" time="0.001">
    </testcase>
    <testcase classname="Subscription Model Virtual properties isActive debe retornar false para suscripción cancelada" name="Subscription Model Virtual properties isActive debe retornar false para suscripción cancelada" time="0">
    </testcase>
    <testcase classname="Subscription Model Virtual properties daysRemaining debe calcular días restantes correctamente" name="Subscription Model Virtual properties daysRemaining debe calcular días restantes correctamente" time="0">
    </testcase>
    <testcase classname="Subscription Model Virtual properties daysRemaining debe retornar 0 si no hay currentPeriodEnd" name="Subscription Model Virtual properties daysRemaining debe retornar 0 si no hay currentPeriodEnd" time="0.001">
    </testcase>
    <testcase classname="Subscription Model Virtual properties isInTrial debe retornar true para trial activo" name="Subscription Model Virtual properties isInTrial debe retornar true para trial activo" time="0">
    </testcase>
    <testcase classname="Subscription Model Virtual properties isInTrial debe retornar false si no hay trialStart" name="Subscription Model Virtual properties isInTrial debe retornar false si no hay trialStart" time="0.001">
    </testcase>
    <testcase classname="Subscription Model Virtual properties isInTrial debe retornar false si el trial expiró" name="Subscription Model Virtual properties isInTrial debe retornar false si el trial expiró" time="0.003">
    </testcase>
    <testcase classname="Subscription Model Virtual properties isActive debe retornar false si el período expiró" name="Subscription Model Virtual properties isActive debe retornar false si el período expiró" time="0.002">
    </testcase>
    <testcase classname="Subscription Model Métodos de instancia debe tener método cancel" name="Subscription Model Métodos de instancia debe tener método cancel" time="0">
    </testcase>
    <testcase classname="Subscription Model Métodos de instancia cancel debe cancelar al final del período por defecto" name="Subscription Model Métodos de instancia cancel debe cancelar al final del período por defecto" time="0.014">
    </testcase>
    <testcase classname="Subscription Model Métodos de instancia cancel debe cancelar inmediatamente si se especifica" name="Subscription Model Métodos de instancia cancel debe cancelar inmediatamente si se especifica" time="0.005">
    </testcase>
    <testcase classname="Subscription Model Métodos de instancia debe tener método reactivate" name="Subscription Model Métodos de instancia debe tener método reactivate" time="0">
    </testcase>
    <testcase classname="Subscription Model Métodos de instancia reactivate debe reactivar una suscripción cancelada" name="Subscription Model Métodos de instancia reactivate debe reactivar una suscripción cancelada" time="0.004">
    </testcase>
    <testcase classname="Subscription Model Métodos estáticos debe tener método findActiveByUserId" name="Subscription Model Métodos estáticos debe tener método findActiveByUserId" time="0">
    </testcase>
    <testcase classname="Subscription Model Métodos estáticos debe tener método findExpiringSoon" name="Subscription Model Métodos estáticos debe tener método findExpiringSoon" time="0.001">
    </testcase>
    <testcase classname="Subscription Model Métodos estáticos findActiveByUserId debe retornar null sin suscripciones" name="Subscription Model Métodos estáticos findActiveByUserId debe retornar null sin suscripciones" time="0.009">
    </testcase>
    <testcase classname="Subscription Model Métodos estáticos findActiveByUserId debe encontrar suscripción activa" name="Subscription Model Métodos estáticos findActiveByUserId debe encontrar suscripción activa" time="0.003">
    </testcase>
    <testcase classname="Subscription Model Métodos estáticos findActiveByUserId debe encontrar suscripción en trial" name="Subscription Model Métodos estáticos findActiveByUserId debe encontrar suscripción en trial" time="0.003">
    </testcase>
    <testcase classname="Subscription Model Métodos estáticos findExpiringSoon debe retornar array vacío sin suscripciones" name="Subscription Model Métodos estáticos findExpiringSoon debe retornar array vacío sin suscripciones" time="0.002">
    </testcase>
    <testcase classname="Subscription Model Métodos estáticos findExpiringSoon debe encontrar suscripciones que expiran pronto" name="Subscription Model Métodos estáticos findExpiringSoon debe encontrar suscripciones que expiran pronto" time="0.003">
    </testcase>
  </testsuite>
  <testsuite name="Message Model" errors="0" failures="1" skipped="0" timestamp="2026-04-07T14:55:18" time="0.355" tests="13">
    <testcase classname="Message Model Validaciones debe crear un mensaje válido" name="Message Model Validaciones debe crear un mensaje válido" time="0.004">
    </testcase>
    <testcase classname="Message Model Validaciones debe requerir userId" name="Message Model Validaciones debe requerir userId" time="0.002">
      <failure>Error: expect(received).toBeDefined()

Received: undefined
    at Object.&lt;anonymous&gt; (/Users/marceloull/Documents/Anto/backend/tests/unit/models/Message.test.js:45:21)
    at Promise.then.completed (/Users/marceloull/Documents/Anto/backend/node_modules/jest-circus/build/utils.js:298:28)
    at new Promise (&lt;anonymous&gt;)
    at callAsyncCircusFn (/Users/marceloull/Documents/Anto/backend/node_modules/jest-circus/build/utils.js:231:10)
    at _callCircusTest (/Users/marceloull/Documents/Anto/backend/node_modules/jest-circus/build/run.js:316:40)
    at processTicksAndRejections (node:internal/process/task_queues:105:5)
    at _runTest (/Users/marceloull/Documents/Anto/backend/node_modules/jest-circus/build/run.js:252:3)
    at _runTestsForDescribeBlock (/Users/marceloull/Documents/Anto/backend/node_modules/jest-circus/build/run.js:126:9)
    at _runTestsForDescribeBlock (/Users/marceloull/Documents/Anto/backend/node_modules/jest-circus/build/run.js:121:9)
    at _runTestsForDescribeBlock (/Users/marceloull/Documents/Anto/backend/node_modules/jest-circus/build/run.js:121:9)
    at run (/Users/marceloull/Documents/Anto/backend/node_modules/jest-circus/build/run.js:71:3)
    at runAndTransformResultsToJestFormat (/Users/marceloull/Documents/Anto/backend/node_modules/jest-circus/build/legacy-code-todo-rewrite/jestAdapterInit.js:122:21)
    at jestAdapter (/Users/marceloull/Documents/Anto/backend/node_modules/jest-circus/build/legacy-code-todo-rewrite/jestAdapter.js:79:19)
    at runTestInternal (/Users/marceloull/Documents/Anto/backend/node_modules/jest-runner/build/runTest.js:367:16)
    at runTest (/Users/marceloull/Documents/Anto/backend/node_modules/jest-runner/build/runTest.js:444:34)</failure>
    </testcase>
    <testcase classname="Message Model Validaciones debe requerir conversationId" name="Message Model Validaciones debe requerir conversationId" time="0.004">
    </testcase>
    <testcase classname="Message Model Validaciones debe requerir content" name="Message Model Validaciones debe requerir content" time="0.001">
    </testcase>
    <testcase classname="Message Model Validaciones debe requerir role" name="Message Model Validaciones debe requerir role" time="0.001">
    </testcase>
    <testcase classname="Message Model Validaciones debe validar role enum" name="Message Model Validaciones debe validar role enum" time="0">
    </testcase>
    <testcase classname="Message Model Validaciones debe aceptar roles válidos" name="Message Model Validaciones debe aceptar roles válidos" time="0.001">
    </testcase>
    <testcase classname="Message Model Validaciones debe tener metadata por defecto como objeto vacío" name="Message Model Validaciones debe tener metadata por defecto como objeto vacío" time="0.001">
    </testcase>
    <testcase classname="Message Model Validaciones debe permitir metadata personalizado" name="Message Model Validaciones debe permitir metadata personalizado" time="0.001">
    </testcase>
    <testcase classname="Message Model Validaciones debe trimear el contenido" name="Message Model Validaciones debe trimear el contenido" time="0">
    </testcase>
    <testcase classname="Message Model Operaciones de base de datos debe guardar un mensaje en la base de datos" name="Message Model Operaciones de base de datos debe guardar un mensaje en la base de datos" time="0.005">
    </testcase>
    <testcase classname="Message Model Operaciones de base de datos debe encontrar mensajes por userId" name="Message Model Operaciones de base de datos debe encontrar mensajes por userId" time="0.008">
    </testcase>
    <testcase classname="Message Model Operaciones de base de datos debe encontrar mensajes por conversationId" name="Message Model Operaciones de base de datos debe encontrar mensajes por conversationId" time="0.005">
    </testcase>
  </testsuite>
  <testsuite name="Sanitize Input" errors="0" failures="0" skipped="1" timestamp="2026-04-07T14:55:18" time="0.031" tests="1">
    <testcase classname="Sanitize Input debe estar deshabilitado temporalmente" name="Sanitize Input debe estar deshabilitado temporalmente" time="0">
      <skipped/>
    </testcase>
  </testsuite>
  <testsuite name="Auth Routes" errors="0" failures="0" skipped="0" timestamp="2026-04-07T14:55:18" time="0.924" tests="8">
    <testcase classname="Auth Routes POST /api/auth/register debe rechazar registro sin datos" name="Auth Routes POST /api/auth/register debe rechazar registro sin datos" time="0.104">
    </testcase>
    <testcase classname="Auth Routes POST /api/auth/register debe rechazar registro con email inválido" name="Auth Routes POST /api/auth/register debe rechazar registro con email inválido" time="0.003">
    </testcase>
    <testcase classname="Auth Routes POST /api/auth/register debe rechazar registro con contraseña muy corta" name="Auth Routes POST /api/auth/register debe rechazar registro con contraseña muy corta" time="0.001">
    </testcase>
    <testcase classname="Auth Routes POST /api/auth/login debe rechazar login sin credenciales" name="Auth Routes POST /api/auth/login debe rechazar login sin credenciales" time="0.002">
    </testcase>
    <testcase classname="Auth Routes POST /api/auth/login debe rechazar login con email inválido" name="Auth Routes POST /api/auth/login debe rechazar login con email inválido" time="0.002">
    </testcase>
    <testcase classname="Auth Routes POST /api/auth/refresh debe rechazar refresh sin token" name="Auth Routes POST /api/auth/refresh debe rechazar refresh sin token" time="0.002">
    </testcase>
    <testcase classname="Auth Routes POST /api/auth/reset-password debe rechazar reset sin datos requeridos" name="Auth Routes POST /api/auth/reset-password debe rechazar reset sin datos requeridos" time="0.001">
    </testcase>
    <testcase classname="Auth Routes POST /api/auth/reset-password debe rechazar reset sin contraseña" name="Auth Routes POST /api/auth/reset-password debe rechazar reset sin contraseña" time="0.001">
    </testcase>
  </testsuite>
  <testsuite name="EmergencyReminderService" errors="0" failures="0" skipped="0" timestamp="2026-04-07T14:55:19" time="0.467" tests="9">
    <testcase classname="EmergencyReminderService Métodos del servicio debe tener método needsReminder" name="EmergencyReminderService Métodos del servicio debe tener método needsReminder" time="0.001">
    </testcase>
    <testcase classname="EmergencyReminderService Métodos del servicio debe tener método generateReminderEmail" name="EmergencyReminderService Métodos del servicio debe tener método generateReminderEmail" time="0.001">
    </testcase>
    <testcase classname="EmergencyReminderService Métodos del servicio debe tener método sendReminder" name="EmergencyReminderService Métodos del servicio debe tener método sendReminder" time="0">
    </testcase>
    <testcase classname="EmergencyReminderService needsReminder debe retornar false si no tiene contactos" name="EmergencyReminderService needsReminder debe retornar false si no tiene contactos" time="0.004">
    </testcase>
    <testcase classname="EmergencyReminderService needsReminder debe retornar false si no tiene contactos definidos" name="EmergencyReminderService needsReminder debe retornar false si no tiene contactos definidos" time="0">
    </testcase>
    <testcase classname="EmergencyReminderService needsReminder debe retornar true si tiene contactos sin recordatorio reciente" name="EmergencyReminderService needsReminder debe retornar true si tiene contactos sin recordatorio reciente" time="0">
    </testcase>
    <testcase classname="EmergencyReminderService needsReminder debe retornar false si todos los contactos tienen recordatorio reciente" name="EmergencyReminderService needsReminder debe retornar false si todos los contactos tienen recordatorio reciente" time="0">
    </testcase>
    <testcase classname="EmergencyReminderService generateReminderEmail debe generar email de recordatorio" name="EmergencyReminderService generateReminderEmail debe generar email de recordatorio" time="0.001">
    </testcase>
    <testcase classname="EmergencyReminderService generateReminderEmail debe incluir lista de contactos en el email" name="EmergencyReminderService generateReminderEmail debe incluir lista de contactos en el email" time="0">
    </testcase>
  </testsuite>
  <testsuite name="Chat Routes" errors="0" failures="0" skipped="0" timestamp="2026-04-07T14:55:20" time="1.172" tests="5">
    <testcase classname="Chat Routes POST /api/chat/messages debe rechazar mensaje sin autenticación" name="Chat Routes POST /api/chat/messages debe rechazar mensaje sin autenticación" time="0.01">
    </testcase>
    <testcase classname="Chat Routes POST /api/chat/messages debe rechazar mensaje sin contenido" name="Chat Routes POST /api/chat/messages debe rechazar mensaje sin contenido" time="0.002">
    </testcase>
    <testcase classname="Chat Routes GET /api/chat/conversations debe rechazar consulta sin autenticación" name="Chat Routes GET /api/chat/conversations debe rechazar consulta sin autenticación" time="0.001">
    </testcase>
    <testcase classname="Chat Routes GET /api/chat/conversations/:id debe rechazar consulta sin autenticación" name="Chat Routes GET /api/chat/conversations/:id debe rechazar consulta sin autenticación" time="0.001">
    </testcase>
    <testcase classname="Chat Routes GET /api/chat/messages/search debe rechazar búsqueda sin autenticación" name="Chat Routes GET /api/chat/messages/search debe rechazar búsqueda sin autenticación" time="0.001">
    </testcase>
  </testsuite>
  <testsuite name="CrisisTrendAnalyzer Service" errors="0" failures="0" skipped="0" timestamp="2026-04-07T14:55:21" time="0.351" tests="7">
    <testcase classname="CrisisTrendAnalyzer Service Métodos del servicio debe tener método analyzeTrends" name="CrisisTrendAnalyzer Service Métodos del servicio debe tener método analyzeTrends" time="0.001">
    </testcase>
    <testcase classname="CrisisTrendAnalyzer Service Métodos del servicio debe tener método getMessagesInPeriod" name="CrisisTrendAnalyzer Service Métodos del servicio debe tener método getMessagesInPeriod" time="0.001">
    </testcase>
    <testcase classname="CrisisTrendAnalyzer Service Métodos del servicio debe tener constantes de configuración" name="CrisisTrendAnalyzer Service Métodos del servicio debe tener constantes de configuración" time="0">
    </testcase>
    <testcase classname="CrisisTrendAnalyzer Service analyzeTrends debe ser una función" name="CrisisTrendAnalyzer Service analyzeTrends debe ser una función" time="0">
    </testcase>
    <testcase classname="CrisisTrendAnalyzer Service analyzeTrends debe retornar estructura de análisis incluso con errores" name="CrisisTrendAnalyzer Service analyzeTrends debe retornar estructura de análisis incluso con errores" time="0.001">
    </testcase>
    <testcase classname="CrisisTrendAnalyzer Service getMessagesInPeriod debe ser una función" name="CrisisTrendAnalyzer Service getMessagesInPeriod debe ser una función" time="0">
    </testcase>
    <testcase classname="CrisisTrendAnalyzer Service getMessagesInPeriod debe retornar array vacío en caso de error" name="CrisisTrendAnalyzer Service getMessagesInPeriod debe retornar array vacío en caso de error" time="0.001">
    </testcase>
  </testsuite>
  <testsuite name="TrialNotificationService" errors="0" failures="0" skipped="0" timestamp="2026-04-07T14:55:21" time="0.121" tests="1">
    <testcase classname="TrialNotificationService Métodos del servicio debe tener métodos exportados" name="TrialNotificationService Métodos del servicio debe tener métodos exportados" time="0.001">
    </testcase>
  </testsuite>
  <testsuite name="openaiPromptBuilder — budget borde (env CHAT_PROMPT_*)" errors="0" failures="0" skipped="0" timestamp="2026-04-07T14:55:21" time="0.448" tests="3">
    <testcase classname="openaiPromptBuilder — budget borde (env CHAT_PROMPT_*) budget 1: un hueco en cabeza + cola (9+1=10)" name="openaiPromptBuilder — budget borde (env CHAT_PROMPT_*) budget 1: un hueco en cabeza + cola (9+1=10)" time="0.233">
    </testcase>
    <testcase classname="openaiPromptBuilder — budget borde (env CHAT_PROMPT_*) budget 0: solo ventana final (cola = MAX)" name="openaiPromptBuilder — budget borde (env CHAT_PROMPT_*) budget 0: solo ventana final (cola = MAX)" time="0.179">
    </testcase>
    <testcase classname="openaiPromptBuilder — budget borde (env CHAT_PROMPT_*) tail mayor que max se recorta al max" name="openaiPromptBuilder — budget borde (env CHAT_PROMPT_*) tail mayor que max se recorta al max" time="0.002">
    </testcase>
  </testsuite>
  <testsuite name="CheckSubscription Middleware" errors="0" failures="0" skipped="0" timestamp="2026-04-07T14:55:22" time="0.117" tests="2">
    <testcase classname="CheckSubscription Middleware requireActiveSubscription debe ser una función" name="CheckSubscription Middleware requireActiveSubscription debe ser una función" time="0.001">
    </testcase>
    <testcase classname="CheckSubscription Middleware requireActiveSubscription debe retornar un middleware" name="CheckSubscription Middleware requireActiveSubscription debe retornar un middleware" time="0.001">
    </testcase>
  </testsuite>
  <testsuite name="Habit Routes" errors="0" failures="0" skipped="0" timestamp="2026-04-07T14:55:22" time="0.242" tests="6">
    <testcase classname="Habit Routes GET /api/habits debe rechazar consulta sin autenticación" name="Habit Routes GET /api/habits debe rechazar consulta sin autenticación" time="0.004">
    </testcase>
    <testcase classname="Habit Routes POST /api/habits debe rechazar creación sin autenticación" name="Habit Routes POST /api/habits debe rechazar creación sin autenticación" time="0.004">
    </testcase>
    <testcase classname="Habit Routes POST /api/habits debe rechazar creación sin datos requeridos" name="Habit Routes POST /api/habits debe rechazar creación sin datos requeridos" time="0.001">
    </testcase>
    <testcase classname="Habit Routes PUT /api/habits/:id debe rechazar actualización sin autenticación" name="Habit Routes PUT /api/habits/:id debe rechazar actualización sin autenticación" time="0">
    </testcase>
    <testcase classname="Habit Routes DELETE /api/habits/:id debe rechazar eliminación sin autenticación" name="Habit Routes DELETE /api/habits/:id debe rechazar eliminación sin autenticación" time="0.001">
    </testcase>
    <testcase classname="Habit Routes POST /api/habits/:id/complete debe rechazar completado sin autenticación" name="Habit Routes POST /api/habits/:id/complete debe rechazar completado sin autenticación" time="0.001">
    </testcase>
  </testsuite>
  <testsuite name="PaymentRecoveryService" errors="0" failures="0" skipped="0" timestamp="2026-04-07T14:55:22" time="0.167" tests="1">
    <testcase classname="PaymentRecoveryService Métodos del servicio debe tener métodos exportados" name="PaymentRecoveryService Métodos del servicio debe tener métodos exportados" time="0.001">
    </testcase>
  </testsuite>
  <testsuite name="Payment Routes" errors="0" failures="0" skipped="0" timestamp="2026-04-07T14:55:22" time="0.265" tests="8">
    <testcase classname="Payment Routes GET /api/payments/plans debe retornar información de planes disponibles" name="Payment Routes GET /api/payments/plans debe retornar información de planes disponibles" time="0.045">
    </testcase>
    <testcase classname="Payment Routes POST /api/payments/checkout debe rechazar checkout sin autenticación" name="Payment Routes POST /api/payments/checkout debe rechazar checkout sin autenticación" time="0.005">
    </testcase>
    <testcase classname="Payment Routes POST /api/payments/checkout debe rechazar checkout sin plan" name="Payment Routes POST /api/payments/checkout debe rechazar checkout sin plan" time="0.001">
    </testcase>
    <testcase classname="Payment Routes POST /api/payments/checkout debe rechazar plan inválido" name="Payment Routes POST /api/payments/checkout debe rechazar plan inválido" time="0.001">
    </testcase>
    <testcase classname="Payment Routes POST /api/payments/cancel debe rechazar cancelación sin autenticación" name="Payment Routes POST /api/payments/cancel debe rechazar cancelación sin autenticación" time="0.001">
    </testcase>
    <testcase classname="Payment Routes POST /api/payments/update-payment-method debe rechazar actualización sin autenticación" name="Payment Routes POST /api/payments/update-payment-method debe rechazar actualización sin autenticación" time="0.002">
    </testcase>
    <testcase classname="Payment Routes POST /api/payments/update-payment-method debe rechazar actualización sin paymentMethodId" name="Payment Routes POST /api/payments/update-payment-method debe rechazar actualización sin paymentMethodId" time="0.001">
    </testcase>
    <testcase classname="Payment Routes GET /api/payments/status debe rechazar consulta sin autenticación" name="Payment Routes GET /api/payments/status debe rechazar consulta sin autenticación" time="0.001">
    </testcase>
  </testsuite>
  <testsuite name="PaymentAuditService" errors="0" failures="0" skipped="0" timestamp="2026-04-07T14:55:23" time="0.198" tests="1">
    <testcase classname="PaymentAuditService Métodos del servicio debe tener métodos exportados" name="PaymentAuditService Métodos del servicio debe tener métodos exportados" time="0.001">
    </testcase>
  </testsuite>
  <testsuite name="PushNotificationService" errors="0" failures="0" skipped="0" timestamp="2026-04-07T14:55:23" time="0.122" tests="1">
    <testcase classname="PushNotificationService Métodos del servicio debe tener métodos exportados" name="PushNotificationService Métodos del servicio debe tener métodos exportados" time="0.001">
    </testcase>
  </testsuite>
  <testsuite name="Therapeutic Techniques Routes" errors="0" failures="0" skipped="0" timestamp="2026-04-07T14:55:23" time="0.209" tests="3">
    <testcase classname="Therapeutic Techniques Routes GET /api/therapeutic-techniques debe rechazar consulta sin autenticación" name="Therapeutic Techniques Routes GET /api/therapeutic-techniques debe rechazar consulta sin autenticación" time="0.005">
    </testcase>
    <testcase classname="Therapeutic Techniques Routes GET /api/therapeutic-techniques/:id debe rechazar consulta sin autenticación" name="Therapeutic Techniques Routes GET /api/therapeutic-techniques/:id debe rechazar consulta sin autenticación" time="0.002">
    </testcase>
    <testcase classname="Therapeutic Techniques Routes POST /api/therapeutic-techniques/:id/use debe rechazar uso sin autenticación" name="Therapeutic Techniques Routes POST /api/therapeutic-techniques/:id/use debe rechazar uso sin autenticación" time="0.007">
    </testcase>
  </testsuite>
  <testsuite name="Crisis Routes" errors="0" failures="0" skipped="0" timestamp="2026-04-07T14:55:23" time="0.288" tests="3">
    <testcase classname="Crisis Routes GET /api/crisis/summary debe rechazar consulta sin autenticación" name="Crisis Routes GET /api/crisis/summary debe rechazar consulta sin autenticación" time="0.005">
    </testcase>
    <testcase classname="Crisis Routes GET /api/crisis/trends debe rechazar consulta sin autenticación" name="Crisis Routes GET /api/crisis/trends debe rechazar consulta sin autenticación" time="0.001">
    </testcase>
    <testcase classname="Crisis Routes GET /api/crisis/history debe rechazar consulta sin autenticación" name="Crisis Routes GET /api/crisis/history debe rechazar consulta sin autenticación" time="0">
    </testcase>
  </testsuite>
  <testsuite name="UserProfileService" errors="0" failures="0" skipped="0" timestamp="2026-04-07T14:55:23" time="0.142" tests="1">
    <testcase classname="UserProfileService Métodos del servicio debe tener métodos exportados" name="UserProfileService Métodos del servicio debe tener métodos exportados" time="0.001">
    </testcase>
  </testsuite>
  <testsuite name="openaiPromptBuilder — historial para prompt" errors="0" failures="0" skipped="0" timestamp="2026-04-07T14:55:24" time="0.24" tests="5">
    <testcase classname="openaiPromptBuilder — historial para prompt defaults: MESSAGES_IN_PROMPT 12 y SLIDING_TAIL 7 (sin env)" name="openaiPromptBuilder — historial para prompt defaults: MESSAGES_IN_PROMPT 12 y SLIDING_TAIL 7 (sin env)" time="0.001">
    </testcase>
    <testcase classname="openaiPromptBuilder — historial para prompt buildHistoryForPromptFromMessages respeta orden antiguo→reciente" name="openaiPromptBuilder — historial para prompt buildHistoryForPromptFromMessages respeta orden antiguo→reciente" time="0">
    </testcase>
    <testcase classname="openaiPromptBuilder — historial para prompt selectHistoryForPrompt conserva cola y respeta MESSAGES_IN_PROMPT" name="openaiPromptBuilder — historial para prompt selectHistoryForPrompt conserva cola y respeta MESSAGES_IN_PROMPT" time="0.002">
    </testcase>
    <testcase classname="openaiPromptBuilder — historial para prompt computeHistorySelectionForPrompt expone telemetría al truncar" name="openaiPromptBuilder — historial para prompt computeHistorySelectionForPrompt expone telemetría al truncar" time="0.001">
    </testcase>
    <testcase classname="openaiPromptBuilder — historial para prompt prioriza mensaje con alta intensidad en el tramo viejo" name="openaiPromptBuilder — historial para prompt prioriza mensaje con alta intensidad en el tramo viejo" time="0">
    </testcase>
  </testsuite>
  <testsuite name="Notification Routes" errors="0" failures="0" skipped="0" timestamp="2026-04-07T14:55:24" time="0.487" tests="2">
    <testcase classname="Notification Routes GET /api/notifications debe rechazar consulta sin autenticación" name="Notification Routes GET /api/notifications debe rechazar consulta sin autenticación" time="0.008">
    </testcase>
    <testcase classname="Notification Routes POST /api/notifications debe rechazar creación sin autenticación" name="Notification Routes POST /api/notifications debe rechazar creación sin autenticación" time="0.004">
    </testcase>
  </testsuite>
  <testsuite name="Metrics Routes" errors="0" failures="0" skipped="0" timestamp="2026-04-07T14:55:24" time="0.294" tests="3">
    <testcase classname="Metrics Routes GET /api/metrics/system debe rechazar consulta sin autenticación" name="Metrics Routes GET /api/metrics/system debe rechazar consulta sin autenticación" time="0.014">
    </testcase>
    <testcase classname="Metrics Routes GET /api/metrics/health debe rechazar consulta sin autenticación" name="Metrics Routes GET /api/metrics/health debe rechazar consulta sin autenticación" time="0.002">
    </testcase>
    <testcase classname="Metrics Routes GET /api/metrics/me debe rechazar consulta sin autenticación" name="Metrics Routes GET /api/metrics/me debe rechazar consulta sin autenticación" time="0.002">
    </testcase>
  </testsuite>
  <testsuite name="Response Feedback Routes" errors="0" failures="0" skipped="0" timestamp="2026-04-07T14:55:25" time="0.381" tests="9">
    <testcase classname="Response Feedback Routes POST /api/feedback debe rechazar feedback sin autenticación" name="Response Feedback Routes POST /api/feedback debe rechazar feedback sin autenticación" time="0.013">
    </testcase>
    <testcase classname="Response Feedback Routes POST /api/feedback debe rechazar feedback sin datos requeridos" name="Response Feedback Routes POST /api/feedback debe rechazar feedback sin datos requeridos" time="0.002">
    </testcase>
    <testcase classname="Response Feedback Routes POST /api/feedback debe rechazar feedback con datos inválidos" name="Response Feedback Routes POST /api/feedback debe rechazar feedback con datos inválidos" time="0.006">
    </testcase>
    <testcase classname="Response Feedback Routes POST /api/feedback debe rechazar feedback con rating fuera de rango" name="Response Feedback Routes POST /api/feedback debe rechazar feedback con rating fuera de rango" time="0.002">
    </testcase>
    <testcase classname="Response Feedback Routes GET /api/feedback debe rechazar consulta sin autenticación" name="Response Feedback Routes GET /api/feedback debe rechazar consulta sin autenticación" time="0.002">
    </testcase>
    <testcase classname="Response Feedback Routes GET /api/feedback/stats debe rechazar consulta sin autenticación" name="Response Feedback Routes GET /api/feedback/stats debe rechazar consulta sin autenticación" time="0.001">
    </testcase>
    <testcase classname="Response Feedback Routes GET /api/feedback/:id debe rechazar consulta sin autenticación" name="Response Feedback Routes GET /api/feedback/:id debe rechazar consulta sin autenticación" time="0.002">
    </testcase>
    <testcase classname="Response Feedback Routes PUT /api/feedback/:id debe rechazar actualización sin autenticación" name="Response Feedback Routes PUT /api/feedback/:id debe rechazar actualización sin autenticación" time="0.002">
    </testcase>
    <testcase classname="Response Feedback Routes DELETE /api/feedback/:id debe rechazar eliminación sin autenticación" name="Response Feedback Routes DELETE /api/feedback/:id debe rechazar eliminación sin autenticación" time="0.006">
    </testcase>
  </testsuite>
  <testsuite name="ProgressTracker Service" errors="0" failures="0" skipped="0" timestamp="2026-04-07T14:55:25" time="0.329" tests="4">
    <testcase classname="ProgressTracker Service Métodos del servicio debe tener método trackProgress" name="ProgressTracker Service Métodos del servicio debe tener método trackProgress" time="0.001">
    </testcase>
    <testcase classname="ProgressTracker Service Métodos del servicio debe tener método obtenerElementosComunes" name="ProgressTracker Service Métodos del servicio debe tener método obtenerElementosComunes" time="0">
    </testcase>
    <testcase classname="ProgressTracker Service Validaciones básicas debe validar userId correctamente" name="ProgressTracker Service Validaciones básicas debe validar userId correctamente" time="0.001">
    </testcase>
    <testcase classname="ProgressTracker Service Validaciones básicas debe validar arrays correctamente" name="ProgressTracker Service Validaciones básicas debe validar arrays correctamente" time="0">
    </testcase>
  </testsuite>
  <testsuite name="intenseChatCheckInService" errors="0" failures="0" skipped="0" timestamp="2026-04-07T14:55:25" time="0.144" tests="4">
    <testcase classname="intenseChatCheckInService shouldOfferWellbeingCheckIn rechaza si hay crisis formal" name="intenseChatCheckInService shouldOfferWellbeingCheckIn rechaza si hay crisis formal" time="0.001">
    </testcase>
    <testcase classname="intenseChatCheckInService shouldOfferWellbeingCheckIn acepta intensidad alta sin crisis" name="intenseChatCheckInService shouldOfferWellbeingCheckIn acepta intensidad alta sin crisis" time="0">
    </testcase>
    <testcase classname="intenseChatCheckInService shouldOfferWellbeingCheckIn acepta WARNING sin crisis" name="intenseChatCheckInService shouldOfferWellbeingCheckIn acepta WARNING sin crisis" time="0">
    </testcase>
    <testcase classname="intenseChatCheckInService shouldOfferWellbeingCheckIn rechaza LOW normal" name="intenseChatCheckInService shouldOfferWellbeingCheckIn rechaza LOW normal" time="0">
    </testcase>
  </testsuite>
  <testsuite name="PersonalizationService" errors="0" failures="0" skipped="0" timestamp="2026-04-07T14:55:25" time="0.244" tests="5">
    <testcase classname="PersonalizationService Métodos del servicio debe tener método getUserProfile" name="PersonalizationService Métodos del servicio debe tener método getUserProfile" time="0.001">
    </testcase>
    <testcase classname="PersonalizationService Métodos del servicio debe tener método getPersonalizedPrompt" name="PersonalizationService Métodos del servicio debe tener método getPersonalizedPrompt" time="0">
    </testcase>
    <testcase classname="PersonalizationService Métodos del servicio debe tener método createDefaultProfile" name="PersonalizationService Métodos del servicio debe tener método createDefaultProfile" time="0">
    </testcase>
    <testcase classname="PersonalizationService Métodos del servicio debe tener método getDefaultProfile" name="PersonalizationService Métodos del servicio debe tener método getDefaultProfile" time="0">
    </testcase>
    <testcase classname="PersonalizationService Validaciones básicas debe validar userId correctamente" name="PersonalizationService Validaciones básicas debe validar userId correctamente" time="0.001">
    </testcase>
  </testsuite>
  <testsuite name="Task Routes" errors="0" failures="0" skipped="0" timestamp="2026-04-07T14:55:26" time="0.701" tests="5">
    <testcase classname="Task Routes GET /api/tasks debe rechazar consulta sin autenticación" name="Task Routes GET /api/tasks debe rechazar consulta sin autenticación" time="0.008">
    </testcase>
    <testcase classname="Task Routes POST /api/tasks debe rechazar creación sin autenticación" name="Task Routes POST /api/tasks debe rechazar creación sin autenticación" time="0.005">
    </testcase>
    <testcase classname="Task Routes POST /api/tasks debe rechazar creación sin título" name="Task Routes POST /api/tasks debe rechazar creación sin título" time="0.002">
    </testcase>
    <testcase classname="Task Routes PUT /api/tasks/:id debe rechazar actualización sin autenticación" name="Task Routes PUT /api/tasks/:id debe rechazar actualización sin autenticación" time="0.001">
    </testcase>
    <testcase classname="Task Routes DELETE /api/tasks/:id debe rechazar eliminación sin autenticación" name="Task Routes DELETE /api/tasks/:id debe rechazar eliminación sin autenticación" time="0.001">
    </testcase>
  </testsuite>
  <testsuite name="UserGoals Model" errors="0" failures="0" skipped="0" timestamp="2026-04-07T14:55:26" time="0.406" tests="6">
    <testcase classname="UserGoals Model Validaciones debe crear un goal válido" name="UserGoals Model Validaciones debe crear un goal válido" time="0.062">
    </testcase>
    <testcase classname="UserGoals Model Validaciones debe requerir userId" name="UserGoals Model Validaciones debe requerir userId" time="0.001">
    </testcase>
    <testcase classname="UserGoals Model Validaciones debe requerir description en goals" name="UserGoals Model Validaciones debe requerir description en goals" time="0.003">
    </testcase>
    <testcase classname="UserGoals Model Validaciones debe validar status enum en goals" name="UserGoals Model Validaciones debe validar status enum en goals" time="0.002">
    </testcase>
    <testcase classname="UserGoals Model Estructura del modelo debe tener un array de goals" name="UserGoals Model Estructura del modelo debe tener un array de goals" time="0.002">
    </testcase>
    <testcase classname="UserGoals Model Estructura del modelo debe validar progress entre 0 y 1" name="UserGoals Model Estructura del modelo debe validar progress entre 0 y 1" time="0.001">
    </testcase>
  </testsuite>
  <testsuite name="NotificationScheduler Service" errors="0" failures="0" skipped="0" timestamp="2026-04-07T14:55:27" time="0.202" tests="1">
    <testcase classname="NotificationScheduler Service Métodos del servicio debe tener métodos exportados" name="NotificationScheduler Service Métodos del servicio debe tener métodos exportados" time="0.001">
    </testcase>
  </testsuite>
  <testsuite name="WhatsAppService" errors="0" failures="0" skipped="0" timestamp="2026-04-07T14:55:27" time="0.101" tests="1">
    <testcase classname="WhatsAppService Métodos del servicio debe tener métodos exportados" name="WhatsAppService Métodos del servicio debe tener métodos exportados" time="0.001">
    </testcase>
  </testsuite>
  <testsuite name="Payment Metrics Routes" errors="0" failures="0" skipped="0" timestamp="2026-04-07T14:55:27" time="0.19" tests="1">
    <testcase classname="Payment Metrics Routes GET /api/payments/metrics debe rechazar consulta sin autenticación" name="Payment Metrics Routes GET /api/payments/metrics debe rechazar consulta sin autenticación" time="0.004">
    </testcase>
  </testsuite>
  <testsuite name="EmergencyAlertService" errors="0" failures="0" skipped="0" timestamp="2026-04-07T14:55:27" time="1.029" tests="10">
    <testcase classname="EmergencyAlertService Métodos del servicio debe tener método canSendAlert" name="EmergencyAlertService Métodos del servicio debe tener método canSendAlert" time="0.001">
    </testcase>
    <testcase classname="EmergencyAlertService Métodos del servicio debe tener método recordAlertSent" name="EmergencyAlertService Métodos del servicio debe tener método recordAlertSent" time="0">
    </testcase>
    <testcase classname="EmergencyAlertService Métodos del servicio debe tener método getEmergencyContacts" name="EmergencyAlertService Métodos del servicio debe tener método getEmergencyContacts" time="0.001">
    </testcase>
    <testcase classname="EmergencyAlertService Métodos del servicio debe tener método formatEmergencyNumbersForEmail" name="EmergencyAlertService Métodos del servicio debe tener método formatEmergencyNumbersForEmail" time="0">
    </testcase>
    <testcase classname="EmergencyAlertService canSendAlert debe permitir enviar alerta si no hay alerta previa" name="EmergencyAlertService canSendAlert debe permitir enviar alerta si no hay alerta previa" time="0">
    </testcase>
    <testcase classname="EmergencyAlertService canSendAlert debe permitir enviar alerta después del cooldown" name="EmergencyAlertService canSendAlert debe permitir enviar alerta después del cooldown" time="0">
    </testcase>
    <testcase classname="EmergencyAlertService canSendAlert debe bloquear alerta dentro del cooldown" name="EmergencyAlertService canSendAlert debe bloquear alerta dentro del cooldown" time="0">
    </testcase>
    <testcase classname="EmergencyAlertService recordAlertSent debe registrar timestamp de alerta enviada" name="EmergencyAlertService recordAlertSent debe registrar timestamp de alerta enviada" time="0">
    </testcase>
    <testcase classname="EmergencyAlertService formatEmergencyNumbersForEmail debe formatear números de emergencia" name="EmergencyAlertService formatEmergencyNumbersForEmail debe formatear números de emergencia" time="0.001">
    </testcase>
    <testcase classname="EmergencyAlertService formatEmergencyNumbersForEmail debe retornar números por defecto si no se puede detectar país" name="EmergencyAlertService formatEmergencyNumbersForEmail debe retornar números por defecto si no se puede detectar país" time="0">
    </testcase>
  </testsuite>
  <testsuite name="AppleReceiptService processSubscription idempotencia" errors="0" failures="0" skipped="0" timestamp="2026-04-07T14:55:28" time="1.957" tests="1">
    <testcase classname="AppleReceiptService processSubscription idempotencia dos llamadas con el mismo recibo no duplican Transaction" name="AppleReceiptService processSubscription idempotencia dos llamadas con el mismo recibo no duplican Transaction" time="1.334">
    </testcase>
  </testsuite>
  <testsuite name="MetricsService" errors="0" failures="0" skipped="0" timestamp="2026-04-07T14:55:30" time="0.233" tests="1">
    <testcase classname="MetricsService Métodos del servicio debe tener métodos exportados" name="MetricsService Métodos del servicio debe tener métodos exportados" time="0.001">
    </testcase>
  </testsuite>
  <testsuite name="Payment Recovery Routes" errors="0" failures="0" skipped="0" timestamp="2026-04-07T14:55:30" time="0.255" tests="1">
    <testcase classname="Payment Recovery Routes POST /api/payments/recovery/retry debe rechazar intento sin autenticación" name="Payment Recovery Routes POST /api/payments/recovery/retry debe rechazar intento sin autenticación" time="0.01">
    </testcase>
  </testsuite>
  <testsuite name="App Constants" errors="0" failures="0" skipped="0" timestamp="2026-04-07T14:55:31" time="0.049" tests="6">
    <testcase classname="App Constants debe exportar APP_NAME" name="App Constants debe exportar APP_NAME" time="0.009">
    </testcase>
    <testcase classname="App Constants debe exportar APP_NAME_FULL" name="App Constants debe exportar APP_NAME_FULL" time="0.001">
    </testcase>
    <testcase classname="App Constants debe exportar LOGO_URL" name="App Constants debe exportar LOGO_URL" time="0">
    </testcase>
    <testcase classname="App Constants debe exportar EMAIL_FROM_NAME" name="App Constants debe exportar EMAIL_FROM_NAME" time="0">
    </testcase>
    <testcase classname="App Constants debe exportar NOTIFICATION_ICON_URL" name="App Constants debe exportar NOTIFICATION_ICON_URL" time="0">
    </testcase>
    <testcase classname="App Constants debe usar LOGO_URL como fallback para NOTIFICATION_ICON_URL si no está configurado" name="App Constants debe usar LOGO_URL como fallback para NOTIFICATION_ICON_URL si no está configurado" time="0.001">
    </testcase>
  </testsuite>
  <testsuite name="Notification Engagement Routes" errors="0" failures="0" skipped="0" timestamp="2026-04-07T14:55:31" time="0.286" tests="1">
    <testcase classname="Notification Engagement Routes GET /api/notifications/engagement debe rechazar consulta sin autenticación" name="Notification Engagement Routes GET /api/notifications/engagement debe rechazar consulta sin autenticación" time="0.009">
    </testcase>
  </testsuite>
  <testsuite name="PaymentServiceMercadoPago" errors="0" failures="0" skipped="0" timestamp="2026-04-07T14:55:31" time="0.215" tests="2">
    <testcase classname="PaymentServiceMercadoPago Métodos del servicio debe tener métodos exportados" name="PaymentServiceMercadoPago Métodos del servicio debe tener métodos exportados" time="0.001">
    </testcase>
    <testcase classname="PaymentServiceMercadoPago Métodos del servicio debe tener método createCheckoutSession si existe" name="PaymentServiceMercadoPago Métodos del servicio debe tener método createCheckoutSession si existe" time="0">
    </testcase>
  </testsuite>
  <testsuite name="MemoryService" errors="0" failures="0" skipped="0" timestamp="2026-04-07T14:55:31" time="0.133" tests="8">
    <testcase classname="MemoryService Métodos del servicio debe tener método getRelevantContext" name="MemoryService Métodos del servicio debe tener método getRelevantContext" time="0">
    </testcase>
    <testcase classname="MemoryService Métodos del servicio debe tener método getRecentInteractions" name="MemoryService Métodos del servicio debe tener método getRecentInteractions" time="0.001">
    </testcase>
    <testcase classname="MemoryService Métodos del servicio debe tener método analyzeInteractionContext" name="MemoryService Métodos del servicio debe tener método analyzeInteractionContext" time="0">
    </testcase>
    <testcase classname="MemoryService Métodos del servicio debe tener método getCurrentPeriod" name="MemoryService Métodos del servicio debe tener método getCurrentPeriod" time="0">
    </testcase>
    <testcase classname="MemoryService Métodos del servicio debe tener método extractRecentTopics" name="MemoryService Métodos del servicio debe tener método extractRecentTopics" time="0">
    </testcase>
    <testcase classname="MemoryService Métodos del servicio debe tener método findCommonPatterns" name="MemoryService Métodos del servicio debe tener método findCommonPatterns" time="0">
    </testcase>
    <testcase classname="MemoryService Validaciones básicas debe validar userId correctamente" name="MemoryService Validaciones básicas debe validar userId correctamente" time="0">
    </testcase>
    <testcase classname="MemoryService Validaciones básicas debe validar strings correctamente" name="MemoryService Validaciones básicas debe validar strings correctamente" time="0.001">
    </testcase>
  </testsuite>
  <testsuite name="OpenAIService" errors="0" failures="0" skipped="0" timestamp="2026-04-07T14:55:31" time="0.607" tests="2">
    <testcase classname="OpenAIService Métodos del servicio debe tener métodos exportados" name="OpenAIService Métodos del servicio debe tener métodos exportados" time="0.001">
    </testcase>
    <testcase classname="OpenAIService Métodos del servicio debe tener método generateResponse si existe" name="OpenAIService Métodos del servicio debe tener método generateResponse si existe" time="0">
    </testcase>
  </testsuite>
  <testsuite name="Validation Middleware" errors="0" failures="0" skipped="0" timestamp="2026-04-07T14:55:32" time="0.154" tests="2">
    <testcase classname="Validation Middleware validateUserObjectId debe ser una función" name="Validation Middleware validateUserObjectId debe ser una función" time="0.001">
    </testcase>
    <testcase classname="Validation Middleware validateUserObjectId debe ser un middleware (función que retorna función o función directa)" name="Validation Middleware validateUserObjectId debe ser un middleware (función que retorna función o función directa)" time="0.001">
    </testcase>
  </testsuite>
  <testsuite name="UserInsight Model" errors="0" failures="0" skipped="0" timestamp="2026-04-07T14:55:32" time="0.148" tests="4">
    <testcase classname="UserInsight Model Validaciones debe crear un insight válido" name="UserInsight Model Validaciones debe crear un insight válido" time="0.004">
    </testcase>
    <testcase classname="UserInsight Model Validaciones debe requerir userId" name="UserInsight Model Validaciones debe requerir userId" time="0.005">
    </testcase>
    <testcase classname="UserInsight Model Validaciones debe validar intensity entre 0 y 10" name="UserInsight Model Validaciones debe validar intensity entre 0 y 10" time="0.002">
    </testcase>
    <testcase classname="UserInsight Model Estructura del modelo debe tener arrays para interactions, recurringPatterns y activeGoals" name="UserInsight Model Estructura del modelo debe tener arrays para interactions, recurringPatterns y activeGoals" time="0.001">
    </testcase>
  </testsuite>
  <testsuite name="CrisisMetricsService" errors="0" failures="0" skipped="0" timestamp="2026-04-07T14:55:32" time="0.408" tests="6">
    <testcase classname="CrisisMetricsService Métodos del servicio debe tener método getCrisisSummary" name="CrisisMetricsService Métodos del servicio debe tener método getCrisisSummary" time="0.001">
    </testcase>
    <testcase classname="CrisisMetricsService Métodos del servicio debe tener método getEmotionalTrends" name="CrisisMetricsService Métodos del servicio debe tener método getEmotionalTrends" time="0">
    </testcase>
    <testcase classname="CrisisMetricsService getCrisisSummary debe ser una función" name="CrisisMetricsService getCrisisSummary debe ser una función" time="0.001">
    </testcase>
    <testcase classname="CrisisMetricsService getCrisisSummary debe retornar resumen de crisis" name="CrisisMetricsService getCrisisSummary debe retornar resumen de crisis" time="0.001">
    </testcase>
    <testcase classname="CrisisMetricsService getCrisisSummary debe manejar errores correctamente" name="CrisisMetricsService getCrisisSummary debe manejar errores correctamente" time="0.002">
    </testcase>
    <testcase classname="CrisisMetricsService getEmotionalTrends debe ser una función" name="CrisisMetricsService getEmotionalTrends debe ser una función" time="0">
    </testcase>
  </testsuite>
  <testsuite name="TopicDetector Service" errors="0" failures="0" skipped="0" timestamp="2026-04-07T14:55:33" time="0.051" tests="18">
    <testcase classname="TopicDetector Service Métodos del servicio debe tener método detectTopic" name="TopicDetector Service Métodos del servicio debe tener método detectTopic" time="0.001">
    </testcase>
    <testcase classname="TopicDetector Service Métodos del servicio debe tener método detectMultipleTopics" name="TopicDetector Service Métodos del servicio debe tener método detectMultipleTopics" time="0">
    </testcase>
    <testcase classname="TopicDetector Service detectTopic debe detectar tema de trabajo" name="TopicDetector Service detectTopic debe detectar tema de trabajo" time="0.002">
    </testcase>
    <testcase classname="TopicDetector Service detectTopic debe detectar tema de relaciones" name="TopicDetector Service detectTopic debe detectar tema de relaciones" time="0">
    </testcase>
    <testcase classname="TopicDetector Service detectTopic debe detectar tema de salud" name="TopicDetector Service detectTopic debe detectar tema de salud" time="0">
    </testcase>
    <testcase classname="TopicDetector Service detectTopic debe detectar tema de autoimagen" name="TopicDetector Service detectTopic debe detectar tema de autoimagen" time="0">
    </testcase>
    <testcase classname="TopicDetector Service detectTopic debe detectar tema de futuro" name="TopicDetector Service detectTopic debe detectar tema de futuro" time="0">
    </testcase>
    <testcase classname="TopicDetector Service detectTopic debe detectar tema de pasado" name="TopicDetector Service detectTopic debe detectar tema de pasado" time="0">
    </testcase>
    <testcase classname="TopicDetector Service detectTopic debe detectar tema de soledad" name="TopicDetector Service detectTopic debe detectar tema de soledad" time="0">
    </testcase>
    <testcase classname="TopicDetector Service detectTopic debe detectar tema de pérdida" name="TopicDetector Service detectTopic debe detectar tema de pérdida" time="0.001">
    </testcase>
    <testcase classname="TopicDetector Service detectTopic debe detectar tema de dinero" name="TopicDetector Service detectTopic debe detectar tema de dinero" time="0">
    </testcase>
    <testcase classname="TopicDetector Service detectTopic debe retornar tema general para texto sin tema específico" name="TopicDetector Service detectTopic debe retornar tema general para texto sin tema específico" time="0">
    </testcase>
    <testcase classname="TopicDetector Service detectTopic debe retornar tema por defecto para texto vacío" name="TopicDetector Service detectTopic debe retornar tema por defecto para texto vacío" time="0">
    </testcase>
    <testcase classname="TopicDetector Service detectTopic debe retornar tema por defecto para null" name="TopicDetector Service detectTopic debe retornar tema por defecto para null" time="0">
    </testcase>
    <testcase classname="TopicDetector Service detectTopic debe retornar tema por defecto para undefined" name="TopicDetector Service detectTopic debe retornar tema por defecto para undefined" time="0">
    </testcase>
    <testcase classname="TopicDetector Service detectMultipleTopics debe detectar múltiples temas" name="TopicDetector Service detectMultipleTopics debe detectar múltiples temas" time="0">
    </testcase>
    <testcase classname="TopicDetector Service detectMultipleTopics debe retornar array vacío para texto sin temas" name="TopicDetector Service detectMultipleTopics debe retornar array vacío para texto sin temas" time="0">
    </testcase>
    <testcase classname="TopicDetector Service detectMultipleTopics debe manejar texto vacío" name="TopicDetector Service detectMultipleTopics debe manejar texto vacío" time="0">
    </testcase>
  </testsuite>
  <testsuite name="Cloudinary Routes" errors="0" failures="0" skipped="0" timestamp="2026-04-07T14:55:33" time="0.416" tests="1">
    <testcase classname="Cloudinary Routes POST /api/cloudinary/upload debe rechazar subida sin autenticación" name="Cloudinary Routes POST /api/cloudinary/upload debe rechazar subida sin autenticación" time="0.037">
    </testcase>
  </testsuite>
  <testsuite name="Logger" errors="0" failures="0" skipped="0" timestamp="2026-04-07T14:55:33" time="0.262" tests="13">
    <testcase classname="Logger Logging básico debe loguear mensajes de error" name="Logger Logging básico debe loguear mensajes de error" time="0.002">
    </testcase>
    <testcase classname="Logger Logging básico debe loguear mensajes de warning" name="Logger Logging básico debe loguear mensajes de warning" time="0">
    </testcase>
    <testcase classname="Logger Logging básico debe loguear mensajes de info" name="Logger Logging básico debe loguear mensajes de info" time="0.001">
    </testcase>
    <testcase classname="Logger Logging básico debe loguear mensajes HTTP" name="Logger Logging básico debe loguear mensajes HTTP" time="0">
    </testcase>
    <testcase classname="Logger Logging básico debe loguear mensajes de debug" name="Logger Logging básico debe loguear mensajes de debug" time="0">
    </testcase>
    <testcase classname="Logger Logging con metadata debe loguear con metadata adicional" name="Logger Logging con metadata debe loguear con metadata adicional" time="0">
    </testcase>
    <testcase classname="Logger Logging con metadata debe sanitizar datos sensibles en metadata" name="Logger Logging con metadata debe sanitizar datos sensibles en metadata" time="0">
    </testcase>
    <testcase classname="Logger Logging con request debe loguear request correctamente" name="Logger Logging con request debe loguear request correctamente" time="0">
    </testcase>
    <testcase classname="Logger Logging con request debe loguear error de request correctamente" name="Logger Logging con request debe loguear error de request correctamente" time="0.002">
    </testcase>
    <testcase classname="Logger Logging especializado debe loguear operaciones de base de datos" name="Logger Logging especializado debe loguear operaciones de base de datos" time="0">
    </testcase>
    <testcase classname="Logger Logging especializado debe loguear operaciones de servicios externos" name="Logger Logging especializado debe loguear operaciones de servicios externos" time="0.001">
    </testcase>
    <testcase classname="Logger Logging especializado debe loguear eventos de autenticación" name="Logger Logging especializado debe loguear eventos de autenticación" time="0">
    </testcase>
    <testcase classname="Logger Logging especializado debe loguear eventos de pago" name="Logger Logging especializado debe loguear eventos de pago" time="0">
    </testcase>
  </testsuite>
  <testsuite name="engagementTracker" errors="0" failures="0" skipped="0" timestamp="2026-04-07T14:55:34" time="0.048" tests="4">
    <testcase classname="engagementTracker analyzeEngagement debe retornar unknown con pocos mensajes" name="engagementTracker analyzeEngagement debe retornar unknown con pocos mensajes" time="0.002">
    </testcase>
    <testcase classname="engagementTracker analyzeEngagement debe detectar engagement bajo con mensajes cortos" name="engagementTracker analyzeEngagement debe detectar engagement bajo con mensajes cortos" time="0">
    </testcase>
    <testcase classname="engagementTracker analyzeEngagement debe detectar engagement alto con mensajes largos" name="engagementTracker analyzeEngagement debe detectar engagement alto con mensajes largos" time="0">
    </testcase>
    <testcase classname="engagementTracker analyzeEngagement debe retornar responseToQuestionRatio" name="engagementTracker analyzeEngagement debe retornar responseToQuestionRatio" time="0.001">
    </testcase>
  </testsuite>
  <testsuite name="Sentry Utils" errors="0" failures="0" skipped="0" timestamp="2026-04-07T14:55:34" time="0.241" tests="8">
    <testcase classname="Sentry Utils captureException debe ejecutarse sin errores cuando Sentry no está inicializado" name="Sentry Utils captureException debe ejecutarse sin errores cuando Sentry no está inicializado" time="0.001">
    </testcase>
    <testcase classname="Sentry Utils captureException debe ejecutarse sin errores con contexto" name="Sentry Utils captureException debe ejecutarse sin errores con contexto" time="0">
    </testcase>
    <testcase classname="Sentry Utils captureMessage debe ejecutarse sin errores cuando Sentry no está inicializado" name="Sentry Utils captureMessage debe ejecutarse sin errores cuando Sentry no está inicializado" time="0.001">
    </testcase>
    <testcase classname="Sentry Utils captureMessage debe ejecutarse sin errores con nivel y contexto" name="Sentry Utils captureMessage debe ejecutarse sin errores con nivel y contexto" time="0">
    </testcase>
    <testcase classname="Sentry Utils setUser debe ejecutarse sin errores cuando Sentry no está inicializado" name="Sentry Utils setUser debe ejecutarse sin errores cuando Sentry no está inicializado" time="0">
    </testcase>
    <testcase classname="Sentry Utils clearUser debe ejecutarse sin errores cuando Sentry no está inicializado" name="Sentry Utils clearUser debe ejecutarse sin errores cuando Sentry no está inicializado" time="0">
    </testcase>
    <testcase classname="Sentry Utils setContext debe ejecutarse sin errores cuando Sentry no está inicializado" name="Sentry Utils setContext debe ejecutarse sin errores cuando Sentry no está inicializado" time="0">
    </testcase>
    <testcase classname="Sentry Utils addBreadcrumb debe ejecutarse sin errores cuando Sentry no está inicializado" name="Sentry Utils addBreadcrumb debe ejecutarse sin errores cuando Sentry no está inicializado" time="0">
    </testcase>
  </testsuite>
  <testsuite name="Logging Middleware" errors="0" failures="0" skipped="0" timestamp="2026-04-07T14:55:34" time="0.073" tests="6">
    <testcase classname="Logging Middleware structuredLogging debe ser una función middleware" name="Logging Middleware structuredLogging debe ser una función middleware" time="0.001">
    </testcase>
    <testcase classname="Logging Middleware structuredLogging debe llamar a next()" name="Logging Middleware structuredLogging debe llamar a next()" time="0.001">
    </testcase>
    <testcase classname="Logging Middleware structuredLogging debe saltar logging para health checks" name="Logging Middleware structuredLogging debe saltar logging para health checks" time="0">
    </testcase>
    <testcase classname="Logging Middleware errorLogging debe ser una función middleware" name="Logging Middleware errorLogging debe ser una función middleware" time="0">
    </testcase>
    <testcase classname="Logging Middleware errorLogging debe llamar a next con el error" name="Logging Middleware errorLogging debe llamar a next con el error" time="0">
    </testcase>
    <testcase classname="Logging Middleware errorLogging debe incluir información del error en el log" name="Logging Middleware errorLogging debe incluir información del error en el log" time="0">
    </testcase>
  </testsuite>
  <testsuite name="Task Model" errors="0" failures="0" skipped="0" timestamp="2026-04-07T14:55:34" time="1.928" tests="53">
    <testcase classname="Task Model Validaciones debe crear una tarea válida" name="Task Model Validaciones debe crear una tarea válida" time="0.009">
    </testcase>
    <testcase classname="Task Model Validaciones debe requerir userId" name="Task Model Validaciones debe requerir userId" time="0.004">
    </testcase>
    <testcase classname="Task Model Validaciones debe requerir title" name="Task Model Validaciones debe requerir title" time="0.003">
    </testcase>
    <testcase classname="Task Model Validaciones debe requerir dueDate" name="Task Model Validaciones debe requerir dueDate" time="0.001">
    </testcase>
    <testcase classname="Task Model Validaciones debe validar status enum" name="Task Model Validaciones debe validar status enum" time="0.002">
    </testcase>
    <testcase classname="Task Model Validaciones debe validar priority enum" name="Task Model Validaciones debe validar priority enum" time="0.001">
    </testcase>
    <testcase classname="Task Model Validaciones debe validar estimatedTime máximo" name="Task Model Validaciones debe validar estimatedTime máximo" time="0.003">
    </testcase>
    <testcase classname="Task Model Validaciones debe validar estimatedTime mínimo" name="Task Model Validaciones debe validar estimatedTime mínimo" time="0.001">
    </testcase>
    <testcase classname="Task Model Validaciones debe validar progress máximo" name="Task Model Validaciones debe validar progress máximo" time="0.001">
    </testcase>
    <testcase classname="Task Model Validaciones debe validar progress mínimo" name="Task Model Validaciones debe validar progress mínimo" time="0.001">
    </testcase>
    <testcase classname="Task Model Validaciones debe validar itemType enum" name="Task Model Validaciones debe validar itemType enum" time="0">
    </testcase>
    <testcase classname="Task Model Validaciones debe aceptar todos los tipos de itemType válidos" name="Task Model Validaciones debe aceptar todos los tipos de itemType válidos" time="0.001">
    </testcase>
    <testcase classname="Task Model Validaciones debe validar que parentTask no sea la misma tarea" name="Task Model Validaciones debe validar que parentTask no sea la misma tarea" time="0.001">
    </testcase>
    <testcase classname="Task Model Validaciones debe validar repeat.endDate después de dueDate" name="Task Model Validaciones debe validar repeat.endDate después de dueDate" time="0.003">
    </testcase>
    <testcase classname="Task Model Estructura del modelo debe tener subtasks como array" name="Task Model Estructura del modelo debe tener subtasks como array" time="0.001">
    </testcase>
    <testcase classname="Task Model Estructura del modelo debe tener tags como array" name="Task Model Estructura del modelo debe tener tags como array" time="0">
    </testcase>
    <testcase classname="Task Model Estructura del modelo debe generar id único automáticamente" name="Task Model Estructura del modelo debe generar id único automáticamente" time="0.014">
    </testcase>
    <testcase classname="Task Model Métodos de instancia debe marcar tarea como completada" name="Task Model Métodos de instancia debe marcar tarea como completada" time="0.01">
    </testcase>
    <testcase classname="Task Model Métodos de instancia no debe permitir marcar recordatorio como completado" name="Task Model Métodos de instancia no debe permitir marcar recordatorio como completado" time="0.003">
    </testcase>
    <testcase classname="Task Model Métodos de instancia debe marcar tarea como en progreso" name="Task Model Métodos de instancia debe marcar tarea como en progreso" time="0.009">
    </testcase>
    <testcase classname="Task Model Métodos de instancia no debe permitir marcar recordatorio como en progreso" name="Task Model Métodos de instancia no debe permitir marcar recordatorio como en progreso" time="0.006">
    </testcase>
    <testcase classname="Task Model Métodos de instancia debe cancelar tarea" name="Task Model Métodos de instancia debe cancelar tarea" time="0.032">
    </testcase>
    <testcase classname="Task Model Métodos de instancia debe agregar subtarea" name="Task Model Métodos de instancia debe agregar subtarea" time="0.062">
    </testcase>
    <testcase classname="Task Model Métodos de instancia debe completar subtarea" name="Task Model Métodos de instancia debe completar subtarea" time="0.008">
    </testcase>
    <testcase classname="Task Model Métodos de instancia debe lanzar error al completar subtarea con índice inválido" name="Task Model Métodos de instancia debe lanzar error al completar subtarea con índice inválido" time="0.002">
    </testcase>
    <testcase classname="Task Model Métodos de instancia debe hacer soft delete" name="Task Model Métodos de instancia debe hacer soft delete" time="0.003">
    </testcase>
    <testcase classname="Task Model Propiedades virtuales debe calcular isOverdue correctamente" name="Task Model Propiedades virtuales debe calcular isOverdue correctamente" time="0.001">
    </testcase>
    <testcase classname="Task Model Propiedades virtuales debe retornar false para isOverdue si está completada" name="Task Model Propiedades virtuales debe retornar false para isOverdue si está completada" time="0">
    </testcase>
    <testcase classname="Task Model Propiedades virtuales debe calcular daysUntilDue correctamente" name="Task Model Propiedades virtuales debe calcular daysUntilDue correctamente" time="0">
    </testcase>
    <testcase classname="Task Model Propiedades virtuales debe calcular completionRate correctamente con subtareas" name="Task Model Propiedades virtuales debe calcular completionRate correctamente con subtareas" time="0.002">
    </testcase>
    <testcase classname="Task Model Propiedades virtuales debe retornar 100% completionRate si está completada sin subtareas" name="Task Model Propiedades virtuales debe retornar 100% completionRate si está completada sin subtareas" time="0.012">
    </testcase>
    <testcase classname="Task Model Propiedades virtuales isOverdue debe retornar false si no hay dueDate" name="Task Model Propiedades virtuales isOverdue debe retornar false si no hay dueDate" time="0.002">
    </testcase>
    <testcase classname="Task Model Propiedades virtuales daysUntilDue debe retornar null si no hay dueDate" name="Task Model Propiedades virtuales daysUntilDue debe retornar null si no hay dueDate" time="0.003">
    </testcase>
    <testcase classname="Task Model Propiedades virtuales isOverdue debe retornar false si está cancelada" name="Task Model Propiedades virtuales isOverdue debe retornar false si está cancelada" time="0.002">
    </testcase>
    <testcase classname="Task Model Propiedades virtuales completionRate debe calcularse correctamente con todas las subtareas completadas" name="Task Model Propiedades virtuales completionRate debe calcularse correctamente con todas las subtareas completadas" time="0.001">
    </testcase>
    <testcase classname="Task Model Propiedades virtuales completionRate debe retornar 0% si no hay subtareas y no está completada" name="Task Model Propiedades virtuales completionRate debe retornar 0% si no hay subtareas y no está completada" time="0.001">
    </testcase>
    <testcase classname="Task Model Propiedades virtuales daysUntilDue debe calcular días negativos para fechas pasadas" name="Task Model Propiedades virtuales daysUntilDue debe calcular días negativos para fechas pasadas" time="0">
    </testcase>
    <testcase classname="Task Model Middleware pre-save debe establecer completedAt cuando status cambia a completed" name="Task Model Middleware pre-save debe establecer completedAt cuando status cambia a completed" time="0.004">
    </testcase>
    <testcase classname="Task Model Middleware pre-save debe actualizar progress basado en subtareas al guardar" name="Task Model Middleware pre-save debe actualizar progress basado en subtareas al guardar" time="0.005">
    </testcase>
    <testcase classname="Task Model Métodos estáticos debe tener método getPendingItems" name="Task Model Métodos estáticos debe tener método getPendingItems" time="0.003">
    </testcase>
    <testcase classname="Task Model Métodos estáticos debe tener método getOverdueItems" name="Task Model Métodos estáticos debe tener método getOverdueItems" time="0.001">
    </testcase>
    <testcase classname="Task Model Métodos estáticos debe tener método getStats" name="Task Model Métodos estáticos debe tener método getStats" time="0">
    </testcase>
    <testcase classname="Task Model Métodos estáticos getPendingItems debe retornar array vacío sin tareas" name="Task Model Métodos estáticos getPendingItems debe retornar array vacío sin tareas" time="0.007">
    </testcase>
    <testcase classname="Task Model Métodos estáticos getPendingItems debe filtrar por tipo" name="Task Model Métodos estáticos getPendingItems debe filtrar por tipo" time="0.008">
    </testcase>
    <testcase classname="Task Model Métodos estáticos getPendingItems debe filtrar por categoría" name="Task Model Métodos estáticos getPendingItems debe filtrar por categoría" time="0.105">
    </testcase>
    <testcase classname="Task Model Métodos estáticos getPendingItems debe filtrar por prioridad" name="Task Model Métodos estáticos getPendingItems debe filtrar por prioridad" time="0.106">
    </testcase>
    <testcase classname="Task Model Métodos estáticos getOverdueItems debe retornar tareas vencidas" name="Task Model Métodos estáticos getOverdueItems debe retornar tareas vencidas" time="0.108">
    </testcase>
    <testcase classname="Task Model Métodos estáticos getOverdueItems no debe retornar tareas completadas" name="Task Model Métodos estáticos getOverdueItems no debe retornar tareas completadas" time="0.107">
    </testcase>
    <testcase classname="Task Model Métodos estáticos getStats debe calcular estadísticas correctamente" name="Task Model Métodos estáticos getStats debe calcular estadísticas correctamente" time="0.113">
    </testcase>
    <testcase classname="Task Model Métodos estáticos getPendingItems debe filtrar por categoría" name="Task Model Métodos estáticos getPendingItems debe filtrar por categoría" time="0.106">
    </testcase>
    <testcase classname="Task Model Métodos estáticos getOverdueItems debe retornar tareas vencidas" name="Task Model Métodos estáticos getOverdueItems debe retornar tareas vencidas" time="0.133">
    </testcase>
    <testcase classname="Task Model Métodos estáticos getStats debe retornar estadísticas vacías sin tareas" name="Task Model Métodos estáticos getStats debe retornar estadísticas vacías sin tareas" time="0.004">
    </testcase>
    <testcase classname="Task Model Métodos estáticos getStats debe calcular estadísticas correctamente" name="Task Model Métodos estáticos getStats debe calcular estadísticas correctamente" time="0.107">
    </testcase>
  </testsuite>
  <testsuite name="GoalTracker Service" errors="0" failures="0" skipped="0" timestamp="2026-04-07T14:55:36" time="0.285" tests="6">
    <testcase classname="GoalTracker Service Métodos del servicio debe tener método trackProgress" name="GoalTracker Service Métodos del servicio debe tener método trackProgress" time="0">
    </testcase>
    <testcase classname="GoalTracker Service Métodos del servicio debe tener método updateProgress" name="GoalTracker Service Métodos del servicio debe tener método updateProgress" time="0">
    </testcase>
    <testcase classname="GoalTracker Service Métodos del servicio debe tener método initializeUserGoals" name="GoalTracker Service Métodos del servicio debe tener método initializeUserGoals" time="0">
    </testcase>
    <testcase classname="GoalTracker Service Métodos del servicio debe tener método calculateProgressUpdates" name="GoalTracker Service Métodos del servicio debe tener método calculateProgressUpdates" time="0">
    </testcase>
    <testcase classname="GoalTracker Service Validaciones básicas debe validar userId correctamente" name="GoalTracker Service Validaciones básicas debe validar userId correctamente" time="0">
    </testcase>
    <testcase classname="GoalTracker Service Validaciones básicas debe validar mensajes correctamente" name="GoalTracker Service Validaciones básicas debe validar mensajes correctamente" time="0.001">
    </testcase>
  </testsuite>
  <testsuite name="TherapeuticTechniqueUsage Model" errors="0" failures="0" skipped="0" timestamp="2026-04-07T14:55:36" time="1.069" tests="22">
    <testcase classname="TherapeuticTechniqueUsage Model Validaciones debe crear un uso de técnica válido" name="TherapeuticTechniqueUsage Model Validaciones debe crear un uso de técnica válido" time="0.012">
    </testcase>
    <testcase classname="TherapeuticTechniqueUsage Model Validaciones debe requerir userId" name="TherapeuticTechniqueUsage Model Validaciones debe requerir userId" time="0.003">
    </testcase>
    <testcase classname="TherapeuticTechniqueUsage Model Validaciones debe requerir techniqueId" name="TherapeuticTechniqueUsage Model Validaciones debe requerir techniqueId" time="0.005">
    </testcase>
    <testcase classname="TherapeuticTechniqueUsage Model Validaciones debe requerir techniqueName" name="TherapeuticTechniqueUsage Model Validaciones debe requerir techniqueName" time="0.002">
    </testcase>
    <testcase classname="TherapeuticTechniqueUsage Model Validaciones debe requerir techniqueType" name="TherapeuticTechniqueUsage Model Validaciones debe requerir techniqueType" time="0.002">
    </testcase>
    <testcase classname="TherapeuticTechniqueUsage Model Validaciones debe validar techniqueType enum" name="TherapeuticTechniqueUsage Model Validaciones debe validar techniqueType enum" time="0.001">
    </testcase>
    <testcase classname="TherapeuticTechniqueUsage Model Validaciones debe validar emotion enum" name="TherapeuticTechniqueUsage Model Validaciones debe validar emotion enum" time="0.002">
    </testcase>
    <testcase classname="TherapeuticTechniqueUsage Model Validaciones debe validar emotionalIntensityBefore rango" name="TherapeuticTechniqueUsage Model Validaciones debe validar emotionalIntensityBefore rango" time="0.001">
    </testcase>
    <testcase classname="TherapeuticTechniqueUsage Model Validaciones debe validar emotionalIntensityAfter rango" name="TherapeuticTechniqueUsage Model Validaciones debe validar emotionalIntensityAfter rango" time="0.001">
    </testcase>
    <testcase classname="TherapeuticTechniqueUsage Model Validaciones debe validar effectiveness rango" name="TherapeuticTechniqueUsage Model Validaciones debe validar effectiveness rango" time="0.001">
    </testcase>
    <testcase classname="TherapeuticTechniqueUsage Model Validaciones debe tener valores por defecto" name="TherapeuticTechniqueUsage Model Validaciones debe tener valores por defecto" time="0.002">
    </testcase>
    <testcase classname="TherapeuticTechniqueUsage Model Métodos estáticos debe tener método getUserStats" name="TherapeuticTechniqueUsage Model Métodos estáticos debe tener método getUserStats" time="0.008">
    </testcase>
    <testcase classname="TherapeuticTechniqueUsage Model Métodos estáticos debe tener método getMostUsedTechniques" name="TherapeuticTechniqueUsage Model Métodos estáticos debe tener método getMostUsedTechniques" time="0.001">
    </testcase>
[...]
    </testcase>
    <testcase classname="ActionSuggestionService Generación de sugerencias por emoción debe generar sugerencias para enojo alta intensidad" name="ActionSuggestionService Generación de sugerencias por emoción debe generar sugerencias para enojo alta intensidad" time="0">
    </testcase>
    <testcase classname="ActionSuggestionService Generación de sugerencias por emoción debe generar sugerencias para culpa alta intensidad" name="ActionSuggestionService Generación de sugerencias por emoción debe generar sugerencias para culpa alta intensidad" time="0">
    </testcase>
    <testcase classname="ActionSuggestionService Generación de sugerencias por emoción debe generar sugerencias para soledad alta intensidad" name="ActionSuggestionService Generación de sugerencias por emoción debe generar sugerencias para soledad alta intensidad" time="0">
    </testcase>
    <testcase classname="ActionSuggestionService Generación de sugerencias por tema debe generar sugerencias específicas para tema trabajo" name="ActionSuggestionService Generación de sugerencias por tema debe generar sugerencias específicas para tema trabajo" time="0.011">
    </testcase>
    <testcase classname="ActionSuggestionService Generación de sugerencias por tema debe generar sugerencias específicas para tema relaciones" name="ActionSuggestionService Generación de sugerencias por tema debe generar sugerencias específicas para tema relaciones" time="0.001">
    </testcase>
    <testcase classname="ActionSuggestionService Generación de sugerencias por tema debe usar tema general si el tema específico no existe" name="ActionSuggestionService Generación de sugerencias por tema debe usar tema general si el tema específico no existe" time="0">
    </testcase>
    <testcase classname="ActionSuggestionService Generación con análisis contextual debe incluir análisis contextual en sugerencias" name="ActionSuggestionService Generación con análisis contextual debe incluir análisis contextual en sugerencias" time="0">
    </testcase>
    <testcase classname="ActionSuggestionService Generación con análisis contextual debe manejar análisis contextual vacío" name="ActionSuggestionService Generación con análisis contextual debe manejar análisis contextual vacío" time="0">
    </testcase>
    <testcase classname="ActionSuggestionService Niveles de intensidad debe clasificar intensidad alta (&gt;=8)" name="ActionSuggestionService Niveles de intensidad debe clasificar intensidad alta (&gt;=8)" time="0">
    </testcase>
    <testcase classname="ActionSuggestionService Niveles de intensidad debe clasificar intensidad media (5-7)" name="ActionSuggestionService Niveles de intensidad debe clasificar intensidad media (5-7)" time="0">
    </testcase>
    <testcase classname="ActionSuggestionService Niveles de intensidad debe manejar intensidad baja (&lt;5)" name="ActionSuggestionService Niveles de intensidad debe manejar intensidad baja (&lt;5)" time="0">
    </testcase>
    <testcase classname="ActionSuggestionService Niveles de intensidad debe usar intensidad por defecto si no se proporciona" name="ActionSuggestionService Niveles de intensidad debe usar intensidad por defecto si no se proporciona" time="0">
    </testcase>
  </testsuite>
  <testsuite name="TherapeuticProtocolService" errors="0" failures="0" skipped="0" timestamp="2026-04-07T14:55:47" time="0.057" tests="15">
    <testcase classname="TherapeuticProtocolService Métodos del servicio debe tener método startProtocol" name="TherapeuticProtocolService Métodos del servicio debe tener método startProtocol" time="0.001">
    </testcase>
    <testcase classname="TherapeuticProtocolService Métodos del servicio debe tener método getActiveProtocol" name="TherapeuticProtocolService Métodos del servicio debe tener método getActiveProtocol" time="0">
    </testcase>
    <testcase classname="TherapeuticProtocolService Métodos del servicio debe tener método advanceProtocol" name="TherapeuticProtocolService Métodos del servicio debe tener método advanceProtocol" time="0">
    </testcase>
    <testcase classname="TherapeuticProtocolService Métodos del servicio debe tener método getCurrentIntervention" name="TherapeuticProtocolService Métodos del servicio debe tener método getCurrentIntervention" time="0">
    </testcase>
    <testcase classname="TherapeuticProtocolService Validaciones básicas debe iniciar protocolo válido" name="TherapeuticProtocolService Validaciones básicas debe iniciar protocolo válido" time="0">
    </testcase>
    <testcase classname="TherapeuticProtocolService Validaciones básicas debe retornar null para protocolo inexistente" name="TherapeuticProtocolService Validaciones básicas debe retornar null para protocolo inexistente" time="0">
    </testcase>
    <testcase classname="TherapeuticProtocolService Validaciones básicas debe obtener protocolo activo" name="TherapeuticProtocolService Validaciones básicas debe obtener protocolo activo" time="0">
    </testcase>
    <testcase classname="TherapeuticProtocolService Validaciones básicas debe retornar null para usuario sin protocolo activo" name="TherapeuticProtocolService Validaciones básicas debe retornar null para usuario sin protocolo activo" time="0">
    </testcase>
    <testcase classname="TherapeuticProtocolService Validaciones básicas debe avanzar protocolo correctamente" name="TherapeuticProtocolService Validaciones básicas debe avanzar protocolo correctamente" time="0.001">
    </testcase>
    <testcase classname="TherapeuticProtocolService Validaciones básicas debe retornar null al avanzar protocolo inexistente" name="TherapeuticProtocolService Validaciones básicas debe retornar null al avanzar protocolo inexistente" time="0">
    </testcase>
    <testcase classname="TherapeuticProtocolService Validaciones básicas debe obtener intervención actual" name="TherapeuticProtocolService Validaciones básicas debe obtener intervención actual" time="0">
    </testcase>
    <testcase classname="TherapeuticProtocolService Validaciones básicas debe retornar null para intervención de usuario sin protocolo" name="TherapeuticProtocolService Validaciones básicas debe retornar null para intervención de usuario sin protocolo" time="0">
    </testcase>
    <testcase classname="TherapeuticProtocolService Validaciones básicas debe finalizar protocolo al llegar al último paso" name="TherapeuticProtocolService Validaciones básicas debe finalizar protocolo al llegar al último paso" time="0">
    </testcase>
    <testcase classname="TherapeuticProtocolService Validaciones básicas debe iniciar protocolo de culpa" name="TherapeuticProtocolService Validaciones básicas debe iniciar protocolo de culpa" time="0">
    </testcase>
    <testcase classname="TherapeuticProtocolService Validaciones básicas debe iniciar protocolo de soledad" name="TherapeuticProtocolService Validaciones básicas debe iniciar protocolo de soledad" time="0">
    </testcase>
  </testsuite>
  <testsuite name="TherapeuticTemplateService" errors="0" failures="0" skipped="0" timestamp="2026-04-07T14:55:47" time="0.055" tests="19">
    <testcase classname="TherapeuticTemplateService Métodos del servicio debe tener método getTemplate" name="TherapeuticTemplateService Métodos del servicio debe tener método getTemplate" time="0.001">
    </testcase>
    <testcase classname="TherapeuticTemplateService Métodos del servicio debe tener método buildTherapeuticBase" name="TherapeuticTemplateService Métodos del servicio debe tener método buildTherapeuticBase" time="0">
    </testcase>
    <testcase classname="TherapeuticTemplateService Métodos del servicio debe tener método selectPhrase" name="TherapeuticTemplateService Métodos del servicio debe tener método selectPhrase" time="0">
    </testcase>
    <testcase classname="TherapeuticTemplateService Métodos del servicio debe tener método buildTherapeuticHint" name="TherapeuticTemplateService Métodos del servicio debe tener método buildTherapeuticHint" time="0">
    </testcase>
    <testcase classname="TherapeuticTemplateService getTemplate debe retornar template válido para tristeza-soledad" name="TherapeuticTemplateService getTemplate debe retornar template válido para tristeza-soledad" time="0.001">
    </testcase>
    <testcase classname="TherapeuticTemplateService getTemplate debe retornar template válido para ansiedad-social" name="TherapeuticTemplateService getTemplate debe retornar template válido para ansiedad-social" time="0">
    </testcase>
    <testcase classname="TherapeuticTemplateService getTemplate debe retornar template válido para enojo-injusticia" name="TherapeuticTemplateService getTemplate debe retornar template válido para enojo-injusticia" time="0">
    </testcase>
    <testcase classname="TherapeuticTemplateService getTemplate debe retornar null para emoción inválida" name="TherapeuticTemplateService getTemplate debe retornar null para emoción inválida" time="0">
    </testcase>
    <testcase classname="TherapeuticTemplateService getTemplate debe retornar null para subtipo inválido" name="TherapeuticTemplateService getTemplate debe retornar null para subtipo inválido" time="0">
    </testcase>
    <testcase classname="TherapeuticTemplateService getTemplate debe retornar template base si no hay subtipo" name="TherapeuticTemplateService getTemplate debe retornar template base si no hay subtipo" time="0">
    </testcase>
    <testcase classname="TherapeuticTemplateService buildTherapeuticBase debe construir base terapéutica" name="TherapeuticTemplateService buildTherapeuticBase debe construir base terapéutica" time="0">
    </testcase>
    <testcase classname="TherapeuticTemplateService buildTherapeuticBase debe construir base con estilo brief" name="TherapeuticTemplateService buildTherapeuticBase debe construir base con estilo brief" time="0">
    </testcase>
    <testcase classname="TherapeuticTemplateService buildTherapeuticBase debe construir base con estilo deep" name="TherapeuticTemplateService buildTherapeuticBase debe construir base con estilo deep" time="0">
    </testcase>
    <testcase classname="TherapeuticTemplateService buildTherapeuticBase debe retornar null para emoción inválida" name="TherapeuticTemplateService buildTherapeuticBase debe retornar null para emoción inválida" time="0">
    </testcase>
    <testcase classname="TherapeuticTemplateService buildTherapeuticBase debe retornar null para subtipo inválido" name="TherapeuticTemplateService buildTherapeuticBase debe retornar null para subtipo inválido" time="0">
    </testcase>
    <testcase classname="TherapeuticTemplateService selectPhrase debe seleccionar frase de array" name="TherapeuticTemplateService selectPhrase debe seleccionar frase de array" time="0">
    </testcase>
    <testcase classname="TherapeuticTemplateService selectPhrase debe retornar string vacío para array vacío" name="TherapeuticTemplateService selectPhrase debe retornar string vacío para array vacío" time="0">
    </testcase>
    <testcase classname="TherapeuticTemplateService buildTherapeuticHint debe retornar hint breve para emoción/subtipo válidos" name="TherapeuticTemplateService buildTherapeuticHint debe retornar hint breve para emoción/subtipo válidos" time="0.001">
    </testcase>
    <testcase classname="TherapeuticTemplateService buildTherapeuticHint debe retornar null para emoción/subtipo inválidos" name="TherapeuticTemplateService buildTherapeuticHint debe retornar null para emoción/subtipo inválidos" time="0">
    </testcase>
  </testsuite>
  <testsuite name="SessionEmotionalMemory Service" errors="0" failures="0" skipped="0" timestamp="2026-04-07T14:55:47" time="0.059" tests="16">
    <testcase classname="SessionEmotionalMemory Service Métodos del servicio debe tener método addAnalysis" name="SessionEmotionalMemory Service Métodos del servicio debe tener método addAnalysis" time="0">
    </testcase>
    <testcase classname="SessionEmotionalMemory Service Métodos del servicio debe tener método getBuffer" name="SessionEmotionalMemory Service Métodos del servicio debe tener método getBuffer" time="0">
    </testcase>
    <testcase classname="SessionEmotionalMemory Service Métodos del servicio debe tener método analyzeTrends" name="SessionEmotionalMemory Service Métodos del servicio debe tener método analyzeTrends" time="0">
    </testcase>
    <testcase classname="SessionEmotionalMemory Service Métodos del servicio debe tener método clearBuffer" name="SessionEmotionalMemory Service Métodos del servicio debe tener método clearBuffer" time="0">
    </testcase>
    <testcase classname="SessionEmotionalMemory Service addAnalysis debe agregar análisis al buffer" name="SessionEmotionalMemory Service addAnalysis debe agregar análisis al buffer" time="0">
    </testcase>
    <testcase classname="SessionEmotionalMemory Service addAnalysis debe agregar timestamp si no existe" name="SessionEmotionalMemory Service addAnalysis debe agregar timestamp si no existe" time="0.001">
    </testcase>
    <testcase classname="SessionEmotionalMemory Service addAnalysis debe mantener solo los últimos N análisis" name="SessionEmotionalMemory Service addAnalysis debe mantener solo los últimos N análisis" time="0">
    </testcase>
    <testcase classname="SessionEmotionalMemory Service addAnalysis no debe agregar análisis si userId es null" name="SessionEmotionalMemory Service addAnalysis no debe agregar análisis si userId es null" time="0">
    </testcase>
    <testcase classname="SessionEmotionalMemory Service addAnalysis no debe agregar análisis si analysis es null" name="SessionEmotionalMemory Service addAnalysis no debe agregar análisis si analysis es null" time="0">
    </testcase>
    <testcase classname="SessionEmotionalMemory Service getBuffer debe retornar array vacío para userId inválido" name="SessionEmotionalMemory Service getBuffer debe retornar array vacío para userId inválido" time="0">
    </testcase>
    <testcase classname="SessionEmotionalMemory Service getBuffer debe retornar array vacío para userId sin buffer" name="SessionEmotionalMemory Service getBuffer debe retornar array vacío para userId sin buffer" time="0">
    </testcase>
    <testcase classname="SessionEmotionalMemory Service getBuffer debe retornar buffer completo para userId válido" name="SessionEmotionalMemory Service getBuffer debe retornar buffer completo para userId válido" time="0.001">
    </testcase>
    <testcase classname="SessionEmotionalMemory Service analyzeTrends debe retornar tendencias para usuario con análisis" name="SessionEmotionalMemory Service analyzeTrends debe retornar tendencias para usuario con análisis" time="0">
    </testcase>
    <testcase classname="SessionEmotionalMemory Service analyzeTrends debe retornar valores por defecto para usuario sin análisis" name="SessionEmotionalMemory Service analyzeTrends debe retornar valores por defecto para usuario sin análisis" time="0">
    </testcase>
    <testcase classname="SessionEmotionalMemory Service clearBuffer debe limpiar buffer de usuario" name="SessionEmotionalMemory Service clearBuffer debe limpiar buffer de usuario" time="0">
    </testcase>
    <testcase classname="SessionEmotionalMemory Service clearBuffer no debe fallar si el buffer no existe" name="SessionEmotionalMemory Service clearBuffer no debe fallar si el buffer no existe" time="0">
    </testcase>
  </testsuite>
  <testsuite name="EmotionalSubtypeDetector Service" errors="0" failures="0" skipped="0" timestamp="2026-04-07T14:55:47" time="0.06" tests="18">
    <testcase classname="EmotionalSubtypeDetector Service Métodos del servicio debe tener método detectSubtype" name="EmotionalSubtypeDetector Service Métodos del servicio debe tener método detectSubtype" time="0.001">
    </testcase>
    <testcase classname="EmotionalSubtypeDetector Service Métodos del servicio debe tener método getAvailableSubtypes" name="EmotionalSubtypeDetector Service Métodos del servicio debe tener método getAvailableSubtypes" time="0">
    </testcase>
    <testcase classname="EmotionalSubtypeDetector Service detectSubtype debe detectar subtipo soledad en tristeza" name="EmotionalSubtypeDetector Service detectSubtype debe detectar subtipo soledad en tristeza" time="0">
    </testcase>
    <testcase classname="EmotionalSubtypeDetector Service detectSubtype debe detectar subtipo duelo en tristeza" name="EmotionalSubtypeDetector Service detectSubtype debe detectar subtipo duelo en tristeza" time="0">
    </testcase>
    <testcase classname="EmotionalSubtypeDetector Service detectSubtype debe detectar subtipo social en ansiedad" name="EmotionalSubtypeDetector Service detectSubtype debe detectar subtipo social en ansiedad" time="0.001">
    </testcase>
    <testcase classname="EmotionalSubtypeDetector Service detectSubtype debe detectar subtipo anticipatoria en ansiedad" name="EmotionalSubtypeDetector Service detectSubtype debe detectar subtipo anticipatoria en ansiedad" time="0">
    </testcase>
    <testcase classname="EmotionalSubtypeDetector Service detectSubtype debe detectar subtipo injusticia en enojo" name="EmotionalSubtypeDetector Service detectSubtype debe detectar subtipo injusticia en enojo" time="0">
    </testcase>
    <testcase classname="EmotionalSubtypeDetector Service detectSubtype debe detectar subtipo frustración en enojo" name="EmotionalSubtypeDetector Service detectSubtype debe detectar subtipo frustración en enojo" time="0.001">
    </testcase>
    <testcase classname="EmotionalSubtypeDetector Service detectSubtype debe detectar subtipo logro en alegria" name="EmotionalSubtypeDetector Service detectSubtype debe detectar subtipo logro en alegria" time="0">
    </testcase>
    <testcase classname="EmotionalSubtypeDetector Service detectSubtype debe detectar subtipo gratitud en alegria" name="EmotionalSubtypeDetector Service detectSubtype debe detectar subtipo gratitud en alegria" time="0">
    </testcase>
    <testcase classname="EmotionalSubtypeDetector Service detectSubtype no debe clasificar insomnio como tristeza-fracaso" name="EmotionalSubtypeDetector Service detectSubtype no debe clasificar insomnio como tristeza-fracaso" time="0">
    </testcase>
    <testcase classname="EmotionalSubtypeDetector Service detectSubtype debe retornar null para emoción inválida" name="EmotionalSubtypeDetector Service detectSubtype debe retornar null para emoción inválida" time="0">
    </testcase>
    <testcase classname="EmotionalSubtypeDetector Service detectSubtype debe retornar null para contenido vacío" name="EmotionalSubtypeDetector Service detectSubtype debe retornar null para contenido vacío" time="0">
    </testcase>
    <testcase classname="EmotionalSubtypeDetector Service detectSubtype debe retornar null para contenido null" name="EmotionalSubtypeDetector Service detectSubtype debe retornar null para contenido null" time="0">
    </testcase>
    <testcase classname="EmotionalSubtypeDetector Service detectSubtype debe retornar null para emoción null" name="EmotionalSubtypeDetector Service detectSubtype debe retornar null para emoción null" time="0">
    </testcase>
    <testcase classname="EmotionalSubtypeDetector Service getAvailableSubtypes debe retornar subtipos para tristeza" name="EmotionalSubtypeDetector Service getAvailableSubtypes debe retornar subtipos para tristeza" time="0">
    </testcase>
    <testcase classname="EmotionalSubtypeDetector Service getAvailableSubtypes debe retornar subtipos para ansiedad" name="EmotionalSubtypeDetector Service getAvailableSubtypes debe retornar subtipos para ansiedad" time="0">
    </testcase>
    <testcase classname="EmotionalSubtypeDetector Service getAvailableSubtypes debe retornar array vacío para emoción inválida" name="EmotionalSubtypeDetector Service getAvailableSubtypes debe retornar array vacío para emoción inválida" time="0">
    </testcase>
  </testsuite>
</testsuites>