<?xml version="1.0" encoding="UTF-8"?>
<testsuites name="jest tests" tests="3" failures="0" errors="0" time="2.679">
  <testsuite name="NotificationScheduler Service" errors="0" failures="0" skipped="0" timestamp="2026-04-30T17:34:47" time="2.541" tests="3">
    <testcase classname="NotificationScheduler Service Métodos del servicio debe tener métodos exportados" name="NotificationScheduler Service Métodos del servicio debe tener métodos exportados" time="0.004">
    </testcase>
    <testcase classname="NotificationScheduler Service Límite diario por usuario bloquea envío cuando el usuario ya alcanzó el tope diario" name="NotificationScheduler Service Límite diario por usuario bloquea envío cuando el usuario ya alcanzó el tope diario" time="0.01">
    </testcase>
    <testcase classname="NotificationScheduler Service Límite diario por usuario permite envío cuando el usuario está bajo el tope diario" name="NotificationScheduler Service Límite diario por usuario permite envío cuando el usuario está bajo el tope diario" time="0.004">
    </testcase>
  </testsuite>
</testsuites>