<?xml version="1.0" encoding="UTF-8"?>
<testsuites name="jest tests" tests="16" failures="0" errors="0" time="41.014">
  <testsuite name="Task Routes" errors="0" failures="0" skipped="0" timestamp="2026-05-07T14:11:58" time="40.689" tests="16">
    <testcase classname="Task Routes POST /api/tasks debe crear una nueva tarea con datos válidos" name="Task Routes POST /api/tasks debe crear una nueva tarea con datos válidos" time="8.782">
    </testcase>
    <testcase classname="Task Routes POST /api/tasks debe devolver la misma tarea en segundo POST con el mismo clientRequestId" name="Task Routes POST /api/tasks debe devolver la misma tarea en segundo POST con el mismo clientRequestId" time="2.663">
    </testcase>
    <testcase classname="Task Routes POST /api/tasks debe rechazar crear tarea con chatOrigin de conversación inexistente" name="Task Routes POST /api/tasks debe rechazar crear tarea con chatOrigin de conversación inexistente" time="1.105">
    </testcase>
    <testcase classname="Task Routes POST /api/tasks debe crear tarea con chatOrigin cuando conversación y mensaje existen y son del usuario" name="Task Routes POST /api/tasks debe crear tarea con chatOrigin cuando conversación y mensaje existen y son del usuario" time="0.925">
    </testcase>
    <testcase classname="Task Routes POST /api/tasks debe rechazar chatOrigin si el mensaje no pertenece a esa conversación" name="Task Routes POST /api/tasks debe rechazar chatOrigin si el mensaje no pertenece a esa conversación" time="0.411">
    </testcase>
    <testcase classname="Task Routes POST /api/tasks debe rechazar crear tarea sin autenticación" name="Task Routes POST /api/tasks debe rechazar crear tarea sin autenticación" time="0.275">
    </testcase>
    <testcase classname="Task Routes POST /api/tasks debe rechazar crear tarea sin título" name="Task Routes POST /api/tasks debe rechazar crear tarea sin título" time="0.271">
    </testcase>
    <testcase classname="Task Routes POST /api/tasks/:id/subtasks/generate debe rechazar si la tarea ya tiene subtareas (no regenerar)" name="Task Routes POST /api/tasks/:id/subtasks/generate debe rechazar si la tarea ya tiene subtareas (no regenerar)" time="0.351">
    </testcase>
    <testcase classname="Task Routes DELETE /api/tasks/:id/subtasks/:subtaskIndex debe eliminar una subtarea por índice" name="Task Routes DELETE /api/tasks/:id/subtasks/:subtaskIndex debe eliminar una subtarea por índice" time="0.966">
    </testcase>
    <testcase classname="Task Routes DELETE /api/tasks/:id/subtasks debe limpiar todas las subtareas" name="Task Routes DELETE /api/tasks/:id/subtasks debe limpiar todas las subtareas" time="0.357">
    </testcase>
    <testcase classname="Task Routes GET /api/tasks debe obtener todas las tareas del usuario" name="Task Routes GET /api/tasks debe obtener todas las tareas del usuario" time="1.968">
    </testcase>
    <testcase classname="Task Routes GET /api/tasks debe filtrar tareas por status" name="Task Routes GET /api/tasks debe filtrar tareas por status" time="0.321">
    </testcase>
    <testcase classname="Task Routes GET /api/tasks/:id debe obtener una tarea específica" name="Task Routes GET /api/tasks/:id debe obtener una tarea específica" time="0.274">
    </testcase>
    <testcase classname="Task Routes GET /api/tasks/:id debe rechazar obtener tarea de otro usuario" name="Task Routes GET /api/tasks/:id debe rechazar obtener tarea de otro usuario" time="0.257">
    </testcase>
    <testcase classname="Task Routes PUT /api/tasks/:id debe actualizar una tarea existente" name="Task Routes PUT /api/tasks/:id debe actualizar una tarea existente" time="0.733">
    </testcase>
    <testcase classname="Task Routes DELETE /api/tasks/:id debe eliminar una tarea existente" name="Task Routes DELETE /api/tasks/:id debe eliminar una tarea existente" time="0.469">
    </testcase>
  </testsuite>
</testsuites>