<?xml version="1.0" encoding="UTF-8"?>
<testsuites name="jest tests" tests="15" failures="0" errors="0" time="0.823">
  <testsuite name="openaiPromptBuilder — guardrails de brevedad/factual/identidad clínica" errors="0" failures="0" skipped="0" timestamp="2026-05-16T01:48:09" time="0.407" tests="3">
    <testcase classname="openaiPromptBuilder — guardrails de brevedad/factual/identidad clínica inyecta preferencia de sesión cuando forceShortMode está activo sin crisis" name="openaiPromptBuilder — guardrails de brevedad/factual/identidad clínica inyecta preferencia de sesión cuando forceShortMode está activo sin crisis" time="0.002">
    </testcase>
    <testcase classname="openaiPromptBuilder — guardrails de brevedad/factual/identidad clínica no fuerza mensaje de brevedad cuando hay riesgo de crisis" name="openaiPromptBuilder — guardrails de brevedad/factual/identidad clínica no fuerza mensaje de brevedad cuando hay riesgo de crisis" time="0">
    </testcase>
    <testcase classname="openaiPromptBuilder — guardrails de brevedad/factual/identidad clínica mantiene prioridad clínica al activar modo factual con carga emocional alta" name="openaiPromptBuilder — guardrails de brevedad/factual/identidad clínica mantiene prioridad clínica al activar modo factual con carga emocional alta" time="0.001">
    </testcase>
  </testsuite>
  <testsuite name="prompt regression golden (#119)" errors="0" failures="0" skipped="0" timestamp="2026-05-16T01:48:09" time="0.174" tests="6">
    <testcase classname="prompt regression golden (#119) BASE_ASSISTANT_PROMPT mantiene anclas de seguridad y anti-minimización en crisis" name="prompt regression golden (#119) BASE_ASSISTANT_PROMPT mantiene anclas de seguridad y anti-minimización en crisis" time="0.001">
    </testcase>
    <testcase classname="prompt regression golden (#119) caso vnp_high_intensity" name="prompt regression golden (#119) caso vnp_high_intensity" time="0.001">
    </testcase>
    <testcase classname="prompt regression golden (#119) caso low_confidence_clarify" name="prompt regression golden (#119) caso low_confidence_clarify" time="0.001">
    </testcase>
    <testcase classname="prompt regression golden (#119) caso understanding_non_baseline" name="prompt regression golden (#119) caso understanding_non_baseline" time="0">
    </testcase>
    <testcase classname="prompt regression golden (#119) caso crisis_medium_prepended" name="prompt regression golden (#119) caso crisis_medium_prepended" time="0">
    </testcase>
    <testcase classname="prompt regression golden (#119) caso session_phase_acute_closure_policy" name="prompt regression golden (#119) caso session_phase_acute_closure_policy" time="0.001">
    </testcase>
  </testsuite>
  <testsuite name="openaiService — guardrails de calidad de respuesta" errors="0" failures="0" skipped="0" timestamp="2026-05-16T01:48:09" time="0.217" tests="6">
    <testcase classname="openaiService — guardrails de calidad de respuesta enforceSingleQuestion deja solo una pregunta" name="openaiService — guardrails de calidad de respuesta enforceSingleQuestion deja solo una pregunta" time="0">
    </testcase>
    <testcase classname="openaiService — guardrails de calidad de respuesta enforceShortResponseQuality limita longitud y frases" name="openaiService — guardrails de calidad de respuesta enforceShortResponseQuality limita longitud y frases" time="0">
    </testcase>
    <testcase classname="openaiService — guardrails de calidad de respuesta enforceFactualCaution agrega cautela cuando falta" name="openaiService — guardrails de calidad de respuesta enforceFactualCaution agrega cautela cuando falta" time="0">
    </testcase>
    <testcase classname="openaiService — guardrails de calidad de respuesta reduceStockEmpathyDensity limpia repeticiones de empatía mecánica" name="openaiService — guardrails de calidad de respuesta reduceStockEmpathyDensity limpia repeticiones de empatía mecánica" time="0.001">
    </testcase>
    <testcase classname="openaiService — guardrails de calidad de respuesta enforceSessionClosureBridge agrega cierre suave cuando hay señal de cierre" name="openaiService — guardrails de calidad de respuesta enforceSessionClosureBridge agrega cierre suave cuando hay señal de cierre" time="0">
    </testcase>
    <testcase classname="openaiService — guardrails de calidad de respuesta enforceSessionClosureBridge no aplica en crisis MEDIUM/HIGH" name="openaiService — guardrails de calidad de respuesta enforceSessionClosureBridge no aplica en crisis MEDIUM/HIGH" time="0">
    </testcase>
  </testsuite>
</testsuites>