<?xml version="1.0" encoding="UTF-8"?>
<testsuites name="jest tests" tests="1" failures="0" errors="0" time="7.227">
  <testsuite name="AppleReceiptService processSubscription idempotencia" errors="0" failures="0" skipped="0" timestamp="2026-04-07T21:47:13" time="7.214" tests="1">
    <testcase classname="AppleReceiptService processSubscription idempotencia dos llamadas con el mismo recibo no duplican Transaction" name="AppleReceiptService processSubscription idempotencia dos llamadas con el mismo recibo no duplican Transaction" time="6.769">
    </testcase>
  </testsuite>
</testsuites>