<?xml version="1.0" encoding="UTF-8"?>
<testsuites name="jest tests" tests="3" failures="0" errors="0" time="1.033">
  <testsuite name="PaymentRecoveryService" errors="0" failures="0" skipped="0" timestamp="2026-05-11T17:24:24" time="0.41" tests="1">
    <testcase classname="PaymentRecoveryService Métodos del servicio debe tener métodos exportados" name="PaymentRecoveryService Métodos del servicio debe tener métodos exportados" time="0.003">
    </testcase>
  </testsuite>
  <testsuite name="PaymentServiceMercadoPago" errors="0" failures="0" skipped="0" timestamp="2026-05-11T17:24:24" time="0.41" tests="2">
    <testcase classname="PaymentServiceMercadoPago Métodos del servicio debe tener métodos exportados" name="PaymentServiceMercadoPago Métodos del servicio debe tener métodos exportados" time="0.003">
    </testcase>
    <testcase classname="PaymentServiceMercadoPago Métodos del servicio debe tener método createCheckoutSession si existe" name="PaymentServiceMercadoPago Métodos del servicio debe tener método createCheckoutSession si existe" time="0">
    </testcase>
  </testsuite>
</testsuites>