<?xml version="1.0" encoding="UTF-8"?>
<testsuites name="jest tests" tests="2" failures="0" errors="0" time="3.859">
  <testsuite name="AppleReceiptService processSubscription idempotencia" errors="0" failures="0" skipped="0" timestamp="2026-05-11T23:51:57" time="3.783" tests="2">
    <testcase classname="AppleReceiptService processSubscription idempotencia dos llamadas con el mismo recibo no duplican Transaction" name="AppleReceiptService processSubscription idempotencia dos llamadas con el mismo recibo no duplican Transaction" time="1.955">
    </testcase>
    <testcase classname="AppleReceiptService processSubscription idempotencia con dos líneas del mismo product_id elige la que caduca más tarde (no solo la compra más reciente)" name="AppleReceiptService processSubscription idempotencia con dos líneas del mismo product_id elige la que caduca más tarde (no solo la compra más reciente)" time="0.251">
    </testcase>
  </testsuite>
</testsuites>