<?xml version="1.0" encoding="UTF-8"?>
<testsuites name="jest tests" tests="16" failures="0" errors="0" time="0.297">
  <testsuite name="chatProductActionProposalService" errors="0" failures="0" skipped="0" timestamp="2026-05-05T03:57:16" time="0.277" tests="16">
    <testcase classname="chatProductActionProposalService shouldOfferProductActions false si crisis" name="chatProductActionProposalService shouldOfferProductActions false si crisis" time="0.001">
    </testcase>
    <testcase classname="chatProductActionProposalService shouldOfferProductActions false si MEDIUM o HIGH" name="chatProductActionProposalService shouldOfferProductActions false si MEDIUM o HIGH" time="0.001">
    </testcase>
    <testcase classname="chatProductActionProposalService shouldOfferProductActions true si LOW sin crisis" name="chatProductActionProposalService shouldOfferProductActions true si LOW sin crisis" time="0">
    </testcase>
    <testcase classname="chatProductActionProposalService buildProposedProductActions devuelve propose_task con intención plan" name="chatProductActionProposalService buildProposedProductActions devuelve propose_task con intención plan" time="0.006">
    </testcase>
    <testcase classname="chatProductActionProposalService shape de propuesta task cumple contrato v1 (type, id, draft mínimo)" name="chatProductActionProposalService shape de propuesta task cumple contrato v1 (type, id, draft mínimo)" time="0.001">
    </testcase>
    <testcase classname="chatProductActionProposalService buildProposedProductActions devuelve propose_habit si el texto sugiere hábito" name="chatProductActionProposalService buildProposedProductActions devuelve propose_habit si el texto sugiere hábito" time="0">
    </testcase>
    <testcase classname="chatProductActionProposalService buildProposedProductActions vacío en vent si no hay señal accionable" name="chatProductActionProposalService buildProposedProductActions vacío en vent si no hay señal accionable" time="0">
    </testcase>
    <testcase classname="chatProductActionProposalService buildProposedProductActions en vent si la conversación sugiere orden o pasos (sin pedido explícito)" name="chatProductActionProposalService buildProposedProductActions en vent si la conversación sugiere orden o pasos (sin pedido explícito)" time="0.001">
    </testcase>
    <testcase classname="chatProductActionProposalService buildProposedProductActions en vent si el usuario pide guardar en mis tareas" name="chatProductActionProposalService buildProposedProductActions en vent si el usuario pide guardar en mis tareas" time="0">
    </testcase>
    <testcase classname="chatProductActionProposalService buildProposedProductActions con intención technique si el texto planifica" name="chatProductActionProposalService buildProposedProductActions con intención technique si el texto planifica" time="0">
    </testcase>
    <testcase classname="chatProductActionProposalService buildProposedProductActions vacío si mensaje muy corto" name="chatProductActionProposalService buildProposedProductActions vacío si mensaje muy corto" time="0.001">
    </testcase>
    <testcase classname="chatProductActionProposalService buildProposedProductActions vacío si conversationId no es ObjectId válido" name="chatProductActionProposalService buildProposedProductActions vacío si conversationId no es ObjectId válido" time="0">
    </testcase>
    <testcase classname="chatProductActionProposalService mergeProductActionDraftFromLlm deja borrador intacto si type es desconocido" name="chatProductActionProposalService mergeProductActionDraftFromLlm deja borrador intacto si type es desconocido" time="0">
    </testcase>
    <testcase classname="chatProductActionProposalService merge desde LLM mergeTaskDraftFromLlm ignora dueDate anterior a hoy" name="chatProductActionProposalService merge desde LLM mergeTaskDraftFromLlm ignora dueDate anterior a hoy" time="0">
    </testcase>
    <testcase classname="chatProductActionProposalService merge desde LLM mergeHabitDraftFromLlm ignora icon inválido" name="chatProductActionProposalService merge desde LLM mergeHabitDraftFromLlm ignora icon inválido" time="0">
    </testcase>
    <testcase classname="chatProductActionProposalService merge desde LLM mergeProductActionDraftFromLlm acepta payload anidado en draft" name="chatProductActionProposalService merge desde LLM mergeProductActionDraftFromLlm acepta payload anidado en draft" time="0">
    </testcase>
  </testsuite>
</testsuites>