<?xml version="1.0" encoding="UTF-8"?>
<testsuites name="jest tests" tests="13" failures="0" errors="0" time="0.155">
  <testsuite name="Logger" errors="0" failures="0" skipped="0" timestamp="2025-12-10T01:23:08" time="0.132" tests="13">
    <testcase classname="Logger Logging básico debe loguear mensajes de error" name="Logger Logging básico debe loguear mensajes de error" time="0.003">
    </testcase>
    <testcase classname="Logger Logging básico debe loguear mensajes de warning" name="Logger Logging básico debe loguear mensajes de warning" time="0.001">
    </testcase>
    <testcase classname="Logger Logging básico debe loguear mensajes de info" name="Logger Logging básico debe loguear mensajes de info" time="0">
    </testcase>
    <testcase classname="Logger Logging básico debe loguear mensajes HTTP" name="Logger Logging básico debe loguear mensajes HTTP" time="0">
    </testcase>
    <testcase classname="Logger Logging básico debe loguear mensajes de debug" name="Logger Logging básico debe loguear mensajes de debug" time="0">
    </testcase>
    <testcase classname="Logger Logging con metadata debe loguear con metadata adicional" name="Logger Logging con metadata debe loguear con metadata adicional" time="0">
    </testcase>
    <testcase classname="Logger Logging con metadata debe sanitizar datos sensibles en metadata" name="Logger Logging con metadata debe sanitizar datos sensibles en metadata" time="0">
    </testcase>
    <testcase classname="Logger Logging con request debe loguear request correctamente" name="Logger Logging con request debe loguear request correctamente" time="0">
    </testcase>
    <testcase classname="Logger Logging con request debe loguear error de request correctamente" name="Logger Logging con request debe loguear error de request correctamente" time="0.001">
    </testcase>
    <testcase classname="Logger Logging especializado debe loguear operaciones de base de datos" name="Logger Logging especializado debe loguear operaciones de base de datos" time="0.001">
    </testcase>
    <testcase classname="Logger Logging especializado debe loguear operaciones de servicios externos" name="Logger Logging especializado debe loguear operaciones de servicios externos" time="0">
    </testcase>
    <testcase classname="Logger Logging especializado debe loguear eventos de autenticación" name="Logger Logging especializado debe loguear eventos de autenticación" time="0">
    </testcase>
    <testcase classname="Logger Logging especializado debe loguear eventos de pago" name="Logger Logging especializado debe loguear eventos de pago" time="0.001">
    </testcase>
  </testsuite>
</testsuites>