<?xml version="1.0" encoding="UTF-8"?>
<testsuites name="jest tests" tests="8" failures="0" errors="0" time="0.775">
  <testsuite name="dashboardFocusService" errors="0" failures="0" skipped="0" timestamp="2026-04-30T22:16:26" time="0.754" tests="8">
    <testcase classname="dashboardFocusService buildDeterministicFocusCaption prioriza retorno al chat si no hay mensajes en la semana" name="dashboardFocusService buildDeterministicFocusCaption prioriza retorno al chat si no hay mensajes en la semana" time="0.001">
    </testcase>
    <testcase classname="dashboardFocusService buildDeterministicFocusCaption menciona la próxima tarea si existe" name="dashboardFocusService buildDeterministicFocusCaption menciona la próxima tarea si existe" time="0">
    </testcase>
    <testcase classname="dashboardFocusService buildDeterministicFocusCaption usa compromisos si no hay tareas próximas" name="dashboardFocusService buildDeterministicFocusCaption usa compromisos si no hay tareas próximas" time="0">
    </testcase>
    <testcase classname="dashboardFocusService buildDeterministicFocusCaption prioriza pista de protocolo terapéutico si viene de registro" name="dashboardFocusService buildDeterministicFocusCaption prioriza pista de protocolo terapéutico si viene de registro" time="0.001">
    </testcase>
    <testcase classname="dashboardFocusService buildReminderCandidates ordena chat antes que tarea cuando ambos aplican" name="dashboardFocusService buildReminderCandidates ordena chat antes que tarea cuando ambos aplican" time="0.028">
    </testcase>
    <testcase classname="dashboardFocusService buildReminderCandidates incluye hábito y push al final si existen" name="dashboardFocusService buildReminderCandidates incluye hábito y push al final si existen" time="0">
    </testcase>
    <testcase classname="dashboardFocusService pickDisplayedReminder en compact omite hábito si hay otra opción" name="dashboardFocusService pickDisplayedReminder en compact omite hábito si hay otra opción" time="0">
    </testcase>
    <testcase classname="dashboardFocusService pickDisplayedReminder en compact mantiene hábito si es la única" name="dashboardFocusService pickDisplayedReminder en compact mantiene hábito si es la única" time="0">
    </testcase>
  </testsuite>
</testsuites>