<?xml version="1.0" encoding="UTF-8"?>
<testsuites name="jest tests" tests="2" failures="0" errors="0" time="0.686">
  <testsuite name="OpenAIService" errors="0" failures="0" skipped="0" timestamp="2026-04-06T18:22:49" time="0.666" tests="2">
    <testcase classname="OpenAIService Métodos del servicio debe tener métodos exportados" name="OpenAIService Métodos del servicio debe tener métodos exportados" time="0.001">
    </testcase>
    <testcase classname="OpenAIService Métodos del servicio debe tener método generateResponse si existe" name="OpenAIService Métodos del servicio debe tener método generateResponse si existe" time="0">
    </testcase>
  </testsuite>
</testsuites>