<?xml version="1.0" encoding="UTF-8"?>
<testsuites name="jest tests" tests="8" failures="3" errors="0" time="0.528">
  <testsuite name="CrisisFollowUpService" errors="0" failures="3" skipped="0" timestamp="2026-03-06T14:12:06" time="0.508" tests="8">
    <testcase classname="CrisisFollowUpService Métodos del servicio debe tener método scheduleFollowUps" name="CrisisFollowUpService Métodos del servicio debe tener método scheduleFollowUps" time="0.001">
    </testcase>
    <testcase classname="CrisisFollowUpService Métodos del servicio debe tener método processPendingFollowUps" name="CrisisFollowUpService Métodos del servicio debe tener método processPendingFollowUps" time="0">
    </testcase>
    <testcase classname="CrisisFollowUpService Métodos del servicio debe tener constantes de intervalos" name="CrisisFollowUpService Métodos del servicio debe tener constantes de intervalos" time="0">
    </testcase>
    <testcase classname="CrisisFollowUpService scheduleFollowUps debe retornar error si el evento no existe" name="CrisisFollowUpService scheduleFollowUps debe retornar error si el evento no existe" time="0.005">
    </testcase>
    <testcase classname="CrisisFollowUpService scheduleFollowUps debe programar seguimiento para nivel HIGH con intervalo de 12 horas" name="CrisisFollowUpService scheduleFollowUps debe programar seguimiento para nivel HIGH con intervalo de 12 horas" time="0.002">
      <failure>Error: expect(jest.fn()).toHaveBeenCalledWith(...expected)

Expected: 12

Number of calls: 0
    at Object.&lt;anonymous&gt; (/Users/marceloull/Documents/Anto/backend/tests/unit/services/crisisFollowUpService.test.js:98:36)
    at processTicksAndRejections (node:internal/process/task_queues:105:5)</failure>
    </testcase>
    <testcase classname="CrisisFollowUpService scheduleFollowUps debe programar seguimiento para nivel MEDIUM con intervalo de 24 horas" name="CrisisFollowUpService scheduleFollowUps debe programar seguimiento para nivel MEDIUM con intervalo de 24 horas" time="0.001">
      <failure>Error: expect(jest.fn()).toHaveBeenCalledWith(...expected)

Expected: 24

Number of calls: 0
    at Object.&lt;anonymous&gt; (/Users/marceloull/Documents/Anto/backend/tests/unit/services/crisisFollowUpService.test.js:116:36)
    at processTicksAndRejections (node:internal/process/task_queues:105:5)</failure>
    </testcase>
    <testcase classname="CrisisFollowUpService scheduleFollowUps debe manejar errores correctamente" name="CrisisFollowUpService scheduleFollowUps debe manejar errores correctamente" time="0.002">
      <failure>Error: expect(received).toBe(expected) // Object.is equality

Expected: &quot;Database error&quot;
Received: &quot;Evento de crisis no encontrado&quot;
    at Object.&lt;anonymous&gt; (/Users/marceloull/Documents/Anto/backend/tests/unit/services/crisisFollowUpService.test.js:128:29)
    at processTicksAndRejections (node:internal/process/task_queues:105:5)</failure>
    </testcase>
    <testcase classname="CrisisFollowUpService processPendingFollowUps debe procesar seguimientos pendientes" name="CrisisFollowUpService processPendingFollowUps debe procesar seguimientos pendientes" time="0.008">
    </testcase>
  </testsuite>
</testsuites>