<?xml version="1.0" encoding="UTF-8"?>
<testsuites name="jest tests" tests="4" failures="0" errors="0" time="0.693">
  <testsuite name="buildWeeklySummaryAppHref" errors="0" failures="0" skipped="0" timestamp="2026-04-20T21:43:59" time="0.673" tests="4">
    <testcase classname="buildWeeklySummaryAppHref prioriza WEEKLY_SUMMARY_EMAIL_APP_LINK" name="buildWeeklySummaryAppHref prioriza WEEKLY_SUMMARY_EMAIL_APP_LINK" time="0.001">
    </testcase>
    <testcase classname="buildWeeklySummaryAppHref con OPEN_APP_ONLY usa esquema anto por defecto" name="buildWeeklySummaryAppHref con OPEN_APP_ONLY usa esquema anto por defecto" time="0">
    </testcase>
    <testcase classname="buildWeeklySummaryAppHref con OPEN_APP_ONLY y path opcional" name="buildWeeklySummaryAppHref con OPEN_APP_ONLY y path opcional" time="0.001">
    </testcase>
    <testcase classname="buildWeeklySummaryAppHref sin flags usa FRONTEND_URL + path" name="buildWeeklySummaryAppHref sin flags usa FRONTEND_URL + path" time="0">
    </testcase>
  </testsuite>
</testsuites>