<?xml version="1.0" encoding="UTF-8"?>
<testsuites name="jest tests" tests="9" failures="0" errors="0" time="1.052">
  <testsuite name="Chat Routes" errors="0" failures="0" skipped="0" timestamp="2026-04-28T03:10:52" time="0.922" tests="5">
    <testcase classname="Chat Routes POST /api/chat/messages debe rechazar mensaje sin autenticación" name="Chat Routes POST /api/chat/messages debe rechazar mensaje sin autenticación" time="0.018">
    </testcase>
    <testcase classname="Chat Routes POST /api/chat/messages debe rechazar mensaje sin contenido" name="Chat Routes POST /api/chat/messages debe rechazar mensaje sin contenido" time="0.002">
    </testcase>
    <testcase classname="Chat Routes GET /api/chat/conversations debe rechazar consulta sin autenticación" name="Chat Routes GET /api/chat/conversations debe rechazar consulta sin autenticación" time="0.001">
    </testcase>
    <testcase classname="Chat Routes GET /api/chat/conversations/:id debe rechazar consulta sin autenticación" name="Chat Routes GET /api/chat/conversations/:id debe rechazar consulta sin autenticación" time="0">
    </testcase>
    <testcase classname="Chat Routes GET /api/chat/messages/search debe rechazar búsqueda sin autenticación" name="Chat Routes GET /api/chat/messages/search debe rechazar búsqueda sin autenticación" time="0.001">
    </testcase>
  </testsuite>
  <testsuite name="CheckSubscription Middleware" errors="0" failures="0" skipped="0" timestamp="2026-04-28T03:10:53" time="0.11" tests="4">
    <testcase classname="CheckSubscription Middleware requireActiveSubscription debe permitir acceso cuando el usuario tiene premium activo (modelo User)" name="CheckSubscription Middleware requireActiveSubscription debe permitir acceso cuando el usuario tiene premium activo (modelo User)" time="0.003">
    </testcase>
    <testcase classname="CheckSubscription Middleware requireActiveSubscription debe permitir primera sesión por gracia cuando no hay suscripción y no hay mensajes previos" name="CheckSubscription Middleware requireActiveSubscription debe permitir primera sesión por gracia cuando no hay suscripción y no hay mensajes previos" time="0.001">
    </testcase>
    <testcase classname="CheckSubscription Middleware requireActiveSubscription debe bloquear cuando no hay suscripción y ya existe historial del usuario" name="CheckSubscription Middleware requireActiveSubscription debe bloquear cuando no hay suscripción y ya existe historial del usuario" time="0">
    </testcase>
    <testcase classname="CheckSubscription Middleware requireActiveSubscription no debe aplicar gracia fuera de rutas iniciales del chat" name="CheckSubscription Middleware requireActiveSubscription no debe aplicar gracia fuera de rutas iniciales del chat" time="0.001">
    </testcase>
  </testsuite>
</testsuites>