<?xml version="1.0" encoding="UTF-8"?>
<testsuites name="jest tests" tests="5" failures="0" errors="0" time="0.075">
  <testsuite name="escapeHtmlText" errors="0" failures="0" skipped="0" timestamp="2026-05-11T15:07:36" time="0.062" tests="5">
    <testcase classname="escapeHtmlText escapa caracteres HTML" name="escapeHtmlText escapa caracteres HTML" time="0.001">
    </testcase>
    <testcase classname="weeklyEmailSubjectIndex / buildWeeklySummarySubjectLine rota asunto según semana ISO sin datos personales" name="weeklyEmailSubjectIndex / buildWeeklySummarySubjectLine rota asunto según semana ISO sin datos personales" time="0.001">
    </testcase>
    <testcase classname="buildWeeklySummaryEmailContext incluye preheader, beneficios y cierre sin filtrar stats del usuario" name="buildWeeklySummaryEmailContext incluye preheader, beneficios y cierre sin filtrar stats del usuario" time="0">
    </testcase>
    <testcase classname="buildWeeklySummaryEmailContext usa username si no hay nombre" name="buildWeeklySummaryEmailContext usa username si no hay nombre" time="0">
    </testcase>
    <testcase classname="buildWeeklySummaryEmailContext añade nota de regalo para cuentas premium" name="buildWeeklySummaryEmailContext añade nota de regalo para cuentas premium" time="0">
    </testcase>
  </testsuite>
</testsuites>