<?xml version="1.0" encoding="UTF-8"?>
<testsuites name="jest tests" tests="6" failures="0" errors="0" time="0.18">
  <testsuite name="sessionIntention constants" errors="0" failures="0" skipped="0" timestamp="2026-04-28T01:13:43" time="0.159" tests="6">
    <testcase classname="sessionIntention constants normalizeSessionIntention acepta los cuatro valores API" name="sessionIntention constants normalizeSessionIntention acepta los cuatro valores API" time="0.001">
    </testcase>
    <testcase classname="sessionIntention constants normalizeSessionIntention recorta espacios" name="sessionIntention constants normalizeSessionIntention recorta espacios" time="0">
    </testcase>
    <testcase classname="sessionIntention constants normalizeSessionIntention rechaza valores desconocidos" name="sessionIntention constants normalizeSessionIntention rechaza valores desconocidos" time="0">
    </testcase>
    <testcase classname="sessionIntention constants normalizeSessionIntention trata vacío como null" name="sessionIntention constants normalizeSessionIntention trata vacío como null" time="0">
    </testcase>
    <testcase classname="sessionIntention constants wasSessionIntentionProvided detecta omisión vs presencia" name="sessionIntention constants wasSessionIntentionProvided detecta omisión vs presencia" time="0.002">
    </testcase>
    <testcase classname="sessionIntention constants sanitizeSessionIntentionForClient equivale a normalizar para respuestas API" name="sessionIntention constants sanitizeSessionIntentionForClient equivale a normalizar para respuestas API" time="0">
    </testcase>
  </testsuite>
</testsuites>