<?xml version="1.0" encoding="UTF-8"?>
<testsuites name="jest tests" tests="3" failures="0" errors="0" time="1.978">
  <testsuite name="taskSubtasksLlmService.pickNewSubtaskTitles" errors="0" failures="0" skipped="0" timestamp="2026-05-06T23:54:01" time="1.903" tests="3">
    <testcase classname="taskSubtasksLlmService.pickNewSubtaskTitles deduplica respecto a subtareas existentes y respeta el máximo por llamada" name="taskSubtasksLlmService.pickNewSubtaskTitles deduplica respecto a subtareas existentes y respeta el máximo por llamada" time="0.001">
    </testcase>
    <testcase classname="taskSubtasksLlmService.pickNewSubtaskTitles respeta el límite total de subtareas en la tarea" name="taskSubtasksLlmService.pickNewSubtaskTitles respeta el límite total de subtareas en la tarea" time="0">
    </testcase>
    <testcase classname="taskSubtasksLlmService.pickNewSubtaskTitles filtra títulos demasiado cortos" name="taskSubtasksLlmService.pickNewSubtaskTitles filtra títulos demasiado cortos" time="0">
    </testcase>
  </testsuite>
</testsuites>