<?xml version="1.0" encoding="UTF-8"?>
<testsuites name="jest tests" tests="8" failures="0" errors="0" time="3.96">
  <testsuite name="Metrics Routes" errors="0" failures="0" skipped="0" timestamp="2026-05-05T00:02:38" time="3.931" tests="8">
    <testcase classname="Metrics Routes GET /api/metrics/system debe obtener métricas generales del sistema" name="Metrics Routes GET /api/metrics/system debe obtener métricas generales del sistema" time="0.155">
    </testcase>
    <testcase classname="Metrics Routes GET /api/metrics/system debe rechazar request sin autenticación" name="Metrics Routes GET /api/metrics/system debe rechazar request sin autenticación" time="0.018">
    </testcase>
    <testcase classname="Metrics Routes GET /api/metrics/me debe obtener métricas del usuario" name="Metrics Routes GET /api/metrics/me debe obtener métricas del usuario" time="0.02">
    </testcase>
    <testcase classname="Metrics Routes GET /api/metrics/health debe obtener estadísticas de salud del sistema" name="Metrics Routes GET /api/metrics/health debe obtener estadísticas de salud del sistema" time="0.026">
    </testcase>
    <testcase classname="Metrics Routes POST /api/metrics/product-action debe rechazar sin autenticación" name="Metrics Routes POST /api/metrics/product-action debe rechazar sin autenticación" time="0.062">
    </testcase>
    <testcase classname="Metrics Routes POST /api/metrics/product-action debe registrar confirm_dismissed con token" name="Metrics Routes POST /api/metrics/product-action debe registrar confirm_dismissed con token" time="0.182">
    </testcase>
    <testcase classname="Metrics Routes POST /api/metrics/product-action debe rechazar create_failed sin resource" name="Metrics Routes POST /api/metrics/product-action debe rechazar create_failed sin resource" time="0.057">
    </testcase>
    <testcase classname="Metrics Routes POST /api/metrics/product-action debe registrar create_failed con resource" name="Metrics Routes POST /api/metrics/product-action debe registrar create_failed con resource" time="0.014">
    </testcase>
  </testsuite>
</testsuites>