<?xml version="1.0" encoding="UTF-8"?>
<testsuites name="jest tests" tests="4" failures="0" errors="0" time="0.091">
  <testsuite name="escapeHtmlText" errors="0" failures="0" skipped="0" timestamp="2026-05-04T04:50:11" time="0.07" tests="4">
    <testcase classname="escapeHtmlText escapa caracteres HTML" name="escapeHtmlText escapa caracteres HTML" time="0">
    </testcase>
    <testcase classname="weeklyEmailSubjectIndex / buildWeeklySummarySubjectLine rota asunto según semana ISO sin datos personales" name="weeklyEmailSubjectIndex / buildWeeklySummarySubjectLine rota asunto según semana ISO sin datos personales" time="0">
    </testcase>
    <testcase classname="buildWeeklySummaryEmailContext incluye preheader, beneficios y cierre sin filtrar stats del usuario" name="buildWeeklySummaryEmailContext incluye preheader, beneficios y cierre sin filtrar stats del usuario" time="0.001">
    </testcase>
    <testcase classname="buildWeeklySummaryEmailContext usa username si no hay nombre" name="buildWeeklySummaryEmailContext usa username si no hay nombre" time="0">
    </testcase>
  </testsuite>
</testsuites>