<?xml version="1.0" encoding="UTF-8"?>
<testsuites name="jest tests" tests="8" failures="0" errors="0" time="0.679">
  <testsuite name="buildEmailAppOpenHref" errors="0" failures="0" skipped="0" timestamp="2026-04-21T23:46:31" time="0.659" tests="8">
    <testcase classname="buildEmailAppOpenHref prioriza EMAIL_APP_OPEN_LINK sobre WEEKLY_SUMMARY_EMAIL_APP_LINK" name="buildEmailAppOpenHref prioriza EMAIL_APP_OPEN_LINK sobre WEEKLY_SUMMARY_EMAIL_APP_LINK" time="0.001">
    </testcase>
    <testcase classname="buildEmailAppOpenHref prioriza WEEKLY_SUMMARY_EMAIL_APP_LINK cuando no hay EMAIL_APP_OPEN_LINK" name="buildEmailAppOpenHref prioriza WEEKLY_SUMMARY_EMAIL_APP_LINK cuando no hay EMAIL_APP_OPEN_LINK" time="0.001">
    </testcase>
    <testcase classname="buildEmailAppOpenHref con OPEN_APP_ONLY usa esquema anto y path por defecto (triple barra para deep link)" name="buildEmailAppOpenHref con OPEN_APP_ONLY usa esquema anto y path por defecto (triple barra para deep link)" time="0">
    </testcase>
    <testcase classname="buildEmailAppOpenHref con OPEN_APP_ONLY y path explícito" name="buildEmailAppOpenHref con OPEN_APP_ONLY y path explícito" time="0">
    </testcase>
    <testcase classname="buildEmailAppOpenHref con OPEN_APP_ONLY y WEEKLY_SUMMARY_APP_PATH vacío solo abre la app" name="buildEmailAppOpenHref con OPEN_APP_ONLY y WEEKLY_SUMMARY_APP_PATH vacío solo abre la app" time="0">
    </testcase>
    <testcase classname="buildEmailAppOpenHref sin flags usa FRONTEND_URL + path" name="buildEmailAppOpenHref sin flags usa FRONTEND_URL + path" time="0">
    </testcase>
    <testcase classname="buildEmailAppOpenHref subscriptionThankYou prioriza SUBSCRIPTION_THANKYOU_EMAIL_APP_LINK" name="buildEmailAppOpenHref subscriptionThankYou prioriza SUBSCRIPTION_THANKYOU_EMAIL_APP_LINK" time="0">
    </testcase>
    <testcase classname="buildEmailAppOpenHref buildWeeklySummaryAppHref sigue siendo alias de buildEmailAppOpenHref" name="buildEmailAppOpenHref buildWeeklySummaryAppHref sigue siendo alias de buildEmailAppOpenHref" time="0.001">
    </testcase>
  </testsuite>
</testsuites>