<?xml version="1.0" encoding="UTF-8"?>
<testsuites name="jest tests" tests="4" failures="0" errors="0" time="0.332">
  <testsuite name="intenseChatCheckInService" errors="0" failures="0" skipped="0" timestamp="2026-03-27T17:52:14" time="0.309" tests="4">
    <testcase classname="intenseChatCheckInService shouldOfferWellbeingCheckIn rechaza si hay crisis formal" name="intenseChatCheckInService shouldOfferWellbeingCheckIn rechaza si hay crisis formal" time="0.001">
    </testcase>
    <testcase classname="intenseChatCheckInService shouldOfferWellbeingCheckIn acepta intensidad alta sin crisis" name="intenseChatCheckInService shouldOfferWellbeingCheckIn acepta intensidad alta sin crisis" time="0">
    </testcase>
    <testcase classname="intenseChatCheckInService shouldOfferWellbeingCheckIn acepta WARNING sin crisis" name="intenseChatCheckInService shouldOfferWellbeingCheckIn acepta WARNING sin crisis" time="0">
    </testcase>
    <testcase classname="intenseChatCheckInService shouldOfferWellbeingCheckIn rechaza LOW normal" name="intenseChatCheckInService shouldOfferWellbeingCheckIn rechaza LOW normal" time="0">
    </testcase>
  </testsuite>
</testsuites>