<?xml version="1.0" encoding="UTF-8"?>
<testsuites name="jest tests" tests="5" failures="0" errors="0" time="1.875">
  <testsuite name="subscriptionPaymentEmail" errors="0" failures="0" skipped="0" timestamp="2026-05-15T12:12:33" time="0.156" tests="2">
    <testcase classname="subscriptionPaymentEmail sin pagos previos no es renovación" name="subscriptionPaymentEmail sin pagos previos no es renovación" time="0.007">
    </testcase>
    <testcase classname="subscriptionPaymentEmail con pago previo distinto es renovación" name="subscriptionPaymentEmail con pago previo distinto es renovación" time="0.001">
    </testcase>
  </testsuite>
  <testsuite name="subscriptionRenewalEmail plantilla" errors="0" failures="0" skipped="0" timestamp="2026-05-15T12:12:33" time="0.827" tests="1">
    <testcase classname="subscriptionRenewalEmail plantilla asunto de renovación; comprobante y tono de otro periodo" name="subscriptionRenewalEmail plantilla asunto de renovación; comprobante y tono de otro periodo" time="0.043">
    </testcase>
  </testsuite>
  <testsuite name="AppleReceiptService processSubscription idempotencia" errors="0" failures="0" skipped="0" timestamp="2026-05-15T12:12:33" time="1.714" tests="2">
    <testcase classname="AppleReceiptService processSubscription idempotencia dos llamadas con el mismo recibo no duplican Transaction" name="AppleReceiptService processSubscription idempotencia dos llamadas con el mismo recibo no duplican Transaction" time="0.701">
    </testcase>
    <testcase classname="AppleReceiptService processSubscription idempotencia con dos líneas del mismo product_id elige la que caduca más tarde (no solo la compra más reciente)" name="AppleReceiptService processSubscription idempotencia con dos líneas del mismo product_id elige la que caduca más tarde (no solo la compra más reciente)" time="0.025">
    </testcase>
  </testsuite>
</testsuites>