<?xml version="1.0" encoding="UTF-8"?>
<testsuites name="jest tests" tests="14" failures="0" errors="0" time="0.187">
  <testsuite name="writingStyleDetector" errors="0" failures="0" skipped="0" timestamp="2026-03-10T14:03:26" time="0.091" tests="5">
    <testcase classname="writingStyleDetector detectWritingStyle debe detectar estilo formal" name="writingStyleDetector detectWritingStyle debe detectar estilo formal" time="0.001">
    </testcase>
    <testcase classname="writingStyleDetector detectWritingStyle debe detectar estilo casual" name="writingStyleDetector detectWritingStyle debe detectar estilo casual" time="0">
    </testcase>
    <testcase classname="writingStyleDetector detectWritingStyle debe detectar estilo lacónico con mensajes muy cortos" name="writingStyleDetector detectWritingStyle debe detectar estilo lacónico con mensajes muy cortos" time="0.001">
    </testcase>
    <testcase classname="writingStyleDetector detectWritingStyle debe detectar estilo emotivo" name="writingStyleDetector detectWritingStyle debe detectar estilo emotivo" time="0.001">
    </testcase>
    <testcase classname="writingStyleDetector detectWritingStyle debe retornar casual por defecto" name="writingStyleDetector detectWritingStyle debe retornar casual por defecto" time="0">
    </testcase>
  </testsuite>
  <testsuite name="conversationDepthAnalyzer" errors="0" failures="0" skipped="0" timestamp="2026-03-10T14:03:26" time="0.033" tests="5">
    <testcase classname="conversationDepthAnalyzer analyzeDepth debe retornar depthPreference superficial para saludos cortos" name="conversationDepthAnalyzer analyzeDepth debe retornar depthPreference superficial para saludos cortos" time="0.001">
    </testcase>
    <testcase classname="conversationDepthAnalyzer analyzeDepth debe retornar depthPreference profundo para mensajes con exploración" name="conversationDepthAnalyzer analyzeDepth debe retornar depthPreference profundo para mensajes con exploración" time="0.001">
    </testcase>
    <testcase classname="conversationDepthAnalyzer analyzeDepth debe retornar depthPreference moderado por defecto" name="conversationDepthAnalyzer analyzeDepth debe retornar depthPreference moderado por defecto" time="0">
    </testcase>
    <testcase classname="conversationDepthAnalyzer analyzeDepth debe manejar content vacío" name="conversationDepthAnalyzer analyzeDepth debe manejar content vacío" time="0">
    </testcase>
    <testcase classname="conversationDepthAnalyzer analyzeDepth debe considerar historial largo para preferencia profunda" name="conversationDepthAnalyzer analyzeDepth debe considerar historial largo para preferencia profunda" time="0">
    </testcase>
  </testsuite>
  <testsuite name="engagementTracker" errors="0" failures="0" skipped="0" timestamp="2026-03-10T14:03:26" time="0.033" tests="4">
    <testcase classname="engagementTracker analyzeEngagement debe retornar unknown con pocos mensajes" name="engagementTracker analyzeEngagement debe retornar unknown con pocos mensajes" time="0">
    </testcase>
    <testcase classname="engagementTracker analyzeEngagement debe detectar engagement bajo con mensajes cortos" name="engagementTracker analyzeEngagement debe detectar engagement bajo con mensajes cortos" time="0">
    </testcase>
    <testcase classname="engagementTracker analyzeEngagement debe detectar engagement alto con mensajes largos" name="engagementTracker analyzeEngagement debe detectar engagement alto con mensajes largos" time="0">
    </testcase>
    <testcase classname="engagementTracker analyzeEngagement debe retornar responseToQuestionRatio" name="engagementTracker analyzeEngagement debe retornar responseToQuestionRatio" time="0">
    </testcase>
  </testsuite>
</testsuites>