<?xml version="1.0" encoding="UTF-8"?>
<testsuites name="jest tests" tests="144" failures="1" errors="0" time="97.714">
  <testsuite name="User Routes" errors="0" failures="0" skipped="0" timestamp="2026-03-08T01:37:28" time="7.222" tests="15">
    <testcase classname="User Routes GET /api/users/me debe obtener información del usuario autenticado" name="User Routes GET /api/users/me debe obtener información del usuario autenticado" time="0.338">
    </testcase>
    <testcase classname="User Routes GET /api/users/me debe rechazar request sin autenticación" name="User Routes GET /api/users/me debe rechazar request sin autenticación" time="0.314">
    </testcase>
    <testcase classname="User Routes GET /api/users/me/stats debe obtener estadísticas del usuario" name="User Routes GET /api/users/me/stats debe obtener estadísticas del usuario" time="0.315">
    </testcase>
    <testcase classname="User Routes GET /api/users/me/stats debe rechazar request sin autenticación" name="User Routes GET /api/users/me/stats debe rechazar request sin autenticación" time="0.311">
    </testcase>
    <testcase classname="User Routes PUT /api/users/me debe actualizar el perfil del usuario" name="User Routes PUT /api/users/me debe actualizar el perfil del usuario" time="0.325">
    </testcase>
    <testcase classname="User Routes PUT /api/users/me debe rechazar actualización con datos inválidos" name="User Routes PUT /api/users/me debe rechazar actualización con datos inválidos" time="0.314">
    </testcase>
    <testcase classname="User Routes PUT /api/users/me debe rechazar request sin autenticación" name="User Routes PUT /api/users/me debe rechazar request sin autenticación" time="0.311">
    </testcase>
    <testcase classname="User Routes PUT /api/users/me/password debe actualizar la contraseña con contraseña actual correcta" name="User Routes PUT /api/users/me/password debe actualizar la contraseña con contraseña actual correcta" time="0.32">
    </testcase>
    <testcase classname="User Routes PUT /api/users/me/password debe rechazar actualización con contraseña actual incorrecta" name="User Routes PUT /api/users/me/password debe rechazar actualización con contraseña actual incorrecta" time="0.318">
    </testcase>
    <testcase classname="User Routes PUT /api/users/me/password debe rechazar contraseña nueva muy corta" name="User Routes PUT /api/users/me/password debe rechazar contraseña nueva muy corta" time="0.314">
    </testcase>
    <testcase classname="User Routes GET /api/users/me/subscription debe obtener información de suscripción del usuario" name="User Routes GET /api/users/me/subscription debe obtener información de suscripción del usuario" time="0.313">
    </testcase>
    <testcase classname="User Routes GET /api/users/me/emergency-contacts debe obtener contactos de emergencia del usuario" name="User Routes GET /api/users/me/emergency-contacts debe obtener contactos de emergencia del usuario" time="0.319">
    </testcase>
    <testcase classname="User Routes POST /api/users/me/emergency-contacts debe crear un nuevo contacto de emergencia" name="User Routes POST /api/users/me/emergency-contacts debe crear un nuevo contacto de emergencia" time="0.323">
    </testcase>
    <testcase classname="User Routes POST /api/users/me/emergency-contacts debe rechazar contacto con datos inválidos" name="User Routes POST /api/users/me/emergency-contacts debe rechazar contacto con datos inválidos" time="0.326">
    </testcase>
    <testcase classname="User Routes DELETE /api/users/me debe eliminar la cuenta del usuario" name="User Routes DELETE /api/users/me debe eliminar la cuenta del usuario" time="0.366">
    </testcase>
  </testsuite>
  <testsuite name="Task Routes" errors="0" failures="0" skipped="0" timestamp="2026-03-08T01:37:35" time="6.02" tests="9">
    <testcase classname="Task Routes POST /api/tasks debe crear una nueva tarea con datos válidos" name="Task Routes POST /api/tasks debe crear una nueva tarea con datos válidos" time="0.357">
    </testcase>
    <testcase classname="Task Routes POST /api/tasks debe rechazar crear tarea sin autenticación" name="Task Routes POST /api/tasks debe rechazar crear tarea sin autenticación" time="0.217">
    </testcase>
    <testcase classname="Task Routes POST /api/tasks debe rechazar crear tarea sin título" name="Task Routes POST /api/tasks debe rechazar crear tarea sin título" time="0.256">
    </testcase>
    <testcase classname="Task Routes GET /api/tasks debe obtener todas las tareas del usuario" name="Task Routes GET /api/tasks debe obtener todas las tareas del usuario" time="0.466">
    </testcase>
    <testcase classname="Task Routes GET /api/tasks debe filtrar tareas por status" name="Task Routes GET /api/tasks debe filtrar tareas por status" time="0.297">
    </testcase>
    <testcase classname="Task Routes GET /api/tasks/:id debe obtener una tarea específica" name="Task Routes GET /api/tasks/:id debe obtener una tarea específica" time="0.219">
    </testcase>
    <testcase classname="Task Routes GET /api/tasks/:id debe rechazar obtener tarea de otro usuario" name="Task Routes GET /api/tasks/:id debe rechazar obtener tarea de otro usuario" time="0.473">
    </testcase>
    <testcase classname="Task Routes PUT /api/tasks/:id debe actualizar una tarea existente" name="Task Routes PUT /api/tasks/:id debe actualizar una tarea existente" time="0.423">
    </testcase>
    <testcase classname="Task Routes DELETE /api/tasks/:id debe eliminar una tarea existente" name="Task Routes DELETE /api/tasks/:id debe eliminar una tarea existente" time="0.436">
    </testcase>
  </testsuite>
  <testsuite name="Auth Routes" errors="0" failures="0" skipped="0" timestamp="2026-03-08T01:37:41" time="11.426" tests="12">
    <testcase classname="Auth Routes POST /api/auth/register debe registrar un nuevo usuario con datos válidos" name="Auth Routes POST /api/auth/register debe registrar un nuevo usuario con datos válidos" time="1.558">
    </testcase>
    <testcase classname="Auth Routes POST /api/auth/register debe rechazar registro con datos inválidos" name="Auth Routes POST /api/auth/register debe rechazar registro con datos inválidos" time="0.011">
    </testcase>
    <testcase classname="Auth Routes POST /api/auth/register debe rechazar registro con email duplicado" name="Auth Routes POST /api/auth/register debe rechazar registro con email duplicado" time="2.674">
    </testcase>
    <testcase classname="Auth Routes POST /api/auth/register debe rechazar registro con username duplicado" name="Auth Routes POST /api/auth/register debe rechazar registro con username duplicado" time="2.031">
    </testcase>
    <testcase classname="Auth Routes POST /api/auth/register debe rechazar registro sin campos requeridos" name="Auth Routes POST /api/auth/register debe rechazar registro sin campos requeridos" time="2.059">
    </testcase>
    <testcase classname="Auth Routes POST /api/auth/login debe hacer login con credenciales válidas" name="Auth Routes POST /api/auth/login debe hacer login con credenciales válidas" time="0.116">
    </testcase>
    <testcase classname="Auth Routes POST /api/auth/login debe rechazar login con email incorrecto" name="Auth Routes POST /api/auth/login debe rechazar login con email incorrecto" time="0.016">
    </testcase>
    <testcase classname="Auth Routes POST /api/auth/login debe rechazar login con password incorrecto" name="Auth Routes POST /api/auth/login debe rechazar login con password incorrecto" time="0.014">
    </testcase>
    <testcase classname="Auth Routes POST /api/auth/login debe rechazar login sin campos requeridos" name="Auth Routes POST /api/auth/login debe rechazar login sin campos requeridos" time="0.018">
    </testcase>
    <testcase classname="Auth Routes GET /api/users/me debe retornar información del usuario autenticado" name="Auth Routes GET /api/users/me debe retornar información del usuario autenticado" time="0.028">
    </testcase>
    <testcase classname="Auth Routes GET /api/users/me debe rechazar request sin token" name="Auth Routes GET /api/users/me debe rechazar request sin token" time="0.016">
    </testcase>
    <testcase classname="Auth Routes GET /api/users/me debe rechazar request con token inválido" name="Auth Routes GET /api/users/me debe rechazar request con token inválido" time="0.021">
    </testcase>
  </testsuite>
  <testsuite name="Cloudinary Routes" errors="0" failures="0" skipped="0" timestamp="2026-03-08T01:37:52" time="4.932" tests="2">
    <testcase classname="Cloudinary Routes POST /api/cloudinary/signature debe rechazar request sin autenticación" name="Cloudinary Routes POST /api/cloudinary/signature debe rechazar request sin autenticación" time="0.059">
    </testcase>
    <testcase classname="Cloudinary Routes POST /api/cloudinary/signature debe rechazar request sin datos requeridos" name="Cloudinary Routes POST /api/cloudinary/signature debe rechazar request sin datos requeridos" time="0.033">
    </testcase>
  </testsuite>
  <testsuite name="Flujo completo: Registro de Usuario" errors="0" failures="0" skipped="0" timestamp="2026-03-08T01:37:57" time="8.695" tests="3">
    <testcase classname="Flujo completo: Registro de Usuario debe completar el flujo completo de registro de usuario" name="Flujo completo: Registro de Usuario debe completar el flujo completo de registro de usuario" time="4.343">
    </testcase>
    <testcase classname="Flujo completo: Registro de Usuario debe manejar errores en el flujo de registro" name="Flujo completo: Registro de Usuario debe manejar errores en el flujo de registro" time="0.618">
    </testcase>
    <testcase classname="Flujo completo: Registro de Usuario debe validar datos requeridos en el registro" name="Flujo completo: Registro de Usuario debe validar datos requeridos en el registro" time="0.012">
    </testcase>
  </testsuite>
  <testsuite name="Flujo completo: Notificaciones" errors="0" failures="0" skipped="0" timestamp="2026-03-08T01:38:06" time="3.023" tests="5">
    <testcase classname="Flujo completo: Notificaciones debe registrar token de notificación push" name="Flujo completo: Notificaciones debe registrar token de notificación push" time="0.279">
    </testcase>
    <testcase classname="Flujo completo: Notificaciones debe obtener estado de notificaciones" name="Flujo completo: Notificaciones debe obtener estado de notificaciones" time="0.222">
    </testcase>
    <testcase classname="Flujo completo: Notificaciones debe obtener estadísticas de engagement de notificaciones" name="Flujo completo: Notificaciones debe obtener estadísticas de engagement de notificaciones" time="0.225">
    </testcase>
    <testcase classname="Flujo completo: Notificaciones debe validar autenticación para endpoints de notificaciones" name="Flujo completo: Notificaciones debe validar autenticación para endpoints de notificaciones" time="0.232">
    </testcase>
    <testcase classname="Flujo completo: Notificaciones debe actualizar preferencias de notificaciones del usuario" name="Flujo completo: Notificaciones debe actualizar preferencias de notificaciones del usuario" time="0.249">
    </testcase>
  </testsuite>
  <testsuite name="Health Check Routes" errors="0" failures="0" skipped="0" timestamp="2026-03-08T01:38:09" time="2.67" tests="4">
    <testcase classname="Health Check Routes GET /health debe retornar información de salud (puede ser 200 o 503 dependiendo de MongoDB)" name="Health Check Routes GET /health debe retornar información de salud (puede ser 200 o 503 dependiendo de MongoDB)" time="0.015">
    </testcase>
    <testcase classname="Health Check Routes GET /health debe incluir información de servicios" name="Health Check Routes GET /health debe incluir información de servicios" time="0.004">
    </testcase>
    <testcase classname="Health Check Routes GET /health debe retornar status 200 si MongoDB está conectado" name="Health Check Routes GET /health debe retornar status 200 si MongoDB está conectado" time="1.008">
    </testcase>
    <testcase classname="Health Check Routes GET / debe retornar mensaje de servidor corriendo" name="Health Check Routes GET / debe retornar mensaje de servidor corriendo" time="0.004">
    </testcase>
  </testsuite>
  <testsuite name="TestNotificationRoutes (integration)" errors="0" failures="0" skipped="0" timestamp="2026-03-08T01:38:12" time="4.777" tests="9">
    <testcase classname="TestNotificationRoutes (integration) POST /api/notifications/test/crisis-warning debe enviar notificación de crisis WARNING exitosamente" name="TestNotificationRoutes (integration) POST /api/notifications/test/crisis-warning debe enviar notificación de crisis WARNING exitosamente" time="0.398">
    </testcase>
    <testcase classname="TestNotificationRoutes (integration) POST /api/notifications/test/crisis-warning debe retornar 400 si el usuario no tiene token push" name="TestNotificationRoutes (integration) POST /api/notifications/test/crisis-warning debe retornar 400 si el usuario no tiene token push" time="0.357">
    </testcase>
    <testcase classname="TestNotificationRoutes (integration) POST /api/notifications/test/crisis-warning debe retornar 400 si el usuario no existe" name="TestNotificationRoutes (integration) POST /api/notifications/test/crisis-warning debe retornar 400 si el usuario no existe" time="0.335">
    </testcase>
    <testcase classname="TestNotificationRoutes (integration) POST /api/notifications/test/crisis-warning debe retornar 500 si falla el envío" name="TestNotificationRoutes (integration) POST /api/notifications/test/crisis-warning debe retornar 500 si falla el envío" time="0.339">
    </testcase>
    <testcase classname="TestNotificationRoutes (integration) POST /api/notifications/test/crisis-medium debe enviar notificación de crisis MEDIUM exitosamente" name="TestNotificationRoutes (integration) POST /api/notifications/test/crisis-medium debe enviar notificación de crisis MEDIUM exitosamente" time="0.333">
    </testcase>
    <testcase classname="TestNotificationRoutes (integration) POST /api/notifications/test/crisis-medium debe retornar 400 si el usuario no tiene token push" name="TestNotificationRoutes (integration) POST /api/notifications/test/crisis-medium debe retornar 400 si el usuario no tiene token push" time="0.362">
    </testcase>
    <testcase classname="TestNotificationRoutes (integration) POST /api/notifications/test/followup debe enviar notificación de seguimiento exitosamente" name="TestNotificationRoutes (integration) POST /api/notifications/test/followup debe enviar notificación de seguimiento exitosamente" time="0.337">
    </testcase>
    <testcase classname="TestNotificationRoutes (integration) POST /api/notifications/test/followup debe retornar 400 si el usuario no tiene token push" name="TestNotificationRoutes (integration) POST /api/notifications/test/followup debe retornar 400 si el usuario no tiene token push" time="0.352">
    </testcase>
    <testcase classname="TestNotificationRoutes (integration) POST /api/notifications/test/followup debe manejar errores correctamente" name="TestNotificationRoutes (integration) POST /api/notifications/test/followup debe manejar errores correctamente" time="0.334">
    </testcase>
  </testsuite>
  <testsuite name="Flujo completo: Chat con Análisis Emocional" errors="0" failures="1" skipped="0" timestamp="2026-03-08T01:38:17" time="5.454" tests="3">
    <testcase classname="Flujo completo: Chat con Análisis Emocional debe completar el flujo completo de chat con análisis emocional" name="Flujo completo: Chat con Análisis Emocional debe completar el flujo completo de chat con análisis emocional" time="1.638">
      <failure>Error: expect(received).toHaveProperty(path)

Expected path: &quot;_id&quot;
Received path: []

Received value: {&quot;assistantMessage&quot;: {&quot;__v&quot;: 0, &quot;_id&quot;: &quot;69acd30beb29b0fd0f7f20f4&quot;, &quot;content&quot;: &quot;Lo siento, ha ocurrido un error. Por favor, intenta de nuevo o contacta a soporte si el problema persiste.&quot;, &quot;conversationId&quot;: &quot;69acd30beb29b0fd0f7f20d5&quot;, &quot;createdAt&quot;: &quot;2026-03-08T01:38:19.947Z&quot;, &quot;metadata&quot;: {&quot;context&quot;: {&quot;contextual&quot;: {&quot;cognitiveDistortions&quot;: [{&quot;confidence&quot;: 0.5, &quot;description&quot;: &quot;Preocuparse constantemente por posibilidades negativas&quot;, &quot;intervention&quot;: &quot;Enfocarse en el presente. Preguntar: \&quot;¿Qué está pasando ahora? ¿Qué puedes hacer con lo que tienes?\&quot;&quot;, &quot;matchedPattern&quot;: &quot;/(?:qué.*si.*pasa|qué.*si.*fallo|qué.*si.*sale.*mal|y.*si)/i&quot;, &quot;name&quot;: &quot;Pensamiento \&quot;Qué Si\&quot;&quot;, &quot;type&quot;: &quot;what_if&quot;}], &quot;contexto&quot;: {&quot;faseConversacion&quot;: &quot;INICIAL&quot;, &quot;patronesIdentificados&quot;: [], &quot;temasRecurrentes&quot;: []}, &quot;distortionIntervention&quot;: {&quot;allDetected&quot;: [&quot;Pensamiento \&quot;Qué Si\&quot;&quot;], &quot;distortion&quot;: &quot;Pensamiento \&quot;Qué Si\&quot;&quot;, &quot;intervention&quot;: &quot;Enfocarse en el presente. Preguntar: \&quot;¿Qué está pasando ahora? ¿Qué puedes hacer con lo que tienes?\&quot;&quot;}, &quot;implicitNeeds&quot;: [{&quot;confidence&quot;: 0.7, &quot;intervention&quot;: {&quot;approach&quot;: &quot;Explorar valores, identificar lo que da sentido, construir propósito&quot;, &quot;prompts&quot;: [&quot;Entiendo que sientes que tu vida no tiene sentido. ¿Qué cosas solían darte sentido?&quot;, &quot;El propósito puede cambiar con el tiempo. ¿Qué es importante para ti ahora?&quot;, &quot;Aunque no veas el propósito ahora, podemos explorar qué te da significado. ¿Qué te gustaría descubrir?&quot;]}, &quot;type&quot;: &quot;purpose&quot;}], &quot;intencion&quot;: {&quot;confianza&quot;: 0.8, &quot;requiereSeguimiento&quot;: true, &quot;tipo&quot;: &quot;AYUDA_EMOCIONAL&quot;}, &quot;primaryDistortion&quot;: {&quot;confidence&quot;: 0.5, &quot;description&quot;: &quot;Preocuparse constantemente por posibilidades negativas&quot;, &quot;intervention&quot;: &quot;Enfocarse en el presente. Preguntar: \&quot;¿Qué está pasando ahora? ¿Qué puedes hacer con lo que tienes?\&quot;&quot;, &quot;matchedPattern&quot;: &quot;/(?:qué.*si.*pasa|qué.*si.*fallo|qué.*si.*sale.*mal|y.*si)/i&quot;, &quot;name&quot;: &quot;Pensamiento \&quot;Qué Si\&quot;&quot;, &quot;type&quot;: &quot;what_if&quot;}, &quot;relapseSigns&quot;: null, &quot;resistance&quot;: {&quot;confidence&quot;: 0.7, &quot;intervention&quot;: {&quot;approach&quot;: &quot;Entrevista motivacional, explorar pros y contras&quot;, &quot;prompts&quot;: [&quot;Por un lado... y por otro lado... ¿Qué te gustaría que fuera diferente?&quot;, &quot;En una escala del 1 al 10, ¿qué tan importante es para ti hacer un cambio?&quot;, &quot;Entiendo que tienes sentimientos encontrados. ¿Qué te gustaría lograr?&quot;], &quot;techniques&quot;: [&quot;Escala de importancia&quot;, &quot;Exploración de valores&quot;, &quot;Reflexión&quot;]}, &quot;type&quot;: &quot;ambivalence&quot;}, &quot;selfEfficacy&quot;: {&quot;confidence&quot;: 0.5, &quot;level&quot;: &quot;medium&quot;, &quot;needsIntervention&quot;: true}, &quot;socialSupport&quot;: {&quot;confidence&quot;: 0.5, &quot;level&quot;: &quot;medium&quot;, &quot;needsIntervention&quot;: true}, &quot;strengths&quot;: [{&quot;confidence&quot;: 0.6, &quot;type&quot;: &quot;skills&quot;}], &quot;sugerencias&quot;: [], &quot;tema&quot;: {&quot;categoria&quot;: &quot;EMOCIONAL&quot;, &quot;confianza&quot;: 0.8, &quot;subtema&quot;: null}, &quot;urgencia&quot;: &quot;NORMAL&quot;}, &quot;emotional&quot;: {&quot;category&quot;: &quot;negative&quot;, &quot;confidence&quot;: 0.5, &quot;intensity&quot;: 9, &quot;mainEmotion&quot;: &quot;tristeza&quot;, &quot;requiresAttention&quot;: true, &quot;secondary&quot;: [&quot;ansiedad&quot;]}, &quot;response&quot;: &quot;{\&quot;error\&quot;:true,\&quot;errorType\&quot;:\&quot;Error\&quot;,\&quot;errorCode\&quot;:\&quot;UNKNOWN\&quot;,\&quot;errorMessage\&quot;:\&quot;Error de autenticación con OpenAI. Verifica tu API key en las variables de entorno de Render.\&quot;,\&quot;timestamp\&quot;:\&quot;2026-03-08T01:38:19.946Z\&quot;}&quot;}, &quot;status&quot;: &quot;sent&quot;}, &quot;role&quot;: &quot;assistant&quot;, &quot;updatedAt&quot;: &quot;2026-03-08T01:38:19.947Z&quot;, &quot;userId&quot;: &quot;69acd30aeb29b0fd0f7f20cc&quot;}, &quot;clinicalScale&quot;: {&quot;automaticResult&quot;: {&quot;completed&quot;: true, &quot;confidence&quot;: 0.2222222222222222, &quot;interpretation&quot;: {&quot;level&quot;: &quot;minimal&quot;, &quot;recommendation&quot;: &quot;Seguimiento rutinario&quot;, &quot;severity&quot;: &quot;Mínima&quot;}, &quot;itemScores&quot;: [{&quot;itemId&quot;: 1, &quot;question&quot;: &quot;Poco interés o placer en hacer las cosas&quot;, &quot;score&quot;: 0}, {&quot;itemId&quot;: 2, &quot;question&quot;: &quot;Sentirse decaído, deprimido o sin esperanza&quot;, &quot;score&quot;: 1}, {&quot;itemId&quot;: 3, &quot;question&quot;: &quot;Problemas para dormir, quedarse dormido o dormir demasiado&quot;, &quot;score&quot;: 0}, {&quot;itemId&quot;: 4, &quot;question&quot;: &quot;Sentirse cansado o tener poca energía&quot;, &quot;score&quot;: 0}, {&quot;itemId&quot;: 5, &quot;question&quot;: &quot;Poco apetito o comer en exceso&quot;, &quot;score&quot;: 0}, {&quot;itemId&quot;: 6, &quot;question&quot;: &quot;Sentirse mal consigo mismo o que ha fallado o ha decepcionado a su familia&quot;, &quot;score&quot;: 0}, {&quot;itemId&quot;: 7, &quot;question&quot;: &quot;Problemas para concentrarse en cosas como leer el periódico o ver televisión&quot;, &quot;score&quot;: 0}, {&quot;itemId&quot;: 8, &quot;question&quot;: &quot;Moverse o hablar tan lento que otras personas lo notarían, o lo contrario: estar tan inquieto o agitado que se mueve mucho más de lo normal&quot;, &quot;score&quot;: 0}, {&quot;itemId&quot;: 9, &quot;question&quot;: &quot;Pensamientos de que estaría mejor muerto o de lastimarse de alguna manera&quot;, &quot;score&quot;: 1}], &quot;totalScore&quot;: 2}, &quot;priority&quot;: &quot;high&quot;, &quot;reason&quot;: &quot;Síntomas de depresión detectados&quot;, &quot;scale&quot;: &quot;PHQ9&quot;, &quot;suggestion&quot;: {&quot;estimatedTime&quot;: &quot;2-3 minutos&quot;, &quot;message&quot;: &quot;He notado Síntomas de depresión detectados. ¿Te gustaría hacer una evaluación breve para entender mejor cómo te sientes? Es una herramienta validada que nos ayudará a identificar áreas específicas de apoyo.&quot;, &quot;scaleDescription&quot;: &quot;Escala de 9 ítems para evaluar síntomas de depresión&quot;, &quot;scaleName&quot;: &quot;PHQ-9 (Patient Health Questionnaire)&quot;}}, &quot;cognitiveDistortions&quot;: {&quot;detected&quot;: [{&quot;confidence&quot;: 0.5, &quot;description&quot;: &quot;Preocuparse constantemente por posibilidades negativas&quot;, &quot;intervention&quot;: &quot;Enfocarse en el presente. Preguntar: \&quot;¿Qué está pasando ahora? ¿Qué puedes hacer con lo que tienes?\&quot;&quot;, &quot;matchedPattern&quot;: &quot;/(?:qué.*si.*pasa|qué.*si.*fallo|qué.*si.*sale.*mal|y.*si)/i&quot;, &quot;name&quot;: &quot;Pensamiento \&quot;Qué Si\&quot;&quot;, &quot;type&quot;: &quot;what_if&quot;}], &quot;intervention&quot;: {&quot;allDetected&quot;: [&quot;Pensamiento \&quot;Qué Si\&quot;&quot;], &quot;distortion&quot;: &quot;Pensamiento \&quot;Qué Si\&quot;&quot;, &quot;intervention&quot;: &quot;Enfocarse en el presente. Preguntar: \&quot;¿Qué está pasando ahora? ¿Qué puedes hacer con lo que tienes?\&quot;&quot;}, &quot;primary&quot;: {&quot;confidence&quot;: 0.5, &quot;description&quot;: &quot;Preocuparse constantemente por posibilidades negativas&quot;, &quot;intervention&quot;: &quot;Enfocarse en el presente. Preguntar: \&quot;¿Qué está pasando ahora? ¿Qué puedes hacer con lo que tienes?\&quot;&quot;, &quot;matchedPattern&quot;: &quot;/(?:qué.*si.*pasa|qué.*si.*fallo|qué.*si.*sale.*mal|y.*si)/i&quot;, &quot;name&quot;: &quot;Pensamiento \&quot;Qué Si\&quot;&quot;, &quot;type&quot;: &quot;what_if&quot;}}, &quot;context&quot;: {&quot;contextual&quot;: {&quot;cognitiveDistortions&quot;: [{&quot;confidence&quot;: 0.5, &quot;description&quot;: &quot;Preocuparse constantemente por posibilidades negativas&quot;, &quot;intervention&quot;: &quot;Enfocarse en el presente. Preguntar: \&quot;¿Qué está pasando ahora? ¿Qué puedes hacer con lo que tienes?\&quot;&quot;, &quot;matchedPattern&quot;: &quot;/(?:qué.*si.*pasa|qué.*si.*fallo|qué.*si.*sale.*mal|y.*si)/i&quot;, &quot;name&quot;: &quot;Pensamiento \&quot;Qué Si\&quot;&quot;, &quot;type&quot;: &quot;what_if&quot;}], &quot;contexto&quot;: {&quot;faseConversacion&quot;: &quot;INICIAL&quot;, &quot;patronesIdentificados&quot;: [], &quot;temasRecurrentes&quot;: []}, &quot;distortionIntervention&quot;: {&quot;allDetected&quot;: [&quot;Pensamiento \&quot;Qué Si\&quot;&quot;], &quot;distortion&quot;: &quot;Pensamiento \&quot;Qué Si\&quot;&quot;, &quot;intervention&quot;: &quot;Enfocarse en el presente. Preguntar: \&quot;¿Qué está pasando ahora? ¿Qué puedes hacer con lo que tienes?\&quot;&quot;}, &quot;implicitNeeds&quot;: [{&quot;confidence&quot;: 0.7, &quot;intervention&quot;: {&quot;approach&quot;: &quot;Explorar valores, identificar lo que da sentido, construir propósito&quot;, &quot;prompts&quot;: [&quot;Entiendo que sientes que tu vida no tiene sentido. ¿Qué cosas solían darte sentido?&quot;, &quot;El propósito puede cambiar con el tiempo. ¿Qué es importante para ti ahora?&quot;, &quot;Aunque no veas el propósito ahora, podemos explorar qué te da significado. ¿Qué te gustaría descubrir?&quot;]}, &quot;type&quot;: &quot;purpose&quot;}], &quot;intencion&quot;: {&quot;confianza&quot;: 0.8, &quot;requiereSeguimiento&quot;: true, &quot;tipo&quot;: &quot;AYUDA_EMOCIONAL&quot;}, &quot;primaryDistortion&quot;: {&quot;confidence&quot;: 0.5, &quot;description&quot;: &quot;Preocuparse constantemente por posibilidades negativas&quot;, &quot;intervention&quot;: &quot;Enfocarse en el presente. Preguntar: \&quot;¿Qué está pasando ahora? ¿Qué puedes hacer con lo que tienes?\&quot;&quot;, &quot;matchedPattern&quot;: &quot;/(?:qué.*si.*pasa|qué.*si.*fallo|qué.*si.*sale.*mal|y.*si)/i&quot;, &quot;name&quot;: &quot;Pensamiento \&quot;Qué Si\&quot;&quot;, &quot;type&quot;: &quot;what_if&quot;}, &quot;relapseSigns&quot;: null, &quot;resistance&quot;: {&quot;confidence&quot;: 0.7, &quot;intervention&quot;: {&quot;approach&quot;: &quot;Entrevista motivacional, explorar pros y contras&quot;, &quot;prompts&quot;: [&quot;Por un lado... y por otro lado... ¿Qué te gustaría que fuera diferente?&quot;, &quot;En una escala del 1 al 10, ¿qué tan importante es para ti hacer un cambio?&quot;, &quot;Entiendo que tienes sentimientos encontrados. ¿Qué te gustaría lograr?&quot;], &quot;techniques&quot;: [&quot;Escala de importancia&quot;, &quot;Exploración de valores&quot;, &quot;Reflexión&quot;]}, &quot;type&quot;: &quot;ambivalence&quot;}, &quot;selfEfficacy&quot;: {&quot;confidence&quot;: 0.5, &quot;level&quot;: &quot;medium&quot;, &quot;needsIntervention&quot;: true}, &quot;socialSupport&quot;: {&quot;confidence&quot;: 0.5, &quot;level&quot;: &quot;medium&quot;, &quot;needsIntervention&quot;: true}, &quot;strengths&quot;: [{&quot;confidence&quot;: 0.6, &quot;type&quot;: &quot;skills&quot;}], &quot;sugerencias&quot;: [], &quot;tema&quot;: {&quot;categoria&quot;: &quot;EMOCIONAL&quot;, &quot;confianza&quot;: 0.8, &quot;subtema&quot;: null}, &quot;urgencia&quot;: &quot;NORMAL&quot;}, &quot;emotional&quot;: {&quot;category&quot;: &quot;negative&quot;, &quot;confidence&quot;: 0.5, &quot;intensity&quot;: 9, &quot;mainEmotion&quot;: &quot;tristeza&quot;, &quot;requiresAttention&quot;: true, &quot;secondary&quot;: [&quot;ansiedad&quot;], &quot;subtype&quot;: null, &quot;topic&quot;: &quot;general&quot;, &quot;topics&quot;: [&quot;general&quot;]}}, &quot;processingTime&quot;: 247, &quot;suggestions&quot;: [{&quot;icon&quot;: &quot;💚&quot;, &quot;id&quot;: &quot;self_compassion_exercise&quot;, &quot;label&quot;: &quot;Ejercicio de Autocompasión&quot;, &quot;screen&quot;: &quot;SelfCompassion&quot;}, {&quot;icon&quot;: &quot;📞&quot;, &quot;id&quot;: &quot;support_contact&quot;, &quot;label&quot;: &quot;Contactar Apoyo&quot;, &quot;screen&quot;: &quot;Profile&quot;}], &quot;userMessage&quot;: {&quot;__v&quot;: 0, &quot;_id&quot;: &quot;69acd30beb29b0fd0f7f20e5&quot;, &quot;content&quot;: &quot;Me siento muy triste y ansioso hoy. No sé qué hacer.&quot;, &quot;conversationId&quot;: &quot;69acd30beb29b0fd0f7f20d5&quot;, &quot;createdAt&quot;: &quot;2026-03-08T01:38:19.709Z&quot;, &quot;metadata&quot;: {&quot;status&quot;: &quot;sent&quot;}, &quot;role&quot;: &quot;user&quot;, &quot;updatedAt&quot;: &quot;2026-03-08T01:38:19.709Z&quot;, &quot;userId&quot;: &quot;69acd30aeb29b0fd0f7f20cc&quot;}}
    at Object.&lt;anonymous&gt; (/Users/marceloull/Documents/Anto/backend/tests/integration/flows/chatEmotionalAnalysisFlow.test.js:137:34)
    at processTicksAndRejections (node:internal/process/task_queues:105:5)</failure>
    </testcase>
    <testcase classname="Flujo completo: Chat con Análisis Emocional debe manejar múltiples mensajes en una conversación" name="Flujo completo: Chat con Análisis Emocional debe manejar múltiples mensajes en una conversación" time="1.41">
    </testcase>
    <testcase classname="Flujo completo: Chat con Análisis Emocional debe validar permisos de acceso a conversaciones" name="Flujo completo: Chat con Análisis Emocional debe validar permisos de acceso a conversaciones" time="0.764">
    </testcase>
  </testsuite>
  <testsuite name="Metrics Routes" errors="0" failures="0" skipped="0" timestamp="2026-03-08T01:38:22" time="1.747" tests="4">
    <testcase classname="Metrics Routes GET /api/metrics/system debe obtener métricas generales del sistema" name="Metrics Routes GET /api/metrics/system debe obtener métricas generales del sistema" time="0.057">
    </testcase>
    <testcase classname="Metrics Routes GET /api/metrics/system debe rechazar request sin autenticación" name="Metrics Routes GET /api/metrics/system debe rechazar request sin autenticación" time="0.014">
    </testcase>
    <testcase classname="Metrics Routes GET /api/metrics/me debe obtener métricas del usuario" name="Metrics Routes GET /api/metrics/me debe obtener métricas del usuario" time="0.01">
    </testcase>
    <testcase classname="Metrics Routes GET /api/metrics/health debe obtener estadísticas de salud del sistema" name="Metrics Routes GET /api/metrics/health debe obtener estadísticas de salud del sistema" time="0.01">
    </testcase>
  </testsuite>
  <testsuite name="Therapeutic Techniques Routes" errors="0" failures="0" skipped="0" timestamp="2026-03-08T01:38:24" time="1.848" tests="5">
    <testcase classname="Therapeutic Techniques Routes GET /api/therapeutic-techniques debe obtener todas las técnicas terapéuticas disponibles" name="Therapeutic Techniques Routes GET /api/therapeutic-techniques debe obtener todas las técnicas terapéuticas disponibles" time="0.066">
    </testcase>
    <testcase classname="Therapeutic Techniques Routes GET /api/therapeutic-techniques debe rechazar request sin autenticación" name="Therapeutic Techniques Routes GET /api/therapeutic-techniques debe rechazar request sin autenticación" time="0.012">
    </testcase>
    <testcase classname="Therapeutic Techniques Routes GET /api/therapeutic-techniques/emotion/:emotion debe obtener técnicas filtradas por emoción" name="Therapeutic Techniques Routes GET /api/therapeutic-techniques/emotion/:emotion debe obtener técnicas filtradas por emoción" time="0.014">
    </testcase>
    <testcase classname="Therapeutic Techniques Routes GET /api/therapeutic-techniques/history debe obtener historial de técnicas utilizadas" name="Therapeutic Techniques Routes GET /api/therapeutic-techniques/history debe obtener historial de técnicas utilizadas" time="0.013">
    </testcase>
    <testcase classname="Therapeutic Techniques Routes GET /api/therapeutic-techniques/stats debe obtener estadísticas de técnicas" name="Therapeutic Techniques Routes GET /api/therapeutic-techniques/stats debe obtener estadísticas de técnicas" time="0.022">
    </testcase>
  </testsuite>
  <testsuite name="Habit Routes" errors="0" failures="0" skipped="0" timestamp="2026-03-08T01:38:26" time="4.066" tests="8">
    <testcase classname="Habit Routes POST /api/habits debe crear un nuevo hábito con datos válidos" name="Habit Routes POST /api/habits debe crear un nuevo hábito con datos válidos" time="0.282">
    </testcase>
    <testcase classname="Habit Routes POST /api/habits debe rechazar crear hábito sin autenticación" name="Habit Routes POST /api/habits debe rechazar crear hábito sin autenticación" time="0.219">
    </testcase>
    <testcase classname="Habit Routes POST /api/habits debe rechazar crear hábito con datos inválidos" name="Habit Routes POST /api/habits debe rechazar crear hábito con datos inválidos" time="0.235">
    </testcase>
    <testcase classname="Habit Routes GET /api/habits debe obtener todos los hábitos del usuario" name="Habit Routes GET /api/habits debe obtener todos los hábitos del usuario" time="0.451">
    </testcase>
    <testcase classname="Habit Routes GET /api/habits debe filtrar hábitos por status" name="Habit Routes GET /api/habits debe filtrar hábitos por status" time="0.237">
    </testcase>
    <testcase classname="Habit Routes GET /api/habits/active debe obtener hábitos activos" name="Habit Routes GET /api/habits/active debe obtener hábitos activos" time="0.231">
    </testcase>
    <testcase classname="Habit Routes PUT /api/habits/:id debe actualizar un hábito existente" name="Habit Routes PUT /api/habits/:id debe actualizar un hábito existente" time="0.256">
    </testcase>
    <testcase classname="Habit Routes DELETE /api/habits/:id debe eliminar un hábito existente" name="Habit Routes DELETE /api/habits/:id debe eliminar un hábito existente" time="0.24">
    </testcase>
  </testsuite>
  <testsuite name="Flujo completo: Tareas y Hábitos" errors="0" failures="0" skipped="0" timestamp="2026-03-08T01:38:30" time="3.071" tests="4">
    <testcase classname="Flujo completo: Tareas y Hábitos debe crear y completar una tarea" name="Flujo completo: Tareas y Hábitos debe crear y completar una tarea" time="0.617">
    </testcase>
    <testcase classname="Flujo completo: Tareas y Hábitos debe crear y actualizar un hábito" name="Flujo completo: Tareas y Hábitos debe crear y actualizar un hábito" time="0.256">
    </testcase>
    <testcase classname="Flujo completo: Tareas y Hábitos debe obtener estadísticas de tareas y hábitos" name="Flujo completo: Tareas y Hábitos debe obtener estadísticas de tareas y hábitos" time="0.248">
    </testcase>
    <testcase classname="Flujo completo: Tareas y Hábitos debe validar permisos de acceso a tareas y hábitos" name="Flujo completo: Tareas y Hábitos debe validar permisos de acceso a tareas y hábitos" time="0.239">
    </testcase>
  </testsuite>
  <testsuite name="Crisis Routes" errors="0" failures="0" skipped="0" timestamp="2026-03-08T01:38:33" time="4.394" tests="12">
    <testcase classname="Crisis Routes GET /api/crisis/summary debe obtener resumen de crisis del usuario" name="Crisis Routes GET /api/crisis/summary debe obtener resumen de crisis del usuario" time="0.266">
    </testcase>
    <testcase classname="Crisis Routes GET /api/crisis/summary debe aceptar parámetro days" name="Crisis Routes GET /api/crisis/summary debe aceptar parámetro days" time="0.225">
    </testcase>
    <testcase classname="Crisis Routes GET /api/crisis/summary debe rechazar request sin autenticación" name="Crisis Routes GET /api/crisis/summary debe rechazar request sin autenticación" time="0.218">
    </testcase>
    <testcase classname="Crisis Routes GET /api/crisis/trends debe obtener tendencias emocionales" name="Crisis Routes GET /api/crisis/trends debe obtener tendencias emocionales" time="0.251">
    </testcase>
    <testcase classname="Crisis Routes GET /api/crisis/trends debe aceptar parámetro period" name="Crisis Routes GET /api/crisis/trends debe aceptar parámetro period" time="0.232">
    </testcase>
    <testcase classname="Crisis Routes GET /api/crisis/by-month debe obtener crisis agrupadas por mes" name="Crisis Routes GET /api/crisis/by-month debe obtener crisis agrupadas por mes" time="0.23">
    </testcase>
    <testcase classname="Crisis Routes GET /api/crisis/by-month debe aceptar parámetro months" name="Crisis Routes GET /api/crisis/by-month debe aceptar parámetro months" time="0.223">
    </testcase>
    <testcase classname="Crisis Routes GET /api/crisis/history debe obtener historial de crisis" name="Crisis Routes GET /api/crisis/history debe obtener historial de crisis" time="0.229">
    </testcase>
    <testcase classname="Crisis Routes GET /api/crisis/history debe aceptar parámetros de paginación" name="Crisis Routes GET /api/crisis/history debe aceptar parámetros de paginación" time="0.24">
    </testcase>
    <testcase classname="Crisis Routes GET /api/crisis/alerts-stats debe obtener estadísticas de alertas" name="Crisis Routes GET /api/crisis/alerts-stats debe obtener estadísticas de alertas" time="0.232">
    </testcase>
    <testcase classname="Crisis Routes GET /api/crisis/followup-stats debe obtener estadísticas de seguimiento" name="Crisis Routes GET /api/crisis/followup-stats debe obtener estadísticas de seguimiento" time="0.238">
    </testcase>
    <testcase classname="Crisis Routes GET /api/crisis/emotion-distribution debe obtener distribución de emociones" name="Crisis Routes GET /api/crisis/emotion-distribution debe obtener distribución de emociones" time="0.233">
    </testcase>
  </testsuite>
  <testsuite name="Flujo completo: Perfil de Usuario" errors="0" failures="0" skipped="0" timestamp="2026-03-08T01:38:37" time="3.608" tests="7">
    <testcase classname="Flujo completo: Perfil de Usuario debe obtener el perfil del usuario autenticado" name="Flujo completo: Perfil de Usuario debe obtener el perfil del usuario autenticado" time="0.276">
    </testcase>
    <testcase classname="Flujo completo: Perfil de Usuario debe actualizar información básica del perfil" name="Flujo completo: Perfil de Usuario debe actualizar información básica del perfil" time="0.243">
    </testcase>
    <testcase classname="Flujo completo: Perfil de Usuario debe actualizar preferencias del usuario" name="Flujo completo: Perfil de Usuario debe actualizar preferencias del usuario" time="0.238">
    </testcase>
    <testcase classname="Flujo completo: Perfil de Usuario debe actualizar contraseña del usuario" name="Flujo completo: Perfil de Usuario debe actualizar contraseña del usuario" time="0.241">
    </testcase>
    <testcase classname="Flujo completo: Perfil de Usuario debe obtener perfil detallado con información extendida" name="Flujo completo: Perfil de Usuario debe obtener perfil detallado con información extendida" time="0.237">
    </testcase>
    <testcase classname="Flujo completo: Perfil de Usuario debe validar autenticación para endpoints de perfil" name="Flujo completo: Perfil de Usuario debe validar autenticación para endpoints de perfil" time="0.233">
    </testcase>
    <testcase classname="Flujo completo: Perfil de Usuario debe validar permisos de acceso a perfiles de otros usuarios" name="Flujo completo: Perfil de Usuario debe validar permisos de acceso a perfiles de otros usuarios" time="0.245">
    </testcase>
  </testsuite>
  <testsuite name="Flujo completo: Contactos de Emergencia" errors="0" failures="0" skipped="0" timestamp="2026-03-08T01:38:41" time="3.353" tests="6">
    <testcase classname="Flujo completo: Contactos de Emergencia debe obtener contactos de emergencia del usuario" name="Flujo completo: Contactos de Emergencia debe obtener contactos de emergencia del usuario" time="0.28">
    </testcase>
    <testcase classname="Flujo completo: Contactos de Emergencia debe agregar un nuevo contacto de emergencia" name="Flujo completo: Contactos de Emergencia debe agregar un nuevo contacto de emergencia" time="0.238">
    </testcase>
    <testcase classname="Flujo completo: Contactos de Emergencia debe actualizar un contacto de emergencia existente" name="Flujo completo: Contactos de Emergencia debe actualizar un contacto de emergencia existente" time="0.233">
    </testcase>
    <testcase classname="Flujo completo: Contactos de Emergencia debe eliminar un contacto de emergencia" name="Flujo completo: Contactos de Emergencia debe eliminar un contacto de emergencia" time="0.255">
    </testcase>
    <testcase classname="Flujo completo: Contactos de Emergencia debe validar autenticación para endpoints de contactos" name="Flujo completo: Contactos de Emergencia debe validar autenticación para endpoints de contactos" time="0.217">
    </testcase>
    <testcase classname="Flujo completo: Contactos de Emergencia debe validar datos requeridos al agregar contacto" name="Flujo completo: Contactos de Emergencia debe validar datos requeridos al agregar contacto" time="0.234">
    </testcase>
  </testsuite>
  <testsuite name="Chat Routes" errors="0" failures="0" skipped="0" timestamp="2026-03-08T01:38:44" time="2.768" tests="7">
    <testcase classname="Chat Routes GET /api/chat/conversations debe obtener las conversaciones del usuario" name="Chat Routes GET /api/chat/conversations debe obtener las conversaciones del usuario" time="0.126">
    </testcase>
    <testcase classname="Chat Routes GET /api/chat/conversations debe rechazar request sin autenticación" name="Chat Routes GET /api/chat/conversations debe rechazar request sin autenticación" time="0.011">
    </testcase>
    <testcase classname="Chat Routes POST /api/chat/conversations debe crear una nueva conversación" name="Chat Routes POST /api/chat/conversations debe crear una nueva conversación" time="0.052">
    </testcase>
    <testcase classname="Chat Routes POST /api/chat/conversations debe rechazar request sin autenticación" name="Chat Routes POST /api/chat/conversations debe rechazar request sin autenticación" time="0.01">
    </testcase>
    <testcase classname="Chat Routes GET /api/chat/conversations/:conversationId debe obtener mensajes de una conversación" name="Chat Routes GET /api/chat/conversations/:conversationId debe obtener mensajes de una conversación" time="0.227">
    </testcase>
    <testcase classname="Chat Routes GET /api/chat/conversations/:conversationId debe rechazar obtener conversación de otro usuario" name="Chat Routes GET /api/chat/conversations/:conversationId debe rechazar obtener conversación de otro usuario" time="0.02">
    </testcase>
    <testcase classname="Chat Routes DELETE /api/chat/conversations/:conversationId debe eliminar una conversación" name="Chat Routes DELETE /api/chat/conversations/:conversationId debe eliminar una conversación" time="0.016">
    </testcase>
  </testsuite>
  <testsuite name="Payment Routes" errors="0" failures="0" skipped="0" timestamp="2026-03-08T01:38:47" time="2.095" tests="8">
    <testcase classname="Payment Routes GET /api/payments/plans debe obtener información de los planes disponibles" name="Payment Routes GET /api/payments/plans debe obtener información de los planes disponibles" time="0.091">
    </testcase>
    <testcase classname="Payment Routes GET /api/payments/plans no debe requerir autenticación" name="Payment Routes GET /api/payments/plans no debe requerir autenticación" time="0.011">
    </testcase>
    <testcase classname="Payment Routes GET /api/payments/subscription-status debe obtener el estado de la suscripción del usuario" name="Payment Routes GET /api/payments/subscription-status debe obtener el estado de la suscripción del usuario" time="0.015">
    </testcase>
    <testcase classname="Payment Routes GET /api/payments/subscription-status debe rechazar request sin autenticación" name="Payment Routes GET /api/payments/subscription-status debe rechazar request sin autenticación" time="0.018">
    </testcase>
    <testcase classname="Payment Routes GET /api/payments/transactions debe obtener las transacciones del usuario" name="Payment Routes GET /api/payments/transactions debe obtener las transacciones del usuario" time="0.015">
    </testcase>
    <testcase classname="Payment Routes GET /api/payments/transactions debe rechazar request sin autenticación" name="Payment Routes GET /api/payments/transactions debe rechazar request sin autenticación" time="0.007">
    </testcase>
    <testcase classname="Payment Routes GET /api/payments/transactions/stats debe obtener estadísticas de transacciones" name="Payment Routes GET /api/payments/transactions/stats debe obtener estadísticas de transacciones" time="0.013">
    </testcase>
    <testcase classname="Payment Routes GET /api/payments/transactions/stats debe rechazar request sin autenticación" name="Payment Routes GET /api/payments/transactions/stats debe rechazar request sin autenticación" time="0.007">
    </testcase>
  </testsuite>
  <testsuite name="Flujo completo: Técnicas Terapéuticas" errors="0" failures="0" skipped="0" timestamp="2026-03-08T01:38:49" time="4.142" tests="6">
    <testcase classname="Flujo completo: Técnicas Terapéuticas debe obtener técnicas terapéuticas disponibles" name="Flujo completo: Técnicas Terapéuticas debe obtener técnicas terapéuticas disponibles" time="0.295">
    </testcase>
    <testcase classname="Flujo completo: Técnicas Terapéuticas debe obtener técnicas por emoción" name="Flujo completo: Técnicas Terapéuticas debe obtener técnicas por emoción" time="0.225">
    </testcase>
    <testcase classname="Flujo completo: Técnicas Terapéuticas debe registrar uso de técnica terapéutica" name="Flujo completo: Técnicas Terapéuticas debe registrar uso de técnica terapéutica" time="0.23">
    </testcase>
    <testcase classname="Flujo completo: Técnicas Terapéuticas debe obtener estadísticas de uso de técnicas" name="Flujo completo: Técnicas Terapéuticas debe obtener estadísticas de uso de técnicas" time="0.547">
    </testcase>
    <testcase classname="Flujo completo: Técnicas Terapéuticas debe obtener técnicas más usadas" name="Flujo completo: Técnicas Terapéuticas debe obtener técnicas más usadas" time="0.238">
    </testcase>
    <testcase classname="Flujo completo: Técnicas Terapéuticas debe validar autenticación para endpoints de técnicas" name="Flujo completo: Técnicas Terapéuticas debe validar autenticación para endpoints de técnicas" time="0.22">
    </testcase>
  </testsuite>
  <testsuite name="Flujo completo: Métricas y Estadísticas" errors="0" failures="0" skipped="0" timestamp="2026-03-08T01:38:53" time="4.087" tests="6">
    <testcase classname="Flujo completo: Métricas y Estadísticas debe obtener métricas del sistema" name="Flujo completo: Métricas y Estadísticas debe obtener métricas del sistema" time="0.279">
    </testcase>
    <testcase classname="Flujo completo: Métricas y Estadísticas debe obtener métricas de usuario" name="Flujo completo: Métricas y Estadísticas debe obtener métricas de usuario" time="0.225">
    </testcase>
    <testcase classname="Flujo completo: Métricas y Estadísticas debe obtener estadísticas de progreso" name="Flujo completo: Métricas y Estadísticas debe obtener estadísticas de progreso" time="0.241">
    </testcase>
    <testcase classname="Flujo completo: Métricas y Estadísticas debe obtener métricas de actividad" name="Flujo completo: Métricas y Estadísticas debe obtener métricas de actividad" time="0.239">
    </testcase>
    <testcase classname="Flujo completo: Métricas y Estadísticas debe validar autenticación para endpoints de métricas" name="Flujo completo: Métricas y Estadísticas debe validar autenticación para endpoints de métricas" time="0.226">
    </testcase>
    <testcase classname="Flujo completo: Métricas y Estadísticas debe obtener estadísticas del usuario desde el perfil" name="Flujo completo: Métricas y Estadísticas debe obtener estadísticas del usuario desde el perfil" time="0.233">
    </testcase>
  </testsuite>
  <testsuite name="Flujo completo: Suscripción y Pago" errors="0" failures="0" skipped="0" timestamp="2026-03-08T01:38:57" time="4.101" tests="5">
    <testcase classname="Flujo completo: Suscripción y Pago debe obtener los planes disponibles" name="Flujo completo: Suscripción y Pago debe obtener los planes disponibles" time="0.27">
    </testcase>
    <testcase classname="Flujo completo: Suscripción y Pago debe obtener información de trial" name="Flujo completo: Suscripción y Pago debe obtener información de trial" time="0.265">
    </testcase>
    <testcase classname="Flujo completo: Suscripción y Pago debe obtener el estado de suscripción del usuario" name="Flujo completo: Suscripción y Pago debe obtener el estado de suscripción del usuario" time="0.231">
    </testcase>
    <testcase classname="Flujo completo: Suscripción y Pago debe obtener historial de transacciones" name="Flujo completo: Suscripción y Pago debe obtener historial de transacciones" time="0.233">
    </testcase>
    <testcase classname="Flujo completo: Suscripción y Pago debe validar autenticación para endpoints de pago" name="Flujo completo: Suscripción y Pago debe validar autenticación para endpoints de pago" time="0.222">
    </testcase>
  </testsuite>
  <testsuite name="Flujo completo: Detección y Manejo de Crisis" errors="0" failures="0" skipped="0" timestamp="2026-03-08T01:39:01" time="4.01" tests="4">
    <testcase classname="Flujo completo: Detección y Manejo de Crisis debe detectar y registrar un evento de crisis" name="Flujo completo: Detección y Manejo de Crisis debe detectar y registrar un evento de crisis" time="0.314">
    </testcase>
    <testcase classname="Flujo completo: Detección y Manejo de Crisis debe obtener estadísticas de crisis" name="Flujo completo: Detección y Manejo de Crisis debe obtener estadísticas de crisis" time="0.23">
    </testcase>
    <testcase classname="Flujo completo: Detección y Manejo de Crisis debe obtener eventos de crisis recientes" name="Flujo completo: Detección y Manejo de Crisis debe obtener eventos de crisis recientes" time="0.239">
    </testcase>
    <testcase classname="Flujo completo: Detección y Manejo de Crisis debe filtrar eventos de crisis por nivel de riesgo" name="Flujo completo: Detección y Manejo de Crisis debe filtrar eventos de crisis por nivel de riesgo" time="0.238">
    </testcase>
  </testsuite>
</testsuites>