<?xml version="1.0" encoding="UTF-8"?>
<testsuites name="jest tests" tests="7" failures="0" errors="0" time="0.088">
  <testsuite name="escapeHtmlText" errors="0" failures="0" skipped="0" timestamp="2026-04-21T01:49:44" time="0.067" tests="7">
    <testcase classname="escapeHtmlText escapa caracteres HTML" name="escapeHtmlText escapa caracteres HTML" time="0.001">
    </testcase>
    <testcase classname="formatLastActiveEs devuelve null si no hay fecha" name="formatLastActiveEs devuelve null si no hay fecha" time="0.001">
    </testcase>
    <testcase classname="formatLastActiveEs describe hace N días" name="formatLastActiveEs describe hace N días" time="0">
    </testcase>
    <testcase classname="formatTenureEs describe recién registrado" name="formatTenureEs describe recién registrado" time="0">
    </testcase>
    <testcase classname="formatSubscriptionLabelEs mapea estados" name="formatSubscriptionLabelEs mapea estados" time="0">
    </testcase>
    <testcase classname="buildWeeklySummaryEmailContext arma contexto con nombre y stats" name="buildWeeklySummaryEmailContext arma contexto con nombre y stats" time="0.001">
    </testcase>
    <testcase classname="buildWeeklySummaryEmailContext usa username si no hay nombre" name="buildWeeklySummaryEmailContext usa username si no hay nombre" time="0">
    </testcase>
  </testsuite>
</testsuites>