TN:
SF:constants/app.js
FNF:0
FNH:0
DA:9,35
DA:10,35
DA:15,35
DA:16,35
DA:17,35
DA:20,35
LF:6
LH:6
BRDA:20,0,0,35
BRDA:20,0,1,35
BRF:2
BRH:2
end_of_record
TN:
SF:constants/crisis.js
FN:200,(anonymous_0)
FN:271,(anonymous_1)
FN:536,(anonymous_2)
FN:546,(anonymous_3)
FN:589,(anonymous_4)
FN:595,(anonymous_5)
FNF:6
FNH:0
FNDA:0,(anonymous_0)
FNDA:0,(anonymous_1)
FNDA:0,(anonymous_2)
FNDA:0,(anonymous_3)
FNDA:0,(anonymous_4)
FNDA:0,(anonymous_5)
DA:12,31
DA:57,31
DA:68,31
DA:200,31
DA:201,0
DA:205,31
DA:271,31
DA:277,0
DA:278,0
DA:281,0
DA:282,0
DA:283,0
DA:288,0
DA:289,0
DA:290,0
DA:291,0
DA:295,0
DA:296,0
DA:298,0
DA:299,0
DA:301,0
DA:302,0
DA:306,0
DA:307,0
DA:311,0
DA:312,0
DA:316,0
DA:317,0
DA:321,0
DA:322,0
DA:326,0
DA:327,0
DA:331,0
DA:332,0
DA:337,0
DA:341,0
DA:346,0
DA:350,0
DA:354,0
DA:355,0
DA:360,0
DA:362,0
DA:363,0
DA:367,0
DA:368,0
DA:372,0
DA:373,0
DA:377,0
DA:378,0
DA:382,0
DA:383,0
DA:389,0
DA:391,0
DA:392,0
DA:395,0
DA:396,0
DA:400,0
DA:401,0
DA:407,0
DA:409,0
DA:410,0
DA:414,0
DA:415,0
DA:419,0
DA:420,0
DA:424,0
DA:425,0
DA:429,0
DA:430,0
DA:434,0
DA:435,0
DA:442,0
DA:443,0
DA:447,0
DA:448,0
DA:452,0
DA:453,0
DA:457,0
DA:458,0
DA:462,0
DA:463,0
DA:467,0
DA:472,0
DA:473,0
DA:474,0
DA:478,0
DA:479,0
DA:480,0
DA:481,0
DA:484,0
DA:485,0
DA:489,0
DA:490,0
DA:494,0
DA:495,0
DA:498,0
DA:500,0
DA:501,0
DA:504,0
DA:508,0
DA:509,0
DA:510,0
DA:511,0
DA:518,0
DA:519,0
DA:520,0
DA:521,0
DA:522,0
DA:523,0
DA:525,0
DA:536,31
DA:537,0
DA:546,31
DA:547,0
DA:548,0
DA:551,0
DA:554,0
DA:555,0
DA:556,0
DA:557,0
DA:558,0
DA:560,0
DA:561,0
DA:562,0
DA:563,0
DA:564,0
DA:566,0
DA:567,0
DA:569,0
DA:570,0
DA:571,0
DA:572,0
DA:573,0
DA:576,0
DA:577,0
DA:580,0
DA:589,31
DA:590,0
DA:591,0
DA:593,0
DA:594,0
DA:595,0
DA:596,0
DA:598,0
DA:599,0
DA:600,0
DA:601,0
DA:602,0
DA:604,0
DA:605,0
DA:606,0
DA:607,0
DA:608,0
DA:609,0
DA:610,0
DA:611,0
DA:612,0
DA:615,0
LF:158
LH:9
BRDA:200,0,0,0
BRDA:201,1,0,0
BRDA:201,1,1,0
BRDA:275,2,0,0
BRDA:277,3,0,0
BRDA:277,3,1,0
BRDA:277,4,0,0
BRDA:277,4,1,0
BRDA:288,5,0,0
BRDA:288,5,1,0
BRDA:288,6,0,0
BRDA:288,6,1,0
BRDA:290,7,0,0
BRDA:290,7,1,0
BRDA:290,8,0,0
BRDA:290,8,1,0
BRDA:295,9,0,0
BRDA:295,9,1,0
BRDA:298,10,0,0
BRDA:298,10,1,0
BRDA:301,11,0,0
BRDA:301,11,1,0
BRDA:306,12,0,0
BRDA:306,12,1,0
BRDA:311,13,0,0
BRDA:311,13,1,0
BRDA:316,14,0,0
BRDA:316,14,1,0
BRDA:321,15,0,0
BRDA:321,15,1,0
BRDA:326,16,0,0
BRDA:326,16,1,0
BRDA:331,17,0,0
BRDA:331,17,1,0
BRDA:337,18,0,0
BRDA:337,18,1,0
BRDA:337,19,0,0
BRDA:337,19,1,0
BRDA:337,19,2,0
BRDA:346,20,0,0
BRDA:346,20,1,0
BRDA:346,21,0,0
BRDA:346,21,1,0
BRDA:346,21,2,0
BRDA:346,21,3,0
BRDA:354,22,0,0
BRDA:354,22,1,0
BRDA:360,23,0,0
BRDA:360,23,1,0
BRDA:362,24,0,0
BRDA:362,24,1,0
BRDA:367,25,0,0
BRDA:367,25,1,0
BRDA:372,26,0,0
BRDA:372,26,1,0
BRDA:377,27,0,0
BRDA:377,27,1,0
BRDA:382,28,0,0
BRDA:382,28,1,0
BRDA:389,29,0,0
BRDA:389,29,1,0
BRDA:391,30,0,0
BRDA:391,30,1,0
BRDA:395,31,0,0
BRDA:395,31,1,0
BRDA:400,32,0,0
BRDA:400,32,1,0
BRDA:407,33,0,0
BRDA:407,33,1,0
BRDA:409,34,0,0
BRDA:409,34,1,0
BRDA:414,35,0,0
BRDA:414,35,1,0
BRDA:419,36,0,0
BRDA:419,36,1,0
BRDA:424,37,0,0
BRDA:424,37,1,0
BRDA:429,38,0,0
BRDA:429,38,1,0
BRDA:434,39,0,0
BRDA:434,39,1,0
BRDA:442,40,0,0
BRDA:442,40,1,0
BRDA:447,41,0,0
BRDA:447,41,1,0
BRDA:452,42,0,0
BRDA:452,42,1,0
BRDA:457,43,0,0
BRDA:457,43,1,0
BRDA:462,44,0,0
BRDA:462,44,1,0
BRDA:484,45,0,0
BRDA:484,45,1,0
BRDA:484,46,0,0
BRDA:484,46,1,0
BRDA:484,46,2,0
BRDA:484,46,3,0
BRDA:489,47,0,0
BRDA:489,47,1,0
BRDA:489,48,0,0
BRDA:489,48,1,0
BRDA:498,49,0,0
BRDA:498,49,1,0
BRDA:498,50,0,0
BRDA:498,50,1,0
BRDA:500,51,0,0
BRDA:500,51,1,0
BRDA:500,52,0,0
BRDA:500,52,1,0
BRDA:500,52,2,0
BRDA:509,53,0,0
BRDA:509,53,1,0
BRDA:518,54,0,0
BRDA:518,54,1,0
BRDA:520,55,0,0
BRDA:520,55,1,0
BRDA:522,56,0,0
BRDA:522,56,1,0
BRDA:536,57,0,0
BRDA:537,58,0,0
BRDA:537,58,1,0
BRDA:546,59,0,0
BRDA:554,60,0,0
BRDA:554,60,1,0
BRDA:557,61,0,0
BRDA:557,61,1,0
BRDA:560,62,0,0
BRDA:560,62,1,0
BRDA:561,63,0,0
BRDA:561,63,1,0
BRDA:563,64,0,0
BRDA:563,64,1,0
BRDA:567,65,0,0
BRDA:567,65,1,0
BRDA:589,66,0,0
BRDA:601,67,0,0
BRDA:601,67,1,0
BRDA:604,68,0,0
BRDA:604,68,1,0
BRDA:611,69,0,0
BRDA:611,69,1,0
BRF:141
BRH:0
end_of_record
TN:
SF:constants/email.js
FNF:0
FNH:0
DA:10,27
DA:11,27
DA:14,27
DA:15,27
DA:18,27
LF:5
LH:5
BRDA:14,0,0,27
BRDA:14,0,1,4
BRF:2
BRH:2
end_of_record
TN:
SF:constants/emergencyNumbers.js
FN:177,(anonymous_0)
FN:189,(anonymous_1)
FN:205,(anonymous_2)
FN:215,(anonymous_3)
FN:226,(anonymous_4)
FN:266,(anonymous_5)
FNF:6
FNH:4
FNDA:2,(anonymous_0)
FNDA:70,(anonymous_1)
FNDA:1,(anonymous_2)
FNDA:2,(anonymous_3)
FNDA:0,(anonymous_4)
FNDA:0,(anonymous_5)
DA:14,26
DA:177,26
DA:178,2
DA:181,2
DA:184,2
DA:185,1
DA:189,70
DA:191,2
DA:192,26
DA:193,1
DA:197,1
DA:205,26
DA:206,1
DA:207,1
DA:215,26
DA:216,2
DA:217,2
DA:218,1
DA:226,26
DA:227,0
DA:228,0
DA:231,0
DA:233,0
DA:234,0
DA:237,0
DA:238,0
DA:241,0
DA:242,0
DA:245,0
DA:246,0
DA:249,0
DA:250,0
DA:254,0
DA:255,0
DA:258,0
DA:266,26
DA:267,0
DA:268,0
LF:38
LH:20
BRDA:178,0,0,0
BRDA:178,0,1,2
BRDA:184,1,0,1
BRDA:184,1,1,1
BRDA:192,2,0,1
BRDA:192,2,1,25
BRDA:206,3,0,0
BRDA:206,3,1,1
BRDA:207,4,0,1
BRDA:207,4,1,0
BRDA:217,5,0,1
BRDA:217,5,1,1
BRDA:227,6,0,0
BRDA:227,6,1,0
BRDA:233,7,0,0
BRDA:233,7,1,0
BRDA:237,8,0,0
BRDA:237,8,1,0
BRDA:237,9,0,0
BRDA:237,9,1,0
BRDA:241,10,0,0
BRDA:241,10,1,0
BRDA:241,11,0,0
BRDA:241,11,1,0
BRDA:245,12,0,0
BRDA:245,12,1,0
BRDA:249,13,0,0
BRDA:249,13,1,0
BRDA:254,14,0,0
BRDA:254,14,1,0
BRF:30
BRH:9
end_of_record
TN:
SF:constants/guestChat.js
FNF:0
FNH:0
DA:2,23
DA:5,23
DA:8,23
LF:3
LH:3
BRF:0
BRH:0
end_of_record
TN:
SF:constants/implicitNeeds.js
FN:131,(anonymous_0)
FN:160,(anonymous_1)
FNF:2
FNH:1
FNDA:2,(anonymous_0)
FNDA:0,(anonymous_1)
DA:8,26
DA:61,26
DA:131,26
DA:132,2
DA:133,0
DA:136,2
DA:137,2
DA:139,2
DA:140,14
DA:141,46
DA:142,0
DA:147,0
DA:152,2
DA:160,26
DA:161,0
LF:15
LH:11
BRDA:132,0,0,0
BRDA:132,0,1,2
BRDA:132,1,0,2
BRDA:132,1,1,2
BRDA:141,2,0,0
BRDA:141,2,1,46
BRDA:161,3,0,0
BRDA:161,3,1,0
BRF:8
BRH:4
end_of_record
TN:
SF:constants/index.js
FNF:0
FNH:0
LF:0
LH:0
BRF:0
BRH:0
end_of_record
TN:
SF:constants/memory.js
FNF:0
FNH:0
DA:6,26
DA:15,26
DA:18,26
DA:26,26
DA:34,26
DA:42,26
DA:50,26
DA:58,26
LF:8
LH:8
BRF:0
BRH:0
end_of_record
TN:
SF:constants/mindfulnessTechniques.js
FN:223,(anonymous_0)
FN:232,(anonymous_1)
FN:240,(anonymous_2)
FNF:3
FNH:0
FNDA:0,(anonymous_0)
FNDA:0,(anonymous_1)
FNDA:0,(anonymous_2)
DA:8,24
DA:113,24
DA:223,24
DA:224,0
DA:232,24
DA:233,0
DA:240,24
DA:241,0
LF:8
LH:5
BRDA:224,0,0,0
BRDA:224,0,1,0
BRDA:232,1,0,0
BRDA:233,2,0,0
BRDA:233,2,1,0
BRF:5
BRH:0
end_of_record
TN:
SF:constants/openai.js
FN:66,resolveHistoryLimits
FN:101,getChatReasoningEffortForContext
FN:359,(anonymous_2)
FN:412,(anonymous_3)
FN:419,(anonymous_4)
FN:438,(anonymous_5)
FN:450,(anonymous_6)
FN:460,(anonymous_7)
FN:469,(anonymous_8)
FN:478,(anonymous_9)
FN:487,(anonymous_10)
FN:496,(anonymous_11)
FN:505,(anonymous_12)
FN:515,(anonymous_13)
FN:809,(anonymous_14)
FN:818,(anonymous_15)
FN:827,(anonymous_16)
FN:841,(anonymous_17)
FN:857,(anonymous_18)
FN:867,buildChatPreferenceSnippet
FN:880,(anonymous_20)
FN:889,(anonymous_21)
FNF:22
FNH:4
FNDA:29,resolveHistoryLimits
FNDA:0,getChatReasoningEffortForContext
FNDA:29,(anonymous_2)
FNDA:145,(anonymous_3)
FNDA:58,(anonymous_4)
FNDA:0,(anonymous_5)
FNDA:0,(anonymous_6)
FNDA:0,(anonymous_7)
FNDA:0,(anonymous_8)
FNDA:0,(anonymous_9)
FNDA:0,(anonymous_10)
FNDA:0,(anonymous_11)
FNDA:0,(anonymous_12)
FNDA:0,(anonymous_13)
FNDA:0,(anonymous_14)
FNDA:0,(anonymous_15)
FNDA:0,(anonymous_16)
FNDA:0,(anonymous_17)
FNDA:0,(anonymous_18)
FNDA:0,buildChatPreferenceSnippet
FNDA:0,(anonymous_20)
FNDA:0,(anonymous_21)
DA:16,29
DA:22,29
DA:33,29
DA:43,29
DA:50,29
DA:67,29
DA:68,29
DA:69,29
DA:71,29
DA:74,29
DA:76,29
DA:79,29
DA:80,29
DA:82,29
DA:89,29
DA:92,29
DA:102,0
DA:103,0
DA:104,0
DA:107,0
DA:108,0
DA:109,0
DA:110,0
DA:112,0
DA:117,29
DA:126,29
DA:151,29
DA:164,29
DA:175,29
DA:186,29
DA:211,29
DA:221,29
DA:236,29
DA:298,29
DA:311,29
DA:321,29
DA:330,29
DA:339,29
DA:348,29
DA:359,29
DA:360,29
DA:363,29
DA:364,0
DA:371,29
DA:373,0
DA:379,29
DA:381,0
DA:387,29
DA:388,0
DA:395,29
DA:397,0
DA:404,29
DA:405,0
DA:412,29
DA:413,145
DA:414,0
DA:419,29
DA:420,58
DA:421,0
DA:425,29
DA:426,0
DA:438,29
DA:439,0
DA:450,29
DA:451,0
DA:452,0
DA:460,29
DA:461,0
DA:469,29
DA:470,0
DA:478,29
DA:479,0
DA:487,29
DA:488,0
DA:496,29
DA:497,0
DA:505,29
DA:506,0
DA:515,29
DA:516,0
DA:521,29
DA:590,29
DA:637,29
DA:664,29
DA:705,29
DA:750,29
DA:809,29
DA:810,0
DA:818,29
DA:819,0
DA:827,29
DA:828,0
DA:829,0
DA:830,0
DA:831,0
DA:833,0
DA:841,29
DA:842,0
DA:846,29
DA:857,29
DA:858,0
DA:859,0
DA:868,0
DA:869,0
DA:870,0
DA:871,0
DA:873,0
DA:874,0
DA:876,0
DA:877,0
DA:879,0
DA:880,0
DA:889,29
DA:910,0
DA:913,0
DA:914,0
DA:915,0
DA:916,0
DA:917,0
DA:920,0
DA:924,0
DA:927,0
DA:935,0
DA:944,0
DA:945,0
DA:948,0
DA:951,0
DA:957,0
DA:963,0
DA:969,0
DA:976,0
DA:977,0
DA:981,0
DA:982,0
DA:985,0
DA:986,0
DA:990,0
DA:991,0
DA:992,0
DA:993,0
DA:994,0
DA:1001,0
DA:1002,0
DA:1006,0
DA:1010,0
DA:1011,0
DA:1014,0
DA:1018,0
DA:1019,0
DA:1024,0
DA:1025,0
DA:1026,0
DA:1027,0
DA:1028,0
DA:1029,0
DA:1033,0
DA:1034,0
DA:1036,0
DA:1037,0
DA:1038,0
DA:1039,0
DA:1040,0
DA:1041,0
DA:1042,0
DA:1043,0
DA:1044,0
DA:1045,0
DA:1046,0
DA:1047,0
DA:1048,0
DA:1049,0
DA:1050,0
DA:1051,0
DA:1052,0
DA:1053,0
DA:1054,0
DA:1055,0
DA:1056,0
DA:1059,0
DA:1062,0
DA:1067,0
DA:1068,0
DA:1069,0
DA:1070,0
DA:1071,0
DA:1072,0
DA:1073,0
DA:1074,0
DA:1075,0
DA:1076,0
DA:1077,0
DA:1078,0
DA:1079,0
DA:1080,0
DA:1082,0
DA:1086,0
DA:1089,0
DA:1101,0
DA:1102,0
DA:1107,0
DA:1113,0
DA:1114,0
DA:1115,0
DA:1116,0
DA:1118,0
DA:1121,0
DA:1124,0
DA:1125,0
DA:1126,0
DA:1128,0
DA:1129,0
DA:1132,0
DA:1136,29
DA:1137,29
DA:1138,29
DA:1140,0
LF:216
LH:69
BRDA:71,0,0,3
BRDA:71,0,1,26
BRDA:71,1,0,29
BRDA:71,1,1,3
BRDA:72,2,0,3
BRDA:72,2,1,0
BRDA:76,3,0,3
BRDA:76,3,1,26
BRDA:76,4,0,29
BRDA:76,4,1,3
BRDA:79,5,0,0
BRDA:79,5,1,29
BRDA:103,6,0,0
BRDA:103,6,1,0
BRDA:103,7,0,0
BRDA:103,7,1,0
BRDA:108,8,0,0
BRDA:108,8,1,0
BRDA:108,9,0,0
BRDA:108,9,1,0
BRDA:110,10,0,0
BRDA:110,10,1,0
BRDA:363,11,0,0
BRDA:363,11,1,29
BRDA:371,12,0,0
BRDA:371,12,1,29
BRDA:371,13,0,29
BRDA:371,13,1,29
BRDA:379,14,0,0
BRDA:379,14,1,29
BRDA:379,15,0,29
BRDA:379,15,1,29
BRDA:387,16,0,0
BRDA:387,16,1,29
BRDA:395,17,0,0
BRDA:395,17,1,29
BRDA:395,18,0,29
BRDA:395,18,1,29
BRDA:404,19,0,0
BRDA:404,19,1,29
BRDA:413,20,0,0
BRDA:413,20,1,145
BRDA:413,21,0,145
BRDA:413,21,1,145
BRDA:420,22,0,0
BRDA:420,22,1,58
BRDA:420,23,0,58
BRDA:420,23,1,58
BRDA:425,24,0,0
BRDA:425,24,1,29
BRDA:451,25,0,0
BRDA:451,25,1,0
BRDA:515,26,0,0
BRDA:516,27,0,0
BRDA:516,27,1,0
BRDA:810,28,0,0
BRDA:810,28,1,0
BRDA:819,29,0,0
BRDA:819,29,1,0
BRDA:828,30,0,0
BRDA:828,30,1,0
BRDA:830,31,0,0
BRDA:830,31,1,0
BRDA:842,32,0,0
BRDA:842,32,1,0
BRDA:858,33,0,0
BRDA:858,33,1,0
BRDA:859,34,0,0
BRDA:859,34,1,0
BRDA:868,35,0,0
BRDA:868,35,1,0
BRDA:868,36,0,0
BRDA:868,36,1,0
BRDA:870,37,0,0
BRDA:870,37,1,0
BRDA:873,38,0,0
BRDA:873,38,1,0
BRDA:876,39,0,0
BRDA:876,39,1,0
BRDA:879,40,0,0
BRDA:879,40,1,0
BRDA:889,41,0,0
BRDA:891,42,0,0
BRDA:892,43,0,0
BRDA:893,44,0,0
BRDA:894,45,0,0
BRDA:895,46,0,0
BRDA:896,47,0,0
BRDA:897,48,0,0
BRDA:898,49,0,0
BRDA:900,50,0,0
BRDA:901,51,0,0
BRDA:902,52,0,0
BRDA:903,53,0,0
BRDA:904,54,0,0
BRDA:905,55,0,0
BRDA:906,56,0,0
BRDA:907,57,0,0
BRDA:909,58,0,0
BRDA:920,59,0,0
BRDA:920,59,1,0
BRDA:921,60,0,0
BRDA:921,60,1,0
BRDA:944,61,0,0
BRDA:944,61,1,0
BRDA:976,62,0,0
BRDA:976,62,1,0
BRDA:976,63,0,0
BRDA:976,63,1,0
BRDA:981,64,0,0
BRDA:981,64,1,0
BRDA:981,65,0,0
BRDA:981,65,1,0
BRDA:985,66,0,0
BRDA:985,66,1,0
BRDA:985,67,0,0
BRDA:985,67,1,0
BRDA:990,68,0,0
BRDA:990,68,1,0
BRDA:990,69,0,0
BRDA:990,69,1,0
BRDA:993,70,0,0
BRDA:993,70,1,0
BRDA:1001,71,0,0
BRDA:1001,71,1,0
BRDA:1001,72,0,0
BRDA:1001,72,1,0
BRDA:1001,72,2,0
BRDA:1006,73,0,0
BRDA:1006,73,1,0
BRDA:1006,73,2,0
BRDA:1010,74,0,0
BRDA:1010,74,1,0
BRDA:1011,75,0,0
BRDA:1011,75,1,0
BRDA:1019,76,0,0
BRDA:1019,76,1,0
BRDA:1019,76,2,0
BRDA:1019,76,3,0
BRDA:1024,77,0,0
BRDA:1024,77,1,0
BRDA:1026,78,0,0
BRDA:1026,78,1,0
BRDA:1027,79,0,0
BRDA:1027,79,1,0
BRDA:1028,80,0,0
BRDA:1028,80,1,0
BRDA:1036,81,0,0
BRDA:1036,81,1,0
BRDA:1039,82,0,0
BRDA:1039,82,1,0
BRDA:1042,83,0,0
BRDA:1042,83,1,0
BRDA:1045,84,0,0
BRDA:1045,84,1,0
BRDA:1048,85,0,0
BRDA:1048,85,1,0
BRDA:1051,86,0,0
BRDA:1051,86,1,0
BRDA:1054,87,0,0
BRDA:1054,87,1,0
BRDA:1067,88,0,0
BRDA:1067,88,1,0
BRDA:1069,89,0,0
BRDA:1069,89,1,0
BRDA:1071,90,0,0
BRDA:1071,90,1,0
BRDA:1073,91,0,0
BRDA:1073,91,1,0
BRDA:1075,92,0,0
BRDA:1075,92,1,0
BRDA:1077,93,0,0
BRDA:1077,93,1,0
BRDA:1079,94,0,0
BRDA:1079,94,1,0
BRDA:1101,95,0,0
BRDA:1101,95,1,0
BRDA:1101,96,0,0
BRDA:1101,96,1,0
BRDA:1101,96,2,0
BRDA:1113,97,0,0
BRDA:1113,97,1,0
BRDA:1114,98,0,0
BRDA:1114,98,1,0
BRDA:1114,99,0,0
BRDA:1114,99,1,0
BRDA:1115,100,0,0
BRDA:1115,100,1,0
BRDA:1124,101,0,0
BRDA:1124,101,1,0
BRDA:1125,102,0,0
BRDA:1125,102,1,0
BRDA:1129,103,0,0
BRDA:1129,103,1,0
BRDA:1136,104,0,29
BRDA:1136,104,1,0
BRF:196
BRH:30
end_of_record
TN:
SF:constants/psychoeducation.js
FN:153,(anonymous_0)
FN:162,(anonymous_1)
FNF:2
FNH:0
FNDA:0,(anonymous_0)
FNDA:0,(anonymous_1)
DA:8,24
DA:153,24
DA:154,0
DA:155,0
DA:162,24
DA:163,0
LF:6
LH:3
BRDA:155,0,0,0
BRDA:155,0,1,0
BRF:2
BRH:0
end_of_record
TN:
SF:constants/relapsePrevention.js
FN:85,(anonymous_0)
FN:137,(anonymous_1)
FNF:2
FNH:1
FNDA:2,(anonymous_0)
FNDA:0,(anonymous_1)
DA:7,26
DA:51,26
DA:85,26
DA:86,2
DA:87,0
DA:90,2
DA:91,2
DA:99,2
DA:100,6
DA:101,0
DA:102,0
DA:103,0
DA:108,2
DA:109,6
DA:110,0
DA:111,0
DA:112,0
DA:117,2
DA:118,6
DA:119,0
DA:120,0
DA:121,0
DA:125,2
DA:126,0
DA:129,2
DA:137,26
DA:138,0
DA:139,0
DA:143,0
DA:145,0
LF:30
LH:15
BRDA:86,0,0,0
BRDA:86,0,1,2
BRDA:86,1,0,2
BRDA:86,1,1,2
BRDA:100,2,0,0
BRDA:100,2,1,6
BRDA:109,3,0,0
BRDA:109,3,1,6
BRDA:118,4,0,0
BRDA:118,4,1,6
BRDA:125,5,0,0
BRDA:125,5,1,2
BRDA:138,6,0,0
BRDA:138,6,1,0
BRDA:138,7,0,0
BRDA:138,7,1,0
BRDA:143,8,0,0
BRDA:143,8,1,0
BRF:18
BRH:7
end_of_record
TN:
SF:constants/resistancePatterns.js
FN:102,(anonymous_0)
FN:129,(anonymous_1)
FNF:2
FNH:1
FNDA:2,(anonymous_0)
FNDA:0,(anonymous_1)
DA:8,26
DA:45,26
DA:102,26
DA:103,2
DA:104,0
DA:107,2
DA:109,2
DA:110,10
DA:111,30
DA:112,0
DA:121,2
DA:129,26
DA:130,0
LF:13
LH:10
BRDA:103,0,0,0
BRDA:103,0,1,2
BRDA:103,1,0,2
BRDA:103,1,1,2
BRDA:111,2,0,0
BRDA:111,2,1,30
BRDA:130,3,0,0
BRDA:130,3,1,0
BRF:8
BRH:4
end_of_record
TN:
SF:constants/selfEfficacy.js
FN:115,(anonymous_0)
FN:148,(anonymous_1)
FNF:2
FNH:1
FNDA:0,(anonymous_0)
FNDA:2,(anonymous_1)
DA:8,26
DA:115,26
DA:116,0
DA:117,0
DA:120,0
DA:121,0
DA:122,0
DA:123,0
DA:131,0
DA:132,0
DA:133,0
DA:134,0
DA:136,0
DA:148,26
DA:149,2
DA:150,0
DA:153,2
DA:156,2
DA:162,2
DA:167,2
DA:168,2
DA:170,2
DA:171,4
DA:172,0
DA:176,2
DA:177,4
DA:178,0
DA:182,2
DA:183,0
DA:184,2
DA:185,0
DA:188,2
LF:32
LH:16
BRDA:115,0,0,0
BRDA:115,1,0,0
BRDA:120,2,0,0
BRDA:120,2,1,0
BRDA:120,3,0,0
BRDA:120,3,1,0
BRDA:149,4,0,0
BRDA:149,4,1,2
BRDA:149,5,0,2
BRDA:149,5,1,2
BRDA:171,6,0,0
BRDA:171,6,1,4
BRDA:177,7,0,0
BRDA:177,7,1,4
BRDA:182,8,0,0
BRDA:182,8,1,2
BRDA:184,9,0,0
BRDA:184,9,1,2
BRF:18
BRH:7
end_of_record
TN:
SF:constants/socialSupport.js
FN:92,(anonymous_0)
FN:126,(anonymous_1)
FN:174,(anonymous_2)
FNF:3
FNH:1
FNDA:0,(anonymous_0)
FNDA:2,(anonymous_1)
FNDA:0,(anonymous_2)
DA:8,26
DA:92,26
DA:93,0
DA:94,0
DA:97,0
DA:100,0
DA:108,0
DA:109,0
DA:110,0
DA:118,0
DA:126,26
DA:127,2
DA:128,0
DA:131,2
DA:134,2
DA:140,2
DA:145,2
DA:146,2
DA:148,2
DA:149,4
DA:150,0
DA:154,2
DA:155,4
DA:156,0
DA:160,2
DA:161,0
DA:162,2
DA:163,0
DA:166,2
DA:174,26
DA:175,0
LF:31
LH:17
BRDA:93,0,0,0
BRDA:93,0,1,0
BRDA:93,1,0,0
BRDA:93,1,1,0
BRDA:109,2,0,0
BRDA:109,2,1,0
BRDA:127,3,0,0
BRDA:127,3,1,2
BRDA:127,4,0,2
BRDA:127,4,1,2
BRDA:149,5,0,0
BRDA:149,5,1,4
BRDA:155,6,0,0
BRDA:155,6,1,4
BRDA:160,7,0,0
BRDA:160,7,1,2
BRDA:162,8,0,0
BRDA:162,8,1,2
BRDA:175,9,0,0
BRDA:175,9,1,0
BRF:20
BRH:7
end_of_record
TN:
SF:constants/strengthsAndResources.js
FN:143,(anonymous_0)
FN:177,(anonymous_1)
FNF:2
FNH:1
FNDA:2,(anonymous_0)
FNDA:0,(anonymous_1)
DA:8,26
DA:129,26
DA:143,26
DA:144,2
DA:145,0
DA:148,2
DA:149,2
DA:152,2
DA:160,2
DA:161,10
DA:162,0
DA:169,2
DA:177,26
DA:178,0
DA:179,0
DA:180,0
LF:16
LH:11
BRDA:144,0,0,0
BRDA:144,0,1,2
BRDA:144,1,0,2
BRDA:144,1,1,2
BRDA:161,2,0,0
BRDA:161,2,1,10
BRDA:177,3,0,0
BRF:7
BRH:4
end_of_record
TN:
SF:constants/therapeuticTechniques.js
FN:601,(anonymous_0)
FN:606,(anonymous_1)
FN:622,(anonymous_2)
FN:623,(anonymous_3)
FN:633,(anonymous_4)
FN:634,(anonymous_5)
FN:644,(anonymous_6)
FN:645,(anonymous_7)
FN:658,(anonymous_8)
FN:730,(anonymous_9)
FN:769,(anonymous_10)
FNF:11
FNH:7
FNDA:1,(anonymous_0)
FNDA:0,(anonymous_1)
FNDA:1,(anonymous_2)
FNDA:5,(anonymous_3)
FNDA:1,(anonymous_4)
FNDA:4,(anonymous_5)
FNDA:1,(anonymous_6)
FNDA:5,(anonymous_7)
FNDA:0,(anonymous_8)
FNDA:0,(anonymous_9)
FNDA:0,(anonymous_10)
DA:15,29
DA:324,29
DA:403,29
DA:520,29
DA:601,29
DA:602,1
DA:605,1
DA:606,0
DA:607,0
DA:614,1
DA:622,29
DA:623,1
DA:624,5
DA:633,29
DA:634,1
DA:635,4
DA:644,29
DA:645,1
DA:646,5
DA:658,29
DA:660,0
DA:661,0
DA:662,0
DA:663,0
DA:672,0
DA:673,0
DA:674,0
DA:675,0
DA:684,0
DA:686,0
DA:693,0
DA:695,0
DA:696,0
DA:703,0
DA:712,0
DA:713,0
DA:714,0
DA:721,0
DA:730,29
DA:731,0
DA:733,0
DA:736,0
DA:737,0
DA:739,0
DA:740,0
DA:744,0
DA:745,0
DA:746,0
DA:747,0
DA:748,0
DA:750,0
DA:751,0
DA:755,0
DA:759,0
DA:760,0
DA:762,0
DA:763,0
DA:766,0
DA:767,0
DA:768,0
DA:769,0
DA:770,0
DA:774,0
DA:775,0
DA:779,0
DA:780,0
DA:783,0
LF:67
LH:19
BRDA:601,0,0,1
BRDA:602,1,0,1
BRDA:602,1,1,0
BRDA:605,2,0,0
BRDA:605,2,1,1
BRDA:607,3,0,0
BRDA:607,3,1,0
BRDA:607,3,2,0
BRDA:607,3,3,0
BRDA:624,4,0,5
BRDA:624,4,1,5
BRDA:635,5,0,4
BRDA:635,5,1,4
BRDA:646,6,0,5
BRDA:646,6,1,5
BRDA:658,7,0,0
BRDA:658,8,0,0
BRDA:658,9,0,0
BRDA:660,10,0,0
BRDA:660,10,1,0
BRDA:662,11,0,0
BRDA:662,11,1,0
BRDA:672,12,0,0
BRDA:672,12,1,0
BRDA:674,13,0,0
BRDA:674,13,1,0
BRDA:684,14,0,0
BRDA:684,14,1,0
BRDA:684,15,0,0
BRDA:684,15,1,0
BRDA:693,16,0,0
BRDA:693,16,1,0
BRDA:695,17,0,0
BRDA:695,17,1,0
BRDA:695,18,0,0
BRDA:695,18,1,0
BRDA:713,19,0,0
BRDA:713,19,1,0
BRDA:730,20,0,0
BRDA:731,21,0,0
BRDA:731,21,1,0
BRDA:733,22,0,0
BRDA:733,23,0,0
BRDA:736,24,0,0
BRDA:736,24,1,0
BRDA:737,25,0,0
BRDA:737,25,1,0
BRDA:739,26,0,0
BRDA:739,26,1,0
BRDA:744,27,0,0
BRDA:744,27,1,0
BRDA:744,28,0,0
BRDA:744,28,1,0
BRDA:744,28,2,0
BRDA:750,29,0,0
BRDA:750,29,1,0
BRDA:760,30,0,0
BRDA:760,30,1,0
BRDA:762,31,0,0
BRDA:762,31,1,0
BRDA:766,32,0,0
BRDA:766,32,1,0
BRDA:766,33,0,0
BRDA:766,33,1,0
BRDA:766,33,2,0
BRDA:774,34,0,0
BRDA:774,34,1,0
BRDA:779,35,0,0
BRDA:779,35,1,0
BRF:69
BRH:9
end_of_record
TN:
SF:middleware/auth.js
FN:32,(anonymous_0)
FN:44,(anonymous_1)
FN:53,(anonymous_2)
FN:70,authenticateToken
FN:136,(anonymous_4)
FN:159,(anonymous_5)
FN:160,(anonymous_6)
FN:185,(anonymous_7)
FN:186,(anonymous_8)
FNF:9
FNH:4
FNDA:150,(anonymous_0)
FNDA:85,(anonymous_1)
FNDA:3,(anonymous_2)
FNDA:150,authenticateToken
FNDA:0,(anonymous_4)
FNDA:0,(anonymous_5)
FNDA:0,(anonymous_6)
FNDA:0,(anonymous_7)
FNDA:0,(anonymous_8)
DA:8,39
DA:9,39
DA:10,39
DA:11,39
DA:14,39
DA:27,39
DA:32,39
DA:33,150
DA:34,150
DA:37,85
DA:38,84
DA:40,1
DA:44,39
DA:45,85
DA:46,85
DA:48,3
DA:53,39
DA:54,3
DA:55,1
DA:59,2
DA:71,150
DA:73,150
DA:74,65
DA:79,85
DA:80,85
DA:83,82
DA:85,82
DA:86,0
DA:92,82
DA:93,82
DA:94,69
DA:96,69
DA:97,69
DA:99,0
DA:100,0
DA:103,69
DA:104,69
DA:105,69
DA:109,0
DA:113,0
DA:118,82
DA:121,82
DA:126,82
DA:128,3
DA:136,39
DA:137,0
DA:138,0
DA:140,0
DA:141,0
DA:146,0
DA:147,0
DA:148,0
DA:150,0
DA:159,39
DA:160,0
DA:161,0
DA:162,0
DA:167,0
DA:168,0
DA:175,0
DA:185,39
DA:186,0
DA:187,0
DA:188,0
DA:189,0
DA:194,0
DA:196,0
DA:197,0
DA:204,0
DA:206,0
DA:207,0
DA:214,0
DA:215,0
DA:217,0
DA:218,0
LF:75
LH:42
BRDA:33,0,0,150
BRDA:33,0,1,65
BRDA:34,1,0,65
BRDA:34,1,1,85
BRDA:37,2,0,84
BRDA:37,2,1,1
BRDA:40,3,0,1
BRDA:40,3,1,1
BRDA:54,4,0,1
BRDA:54,4,1,2
BRDA:73,5,0,65
BRDA:73,5,1,85
BRDA:83,6,0,82
BRDA:83,6,1,0
BRDA:85,7,0,0
BRDA:85,7,1,82
BRDA:93,8,0,69
BRDA:93,8,1,13
BRDA:97,9,0,0
BRDA:97,9,1,69
BRDA:105,10,0,69
BRDA:105,10,1,34
BRDA:140,11,0,0
BRDA:140,11,1,0
BRDA:140,12,0,0
BRDA:140,12,1,0
BRDA:161,13,0,0
BRDA:161,13,1,0
BRDA:167,14,0,0
BRDA:167,14,1,0
BRDA:188,15,0,0
BRDA:188,15,1,0
BRDA:188,16,0,0
BRDA:188,16,1,0
BRDA:196,17,0,0
BRDA:196,17,1,0
BRDA:206,18,0,0
BRDA:206,18,1,0
BRDA:220,19,0,0
BRDA:220,19,1,0
BRF:40
BRH:19
end_of_record
TN:
SF:middleware/checkDatabase.js
FN:8,(anonymous_0)
FNF:1
FNH:0
FNDA:0,(anonymous_0)
DA:8,0
DA:10,0
DA:12,0
DA:13,0
DA:17,0
DA:27,0
LF:6
LH:0
BRDA:10,0,0,0
BRDA:10,0,1,0
BRDA:12,1,0,0
BRDA:12,1,1,0
BRF:4
BRH:0
end_of_record
TN:
SF:middleware/checkSubscription.js
FN:20,(anonymous_0)
FN:21,(anonymous_1)
FN:265,(anonymous_2)
FN:266,(anonymous_3)
FN:341,(anonymous_4)
FNF:5
FNH:2
FNDA:95,(anonymous_0)
FNDA:4,(anonymous_1)
FNDA:0,(anonymous_2)
FNDA:0,(anonymous_3)
FNDA:0,(anonymous_4)
DA:20,25
DA:21,95
DA:22,4
DA:23,4
DA:24,4
DA:25,4
DA:27,0
DA:33,0
DA:40,4
DA:41,4
DA:43,0
DA:52,0
DA:60,0
DA:63,4
DA:66,4
DA:67,0
DA:74,0
DA:81,4
DA:85,4
DA:88,4
DA:91,4
DA:92,3
DA:93,3
DA:95,3
DA:102,3
DA:108,0
DA:109,0
DA:112,0
DA:117,0
DA:121,0
DA:123,0
DA:124,0
DA:125,0
DA:128,0
DA:137,0
DA:150,0
DA:163,0
DA:171,0
DA:181,0
DA:185,1
DA:186,1
DA:187,1
DA:190,1
DA:191,0
DA:192,0
DA:193,0
DA:196,1
DA:198,0
DA:203,0
DA:216,0
DA:229,1
DA:237,1
DA:240,1
DA:250,1
DA:252,0
DA:253,0
DA:265,25
DA:266,0
DA:267,0
DA:268,0
DA:269,0
DA:270,0
DA:276,0
DA:278,0
DA:279,0
DA:282,0
DA:283,0
DA:290,0
DA:291,0
DA:293,0
DA:300,0
DA:307,0
DA:310,0
DA:311,0
DA:319,0
DA:326,0
DA:328,0
DA:329,0
DA:341,25
DA:342,0
DA:343,0
DA:344,0
DA:345,0
DA:348,0
DA:350,0
DA:351,0
DA:359,0
DA:360,0
DA:361,0
DA:362,0
DA:365,0
DA:369,0
DA:378,0
DA:380,0
DA:382,0
LF:95
LH:29
BRDA:20,0,0,1
BRDA:25,1,0,0
BRDA:25,1,1,4
BRDA:25,2,0,4
BRDA:25,2,1,4
BRDA:41,3,0,0
BRDA:41,3,1,4
BRDA:54,4,0,0
BRDA:54,4,1,0
BRDA:66,5,0,0
BRDA:66,5,1,4
BRDA:85,6,0,4
BRDA:85,6,1,0
BRDA:91,7,0,3
BRDA:91,7,1,1
BRDA:93,8,0,3
BRDA:93,8,1,0
BRDA:112,9,0,0
BRDA:112,9,1,0
BRDA:112,9,2,0
BRDA:117,10,0,0
BRDA:117,10,1,0
BRDA:117,10,2,0
BRDA:121,11,0,0
BRDA:121,11,1,0
BRDA:121,12,0,0
BRDA:121,12,1,0
BRDA:121,12,2,0
BRDA:123,13,0,0
BRDA:123,13,1,0
BRDA:123,14,0,0
BRDA:123,14,1,0
BRDA:123,14,2,0
BRDA:156,15,0,0
BRDA:156,15,1,0
BRDA:156,16,0,0
BRDA:156,16,1,0
BRDA:156,16,2,0
BRDA:190,17,0,0
BRDA:190,17,1,1
BRDA:190,18,0,1
BRDA:190,18,1,1
BRDA:190,18,2,1
BRDA:196,19,0,0
BRDA:196,19,1,1
BRDA:196,20,0,1
BRDA:196,20,1,0
BRDA:196,20,2,0
BRDA:205,21,0,0
BRDA:205,21,1,0
BRDA:222,22,0,0
BRDA:222,22,1,0
BRDA:222,23,0,0
BRDA:222,23,1,0
BRDA:222,23,2,0
BRDA:242,24,0,1
BRDA:242,24,1,1
BRDA:269,25,0,0
BRDA:269,25,1,0
BRDA:278,26,0,0
BRDA:278,26,1,0
BRDA:282,27,0,0
BRDA:282,27,1,0
BRDA:282,28,0,0
BRDA:282,28,1,0
BRDA:291,29,0,0
BRDA:291,29,1,0
BRDA:291,30,0,0
BRDA:291,30,1,0
BRDA:310,31,0,0
BRDA:310,31,1,0
BRDA:310,32,0,0
BRDA:310,32,1,0
BRDA:344,33,0,0
BRDA:344,33,1,0
BRDA:350,34,0,0
BRDA:350,34,1,0
BRDA:360,35,0,0
BRDA:360,35,1,0
BRDA:362,36,0,0
BRDA:362,36,1,0
BRDA:362,36,2,0
BRDA:365,37,0,0
BRDA:365,37,1,0
BRDA:365,37,2,0
BRF:85
BRH:18
end_of_record
TN:
SF:middleware/errorHandler.js
FN:23,(anonymous_0)
FN:34,(anonymous_1)
FN:119,(anonymous_2)
FN:166,(anonymous_3)
FN:190,(anonymous_4)
FN:191,(anonymous_5)
FNF:6
FNH:4
FNDA:8,(anonymous_0)
FNDA:7,(anonymous_1)
FNDA:7,(anonymous_2)
FNDA:5,(anonymous_3)
FNDA:0,(anonymous_4)
FNDA:0,(anonymous_5)
DA:23,24
DA:34,24
DA:36,7
DA:39,7
DA:40,6
DA:44,1
DA:45,0
DA:46,0
DA:50,1
DA:59,0
DA:60,0
DA:62,0
DA:63,0
DA:67,0
DA:71,0
DA:75,0
DA:80,1
DA:81,0
DA:82,0
DA:86,1
DA:87,0
DA:93,0
DA:97,1
DA:105,1
DA:106,0
DA:109,1
DA:119,24
DA:120,7
DA:121,7
DA:131,7
DA:132,0
DA:133,0
DA:134,0
DA:142,7
DA:143,0
DA:147,7
DA:148,7
DA:156,7
DA:166,24
DA:167,5
DA:174,5
DA:180,5
DA:190,24
DA:191,0
DA:192,0
LF:45
LH:25
BRDA:39,0,0,6
BRDA:39,0,1,1
BRDA:44,1,0,0
BRDA:44,1,1,1
BRDA:44,2,0,1
BRDA:44,2,1,1
BRDA:44,2,2,1
BRDA:50,3,0,0
BRDA:50,3,1,1
BRDA:50,4,0,1
BRDA:50,4,1,1
BRDA:50,4,2,1
BRDA:50,4,3,1
BRDA:50,4,4,1
BRDA:50,4,5,1
BRDA:50,4,6,1
BRDA:60,5,0,0
BRDA:60,5,1,0
BRDA:62,6,0,0
BRDA:62,6,1,0
BRDA:80,7,0,0
BRDA:80,7,1,1
BRDA:80,8,0,1
BRDA:80,8,1,1
BRDA:86,9,0,0
BRDA:86,9,1,1
BRDA:86,10,0,1
BRDA:86,10,1,1
BRDA:86,10,2,1
BRDA:88,11,0,0
BRDA:88,11,1,0
BRDA:98,12,0,1
BRDA:98,12,1,0
BRDA:105,13,0,0
BRDA:105,13,1,1
BRDA:105,14,0,1
BRDA:105,14,1,0
BRDA:119,15,0,0
BRDA:120,16,0,7
BRDA:120,16,1,0
BRDA:126,17,0,7
BRDA:126,17,1,0
BRDA:131,18,0,0
BRDA:131,18,1,7
BRDA:133,19,0,0
BRDA:133,19,1,0
BRDA:142,20,0,0
BRDA:142,20,1,7
BRDA:147,21,0,7
BRDA:147,21,1,0
BRF:50
BRH:29
end_of_record
TN:
SF:middleware/guestAuth.js
FN:7,authenticateGuest
FNF:1
FNH:1
FNDA:1,authenticateGuest
DA:8,1
DA:9,1
DA:10,1
DA:11,0
DA:12,1
DA:13,0
DA:16,1
DA:17,1
DA:20,0
DA:21,0
DA:22,0
DA:23,0
DA:26,0
DA:27,0
DA:28,0
DA:31,0
DA:32,0
DA:35,0
DA:36,0
DA:37,0
DA:39,0
LF:21
LH:6
BRDA:8,0,0,1
BRDA:8,0,1,1
BRDA:10,1,0,0
BRDA:10,1,1,1
BRDA:12,2,0,0
BRDA:12,2,1,1
BRDA:16,3,0,1
BRDA:16,3,1,0
BRDA:22,4,0,0
BRDA:22,4,1,0
BRDA:22,5,0,0
BRDA:22,5,1,0
BRDA:27,6,0,0
BRDA:27,6,1,0
BRDA:31,7,0,0
BRDA:31,7,1,0
BRF:16
BRH:5
end_of_record
TN:
SF:middleware/logging.js
FN:9,(anonymous_0)
FN:26,(anonymous_1)
FN:33,(anonymous_2)
FNF:3
FNH:1
FNDA:0,(anonymous_0)
FNDA:0,(anonymous_1)
FNDA:2,(anonymous_2)
DA:9,1
DA:10,0
DA:21,0
DA:25,1
DA:28,0
DA:33,1
DA:34,2
DA:45,2
DA:46,2
LF:9
LH:6
BRDA:17,0,0,0
BRDA:17,0,1,0
BRDA:18,1,0,0
BRDA:18,1,1,0
BRDA:28,2,0,0
BRDA:28,2,1,0
BRDA:38,3,0,2
BRDA:38,3,1,0
BRDA:40,4,0,0
BRDA:40,4,1,2
BRDA:41,5,0,2
BRDA:41,5,1,0
BRDA:42,6,0,2
BRDA:42,6,1,0
BRF:14
BRH:4
end_of_record
TN:
SF:middleware/performance.js
FN:16,(anonymous_0)
FN:22,(anonymous_1)
FN:34,patchedEnd
FN:54,(anonymous_3)
FN:94,(anonymous_4)
FN:95,(anonymous_5)
FN:109,patchMongooseSlowQueryLogger
FN:116,patchedExec
FN:123,(anonymous_8)
FN:134,(anonymous_9)
FNF:10
FNH:4
FNDA:140,(anonymous_0)
FNDA:140,(anonymous_1)
FNDA:140,patchedEnd
FNDA:140,(anonymous_3)
FNDA:0,(anonymous_4)
FNDA:0,(anonymous_5)
FNDA:0,patchMongooseSlowQueryLogger
FNDA:0,patchedExec
FNDA:0,(anonymous_8)
FNDA:0,(anonymous_9)
DA:16,23
DA:17,140
DA:18,140
DA:22,140
DA:23,140
DA:25,140
DA:26,0
DA:28,140
DA:33,140
DA:34,140
DA:35,140
DA:36,140
DA:37,140
DA:38,140
DA:40,140
DA:42,0
DA:43,0
DA:44,0
DA:50,140
DA:54,140
DA:55,140
DA:56,140
DA:57,140
DA:59,140
DA:63,140
DA:64,20
DA:76,140
DA:77,0
DA:87,140
DA:94,23
DA:95,0
DA:98,0
DA:99,0
DA:102,0
DA:106,23
DA:107,23
DA:110,0
DA:111,0
DA:112,0
DA:114,0
DA:116,0
DA:117,0
DA:118,0
DA:121,0
DA:122,0
DA:124,0
DA:125,0
DA:126,0
DA:132,0
DA:136,0
DA:137,0
DA:138,0
DA:144,0
DA:149,0
LF:54
LH:27
BRDA:23,0,0,140
BRDA:23,0,1,0
BRDA:25,1,0,0
BRDA:25,1,1,140
BRDA:40,2,0,0
BRDA:40,2,1,140
BRDA:42,3,0,0
BRDA:42,3,1,0
BRDA:63,4,0,20
BRDA:63,4,1,120
BRDA:63,5,0,140
BRDA:63,5,1,120
BRDA:72,6,0,20
BRDA:72,6,1,17
BRDA:76,7,0,0
BRDA:76,7,1,140
BRDA:94,8,0,0
BRDA:98,9,0,0
BRDA:98,9,1,0
BRDA:111,10,0,0
BRDA:111,10,1,0
BRDA:121,11,0,0
BRDA:121,11,1,0
BRDA:121,12,0,0
BRDA:121,12,1,0
BRDA:125,13,0,0
BRDA:125,13,1,0
BRDA:137,14,0,0
BRDA:137,14,1,0
BRF:29
BRH:10
end_of_record
TN:
SF:middleware/queryOptimizer.js
FN:16,(anonymous_0)
FN:60,(anonymous_1)
FNF:2
FNH:0
FNDA:0,(anonymous_0)
FNDA:0,(anonymous_1)
DA:16,23
DA:17,0
DA:19,0
DA:20,0
DA:21,0
DA:22,0
DA:25,0
DA:26,0
DA:27,0
DA:28,0
DA:31,0
DA:32,0
DA:33,0
DA:34,0
DA:37,0
DA:38,0
DA:39,0
DA:42,0
DA:43,0
DA:44,0
DA:47,0
DA:48,0
DA:49,0
DA:51,0
DA:53,0
DA:60,23
DA:67,0
DA:69,0
DA:70,0
DA:73,0
DA:74,0
DA:77,0
DA:78,0
DA:81,0
DA:82,0
DA:85,0
DA:86,0
DA:89,0
LF:38
LH:2
BRDA:60,0,0,0
BRDA:62,1,0,0
BRDA:63,2,0,0
BRDA:64,3,0,0
BRDA:65,4,0,0
BRDA:66,5,0,0
BRDA:69,6,0,0
BRDA:69,6,1,0
BRDA:73,7,0,0
BRDA:73,7,1,0
BRDA:77,8,0,0
BRDA:77,8,1,0
BRDA:81,9,0,0
BRDA:81,9,1,0
BRDA:85,10,0,0
BRDA:85,10,1,0
BRF:16
BRH:0
end_of_record
TN:
SF:middleware/sanitizeInput.js
FN:18,(anonymous_0)
FN:64,(anonymous_1)
FN:74,(anonymous_2)
FN:93,(anonymous_3)
FN:107,(anonymous_4)
FN:121,(anonymous_5)
FN:135,(anonymous_6)
FN:136,(anonymous_7)
FN:137,(anonymous_8)
FNF:9
FNH:8
FNDA:280,(anonymous_0)
FNDA:575,(anonymous_1)
FNDA:0,(anonymous_2)
FNDA:140,(anonymous_3)
FNDA:140,(anonymous_4)
FNDA:140,(anonymous_5)
FNDA:140,(anonymous_6)
FNDA:140,(anonymous_7)
FNDA:140,(anonymous_8)
DA:18,23
DA:19,280
DA:20,0
DA:27,280
DA:29,280
DA:32,280
DA:33,280
DA:37,280
DA:38,0
DA:42,280
DA:43,280
DA:49,0
DA:55,280
DA:64,23
DA:65,575
DA:66,0
DA:69,575
DA:70,125
DA:73,450
DA:74,0
DA:77,450
DA:78,427
DA:79,427
DA:81,155
DA:82,155
DA:84,427
DA:87,23
DA:93,23
DA:94,140
DA:95,140
DA:101,140
DA:107,23
DA:108,140
DA:109,140
DA:115,140
DA:121,23
DA:122,140
DA:123,140
DA:129,140
DA:135,23
DA:136,140
DA:137,140
DA:138,140
LF:43
LH:38
BRDA:18,0,0,0
BRDA:19,1,0,0
BRDA:19,1,1,280
BRDA:24,2,0,0
BRDA:25,3,0,155
BRDA:26,4,0,0
BRDA:32,5,0,280
BRDA:32,5,1,0
BRDA:37,6,0,0
BRDA:37,6,1,280
BRDA:42,7,0,280
BRDA:42,7,1,0
BRDA:64,8,0,0
BRDA:65,9,0,0
BRDA:65,9,1,575
BRDA:65,10,0,575
BRDA:65,10,1,575
BRDA:69,11,0,125
BRDA:69,11,1,450
BRDA:73,12,0,0
BRDA:73,12,1,450
BRDA:77,13,0,427
BRDA:77,13,1,23
BRDA:94,14,0,140
BRDA:94,14,1,0
BRDA:94,15,0,140
BRDA:94,15,1,140
BRDA:108,16,0,140
BRDA:108,16,1,0
BRDA:108,17,0,140
BRDA:108,17,1,140
BRDA:122,18,0,140
BRDA:122,18,1,0
BRDA:122,19,0,140
BRDA:122,19,1,140
BRF:35
BRH:22
end_of_record
TN:
SF:middleware/validation.js
FN:19,(anonymous_0)
FN:24,(anonymous_1)
FN:35,(anonymous_2)
FN:49,(anonymous_3)
FN:75,(anonymous_4)
FN:103,(anonymous_5)
FN:104,(anonymous_6)
FN:108,(anonymous_7)
FNF:8
FNH:3
FNDA:25,(anonymous_0)
FNDA:0,(anonymous_1)
FNDA:7,(anonymous_2)
FNDA:18,(anonymous_3)
FNDA:0,(anonymous_4)
FNDA:0,(anonymous_5)
FNDA:0,(anonymous_6)
FNDA:0,(anonymous_7)
DA:7,28
DA:10,28
DA:19,28
DA:20,25
DA:24,28
DA:25,0
DA:35,28
DA:36,7
DA:38,7
DA:39,0
DA:42,7
DA:49,28
DA:50,18
DA:52,18
DA:53,0
DA:56,18
DA:57,0
DA:61,18
DA:62,0
DA:64,18
DA:65,0
DA:68,18
DA:75,28
DA:76,0
DA:77,0
DA:80,0
DA:81,0
DA:85,0
DA:86,0
DA:87,0
DA:88,0
DA:91,0
DA:92,0
DA:95,0
DA:103,28
DA:104,0
DA:105,0
DA:106,0
DA:108,0
DA:109,0
DA:112,0
DA:113,0
DA:114,0
DA:118,0
DA:119,0
DA:123,0
DA:124,0
DA:125,0
DA:129,0
DA:130,0
DA:131,0
DA:135,0
DA:136,0
DA:137,0
DA:138,0
DA:143,0
DA:144,0
DA:147,0
LF:58
LH:18
BRDA:20,0,0,25
BRDA:20,0,1,25
BRDA:27,1,0,0
BRDA:27,1,1,0
BRDA:38,2,0,0
BRDA:38,2,1,7
BRDA:50,3,0,18
BRDA:50,3,1,0
BRDA:52,4,0,0
BRDA:52,4,1,18
BRDA:56,5,0,0
BRDA:56,5,1,18
BRDA:61,6,0,0
BRDA:61,6,1,18
BRDA:61,7,0,18
BRDA:61,7,1,18
BRDA:64,8,0,0
BRDA:64,8,1,18
BRDA:64,9,0,18
BRDA:64,9,1,18
BRDA:80,10,0,0
BRDA:80,10,1,0
BRDA:80,11,0,0
BRDA:80,11,1,0
BRDA:80,11,2,0
BRDA:85,12,0,0
BRDA:85,12,1,0
BRDA:87,13,0,0
BRDA:87,13,1,0
BRDA:91,14,0,0
BRDA:91,14,1,0
BRDA:112,15,0,0
BRDA:112,15,1,0
BRDA:112,16,0,0
BRDA:112,16,1,0
BRDA:112,16,2,0
BRDA:112,16,3,0
BRDA:118,17,0,0
BRDA:118,17,1,0
BRDA:118,18,0,0
BRDA:118,18,1,0
BRDA:118,18,2,0
BRDA:123,19,0,0
BRDA:123,19,1,0
BRDA:123,20,0,0
BRDA:123,20,1,0
BRDA:129,21,0,0
BRDA:129,21,1,0
BRDA:129,22,0,0
BRDA:129,22,1,0
BRDA:135,23,0,0
BRDA:135,23,1,0
BRDA:135,24,0,0
BRDA:135,24,1,0
BRDA:137,25,0,0
BRDA:137,25,1,0
BRDA:138,26,0,0
BRDA:138,26,1,0
BRDA:143,27,0,0
BRDA:143,27,1,0
BRF:60
BRH:12
end_of_record
TN:
SF:models/ClinicalScaleResult.js
FN:87,(anonymous_0)
FN:146,(anonymous_1)
FN:157,(anonymous_2)
FNF:3
FNH:0
FNDA:0,(anonymous_0)
FNDA:0,(anonymous_1)
FNDA:0,(anonymous_2)
DA:7,24
DA:83,24
DA:84,24
DA:87,24
DA:89,0
DA:90,0
DA:98,0
DA:99,0
DA:108,0
DA:109,0
DA:112,0
DA:114,0
DA:123,0
DA:124,0
DA:133,0
DA:134,0
DA:135,0
DA:136,0
DA:138,0
DA:139,0
DA:140,0
DA:141,0
DA:142,0
DA:146,0
DA:148,0
DA:157,0
DA:166,24
LF:27
LH:5
BRDA:87,0,0,0
BRDA:89,1,0,0
BRDA:89,1,1,0
BRDA:89,2,0,0
BRDA:89,2,1,0
BRDA:98,3,0,0
BRDA:98,3,1,0
BRDA:98,4,0,0
BRDA:98,4,1,0
BRDA:108,5,0,0
BRDA:108,5,1,0
BRDA:123,6,0,0
BRDA:123,6,1,0
BRDA:139,7,0,0
BRDA:139,7,1,0
BRDA:141,8,0,0
BRDA:141,8,1,0
BRDA:151,9,0,0
BRDA:151,9,1,0
BRDA:152,10,0,0
BRDA:152,10,1,0
BRDA:166,11,0,24
BRDA:166,11,1,24
BRF:23
BRH:2
end_of_record
TN:
SF:models/CognitiveDistortionReport.js
FN:76,(anonymous_0)
FN:112,(anonymous_1)
FN:121,(anonymous_2)
FN:126,(anonymous_3)
FN:130,(anonymous_4)
FN:133,(anonymous_5)
FNF:6
FNH:0
FNDA:0,(anonymous_0)
FNDA:0,(anonymous_1)
FNDA:0,(anonymous_2)
FNDA:0,(anonymous_3)
FNDA:0,(anonymous_4)
FNDA:0,(anonymous_5)
DA:7,24
DA:72,24
DA:73,24
DA:76,24
DA:78,0
DA:79,0
DA:88,0
DA:89,0
DA:92,0
DA:94,0
DA:101,0
DA:102,0
DA:111,0
DA:112,0
DA:113,0
DA:114,0
DA:115,0
DA:120,0
DA:121,0
DA:126,0
DA:130,0
DA:131,0
DA:133,0
DA:134,0
DA:135,0
DA:139,0
DA:140,0
DA:141,0
DA:142,0
DA:143,0
DA:146,0
DA:157,24
LF:32
LH:5
BRDA:76,0,0,0
BRDA:78,1,0,0
BRDA:78,1,1,0
BRDA:78,2,0,0
BRDA:78,2,1,0
BRDA:88,3,0,0
BRDA:88,3,1,0
BRDA:101,4,0,0
BRDA:101,4,1,0
BRDA:113,5,0,0
BRDA:113,5,1,0
BRDA:115,6,0,0
BRDA:115,6,1,0
BRDA:135,7,0,0
BRDA:135,7,1,0
BRDA:140,8,0,0
BRDA:140,8,1,0
BRDA:142,9,0,0
BRDA:142,9,1,0
BRDA:157,10,0,24
BRDA:157,10,1,24
BRF:21
BRH:2
end_of_record
TN:
SF:models/Conversation.js
FN:12,(anonymous_0)
FN:52,(anonymous_1)
FNF:2
FNH:2
FNDA:10,(anonymous_0)
FNDA:3,(anonymous_1)
DA:7,29
DA:12,10
DA:52,29
DA:53,3
DA:54,0
DA:56,3
DA:57,0
DA:58,0
DA:60,3
DA:61,0
DA:63,3
DA:67,29
DA:68,29
DA:70,29
LF:14
LH:10
BRDA:53,0,0,0
BRDA:53,0,1,3
BRDA:56,1,0,0
BRDA:56,1,1,3
BRDA:57,2,0,0
BRDA:57,2,1,0
BRDA:60,3,0,0
BRDA:60,3,1,3
BRDA:70,4,0,29
BRDA:70,4,1,29
BRF:10
BRH:5
end_of_record
TN:
SF:models/CrisisEvent.js
FN:124,(anonymous_0)
FN:135,(anonymous_1)
FN:146,(anonymous_2)
FN:153,(anonymous_3)
FNF:4
FNH:4
FNDA:4,(anonymous_0)
FNDA:3,(anonymous_1)
FNDA:1,(anonymous_2)
FNDA:4,(anonymous_3)
DA:7,27
DA:118,27
DA:119,27
DA:120,27
DA:121,27
DA:124,27
DA:125,4
DA:126,4
DA:135,27
DA:136,3
DA:146,27
DA:147,1
DA:148,1
DA:149,1
DA:153,27
DA:154,4
DA:155,4
DA:156,4
DA:160,27
DA:161,0
DA:164,27
LF:21
LH:20
BRDA:124,0,0,0
BRDA:146,1,0,0
BRDA:153,2,0,1
BRDA:160,3,0,0
BRDA:160,3,1,27
BRF:5
BRH:2
end_of_record
TN:
SF:models/EmergencyAlert.js
FN:125,(anonymous_0)
FN:163,(anonymous_1)
FN:202,(anonymous_2)
FN:249,(anonymous_3)
FN:257,(anonymous_4)
FN:269,(anonymous_5)
FN:283,(anonymous_6)
FN:342,(anonymous_7)
FN:347,(anonymous_8)
FN:348,(anonymous_9)
FN:365,(anonymous_10)
FN:383,(anonymous_11)
FN:385,(anonymous_12)
FN:390,(anonymous_13)
FN:392,(anonymous_14)
FN:396,(anonymous_15)
FNF:16
FNH:12
FNDA:5,(anonymous_0)
FNDA:2,(anonymous_1)
FNDA:2,(anonymous_2)
FNDA:2,(anonymous_3)
FNDA:0,(anonymous_4)
FNDA:0,(anonymous_5)
FNDA:2,(anonymous_6)
FNDA:5,(anonymous_7)
FNDA:0,(anonymous_8)
FNDA:0,(anonymous_9)
FNDA:5,(anonymous_10)
FNDA:4,(anonymous_11)
FNDA:3,(anonymous_12)
FNDA:1,(anonymous_13)
FNDA:2,(anonymous_14)
FNDA:5,(anonymous_15)
DA:7,26
DA:117,26
DA:118,26
DA:119,26
DA:120,26
DA:121,26
DA:122,26
DA:125,26
DA:134,5
DA:136,5
DA:141,5
DA:142,1
DA:143,1
DA:144,1
DA:147,5
DA:148,1
DA:151,5
DA:152,1
DA:155,5
DA:163,26
DA:164,2
DA:166,2
DA:172,2
DA:202,2
DA:204,2
DA:207,2
DA:210,2
DA:211,0
DA:212,2
DA:213,0
DA:216,2
DA:217,0
DA:218,2
DA:219,0
DA:223,2
DA:224,2
DA:225,2
DA:232,2
DA:233,2
DA:234,2
DA:235,2
DA:236,2
DA:239,2
DA:240,2
DA:243,2
DA:244,2
DA:248,2
DA:249,1
DA:250,2
DA:252,1
DA:255,1
DA:256,1
DA:257,1
DA:258,0
DA:260,1
DA:267,1
DA:268,1
DA:269,1
DA:270,0
DA:272,1
DA:279,2
DA:283,26
DA:284,2
DA:286,2
DA:292,2
DA:315,2
DA:316,1
DA:317,1
DA:321,1
DA:322,1
DA:324,1
DA:325,0
DA:327,0
DA:330,0
DA:331,0
DA:332,0
DA:333,0
DA:334,0
DA:335,0
DA:336,0
DA:337,0
DA:342,5
DA:343,1
DA:344,1
DA:346,1
DA:347,0
DA:348,0
DA:350,0
DA:351,0
DA:352,0
DA:353,0
DA:354,0
DA:355,0
DA:356,0
DA:357,0
DA:362,1
DA:363,1
DA:365,1
DA:366,5
DA:367,5
DA:368,5
DA:370,5
DA:371,5
DA:373,5
DA:374,2
DA:376,3
DA:381,1
DA:382,1
DA:383,4
DA:385,3
DA:386,1
DA:389,1
DA:390,1
DA:392,2
DA:393,1
DA:396,1
DA:397,5
DA:398,5
DA:399,5
DA:406,5
DA:407,5
DA:408,5
DA:409,0
DA:410,0
DA:414,1
DA:418,26
DA:419,0
DA:422,26
LF:128
LH:99
BRDA:125,0,0,1
BRDA:127,1,0,5
BRDA:128,2,0,5
BRDA:132,3,0,4
BRDA:138,4,0,1
BRDA:138,4,1,4
BRDA:141,5,0,1
BRDA:141,5,1,4
BRDA:141,6,0,5
BRDA:141,6,1,4
BRDA:143,7,0,1
BRDA:143,7,1,0
BRDA:144,8,0,1
BRDA:144,8,1,0
BRDA:147,9,0,1
BRDA:147,9,1,4
BRDA:151,10,0,1
BRDA:151,10,1,4
BRDA:163,11,0,2
BRDA:204,12,0,2
BRDA:204,12,1,2
BRDA:207,13,0,2
BRDA:207,13,1,1
BRDA:210,14,0,0
BRDA:210,14,1,2
BRDA:212,15,0,0
BRDA:212,15,1,2
BRDA:216,16,0,0
BRDA:216,16,1,2
BRDA:218,17,0,0
BRDA:218,17,1,2
BRDA:224,18,0,2
BRDA:224,18,1,0
BRDA:233,19,0,0
BRDA:233,19,1,2
BRDA:234,20,0,0
BRDA:234,20,1,2
BRDA:235,21,0,0
BRDA:235,21,1,2
BRDA:236,22,0,0
BRDA:236,22,1,2
BRDA:240,23,0,2
BRDA:240,23,1,1
BRDA:244,24,0,2
BRDA:244,24,1,1
BRDA:248,25,0,1
BRDA:248,25,1,1
BRDA:250,26,0,2
BRDA:250,26,1,2
BRDA:256,27,0,1
BRDA:256,27,1,0
BRDA:258,28,0,0
BRDA:258,28,1,0
BRDA:268,29,0,1
BRDA:268,29,1,0
BRDA:270,30,0,0
BRDA:270,30,1,0
BRDA:283,31,0,2
BRDA:315,32,0,1
BRDA:315,32,1,1
BRDA:324,33,0,0
BRDA:324,33,1,1
BRDA:324,34,0,1
BRDA:324,34,1,1
BRDA:325,35,0,0
BRDA:325,35,1,0
BRDA:327,36,0,0
BRDA:327,36,1,0
BRDA:330,37,0,0
BRDA:330,37,1,0
BRDA:334,38,0,0
BRDA:334,38,1,0
BRDA:342,39,0,5
BRDA:342,39,1,0
BRDA:346,40,0,0
BRDA:346,40,1,1
BRDA:346,41,0,1
BRDA:346,41,1,1
BRDA:350,42,0,0
BRDA:350,42,1,0
BRDA:354,43,0,0
BRDA:354,43,1,0
BRDA:370,44,0,5
BRDA:370,44,1,5
BRDA:371,45,0,5
BRDA:371,45,1,2
BRDA:373,46,0,2
BRDA:373,46,1,3
BRDA:373,47,0,5
BRDA:373,47,1,4
BRDA:398,48,0,5
BRDA:398,48,1,0
BRDA:407,49,0,5
BRDA:407,49,1,0
BRDA:409,50,0,0
BRDA:409,50,1,0
BRDA:418,51,0,0
BRDA:418,51,1,26
BRF:98
BRH:61
end_of_record
TN:
SF:models/GuestSession.js
FNF:0
FNH:0
DA:6,24
DA:37,24
DA:38,0
DA:41,24
LF:4
LH:3
BRDA:37,0,0,0
BRDA:37,0,1,24
BRF:2
BRH:1
end_of_record
TN:
SF:models/Habit.js
FN:12,(anonymous_0)
FN:148,(anonymous_1)
FN:152,(anonymous_2)
FN:157,(anonymous_3)
FN:166,(anonymous_4)
FN:201,(anonymous_5)
FN:223,(anonymous_6)
FN:229,(anonymous_7)
FN:235,(anonymous_8)
FN:241,(anonymous_9)
FN:252,(anonymous_10)
FN:260,(anonymous_11)
FN:262,(anonymous_12)
FN:278,(anonymous_13)
FN:280,(anonymous_14)
FN:297,(anonymous_15)
FN:320,(anonymous_16)
FN:337,(anonymous_17)
FN:345,(anonymous_18)
FNF:19
FNH:17
FNDA:37,(anonymous_0)
FNDA:3,(anonymous_1)
FNDA:2,(anonymous_2)
FNDA:2,(anonymous_3)
FNDA:2,(anonymous_4)
FNDA:3,(anonymous_5)
FNDA:2,(anonymous_6)
FNDA:1,(anonymous_7)
FNDA:2,(anonymous_8)
FNDA:1,(anonymous_9)
FNDA:1,(anonymous_10)
FNDA:1,(anonymous_11)
FNDA:0,(anonymous_12)
FNDA:1,(anonymous_13)
FNDA:0,(anonymous_14)
FNDA:24,(anonymous_15)
FNDA:2,(anonymous_16)
FNDA:3,(anonymous_17)
FNDA:1,(anonymous_18)
DA:7,26
DA:12,37
DA:139,26
DA:140,26
DA:141,26
DA:142,26
DA:143,26
DA:144,26
DA:145,26
DA:148,26
DA:149,3
DA:152,26
DA:153,2
DA:154,1
DA:157,26
DA:158,2
DA:159,1
DA:160,1
DA:161,1
DA:162,1
DA:166,26
DA:167,2
DA:168,2
DA:170,2
DA:171,2
DA:176,2
DA:178,1
DA:179,1
DA:180,1
DA:181,1
DA:184,1
DA:185,1
DA:186,1
DA:187,1
DA:188,1
DA:189,1
DA:192,1
DA:193,1
DA:194,1
DA:195,1
DA:198,2
DA:201,26
DA:202,3
DA:203,2
DA:206,1
DA:207,1
DA:208,1
DA:211,1
DA:215,0
DA:219,1
DA:223,26
DA:224,2
DA:226,2
DA:229,26
DA:230,1
DA:232,1
DA:235,26
DA:236,2
DA:237,2
DA:241,26
DA:242,1
DA:243,1
DA:244,1
DA:245,1
DA:246,1
DA:252,26
DA:253,1
DA:254,1
DA:260,26
DA:261,1
DA:262,0
DA:265,1
DA:266,0
DA:267,0
DA:269,1
DA:278,26
DA:279,1
DA:280,0
DA:283,1
DA:284,0
DA:285,0
DA:287,1
DA:297,26
DA:298,24
DA:299,0
DA:303,24
DA:304,3
DA:308,24
DA:309,24
DA:310,24
DA:311,24
DA:314,24
DA:316,24
DA:320,26
DA:321,2
DA:337,26
DA:338,3
DA:345,26
DA:346,1
DA:354,26
LF:100
LH:92
BRDA:149,0,0,3
BRDA:149,0,1,2
BRDA:153,1,0,1
BRDA:153,1,1,1
BRDA:158,2,0,1
BRDA:158,2,1,1
BRDA:170,3,0,1
BRDA:170,3,1,1
BRDA:171,4,0,2
BRDA:171,4,1,1
BRDA:171,4,2,1
BRDA:171,4,3,1
BRDA:176,5,0,1
BRDA:176,5,1,1
BRDA:202,6,0,2
BRDA:202,6,1,1
BRDA:202,7,0,3
BRDA:202,7,1,2
BRDA:202,7,2,1
BRDA:208,8,0,0
BRDA:208,8,1,1
BRDA:211,9,0,0
BRDA:211,9,1,1
BRDA:211,10,0,1
BRDA:211,10,1,0
BRDA:211,10,2,0
BRDA:211,10,3,0
BRDA:219,11,0,1
BRDA:219,11,1,1
BRDA:262,12,0,0
BRDA:262,12,1,0
BRDA:265,13,0,0
BRDA:265,13,1,1
BRDA:280,14,0,0
BRDA:280,14,1,0
BRDA:283,15,0,0
BRDA:283,15,1,1
BRDA:298,16,0,0
BRDA:298,16,1,24
BRDA:303,17,0,3
BRDA:303,17,1,21
BRDA:314,18,0,24
BRDA:314,18,1,21
BRDA:354,19,0,26
BRDA:354,19,1,26
BRF:45
BRH:33
end_of_record
TN:
SF:models/IntenseChatCheckIn.js
FNF:0
FNH:0
DA:7,25
DA:52,25
DA:53,25
DA:55,25
DA:56,0
DA:59,25
LF:6
LH:5
BRDA:55,0,0,0
BRDA:55,0,1,25
BRF:2
BRH:1
end_of_record
TN:
SF:models/Journal.js
FN:57,(anonymous_0)
FN:95,(anonymous_1)
FN:152,(anonymous_2)
FN:166,(anonymous_3)
FN:172,(anonymous_4)
FNF:5
FNH:0
FNDA:0,(anonymous_0)
FNDA:0,(anonymous_1)
FNDA:0,(anonymous_2)
FNDA:0,(anonymous_3)
FNDA:0,(anonymous_4)
DA:6,24
DA:52,24
DA:53,24
DA:54,24
DA:57,24
DA:67,0
DA:69,0
DA:74,0
DA:75,0
DA:76,0
DA:77,0
DA:80,0
DA:81,0
DA:84,0
DA:85,0
DA:87,0
DA:95,24
DA:96,0
DA:142,0
DA:143,0
DA:151,0
DA:152,0
DA:153,0
DA:154,0
DA:157,0
DA:166,24
DA:167,0
DA:168,0
DA:172,24
DA:173,0
DA:174,0
DA:177,24
LF:32
LH:9
BRDA:57,0,0,0
BRDA:61,1,0,0
BRDA:63,2,0,0
BRDA:64,3,0,0
BRDA:65,4,0,0
BRDA:66,5,0,0
BRDA:74,6,0,0
BRDA:74,6,1,0
BRDA:74,7,0,0
BRDA:74,7,1,0
BRDA:76,8,0,0
BRDA:76,8,1,0
BRDA:77,9,0,0
BRDA:77,9,1,0
BRDA:80,10,0,0
BRDA:80,10,1,0
BRDA:85,11,0,0
BRDA:85,11,1,0
BRDA:142,12,0,0
BRDA:142,12,1,0
BRDA:142,13,0,0
BRDA:142,13,1,0
BRDA:153,14,0,0
BRDA:153,14,1,0
BRDA:158,15,0,0
BRDA:158,15,1,0
BRDA:159,16,0,0
BRDA:159,16,1,0
BRDA:160,17,0,0
BRDA:160,17,1,0
BRDA:177,18,0,24
BRDA:177,18,1,24
BRF:32
BRH:2
end_of_record
TN:
SF:models/Message.js
FN:60,(anonymous_0)
FNF:1
FNH:1
FNDA:5,(anonymous_0)
DA:12,37
DA:60,37
DA:61,5
DA:62,0
DA:64,5
DA:68,37
DA:69,37
DA:70,37
DA:71,37
DA:72,37
DA:78,37
DA:85,37
DA:91,37
LF:13
LH:12
BRDA:61,0,0,0
BRDA:61,0,1,5
BRDA:61,1,0,5
BRDA:61,1,1,0
BRF:4
BRH:2
end_of_record
TN:
SF:models/NotificationEngagement.js
FN:78,(anonymous_0)
FN:118,(anonymous_1)
FNF:2
FNH:2
FNDA:1,(anonymous_0)
FNDA:2,(anonymous_1)
DA:9,31
DA:73,31
DA:74,31
DA:75,31
DA:78,31
DA:79,1
DA:80,1
DA:82,1
DA:115,1
DA:118,31
DA:119,2
DA:120,2
DA:122,2
DA:155,2
DA:167,31
LF:15
LH:15
BRDA:78,0,0,0
BRDA:118,1,0,0
BRDA:155,2,0,2
BRDA:155,2,1,1
BRDA:167,3,0,31
BRDA:167,3,1,31
BRF:6
BRH:4
end_of_record
TN:
SF:models/OpenAITokenUsageDay.js
FN:29,incrementForDay
FNF:1
FNH:0
FNDA:0,incrementForDay
DA:7,25
DA:29,25
DA:30,0
DA:31,0
DA:32,0
DA:33,0
LF:6
LH:2
BRDA:30,0,0,0
BRDA:30,0,1,0
BRDA:31,1,0,0
BRDA:31,1,1,0
BRDA:32,2,0,0
BRDA:32,2,1,0
BRF:6
BRH:0
end_of_record
TN:
SF:models/ResponseFeedback.js
FN:70,(anonymous_0)
FN:97,(anonymous_1)
FNF:2
FNH:2
FNDA:2,(anonymous_0)
FNDA:2,(anonymous_1)
DA:8,25
DA:64,25
DA:65,25
DA:66,25
DA:67,25
DA:70,25
DA:71,2
DA:72,2
DA:74,2
DA:90,2
DA:95,2
DA:98,2
DA:102,2
DA:107,25
LF:14
LH:14
BRDA:70,0,0,0
BRDA:107,1,0,25
BRDA:107,1,1,25
BRF:3
BRH:2
end_of_record
TN:
SF:models/Subscription.js
FN:122,(anonymous_0)
FN:131,(anonymous_1)
FN:140,(anonymous_2)
FN:150,(anonymous_3)
FN:163,(anonymous_4)
FN:171,(anonymous_5)
FN:180,(anonymous_6)
FNF:7
FNH:7
FNDA:4,(anonymous_0)
FNDA:4,(anonymous_1)
FNDA:2,(anonymous_2)
FNDA:2,(anonymous_3)
FNDA:1,(anonymous_4)
FNDA:3,(anonymous_5)
FNDA:2,(anonymous_6)
DA:13,36
DA:114,36
DA:115,36
DA:117,36
DA:118,36
DA:119,36
DA:122,36
DA:123,4
DA:124,1
DA:126,3
DA:127,3
DA:131,36
DA:132,4
DA:133,1
DA:135,3
DA:136,3
DA:140,36
DA:141,2
DA:142,1
DA:144,1
DA:145,1
DA:146,1
DA:150,36
DA:151,2
DA:152,2
DA:154,2
DA:155,1
DA:156,1
DA:159,2
DA:163,36
DA:164,1
DA:165,1
DA:166,1
DA:167,1
DA:171,36
DA:172,3
DA:180,36
DA:181,2
DA:182,2
DA:184,2
DA:191,36
LF:41
LH:41
BRDA:123,0,0,1
BRDA:123,0,1,3
BRDA:123,1,0,4
BRDA:123,1,1,2
BRDA:132,2,0,1
BRDA:132,2,1,3
BRDA:132,3,0,4
BRDA:132,3,1,3
BRDA:136,4,0,3
BRDA:136,4,1,3
BRDA:136,4,2,2
BRDA:141,5,0,1
BRDA:141,5,1,1
BRDA:150,6,0,1
BRDA:154,7,0,1
BRDA:154,7,1,1
BRDA:180,8,0,0
BRF:17
BRH:16
end_of_record
TN:
SF:models/Task.js
FN:12,(anonymous_0)
FN:35,(anonymous_1)
FN:109,(anonymous_2)
FN:181,(anonymous_3)
FN:208,(anonymous_4)
FN:213,(anonymous_5)
FN:221,(anonymous_6)
FN:225,(anonymous_7)
FN:230,(anonymous_8)
FN:251,(anonymous_9)
FN:263,(anonymous_10)
FN:272,(anonymous_11)
FN:277,(anonymous_12)
FN:285,(anonymous_13)
FN:295,(anonymous_14)
FN:325,(anonymous_15)
FN:334,(anonymous_16)
FN:393,(anonymous_17)
FN:394,(anonymous_18)
FN:403,(anonymous_19)
FN:404,(anonymous_20)
FN:409,(anonymous_21)
FN:432,(anonymous_22)
FN:448,(anonymous_23)
FNF:24
FNH:22
FNDA:66,(anonymous_0)
FNDA:53,(anonymous_1)
FNDA:1,(anonymous_2)
FNDA:1,(anonymous_3)
FNDA:7,(anonymous_4)
FNDA:6,(anonymous_5)
FNDA:11,(anonymous_6)
FNDA:12,(anonymous_7)
FNDA:41,(anonymous_8)
FNDA:2,(anonymous_9)
FNDA:2,(anonymous_10)
FNDA:1,(anonymous_11)
FNDA:1,(anonymous_12)
FNDA:2,(anonymous_13)
FNDA:5,(anonymous_14)
FNDA:3,(anonymous_15)
FNDA:3,(anonymous_16)
FNDA:3,(anonymous_17)
FNDA:3,(anonymous_18)
FNDA:3,(anonymous_19)
FNDA:3,(anonymous_20)
FNDA:0,(anonymous_21)
FNDA:0,(anonymous_22)
FNDA:1,(anonymous_23)
DA:7,26
DA:12,66
DA:36,53
DA:110,1
DA:111,1
DA:113,0
DA:182,1
DA:199,26
DA:200,26
DA:201,26
DA:202,26
DA:203,26
DA:204,26
DA:205,26
DA:208,26
DA:209,7
DA:210,4
DA:213,26
DA:214,6
DA:215,5
DA:216,5
DA:217,5
DA:218,5
DA:221,26
DA:222,11
DA:223,5
DA:225,12
DA:226,6
DA:230,26
DA:231,41
DA:232,0
DA:236,41
DA:237,8
DA:238,33
DA:239,33
DA:243,41
DA:244,4
DA:247,41
DA:251,26
DA:252,2
DA:253,1
DA:256,1
DA:257,1
DA:258,1
DA:260,1
DA:263,26
DA:264,2
DA:265,1
DA:268,1
DA:269,1
DA:272,26
DA:273,1
DA:274,1
DA:277,26
DA:278,1
DA:282,1
DA:285,26
DA:286,2
DA:287,1
DA:288,1
DA:289,1
DA:291,1
DA:295,26
DA:296,5
DA:302,5
DA:303,1
DA:306,5
DA:307,2
DA:310,5
DA:311,1
DA:314,5
DA:315,5
DA:316,5
DA:318,5
DA:325,26
DA:326,3
DA:334,26
DA:335,3
DA:393,3
DA:394,3
DA:395,3
DA:397,3
DA:403,3
DA:404,3
DA:409,26
DA:410,0
DA:411,0
DA:413,0
DA:414,0
DA:416,0
DA:425,0
DA:426,0
DA:429,0
DA:432,26
DA:433,0
DA:434,0
DA:436,0
DA:448,26
DA:449,1
DA:451,1
DA:454,26
LF:101
LH:88
BRDA:36,0,0,53
BRDA:36,0,1,53
BRDA:110,1,0,1
BRDA:110,1,1,0
BRDA:110,2,0,1
BRDA:110,2,1,1
BRDA:110,2,2,1
BRDA:182,3,0,1
BRDA:182,3,1,1
BRDA:209,4,0,3
BRDA:209,4,1,4
BRDA:209,5,0,7
BRDA:209,5,1,6
BRDA:209,5,2,5
BRDA:214,6,0,1
BRDA:214,6,1,5
BRDA:222,7,0,5
BRDA:222,7,1,6
BRDA:223,8,0,1
BRDA:223,8,1,4
BRDA:231,9,0,0
BRDA:231,9,1,41
BRDA:236,10,0,8
BRDA:236,10,1,33
BRDA:236,11,0,41
BRDA:236,11,1,32
BRDA:238,12,0,33
BRDA:238,12,1,0
BRDA:243,13,0,4
BRDA:243,13,1,37
BRDA:252,14,0,1
BRDA:252,14,1,1
BRDA:264,15,0,1
BRDA:264,15,1,1
BRDA:286,16,0,1
BRDA:286,16,1,1
BRDA:286,17,0,2
BRDA:286,17,1,2
BRDA:295,18,0,1
BRDA:295,19,0,2
BRDA:302,20,0,1
BRDA:302,20,1,4
BRDA:306,21,0,2
BRDA:306,21,1,3
BRDA:310,22,0,1
BRDA:310,22,1,4
BRDA:314,23,0,5
BRDA:314,23,1,5
BRDA:315,24,0,5
BRDA:315,24,1,5
BRDA:316,25,0,5
BRDA:316,25,1,5
BRDA:395,26,0,2
BRDA:395,26,1,1
BRDA:409,27,0,0
BRDA:425,28,0,0
BRDA:425,28,1,0
BRDA:432,29,0,0
BRDA:454,30,0,26
BRDA:454,30,1,26
BRF:60
BRH:53
end_of_record
TN:
SF:models/TherapeuticRecord.js
FN:30,(anonymous_0)
FN:72,(anonymous_1)
FN:120,(anonymous_2)
FN:131,(anonymous_3)
FNF:4
FNH:2
FNDA:0,(anonymous_0)
FNDA:10,(anonymous_1)
FNDA:1,(anonymous_2)
FNDA:0,(anonymous_3)
DA:7,26
DA:21,26
DA:30,0
DA:41,26
DA:54,26
DA:72,10
DA:120,26
DA:121,1
DA:122,0
DA:127,1
DA:131,26
DA:132,0
DA:135,0
DA:136,0
DA:137,0
DA:144,0
DA:147,26
LF:17
LH:10
BRDA:121,0,0,0
BRDA:121,0,1,1
BRDA:135,1,0,0
BRDA:135,1,1,0
BRDA:135,2,0,0
BRDA:135,2,1,0
BRDA:136,3,0,0
BRDA:136,3,1,0
BRDA:147,4,0,26
BRDA:147,4,1,26
BRF:10
BRH:3
end_of_record
TN:
SF:models/TherapeuticTechniqueUsage.js
FN:118,(anonymous_0)
FN:197,(anonymous_1)
FN:246,(anonymous_2)
FN:293,(anonymous_3)
FN:335,(anonymous_4)
FNF:5
FNH:3
FNDA:5,(anonymous_0)
FNDA:4,(anonymous_1)
FNDA:2,(anonymous_2)
FNDA:0,(anonymous_3)
FNDA:0,(anonymous_4)
DA:10,28
DA:111,28
DA:112,28
DA:113,28
DA:114,28
DA:115,28
DA:118,28
DA:119,5
DA:121,5
DA:123,5
DA:124,0
DA:125,0
DA:126,0
DA:129,5
DA:183,5
DA:197,28
DA:198,4
DA:246,28
DA:247,2
DA:293,28
DA:294,0
DA:335,28
DA:338,0
DA:340,0
DA:345,0
DA:347,0
DA:351,0
DA:353,0
DA:357,0
DA:359,0
DA:366,0
DA:391,28
LF:32
LH:19
BRDA:118,0,0,3
BRDA:123,1,0,0
BRDA:123,1,1,5
BRDA:123,2,0,5
BRDA:123,2,1,5
BRDA:125,3,0,0
BRDA:125,3,1,0
BRDA:126,4,0,0
BRDA:126,4,1,0
BRDA:183,5,0,5
BRDA:183,5,1,3
BRDA:197,6,0,2
BRDA:335,7,0,0
BRDA:338,8,0,0
BRDA:338,8,1,0
BRDA:338,8,2,0
BRDA:338,8,3,0
BRF:17
BRH:7
end_of_record
TN:
SF:models/Transaction.js
FN:128,(anonymous_0)
FN:144,(anonymous_1)
FNF:2
FNH:2
FNDA:4,(anonymous_0)
FNDA:4,(anonymous_1)
DA:13,34
DA:118,34
DA:119,34
DA:120,34
DA:121,34
DA:123,34
DA:124,34
DA:125,34
DA:128,34
DA:129,4
DA:131,4
DA:132,4
DA:133,4
DA:135,4
DA:144,34
DA:145,4
DA:147,4
DA:148,1
DA:149,1
DA:150,1
DA:153,4
DA:190,4
DA:200,34
LF:23
LH:23
BRDA:128,0,0,1
BRDA:129,1,0,3
BRDA:129,2,0,3
BRDA:132,3,0,1
BRDA:132,3,1,3
BRDA:133,4,0,1
BRDA:133,4,1,3
BRDA:147,5,0,1
BRDA:147,5,1,3
BRDA:147,6,0,4
BRDA:147,6,1,3
BRDA:149,7,0,1
BRDA:149,7,1,0
BRDA:150,8,0,1
BRDA:150,8,1,0
BRDA:190,9,0,4
BRDA:190,9,1,3
BRF:17
BRH:15
end_of_record
TN:
SF:models/User.js
FN:12,(anonymous_0)
FN:258,(anonymous_1)
FN:316,(anonymous_2)
FN:320,(anonymous_3)
FN:328,(anonymous_4)
FN:336,(anonymous_5)
FN:341,(anonymous_6)
FN:347,(anonymous_7)
FN:352,(anonymous_8)
FN:358,(anonymous_9)
FN:371,(anonymous_10)
FN:383,(anonymous_11)
FN:387,(anonymous_12)
FNF:13
FNH:11
FNDA:171,(anonymous_0)
FNDA:170,(anonymous_1)
FNDA:5,(anonymous_2)
FNDA:5,(anonymous_3)
FNDA:5,(anonymous_4)
FNDA:10,(anonymous_5)
FNDA:1,(anonymous_6)
FNDA:1,(anonymous_7)
FNDA:2,(anonymous_8)
FNDA:167,(anonymous_9)
FNDA:5,(anonymous_10)
FNDA:0,(anonymous_11)
FNDA:0,(anonymous_12)
DA:7,43
DA:12,171
DA:259,170
DA:308,43
DA:309,43
DA:311,43
DA:312,43
DA:313,43
DA:316,43
DA:317,5
DA:320,43
DA:321,5
DA:322,1
DA:324,4
DA:325,4
DA:328,43
DA:329,5
DA:330,0
DA:332,5
DA:336,43
DA:337,10
DA:338,10
DA:341,43
DA:342,1
DA:343,1
DA:344,1
DA:347,43
DA:348,1
DA:349,1
DA:352,43
DA:353,2
DA:354,2
DA:358,43
DA:359,167
DA:360,0
DA:363,167
DA:364,162
DA:367,167
DA:371,43
DA:372,5
DA:373,5
DA:374,5
DA:375,5
DA:376,5
DA:377,5
DA:378,5
DA:379,5
DA:383,43
DA:384,0
DA:387,43
DA:388,0
DA:391,43
LF:52
LH:48
BRDA:321,0,0,1
BRDA:321,0,1,4
BRDA:321,1,0,5
BRDA:321,1,1,4
BRDA:325,2,0,4
BRDA:325,2,1,4
BRDA:329,3,0,0
BRDA:329,3,1,5
BRDA:329,4,0,5
BRDA:329,4,1,0
BRDA:359,5,0,0
BRDA:359,5,1,167
BRDA:363,6,0,162
BRDA:363,6,1,5
BRF:14
BRH:11
end_of_record
TN:
SF:models/UserGoals.js
FNF:0
FNH:0
DA:6,27
DA:43,27
LF:2
LH:2
BRDA:43,0,0,27
BRDA:43,0,1,27
BRF:2
BRH:2
end_of_record
TN:
SF:models/UserInsight.js
FNF:0
FNH:0
DA:6,27
DA:55,27
DA:57,27
LF:3
LH:3
BRDA:57,0,0,27
BRDA:57,0,1,27
BRF:2
BRH:2
end_of_record
TN:
SF:models/UserProfile.js
FN:19,(anonymous_0)
FN:58,(anonymous_1)
FN:59,(anonymous_2)
FN:60,(anonymous_3)
FN:61,(anonymous_4)
FN:67,(anonymous_5)
FN:245,(anonymous_6)
FNF:7
FNH:6
FNDA:0,(anonymous_0)
FNDA:18,(anonymous_1)
FNDA:18,(anonymous_2)
FNDA:18,(anonymous_3)
FNDA:18,(anonymous_4)
FNDA:18,(anonymous_5)
FNDA:8,(anonymous_6)
DA:7,31
DA:14,31
DA:19,0
DA:23,31
DA:28,31
DA:58,18
DA:59,18
DA:60,18
DA:61,18
DA:67,18
DA:242,31
DA:245,31
DA:246,8
DA:247,0
DA:249,8
DA:250,0
DA:257,8
DA:258,0
DA:277,8
DA:280,31
LF:20
LH:16
BRDA:246,0,0,0
BRDA:246,0,1,8
BRDA:249,1,0,0
BRDA:249,1,1,8
BRDA:257,2,0,0
BRDA:257,2,1,8
BRDA:280,3,0,31
BRDA:280,3,1,31
BRF:8
BRH:5
end_of_record
TN:
SF:models/UserProgress.js
FN:154,(anonymous_0)
FN:161,(anonymous_1)
FN:168,(anonymous_2)
FN:176,(anonymous_3)
FN:184,(anonymous_4)
FN:188,(anonymous_5)
FN:195,(anonymous_6)
FN:201,(anonymous_7)
FN:205,(anonymous_8)
FN:210,(anonymous_9)
FN:211,(anonymous_10)
FN:224,(anonymous_11)
FN:228,(anonymous_12)
FN:233,(anonymous_13)
FN:237,(anonymous_14)
FN:245,(anonymous_15)
FN:255,(anonymous_16)
FN:266,(anonymous_17)
FN:274,(anonymous_18)
FN:278,(anonymous_19)
FN:285,(anonymous_20)
FN:289,(anonymous_21)
FN:295,(anonymous_22)
FN:298,(anonymous_23)
FNF:24
FNH:23
FNDA:1,(anonymous_0)
FNDA:3,(anonymous_1)
FNDA:4,(anonymous_2)
FNDA:4,(anonymous_3)
FNDA:4,(anonymous_4)
FNDA:1,(anonymous_5)
FNDA:4,(anonymous_6)
FNDA:4,(anonymous_7)
FNDA:1,(anonymous_8)
FNDA:4,(anonymous_9)
FNDA:2,(anonymous_10)
FNDA:2,(anonymous_11)
FNDA:1,(anonymous_12)
FNDA:2,(anonymous_13)
FNDA:3,(anonymous_14)
FNDA:1,(anonymous_15)
FNDA:5,(anonymous_16)
FNDA:5,(anonymous_17)
FNDA:4,(anonymous_18)
FNDA:0,(anonymous_19)
FNDA:3,(anonymous_20)
FNDA:3,(anonymous_21)
FNDA:3,(anonymous_22)
FNDA:1,(anonymous_23)
DA:7,27
DA:70,27
DA:149,27
DA:150,27
DA:151,27
DA:154,27
DA:155,1
DA:156,1
DA:157,1
DA:161,27
DA:162,3
DA:165,3
DA:168,3
DA:169,4
DA:170,3
DA:173,3
DA:174,3
DA:176,3
DA:177,4
DA:178,4
DA:179,4
DA:182,3
DA:184,4
DA:188,1
DA:194,3
DA:195,3
DA:196,4
DA:197,4
DA:200,3
DA:201,4
DA:205,1
DA:209,3
DA:210,3
DA:211,4
DA:212,2
DA:213,2
DA:218,2
DA:219,2
DA:223,3
DA:224,2
DA:228,1
DA:233,27
DA:234,2
DA:235,2
DA:237,2
DA:238,3
DA:241,2
DA:246,1
DA:255,27
DA:256,5
DA:257,1
DA:263,4
DA:264,4
DA:266,4
DA:267,5
DA:268,5
DA:269,5
DA:272,4
DA:274,4
DA:278,0
DA:285,27
DA:286,3
DA:288,3
DA:290,3
DA:291,3
DA:293,0
DA:295,3
DA:297,3
DA:299,1
DA:300,1
DA:301,1
DA:306,27
LF:72
LH:70
BRDA:162,0,0,0
BRDA:162,0,1,3
BRDA:169,1,0,4
BRDA:169,1,1,0
BRDA:178,2,0,4
BRDA:178,2,1,4
BRDA:197,3,0,4
BRDA:197,3,1,4
BRDA:212,4,0,2
BRDA:212,4,1,0
BRDA:218,5,0,2
BRDA:218,5,1,0
BRDA:233,6,0,0
BRDA:256,7,0,1
BRDA:256,7,1,4
BRDA:256,8,0,5
BRDA:256,8,1,5
BRDA:267,9,0,5
BRDA:267,9,1,1
BRDA:268,10,0,5
BRDA:268,10,1,4
BRDA:269,11,0,5
BRDA:269,11,1,1
BRDA:286,12,0,0
BRDA:286,12,1,3
BRDA:286,13,0,3
BRDA:286,13,1,3
BRDA:290,14,0,3
BRDA:290,14,1,0
BRDA:290,15,0,3
BRDA:290,15,1,3
BRDA:299,16,0,1
BRDA:299,16,1,0
BRDA:300,17,0,1
BRDA:300,17,1,0
BRDA:306,18,0,27
BRDA:306,18,1,27
BRF:37
BRH:28
end_of_record
TN:
SF:models/index.js
FN:49,(anonymous_0)
FNF:1
FNH:1
FNDA:504,(anonymous_0)
DA:24,24
DA:49,24
DA:50,504
DA:51,0
LF:4
LH:3
BRDA:50,0,0,0
BRDA:50,0,1,504
BRF:2
BRH:1
end_of_record
TN:
SF:routes/authRoutes.js
FN:194,(anonymous_0)
FN:211,(anonymous_1)
FN:218,(anonymous_2)
FN:222,(anonymous_3)
FN:230,(anonymous_4)
FN:240,(anonymous_5)
FN:247,(anonymous_6)
FN:342,(anonymous_7)
FN:360,(anonymous_8)
FN:366,(anonymous_9)
FN:399,(anonymous_10)
FN:404,(anonymous_11)
FN:425,(anonymous_12)
FN:431,(anonymous_13)
FN:474,(anonymous_14)
FN:481,(anonymous_15)
FN:544,(anonymous_16)
FN:578,(anonymous_17)
FN:584,(anonymous_18)
FN:631,(anonymous_19)
FN:637,(anonymous_20)
FN:667,(anonymous_21)
FN:673,(anonymous_22)
FN:709,(anonymous_23)
FNF:24
FNH:10
FNDA:4,(anonymous_0)
FNDA:4,(anonymous_1)
FNDA:4,(anonymous_2)
FNDA:0,(anonymous_3)
FNDA:0,(anonymous_4)
FNDA:9,(anonymous_5)
FNDA:4,(anonymous_6)
FNDA:0,(anonymous_7)
FNDA:0,(anonymous_8)
FNDA:0,(anonymous_9)
FNDA:0,(anonymous_10)
FNDA:0,(anonymous_11)
FNDA:0,(anonymous_12)
FNDA:0,(anonymous_13)
FNDA:10,(anonymous_14)
FNDA:3,(anonymous_15)
FNDA:1,(anonymous_16)
FNDA:0,(anonymous_17)
FNDA:0,(anonymous_18)
FNDA:0,(anonymous_19)
FNDA:0,(anonymous_20)
FNDA:2,(anonymous_21)
FNDA:2,(anonymous_22)
FNDA:0,(anonymous_23)
DA:14,24
DA:17,24
DA:26,24
DA:34,24
DA:43,24
DA:106,24
DA:123,24
DA:135,24
DA:152,24
DA:169,24
DA:194,24
DA:196,4
DA:198,4
DA:203,4
DA:208,4
DA:211,24
DA:212,4
DA:213,4
DA:214,4
DA:218,24
DA:219,4
DA:222,24
DA:223,0
DA:230,24
DA:231,0
DA:240,24
DA:241,9
DA:243,9
DA:244,9
DA:245,4
DA:247,4
DA:251,5
DA:254,5
DA:261,5
DA:262,1
DA:268,4
DA:271,4
DA:272,4
DA:275,4
DA:308,4
DA:309,4
DA:312,4
DA:313,4
DA:314,4
DA:316,0
DA:323,4
DA:336,0
DA:339,0
DA:340,0
DA:342,0
DA:346,0
DA:347,0
DA:352,0
DA:360,24
DA:361,0
DA:362,0
DA:363,0
DA:364,0
DA:366,0
DA:370,0
DA:373,0
DA:374,0
DA:375,0
DA:379,0
DA:380,0
DA:384,0
DA:388,0
DA:392,0
DA:393,0
DA:394,0
DA:395,0
DA:398,0
DA:400,0
DA:401,0
DA:405,0
DA:409,0
DA:411,0
DA:419,0
DA:420,0
DA:425,24
DA:426,0
DA:427,0
DA:428,0
DA:429,0
DA:431,0
DA:435,0
DA:438,0
DA:439,0
DA:440,0
DA:444,0
DA:445,0
DA:449,0
DA:450,0
DA:452,0
DA:453,0
DA:454,0
DA:457,0
DA:458,0
DA:459,0
DA:464,0
DA:465,0
DA:468,0
DA:469,0
DA:474,24
DA:475,10
DA:477,10
DA:478,10
DA:479,3
DA:481,3
DA:485,7
DA:488,7
DA:490,7
DA:491,3
DA:497,4
DA:498,0
DA:504,4
DA:505,0
DA:513,4
DA:516,4
DA:517,4
DA:518,4
DA:519,4
DA:522,4
DA:524,4
DA:536,0
DA:537,0
DA:544,24
DA:545,1
DA:546,1
DA:548,1
DA:549,1
DA:552,0
DA:554,0
DA:555,0
DA:558,0
DA:559,0
DA:560,0
DA:564,0
DA:566,0
DA:572,0
DA:573,0
DA:578,24
DA:579,0
DA:580,0
DA:581,0
DA:582,0
DA:584,0
DA:588,0
DA:591,0
DA:592,0
DA:593,0
DA:599,0
DA:600,0
DA:606,0
DA:607,0
DA:610,0
DA:611,0
DA:612,0
DA:615,0
DA:617,0
DA:623,0
DA:624,0
DA:631,24
DA:632,0
DA:633,0
DA:634,0
DA:635,0
DA:637,0
DA:641,0
DA:644,0
DA:647,0
DA:648,0
DA:652,0
DA:653,0
DA:656,0
DA:661,0
DA:662,0
DA:667,24
DA:668,2
DA:669,2
DA:670,2
DA:671,2
DA:673,2
DA:677,0
DA:680,0
DA:681,0
DA:682,0
DA:686,0
DA:687,0
DA:691,0
DA:694,0
DA:695,0
DA:696,0
DA:697,0
DA:698,0
DA:699,0
DA:701,0
DA:703,0
DA:704,0
DA:709,24
DA:710,0
DA:711,0
DA:713,0
DA:714,0
LF:204
LH:78
BRDA:194,0,0,0
BRDA:196,1,0,4
BRDA:196,1,1,0
BRDA:205,2,0,4
BRDA:205,2,1,4
BRDA:223,3,0,0
BRDA:223,3,1,0
BRDA:223,3,2,0
BRDA:223,3,3,0
BRDA:244,4,0,4
BRDA:244,4,1,5
BRDA:261,5,0,1
BRDA:261,5,1,4
BRDA:300,6,0,4
BRDA:300,6,1,0
BRDA:301,7,0,0
BRDA:301,7,1,4
BRDA:302,8,0,4
BRDA:302,8,1,0
BRDA:303,9,0,0
BRDA:303,9,1,4
BRDA:304,10,0,4
BRDA:304,10,1,4
BRDA:305,11,0,2
BRDA:305,11,1,2
BRDA:305,12,0,4
BRDA:305,12,1,2
BRDA:339,13,0,0
BRDA:339,13,1,0
BRDA:346,14,0,0
BRDA:346,14,1,0
BRDA:354,15,0,0
BRDA:354,15,1,0
BRDA:363,16,0,0
BRDA:363,16,1,0
BRDA:374,17,0,0
BRDA:374,17,1,0
BRDA:379,18,0,0
BRDA:379,18,1,0
BRDA:384,19,0,0
BRDA:384,19,1,0
BRDA:384,20,0,0
BRDA:384,20,1,0
BRDA:384,20,2,0
BRDA:384,20,3,0
BRDA:400,21,0,0
BRDA:400,21,1,0
BRDA:409,22,0,0
BRDA:409,22,1,0
BRDA:428,23,0,0
BRDA:428,23,1,0
BRDA:439,24,0,0
BRDA:439,24,1,0
BRDA:444,25,0,0
BRDA:444,25,1,0
BRDA:478,26,0,3
BRDA:478,26,1,7
BRDA:490,27,0,3
BRDA:490,27,1,4
BRDA:490,28,0,7
BRDA:490,28,1,5
BRDA:497,29,0,0
BRDA:497,29,1,4
BRDA:504,30,0,0
BRDA:504,30,1,4
BRDA:513,31,0,4
BRDA:513,31,1,0
BRDA:528,32,0,4
BRDA:528,32,1,0
BRDA:548,33,0,1
BRDA:548,33,1,0
BRDA:552,34,0,0
BRDA:552,34,1,0
BRDA:554,35,0,0
BRDA:554,35,1,0
BRDA:559,36,0,0
BRDA:559,36,1,0
BRDA:559,37,0,0
BRDA:559,37,1,0
BRDA:564,38,0,0
BRDA:564,38,1,0
BRDA:581,39,0,0
BRDA:581,39,1,0
BRDA:592,40,0,0
BRDA:592,40,1,0
BRDA:599,41,0,0
BRDA:599,41,1,0
BRDA:599,42,0,0
BRDA:599,42,1,0
BRDA:634,43,0,0
BRDA:634,43,1,0
BRDA:647,44,0,0
BRDA:647,44,1,0
BRDA:652,45,0,0
BRDA:652,45,1,0
BRDA:670,46,0,2
BRDA:670,46,1,0
BRDA:681,47,0,0
BRDA:681,47,1,0
BRDA:686,48,0,0
BRDA:686,48,1,0
BRF:101
BRH:29
end_of_record
TN:
SF:routes/chatRoutes.js
FN:71,(anonymous_0)
FN:159,(anonymous_1)
FN:175,(anonymous_2)
FN:183,(anonymous_3)
FN:212,(anonymous_4)
FN:250,(anonymous_5)
FN:274,(anonymous_6)
FN:297,(anonymous_7)
FN:314,(anonymous_8)
FN:378,(anonymous_9)
FN:379,(anonymous_10)
FN:400,(anonymous_11)
FN:424,(anonymous_12)
FN:428,(anonymous_13)
FN:440,(anonymous_14)
FN:441,(anonymous_15)
FN:447,(anonymous_16)
FN:448,(anonymous_17)
FN:465,(anonymous_18)
FN:471,(anonymous_19)
FN:472,(anonymous_20)
FN:558,(anonymous_21)
FN:720,(anonymous_22)
FN:849,(anonymous_23)
FN:860,(anonymous_24)
FN:863,(anonymous_25)
FN:864,(anonymous_26)
FN:865,(anonymous_27)
FN:866,(anonymous_28)
FN:871,(anonymous_29)
FN:872,(anonymous_30)
FN:988,(anonymous_31)
FN:999,(anonymous_32)
FN:1004,(anonymous_33)
FN:1012,(anonymous_34)
FN:1016,(anonymous_35)
FN:1021,(anonymous_36)
FN:1027,(anonymous_37)
FN:1028,(anonymous_38)
FN:1052,(anonymous_39)
FN:1056,(anonymous_40)
FN:1057,(anonymous_41)
FN:1088,(anonymous_42)
FN:1097,(anonymous_43)
FN:1099,(anonymous_44)
FN:1112,(anonymous_45)
FN:1128,(anonymous_46)
FN:1136,(anonymous_47)
FN:1170,(anonymous_48)
FN:1174,(anonymous_49)
FN:1186,(anonymous_50)
FN:1268,(anonymous_51)
FN:1315,(anonymous_52)
FN:1332,(anonymous_53)
FN:1349,(anonymous_54)
FN:1429,(anonymous_55)
FN:1430,(anonymous_56)
FN:1447,(anonymous_57)
FN:1465,(anonymous_58)
FN:1513,(anonymous_59)
FN:1540,(anonymous_60)
FNF:61
FNH:1
FNDA:0,(anonymous_0)
FNDA:0,(anonymous_1)
FNDA:0,(anonymous_2)
FNDA:0,(anonymous_3)
FNDA:1,(anonymous_4)
FNDA:0,(anonymous_5)
FNDA:0,(anonymous_6)
FNDA:0,(anonymous_7)
FNDA:0,(anonymous_8)
FNDA:0,(anonymous_9)
FNDA:0,(anonymous_10)
FNDA:0,(anonymous_11)
FNDA:0,(anonymous_12)
FNDA:0,(anonymous_13)
FNDA:0,(anonymous_14)
FNDA:0,(anonymous_15)
FNDA:0,(anonymous_16)
FNDA:0,(anonymous_17)
FNDA:0,(anonymous_18)
FNDA:0,(anonymous_19)
FNDA:0,(anonymous_20)
FNDA:0,(anonymous_21)
FNDA:0,(anonymous_22)
FNDA:0,(anonymous_23)
FNDA:0,(anonymous_24)
FNDA:0,(anonymous_25)
FNDA:0,(anonymous_26)
FNDA:0,(anonymous_27)
FNDA:0,(anonymous_28)
FNDA:0,(anonymous_29)
FNDA:0,(anonymous_30)
FNDA:0,(anonymous_31)
FNDA:0,(anonymous_32)
FNDA:0,(anonymous_33)
FNDA:0,(anonymous_34)
FNDA:0,(anonymous_35)
FNDA:0,(anonymous_36)
FNDA:0,(anonymous_37)
FNDA:0,(anonymous_38)
FNDA:0,(anonymous_39)
FNDA:0,(anonymous_40)
FNDA:0,(anonymous_41)
FNDA:0,(anonymous_42)
FNDA:0,(anonymous_43)
FNDA:0,(anonymous_44)
FNDA:0,(anonymous_45)
FNDA:0,(anonymous_46)
FNDA:0,(anonymous_47)
FNDA:0,(anonymous_48)
FNDA:0,(anonymous_49)
FNDA:0,(anonymous_50)
FNDA:0,(anonymous_51)
FNDA:0,(anonymous_52)
FNDA:0,(anonymous_53)
FNDA:0,(anonymous_54)
FNDA:0,(anonymous_55)
FNDA:0,(anonymous_56)
FNDA:0,(anonymous_57)
FNDA:0,(anonymous_58)
FNDA:0,(anonymous_59)
FNDA:0,(anonymous_60)
DA:68,24
DA:71,24
DA:72,0
DA:73,0
DA:79,0
DA:82,0
DA:85,0
DA:89,0
DA:96,0
DA:109,0
DA:113,0
DA:114,0
DA:123,0
DA:125,0
DA:133,0
DA:135,0
DA:136,0
DA:139,0
DA:141,0
DA:142,0
DA:153,0
DA:156,0
DA:162,0
DA:168,0
DA:169,0
DA:175,0
DA:176,0
DA:177,0
DA:178,0
DA:182,0
DA:183,0
DA:186,0
DA:187,0
DA:190,0
DA:193,0
DA:202,0
DA:203,0
DA:212,24
DA:213,1
DA:214,1
DA:217,1
DA:218,1
DA:221,1
DA:222,1
DA:232,1
DA:234,1
DA:236,1
DA:241,0
DA:242,0
DA:250,24
DA:251,0
DA:252,0
DA:253,0
DA:254,0
DA:256,0
DA:257,0
DA:260,0
DA:261,0
DA:266,0
DA:268,0
DA:276,0
DA:282,0
DA:289,0
DA:291,0
DA:299,0
DA:306,0
DA:307,0
DA:316,0
DA:323,0
DA:324,0
DA:331,0
DA:332,0
DA:333,0
DA:340,0
DA:343,0
DA:353,0
DA:354,0
DA:356,0
DA:357,0
DA:359,0
DA:361,0
DA:373,0
DA:377,0
DA:378,0
DA:379,0
DA:386,0
DA:390,0
DA:395,0
DA:401,0
DA:402,0
DA:407,0
DA:419,0
DA:420,0
DA:421,0
DA:422,0
DA:423,0
DA:425,0
DA:426,0
DA:429,0
DA:430,0
DA:436,0
DA:439,0
DA:442,0
DA:443,0
DA:451,0
DA:454,0
DA:463,0
DA:465,0
DA:470,0
DA:471,0
DA:472,0
DA:474,0
DA:478,0
DA:481,0
DA:494,0
DA:499,0
DA:500,0
DA:503,0
DA:504,0
DA:508,0
DA:510,0
DA:512,0
DA:513,0
DA:529,0
DA:536,0
DA:537,0
DA:541,0
DA:542,0
DA:543,0
DA:544,0
DA:545,0
DA:548,0
DA:551,0
DA:552,0
DA:558,0
DA:559,0
DA:560,0
DA:561,0
DA:577,0
DA:584,0
DA:585,0
DA:586,0
DA:590,0
DA:636,0
DA:637,0
DA:640,0
DA:642,0
DA:643,0
DA:644,0
DA:645,0
DA:646,0
DA:655,0
DA:661,0
DA:662,0
DA:663,0
DA:664,0
DA:710,0
DA:711,0
DA:714,0
DA:719,0
DA:720,0
DA:721,0
DA:728,0
DA:740,0
DA:742,0
DA:745,0
DA:753,0
DA:779,0
DA:780,0
DA:781,0
DA:782,0
DA:783,0
DA:784,0
DA:786,0
DA:787,0
DA:788,0
DA:789,0
DA:790,0
DA:791,0
DA:792,0
DA:793,0
DA:795,0
DA:796,0
DA:811,0
DA:813,0
DA:814,0
DA:829,0
DA:830,0
DA:833,0
DA:851,0
DA:862,0
DA:874,0
DA:875,0
DA:876,0
DA:877,0
DA:879,0
DA:880,0
DA:881,0
DA:882,0
DA:883,0
DA:884,0
DA:885,0
DA:886,0
DA:887,0
DA:891,0
DA:901,0
DA:902,0
DA:906,0
DA:907,0
DA:908,0
DA:909,0
DA:913,0
DA:923,0
DA:925,0
DA:926,0
DA:927,0
DA:942,0
DA:945,0
DA:946,0
DA:947,0
DA:948,0
DA:966,0
DA:968,0
DA:972,0
DA:990,0
DA:1003,0
DA:1031,0
DA:1034,0
DA:1035,0
DA:1036,0
DA:1042,0
DA:1046,0
DA:1047,0
DA:1048,0
DA:1051,0
DA:1052,0
DA:1053,0
DA:1055,0
DA:1056,0
DA:1057,0
DA:1064,0
DA:1084,0
DA:1086,0
DA:1092,0
DA:1093,0
DA:1094,0
DA:1096,0
DA:1097,0
DA:1099,0
DA:1102,0
DA:1110,0
DA:1112,0
DA:1113,0
DA:1114,0
DA:1123,0
DA:1124,0
DA:1126,0
DA:1131,0
DA:1136,0
DA:1143,0
DA:1146,0
DA:1151,0
DA:1159,0
DA:1160,0
DA:1161,0
DA:1162,0
DA:1166,0
DA:1169,0
DA:1170,0
DA:1171,0
DA:1178,0
DA:1183,0
DA:1188,0
DA:1190,0
DA:1213,0
DA:1214,0
DA:1222,0
DA:1223,0
DA:1234,0
DA:1237,0
DA:1247,0
DA:1248,0
DA:1252,0
DA:1253,0
DA:1259,0
DA:1268,24
DA:1269,0
DA:1270,0
DA:1271,0
DA:1273,0
DA:1274,0
DA:1277,0
DA:1278,0
DA:1281,0
DA:1282,0
DA:1285,0
DA:1287,0
DA:1292,0
DA:1296,0
DA:1304,0
DA:1305,0
DA:1308,0
DA:1317,0
DA:1323,0
DA:1324,0
DA:1332,24
DA:1333,0
DA:1334,0
DA:1337,0
DA:1338,0
DA:1348,0
DA:1349,0
DA:1350,0
DA:1351,0
DA:1352,0
DA:1361,0
DA:1362,0
DA:1363,0
DA:1364,0
DA:1365,0
DA:1366,0
DA:1367,0
DA:1372,0
DA:1374,0
DA:1386,0
DA:1389,0
DA:1427,0
DA:1429,0
DA:1430,0
DA:1433,0
DA:1438,0
DA:1439,0
DA:1447,24
DA:1448,0
DA:1449,0
DA:1451,0
DA:1452,0
DA:1457,0
DA:1458,0
DA:1459,0
DA:1465,0
DA:1466,0
DA:1467,0
DA:1473,0
DA:1478,0
DA:1479,0
DA:1485,0
DA:1498,0
DA:1504,0
DA:1505,0
DA:1513,24
DA:1514,0
DA:1515,0
DA:1516,0
DA:1518,0
DA:1524,0
DA:1526,0
DA:1531,0
DA:1532,0
DA:1540,24
DA:1541,0
DA:1550,0
DA:1552,0
DA:1562,0
DA:1563,0
DA:1570,0
DA:1576,0
DA:1582,0
DA:1583,0
LF:369
LH:18
BRDA:75,0,0,0
BRDA:76,1,0,0
BRDA:82,2,0,0
BRDA:82,2,1,0
BRDA:85,3,0,0
BRDA:85,3,1,0
BRDA:92,4,0,0
BRDA:92,4,1,0
BRDA:93,5,0,0
BRDA:93,5,1,0
BRDA:109,6,0,0
BRDA:109,6,1,0
BRDA:109,6,2,0
BRDA:113,7,0,0
BRDA:113,7,1,0
BRDA:123,8,0,0
BRDA:123,8,1,0
BRDA:135,9,0,0
BRDA:135,9,1,0
BRDA:135,10,0,0
BRDA:135,10,1,0
BRDA:136,11,0,0
BRDA:136,11,1,0
BRDA:177,12,0,0
BRDA:177,12,1,0
BRDA:186,13,0,0
BRDA:186,13,1,0
BRDA:257,14,0,0
BRDA:260,15,0,0
BRDA:260,15,1,0
BRDA:266,16,0,0
BRDA:266,16,1,0
BRDA:289,17,0,0
BRDA:289,17,1,0
BRDA:306,18,0,0
BRDA:306,18,1,0
BRDA:306,19,0,0
BRDA:306,19,1,0
BRDA:306,19,2,0
BRDA:323,20,0,0
BRDA:323,20,1,0
BRDA:332,21,0,0
BRDA:332,21,1,0
BRDA:356,22,0,0
BRDA:356,22,1,0
BRDA:381,23,0,0
BRDA:381,23,1,0
BRDA:421,24,0,0
BRDA:421,24,1,0
BRDA:421,25,0,0
BRDA:421,25,1,0
BRDA:465,26,0,0
BRDA:465,26,1,0
BRDA:472,27,0,0
BRDA:472,27,1,0
BRDA:494,28,0,0
BRDA:494,28,1,0
BRDA:494,28,2,0
BRDA:494,28,3,0
BRDA:494,28,4,0
BRDA:499,29,0,0
BRDA:499,29,1,0
BRDA:503,30,0,0
BRDA:503,30,1,0
BRDA:510,31,0,0
BRDA:510,31,1,0
BRDA:536,32,0,0
BRDA:536,32,1,0
BRDA:543,33,0,0
BRDA:543,33,1,0
BRDA:543,34,0,0
BRDA:543,34,1,0
BRDA:559,35,0,0
BRDA:559,35,1,0
BRDA:585,36,0,0
BRDA:585,36,1,0
BRDA:585,37,0,0
BRDA:585,37,1,0
BRDA:601,38,0,0
BRDA:601,38,1,0
BRDA:602,39,0,0
BRDA:602,39,1,0
BRDA:603,40,0,0
BRDA:603,40,1,0
BRDA:604,41,0,0
BRDA:604,41,1,0
BRDA:605,42,0,0
BRDA:605,42,1,0
BRDA:606,43,0,0
BRDA:606,43,1,0
BRDA:608,44,0,0
BRDA:608,44,1,0
BRDA:609,45,0,0
BRDA:609,45,1,0
BRDA:610,46,0,0
BRDA:610,46,1,0
BRDA:612,47,0,0
BRDA:612,47,1,0
BRDA:613,48,0,0
BRDA:613,48,1,0
BRDA:614,49,0,0
BRDA:614,49,1,0
BRDA:615,50,0,0
BRDA:615,50,1,0
BRDA:617,51,0,0
BRDA:617,51,1,0
BRDA:618,52,0,0
BRDA:618,52,1,0
BRDA:636,53,0,0
BRDA:636,53,1,0
BRDA:636,54,0,0
BRDA:636,54,1,0
BRDA:642,55,0,0
BRDA:642,55,1,0
BRDA:645,56,0,0
BRDA:645,56,1,0
BRDA:645,57,0,0
BRDA:645,57,1,0
BRDA:662,58,0,0
BRDA:662,58,1,0
BRDA:675,59,0,0
BRDA:675,59,1,0
BRDA:676,60,0,0
BRDA:676,60,1,0
BRDA:677,61,0,0
BRDA:677,61,1,0
BRDA:678,62,0,0
BRDA:678,62,1,0
BRDA:679,63,0,0
BRDA:679,63,1,0
BRDA:680,64,0,0
BRDA:680,64,1,0
BRDA:682,65,0,0
BRDA:682,65,1,0
BRDA:683,66,0,0
BRDA:683,66,1,0
BRDA:684,67,0,0
BRDA:684,67,1,0
BRDA:686,68,0,0
BRDA:686,68,1,0
BRDA:687,69,0,0
BRDA:687,69,1,0
BRDA:688,70,0,0
BRDA:688,70,1,0
BRDA:689,71,0,0
BRDA:689,71,1,0
BRDA:691,72,0,0
BRDA:691,72,1,0
BRDA:692,73,0,0
BRDA:692,73,1,0
BRDA:710,74,0,0
BRDA:710,74,1,0
BRDA:710,75,0,0
BRDA:710,75,1,0
BRDA:719,76,0,0
BRDA:719,76,1,0
BRDA:719,77,0,0
BRDA:719,77,1,0
BRDA:770,78,0,0
BRDA:770,78,1,0
BRDA:772,79,0,0
BRDA:772,79,1,0
BRDA:775,80,0,0
BRDA:775,80,1,0
BRDA:779,81,0,0
BRDA:779,81,1,0
BRDA:788,82,0,0
BRDA:788,82,1,0
BRDA:790,83,0,0
BRDA:790,83,1,0
BRDA:807,84,0,0
BRDA:807,84,1,0
BRDA:813,85,0,0
BRDA:813,85,1,0
BRDA:813,86,0,0
BRDA:813,86,1,0
BRDA:822,87,0,0
BRDA:822,87,1,0
BRDA:825,88,0,0
BRDA:825,88,1,0
BRDA:838,89,0,0
BRDA:838,89,1,0
BRDA:844,90,0,0
BRDA:844,90,1,0
BRDA:867,91,0,0
BRDA:867,91,1,0
BRDA:868,92,0,0
BRDA:868,92,1,0
BRDA:869,93,0,0
BRDA:869,93,1,0
BRDA:870,94,0,0
BRDA:870,94,1,0
BRDA:870,95,0,0
BRDA:870,95,1,0
BRDA:879,96,0,0
BRDA:879,96,1,0
BRDA:880,97,0,0
BRDA:880,97,1,0
BRDA:881,98,0,0
BRDA:881,98,1,0
BRDA:884,99,0,0
BRDA:884,99,1,0
BRDA:897,100,0,0
BRDA:897,100,1,0
BRDA:898,101,0,0
BRDA:898,101,1,0
BRDA:907,102,0,0
BRDA:907,102,1,0
BRDA:938,103,0,0
BRDA:938,103,1,0
BRDA:945,104,0,0
BRDA:945,104,1,0
BRDA:945,105,0,0
BRDA:945,105,1,0
BRDA:958,106,0,0
BRDA:958,106,1,0
BRDA:962,107,0,0
BRDA:962,107,1,0
BRDA:977,108,0,0
BRDA:977,108,1,0
BRDA:983,109,0,0
BRDA:983,109,1,0
BRDA:1023,110,0,0
BRDA:1023,110,1,0
BRDA:1024,111,0,0
BRDA:1024,111,1,0
BRDA:1025,112,0,0
BRDA:1025,112,1,0
BRDA:1026,113,0,0
BRDA:1026,113,1,0
BRDA:1026,114,0,0
BRDA:1026,114,1,0
BRDA:1046,115,0,0
BRDA:1046,115,1,0
BRDA:1047,116,0,0
BRDA:1047,116,1,0
BRDA:1048,117,0,0
BRDA:1048,117,1,0
BRDA:1051,118,0,0
BRDA:1051,118,1,0
BRDA:1051,119,0,0
BRDA:1051,119,1,0
BRDA:1056,120,0,0
BRDA:1056,120,1,0
BRDA:1056,120,2,0
BRDA:1056,120,3,0
BRDA:1060,121,0,0
BRDA:1060,121,1,0
BRDA:1061,122,0,0
BRDA:1061,122,1,0
BRDA:1067,123,0,0
BRDA:1067,123,1,0
BRDA:1069,124,0,0
BRDA:1069,124,1,0
BRDA:1069,125,0,0
BRDA:1069,125,1,0
BRDA:1070,126,0,0
BRDA:1070,126,1,0
BRDA:1071,127,0,0
BRDA:1071,127,1,0
BRDA:1072,128,0,0
BRDA:1072,128,1,0
BRDA:1073,129,0,0
BRDA:1073,129,1,0
BRDA:1078,130,0,0
BRDA:1078,130,1,0
BRDA:1079,131,0,0
BRDA:1079,131,1,0
BRDA:1093,132,0,0
BRDA:1093,132,1,0
BRDA:1099,133,0,0
BRDA:1099,133,1,0
BRDA:1110,134,0,0
BRDA:1110,134,1,0
BRDA:1110,135,0,0
BRDA:1110,135,1,0
BRDA:1160,136,0,0
BRDA:1160,136,1,0
BRDA:1169,137,0,0
BRDA:1169,137,1,0
BRDA:1199,138,0,0
BRDA:1199,138,1,0
BRDA:1202,139,0,0
BRDA:1202,139,1,0
BRDA:1204,140,0,0
BRDA:1204,140,1,0
BRDA:1204,141,0,0
BRDA:1204,141,1,0
BRDA:1222,142,0,0
BRDA:1222,142,1,0
BRDA:1240,143,0,0
BRDA:1240,143,1,0
BRDA:1273,144,0,0
BRDA:1273,144,1,0
BRDA:1277,145,0,0
BRDA:1277,145,1,0
BRDA:1281,146,0,0
BRDA:1281,146,1,0
BRDA:1281,147,0,0
BRDA:1281,147,1,0
BRDA:1281,147,2,0
BRDA:1287,148,0,0
BRDA:1287,148,1,0
BRDA:1292,149,0,0
BRDA:1292,149,1,0
BRDA:1304,150,0,0
BRDA:1304,150,1,0
BRDA:1311,151,0,0
BRDA:1311,151,1,0
BRDA:1320,152,0,0
BRDA:1320,152,1,0
BRDA:1326,153,0,0
BRDA:1326,153,1,0
BRDA:1334,154,0,0
BRDA:1334,155,0,0
BRDA:1334,156,0,0
BRDA:1337,157,0,0
BRDA:1337,157,1,0
BRDA:1337,158,0,0
BRDA:1337,158,1,0
BRDA:1341,159,0,0
BRDA:1341,159,1,0
BRDA:1351,160,0,0
BRDA:1351,160,1,0
BRDA:1363,161,0,0
BRDA:1363,161,1,0
BRDA:1451,162,0,0
BRDA:1451,162,1,0
BRDA:1451,163,0,0
BRDA:1451,163,1,0
BRDA:1458,164,0,0
BRDA:1458,164,1,0
BRDA:1466,165,0,0
BRDA:1466,165,1,0
BRDA:1478,166,0,0
BRDA:1478,166,1,0
BRDA:1521,167,0,0
BRDA:1521,167,1,0
BRDA:1554,168,0,0
BRDA:1554,168,1,0
BRDA:1555,169,0,0
BRDA:1555,169,1,0
BRDA:1556,170,0,0
BRDA:1556,170,1,0
BRDA:1557,171,0,0
BRDA:1557,171,1,0
BRDA:1558,172,0,0
BRDA:1558,172,1,0
BRDA:1562,173,0,0
BRDA:1562,173,1,0
BRDA:1562,174,0,0
BRDA:1562,174,1,0
BRDA:1564,175,0,0
BRDA:1564,175,1,0
BRDA:1565,176,0,0
BRDA:1565,176,1,0
BRF:356
BRH:0
end_of_record
TN:
SF:routes/clinicalScalesRoutes.js
FN:33,(anonymous_0)
FN:35,(anonymous_1)
FN:41,(anonymous_2)
FN:67,(anonymous_3)
FN:101,(anonymous_4)
FN:138,(anonymous_5)
FN:164,(anonymous_6)
FN:237,(anonymous_7)
FN:291,(anonymous_8)
FN:328,(anonymous_9)
FNF:10
FNH:0
FNDA:0,(anonymous_0)
FNDA:0,(anonymous_1)
FNDA:0,(anonymous_2)
FNDA:0,(anonymous_3)
FNDA:0,(anonymous_4)
FNDA:0,(anonymous_5)
FNDA:0,(anonymous_6)
FNDA:0,(anonymous_7)
FNDA:0,(anonymous_8)
FNDA:0,(anonymous_9)
DA:13,23
DA:16,23
DA:25,23
DA:26,23
DA:27,23
DA:33,23
DA:34,0
DA:35,0
DA:36,0
DA:37,0
DA:41,0
DA:53,0
DA:55,0
DA:56,0
DA:67,23
DA:68,0
DA:69,0
DA:72,0
DA:73,0
DA:74,0
DA:79,0
DA:81,0
DA:82,0
DA:87,0
DA:89,0
DA:90,0
DA:101,23
DA:102,0
DA:103,0
DA:104,0
DA:105,0
DA:108,0
DA:109,0
DA:110,0
DA:116,0
DA:117,0
DA:118,0
DA:124,0
DA:125,0
DA:131,0
DA:132,0
DA:138,0
DA:139,0
DA:140,0
DA:141,0
DA:147,0
DA:148,0
DA:150,0
DA:152,0
DA:153,0
DA:158,0
DA:159,0
DA:164,0
DA:165,0
DA:166,0
DA:171,0
DA:172,0
DA:180,0
DA:181,0
DA:182,0
DA:188,0
DA:193,0
DA:196,0
DA:206,0
DA:208,0
DA:214,0
DA:225,0
DA:226,0
DA:237,23
DA:238,0
DA:239,0
DA:240,0
DA:243,0
DA:244,0
DA:246,0
DA:247,0
DA:248,0
DA:249,0
DA:250,0
DA:252,0
DA:258,0
DA:260,0
DA:269,0
DA:279,0
DA:280,0
DA:291,23
DA:292,0
DA:293,0
DA:294,0
DA:295,0
DA:298,0
DA:299,0
DA:300,0
DA:306,0
DA:308,0
DA:314,0
DA:316,0
DA:317,0
DA:328,23
DA:329,0
DA:330,0
DA:331,0
DA:334,0
DA:336,0
DA:346,0
DA:352,0
DA:353,0
LF:107
LH:11
BRDA:47,0,0,0
BRDA:47,0,1,0
BRDA:58,1,0,0
BRDA:58,1,1,0
BRDA:73,2,0,0
BRDA:73,2,1,0
BRDA:73,3,0,0
BRDA:73,3,1,0
BRDA:81,4,0,0
BRDA:81,4,1,0
BRDA:92,5,0,0
BRDA:92,5,1,0
BRDA:109,6,0,0
BRDA:109,6,1,0
BRDA:109,7,0,0
BRDA:109,7,1,0
BRDA:117,8,0,0
BRDA:117,8,1,0
BRDA:124,9,0,0
BRDA:124,9,1,0
BRDA:124,10,0,0
BRDA:124,10,1,0
BRDA:131,11,0,0
BRDA:131,11,1,0
BRDA:140,12,0,0
BRDA:140,12,1,0
BRDA:152,13,0,0
BRDA:152,13,1,0
BRDA:152,14,0,0
BRDA:152,14,1,0
BRDA:158,15,0,0
BRDA:158,15,1,0
BRDA:158,16,0,0
BRDA:158,16,1,0
BRDA:158,16,2,0
BRDA:165,17,0,0
BRDA:165,17,1,0
BRDA:180,18,0,0
BRDA:180,18,1,0
BRDA:181,19,0,0
BRDA:181,19,1,0
BRDA:188,20,0,0
BRDA:188,20,1,0
BRDA:188,21,0,0
BRDA:188,21,1,0
BRDA:228,22,0,0
BRDA:228,22,1,0
BRDA:239,23,0,0
BRDA:239,24,0,0
BRDA:243,25,0,0
BRDA:243,25,1,0
BRDA:244,26,0,0
BRDA:244,26,1,0
BRDA:247,27,0,0
BRDA:247,27,1,0
BRDA:249,28,0,0
BRDA:249,28,1,0
BRDA:282,29,0,0
BRDA:282,29,1,0
BRDA:294,30,0,0
BRDA:299,31,0,0
BRDA:299,31,1,0
BRDA:299,32,0,0
BRDA:299,32,1,0
BRDA:306,33,0,0
BRDA:306,33,1,0
BRDA:319,34,0,0
BRDA:319,34,1,0
BRDA:330,35,0,0
BRDA:334,36,0,0
BRDA:334,36,1,0
BRDA:355,37,0,0
BRDA:355,37,1,0
BRF:73
BRH:0
end_of_record
TN:
SF:routes/cloudinary.js
FN:59,(anonymous_0)
FN:82,(anonymous_1)
FN:89,(anonymous_2)
FN:132,(anonymous_3)
FN:170,(anonymous_4)
FNF:5
FNH:0
FNDA:0,(anonymous_0)
FNDA:0,(anonymous_1)
FNDA:0,(anonymous_2)
FNDA:0,(anonymous_3)
FNDA:0,(anonymous_4)
DA:10,24
DA:13,24
DA:22,24
DA:29,24
DA:30,24
DA:31,24
DA:32,24
DA:35,24
DA:59,24
DA:60,0
DA:78,0
DA:82,24
DA:83,0
DA:85,0
DA:86,0
DA:87,0
DA:89,0
DA:93,0
DA:94,0
DA:97,0
DA:98,0
DA:109,0
DA:114,0
DA:123,0
DA:124,0
DA:132,24
DA:133,0
DA:134,0
DA:135,0
DA:137,0
DA:138,0
DA:144,0
DA:149,0
DA:150,0
DA:156,0
DA:161,0
DA:162,0
DA:170,24
DA:171,0
DA:176,0
DA:179,0
DA:186,0
DA:191,0
DA:192,0
LF:44
LH:12
BRDA:78,0,0,0
BRDA:78,0,1,0
BRDA:86,1,0,0
BRDA:86,1,1,0
BRDA:126,2,0,0
BRDA:126,2,1,0
BRDA:137,3,0,0
BRDA:137,3,1,0
BRDA:137,4,0,0
BRDA:137,4,1,0
BRDA:145,5,0,0
BRDA:145,5,1,0
BRDA:149,6,0,0
BRDA:149,6,1,0
BRDA:164,7,0,0
BRDA:164,7,1,0
BRDA:173,8,0,0
BRDA:174,9,0,0
BRDA:187,10,0,0
BRDA:187,10,1,0
BRDA:188,11,0,0
BRDA:188,11,1,0
BRDA:194,12,0,0
BRDA:194,12,1,0
BRF:24
BRH:0
end_of_record
TN:
SF:routes/cognitiveDistortionsRoutes.js
FN:33,(anonymous_0)
FN:37,(anonymous_1)
FN:59,(anonymous_2)
FN:92,(anonymous_3)
FN:148,(anonymous_4)
FN:175,(anonymous_5)
FN:196,(anonymous_6)
FNF:7
FNH:0
FNDA:0,(anonymous_0)
FNDA:0,(anonymous_1)
FNDA:0,(anonymous_2)
FNDA:0,(anonymous_3)
FNDA:0,(anonymous_4)
FNDA:0,(anonymous_5)
FNDA:0,(anonymous_6)
DA:13,23
DA:16,23
DA:25,23
DA:26,23
DA:27,23
DA:33,23
DA:34,0
DA:35,0
DA:37,0
DA:45,0
DA:47,0
DA:48,0
DA:59,23
DA:60,0
DA:61,0
DA:64,0
DA:65,0
DA:70,0
DA:72,0
DA:73,0
DA:78,0
DA:80,0
DA:81,0
DA:92,23
DA:93,0
DA:94,0
DA:95,0
DA:98,0
DA:99,0
DA:101,0
DA:102,0
DA:104,0
DA:105,0
DA:106,0
DA:108,0
DA:114,0
DA:116,0
DA:126,0
DA:136,0
DA:137,0
DA:148,23
DA:149,0
DA:150,0
DA:151,0
DA:154,0
DA:156,0
DA:161,0
DA:163,0
DA:164,0
DA:175,23
DA:176,0
DA:177,0
DA:178,0
DA:181,0
DA:183,0
DA:194,0
DA:196,0
DA:206,0
DA:211,0
DA:212,0
LF:60
LH:10
BRDA:50,0,0,0
BRDA:50,0,1,0
BRDA:64,1,0,0
BRDA:64,1,1,0
BRDA:64,2,0,0
BRDA:64,2,1,0
BRDA:72,3,0,0
BRDA:72,3,1,0
BRDA:83,4,0,0
BRDA:83,4,1,0
BRDA:94,5,0,0
BRDA:94,6,0,0
BRDA:98,7,0,0
BRDA:98,7,1,0
BRDA:99,8,0,0
BRDA:99,8,1,0
BRDA:102,9,0,0
BRDA:102,9,1,0
BRDA:105,10,0,0
BRDA:105,10,1,0
BRDA:139,11,0,0
BRDA:139,11,1,0
BRDA:150,12,0,0
BRDA:154,13,0,0
BRDA:154,13,1,0
BRDA:166,14,0,0
BRDA:166,14,1,0
BRDA:177,15,0,0
BRDA:181,16,0,0
BRDA:181,16,1,0
BRDA:198,17,0,0
BRDA:198,17,1,0
BRDA:214,18,0,0
BRDA:214,18,1,0
BRF:34
BRH:0
end_of_record
TN:
SF:routes/crisisRoutes.js
FN:15,(anonymous_0)
FN:16,(anonymous_1)
FN:22,(anonymous_2)
FN:61,(anonymous_3)
FN:85,(anonymous_4)
FN:109,(anonymous_5)
FN:133,(anonymous_6)
FN:164,(anonymous_7)
FN:188,(anonymous_8)
FN:212,(anonymous_9)
FN:236,(anonymous_10)
FN:261,(anonymous_11)
FN:285,(anonymous_12)
FN:309,(anonymous_13)
FNF:14
FNH:9
FNDA:264,(anonymous_0)
FNDA:16,(anonymous_1)
FNDA:0,(anonymous_2)
FNDA:4,(anonymous_3)
FNDA:2,(anonymous_4)
FNDA:2,(anonymous_5)
FNDA:5,(anonymous_6)
FNDA:1,(anonymous_7)
FNDA:1,(anonymous_8)
FNDA:1,(anonymous_9)
FNDA:0,(anonymous_10)
FNDA:0,(anonymous_11)
FNDA:0,(anonymous_12)
FNDA:0,(anonymous_13)
DA:9,24
DA:12,24
DA:15,24
DA:16,264
DA:17,16
DA:18,16
DA:19,0
DA:22,0
DA:25,16
DA:26,16
DA:31,24
DA:35,24
DA:39,24
DA:43,24
DA:51,24
DA:61,24
DA:62,4
DA:63,4
DA:64,4
DA:66,4
DA:71,0
DA:72,0
DA:85,24
DA:86,2
DA:87,2
DA:88,2
DA:90,2
DA:95,0
DA:96,0
DA:109,24
DA:110,2
DA:111,2
DA:112,2
DA:114,2
DA:119,0
DA:120,0
DA:133,24
DA:134,5
DA:135,5
DA:143,5
DA:145,5
DA:150,0
DA:151,0
DA:164,24
DA:165,1
DA:166,1
DA:167,1
DA:169,1
DA:174,0
DA:175,0
DA:188,24
DA:189,1
DA:190,1
DA:191,1
DA:193,1
DA:198,0
DA:199,0
DA:212,24
DA:213,1
DA:214,1
DA:215,1
DA:217,1
DA:222,0
DA:223,0
DA:236,24
DA:237,0
DA:238,0
DA:239,0
DA:240,0
DA:242,0
DA:247,0
DA:248,0
DA:261,24
DA:262,0
DA:263,0
DA:264,0
DA:266,0
DA:271,0
DA:272,0
DA:285,24
DA:286,0
DA:287,0
DA:288,0
DA:290,0
DA:295,0
DA:296,0
DA:309,24
DA:310,0
DA:311,0
DA:312,0
DA:314,0
DA:319,0
DA:320,0
LF:93
LH:52
BRDA:18,0,0,0
BRDA:18,0,1,16
BRDA:138,1,0,5
BRDA:138,1,1,4
BRDA:139,2,0,5
BRDA:139,2,1,5
BRDA:140,3,0,5
BRDA:140,3,1,5
BRF:8
BRH:7
end_of_record
TN:
SF:routes/guestChatRoutes.js
FN:37,hashIp
FN:42,(anonymous_1)
FN:56,(anonymous_2)
FN:73,(anonymous_3)
FNF:4
FNH:2
FNDA:15,hashIp
FNDA:15,(anonymous_1)
FNDA:0,(anonymous_2)
FNDA:0,(anonymous_3)
DA:10,23
DA:12,23
DA:21,23
DA:29,23
DA:38,15
DA:39,15
DA:42,23
DA:43,15
DA:44,15
DA:45,0
DA:47,15
DA:48,15
DA:52,23
DA:57,0
DA:58,0
DA:59,0
DA:60,0
DA:62,0
DA:63,0
DA:65,0
DA:66,0
DA:68,0
DA:69,0
DA:73,23
DA:74,0
DA:75,0
DA:76,0
DA:77,0
DA:79,0
DA:80,0
DA:82,0
DA:83,0
DA:86,0
DA:87,0
DA:94,0
DA:95,0
DA:102,0
DA:103,0
DA:108,0
DA:109,0
LF:40
LH:13
BRDA:38,0,0,15
BRDA:38,0,1,0
BRDA:38,0,2,0
BRDA:39,1,0,15
BRDA:39,1,1,0
BRDA:59,2,0,0
BRDA:59,2,1,0
BRDA:62,3,0,0
BRDA:62,3,1,0
BRDA:76,4,0,0
BRDA:76,4,1,0
BRDA:76,5,0,0
BRDA:76,5,1,0
BRDA:79,6,0,0
BRDA:79,6,1,0
BRDA:82,7,0,0
BRDA:82,7,1,0
BRDA:94,8,0,0
BRDA:94,8,1,0
BRDA:94,9,0,0
BRDA:94,9,1,0
BRDA:102,10,0,0
BRDA:102,10,1,0
BRDA:105,11,0,0
BRDA:105,11,1,0
BRF:25
BRH:2
end_of_record
TN:
SF:routes/habitRoutes.js
FN:64,(anonymous_0)
FN:76,(anonymous_1)
FN:82,(anonymous_2)
FN:88,(anonymous_3)
FN:190,(anonymous_4)
FN:352,(anonymous_5)
FN:372,(anonymous_6)
FN:390,(anonymous_7)
FN:408,(anonymous_8)
FN:435,(anonymous_9)
FN:462,(anonymous_10)
FN:470,(anonymous_11)
FN:515,(anonymous_12)
FN:523,(anonymous_13)
FN:563,(anonymous_14)
FN:591,(anonymous_15)
FN:619,(anonymous_16)
FN:654,(anonymous_17)
FN:661,(anonymous_18)
FNF:19
FNH:7
FNDA:1,(anonymous_0)
FNDA:0,(anonymous_1)
FNDA:0,(anonymous_2)
FNDA:0,(anonymous_3)
FNDA:3,(anonymous_4)
FNDA:1,(anonymous_5)
FNDA:0,(anonymous_6)
FNDA:0,(anonymous_7)
FNDA:0,(anonymous_8)
FNDA:0,(anonymous_9)
FNDA:5,(anonymous_10)
FNDA:1,(anonymous_11)
FNDA:1,(anonymous_12)
FNDA:0,(anonymous_13)
FNDA:0,(anonymous_14)
FNDA:1,(anonymous_15)
FNDA:0,(anonymous_16)
FNDA:0,(anonymous_17)
FNDA:0,(anonymous_18)
DA:12,24
DA:15,24
DA:20,24
DA:21,24
DA:22,24
DA:23,24
DA:24,24
DA:25,24
DA:28,24
DA:36,24
DA:44,24
DA:52,24
DA:61,24
DA:64,24
DA:66,1
DA:67,0
DA:69,1
DA:76,24
DA:77,0
DA:78,0
DA:82,24
DA:83,0
DA:84,0
DA:88,24
DA:89,0
DA:90,0
DA:94,24
DA:111,24
DA:190,24
DA:191,3
DA:192,3
DA:193,3
DA:204,3
DA:207,3
DA:211,3
DA:217,3
DA:218,1
DA:222,3
DA:223,0
DA:227,3
DA:228,0
DA:232,3
DA:233,0
DA:237,3
DA:238,0
DA:242,3
DA:243,0
DA:250,3
DA:251,3
DA:252,3
DA:255,3
DA:256,3
DA:258,3
DA:269,3
DA:308,3
DA:326,0
DA:329,0
DA:336,0
DA:343,0
DA:352,24
DA:353,1
DA:354,1
DA:355,1
DA:356,1
DA:357,1
DA:362,0
DA:363,0
DA:372,24
DA:373,0
DA:374,0
DA:375,0
DA:380,0
DA:381,0
DA:390,24
DA:391,0
DA:392,0
DA:393,0
DA:398,0
DA:399,0
DA:408,24
DA:409,0
DA:410,0
DA:412,0
DA:413,0
DA:419,0
DA:420,0
DA:425,0
DA:426,0
DA:435,24
DA:436,0
DA:437,0
DA:439,0
DA:440,0
DA:446,0
DA:447,0
DA:452,0
DA:453,0
DA:462,24
DA:463,5
DA:465,5
DA:466,5
DA:467,1
DA:470,1
DA:475,4
DA:479,4
DA:498,4
DA:499,4
DA:505,0
DA:506,0
DA:515,24
DA:516,1
DA:518,1
DA:519,1
DA:520,0
DA:523,0
DA:528,1
DA:533,1
DA:534,1
DA:540,1
DA:541,0
DA:547,1
DA:553,0
DA:554,0
DA:563,24
DA:564,0
DA:565,0
DA:567,0
DA:568,0
DA:574,0
DA:575,0
DA:581,0
DA:582,0
DA:591,24
DA:592,1
DA:593,1
DA:595,1
DA:596,0
DA:602,1
DA:603,1
DA:609,0
DA:610,0
DA:619,24
DA:620,0
DA:621,0
DA:623,0
DA:624,0
DA:630,0
DA:631,0
DA:637,0
DA:638,0
DA:644,0
DA:645,0
DA:654,24
DA:655,0
DA:656,0
DA:657,0
DA:658,0
DA:661,0
DA:665,0
DA:667,0
DA:668,0
DA:674,0
DA:680,0
DA:681,0
DA:687,0
DA:688,0
LF:166
LH:81
BRDA:66,0,0,0
BRDA:66,0,1,1
BRDA:66,1,0,1
BRDA:66,1,1,1
BRDA:78,2,0,0
BRDA:78,2,1,0
BRDA:78,2,2,0
BRDA:84,3,0,0
BRDA:84,3,1,0
BRDA:84,3,2,0
BRDA:90,4,0,0
BRDA:90,4,1,0
[...]
DA:280,0
DA:281,0
DA:282,0
DA:283,0
DA:284,0
DA:285,0
DA:286,0
DA:287,0
DA:288,0
DA:291,0
DA:292,0
DA:293,0
DA:295,0
DA:296,0
DA:297,0
DA:305,0
DA:306,0
DA:307,0
DA:308,0
DA:309,0
DA:310,0
DA:311,0
DA:312,0
DA:313,0
DA:314,0
DA:315,0
DA:316,0
DA:317,0
DA:318,0
DA:320,0
DA:322,0
DA:323,0
DA:324,0
DA:325,0
DA:326,0
DA:327,0
DA:328,0
DA:329,0
DA:330,0
DA:331,0
DA:332,0
DA:333,0
DA:334,0
DA:340,0
DA:342,0
DA:343,0
DA:344,0
DA:346,0
DA:347,0
DA:349,0
DA:350,0
DA:351,0
DA:352,0
DA:353,0
DA:354,0
DA:355,0
DA:357,0
DA:358,0
DA:359,0
DA:361,0
DA:362,0
DA:363,0
DA:365,0
DA:367,0
DA:369,0
DA:370,0
DA:371,0
DA:372,0
DA:373,0
DA:374,0
DA:375,0
DA:376,0
DA:377,0
DA:378,0
DA:381,0
DA:382,0
DA:383,0
DA:384,0
DA:385,0
DA:386,0
DA:387,0
DA:390,0
DA:392,0
DA:393,0
DA:394,0
DA:395,0
DA:396,0
DA:397,0
DA:398,0
DA:399,0
DA:401,0
DA:404,0
DA:406,0
DA:407,0
DA:415,0
DA:416,0
DA:417,0
DA:418,0
DA:420,0
DA:422,0
DA:423,0
DA:427,0
DA:438,0
DA:439,0
DA:442,0
DA:443,0
DA:447,0
DA:448,0
DA:449,0
DA:450,0
DA:451,0
DA:458,0
DA:461,28
DA:546,0
DA:547,0
DA:548,0
DA:549,0
DA:550,0
DA:551,0
DA:552,0
DA:553,0
DA:554,0
DA:555,0
DA:557,0
DA:558,0
DA:559,0
DA:561,0
DA:562,0
DA:563,0
DA:565,0
DA:566,0
DA:567,0
DA:568,0
DA:571,0
DA:600,0
DA:602,0
DA:603,0
DA:604,0
DA:605,0
DA:606,0
DA:607,0
DA:610,0
DA:611,0
DA:614,0
DA:620,0
DA:621,0
DA:622,0
DA:625,0
DA:626,0
DA:627,0
DA:628,0
DA:629,0
DA:630,0
DA:631,0
DA:634,0
DA:635,0
DA:636,0
DA:639,0
LF:258
LH:72
BRDA:19,0,0,0
BRDA:19,0,1,0
BRDA:19,1,0,0
BRDA:19,1,1,0
BRDA:20,2,0,0
BRDA:20,2,1,0
BRDA:20,3,0,0
BRDA:20,3,1,0
BRDA:28,4,0,0
BRDA:29,5,0,0
BRDA:29,5,1,4
BRDA:29,6,0,4
BRDA:29,6,1,4
BRDA:32,7,0,4
BRDA:32,7,1,4
BRDA:33,8,0,4
BRDA:33,8,1,0
BRDA:34,9,0,4
BRDA:34,9,1,0
BRDA:37,10,0,4
BRDA:37,10,1,4
BRDA:41,11,0,58
BRDA:41,11,1,0
BRDA:44,12,0,58
BRDA:44,12,1,0
BRDA:45,13,0,4
BRDA:45,13,1,54
BRDA:45,14,0,58
BRDA:45,14,1,58
BRDA:47,15,0,2
BRDA:47,15,1,56
BRDA:47,16,0,58
BRDA:47,16,1,58
BRDA:48,17,0,0
BRDA:48,17,1,56
BRDA:48,18,0,56
BRDA:48,18,1,56
BRDA:49,19,0,1
BRDA:49,19,1,57
BRDA:49,20,0,58
BRDA:49,20,1,58
BRDA:49,20,2,1
BRDA:49,21,0,1
BRDA:49,21,1,0
BRDA:52,22,0,0
BRDA:52,22,1,58
BRDA:52,23,0,58
BRDA:52,23,1,58
BRDA:54,24,0,0
BRDA:54,24,1,0
BRDA:55,25,0,0
BRDA:55,25,1,0
BRDA:57,26,0,0
BRDA:57,26,1,58
BRDA:58,27,0,0
BRDA:58,27,1,58
BRDA:58,28,0,58
BRDA:58,28,1,0
BRDA:61,29,0,1044
BRDA:61,29,1,0
BRDA:63,30,0,58
BRDA:63,30,1,0
BRDA:64,31,0,0
BRDA:64,31,1,58
BRDA:64,32,0,58
BRDA:64,32,1,0
BRDA:64,32,2,58
BRDA:64,32,3,0
BRDA:73,33,0,0
BRDA:73,33,1,4
BRDA:73,34,0,4
BRDA:73,34,1,0
BRDA:91,35,0,6
BRDA:91,35,1,0
BRDA:99,36,0,0
BRDA:99,36,1,6
BRDA:122,37,0,116
BRDA:122,37,1,0
BRDA:125,38,0,1
BRDA:125,38,1,5
BRDA:152,39,0,1
BRDA:152,39,1,4
BRDA:177,40,0,4
BRDA:177,40,1,0
BRDA:187,41,0,74
BRDA:187,41,1,0
BRDA:187,42,0,74
BRDA:187,42,1,0
BRDA:227,43,0,0
BRDA:227,43,1,1
BRDA:232,44,0,1
BRDA:232,44,1,1
BRDA:233,45,0,1
BRDA:233,45,1,1
BRDA:237,46,0,3
BRDA:237,46,1,0
BRDA:238,47,0,3
BRDA:238,47,1,0
BRDA:247,48,0,0
BRDA:247,48,1,0
BRDA:247,49,0,0
BRDA:247,49,1,0
BRDA:250,50,0,0
BRDA:250,50,1,0
BRDA:250,50,2,0
BRDA:250,51,0,0
BRDA:250,51,1,0
BRDA:251,52,0,0
BRDA:251,52,1,0
BRDA:252,53,0,0
BRDA:252,53,1,0
BRDA:253,54,0,0
BRDA:253,54,1,0
BRDA:253,55,0,0
BRDA:253,55,1,0
BRDA:254,56,0,0
BRDA:254,56,1,0
BRDA:257,57,0,0
BRDA:257,57,1,0
BRDA:260,58,0,0
BRDA:260,58,1,0
BRDA:261,59,0,0
BRDA:261,59,1,0
BRDA:278,60,0,0
BRDA:278,60,1,0
BRDA:278,61,0,0
BRDA:278,61,1,0
BRDA:281,62,0,0
BRDA:281,62,1,0
BRDA:282,63,0,0
BRDA:282,63,1,0
BRDA:287,64,0,0
BRDA:287,64,1,0
BRDA:287,65,0,0
BRDA:287,65,1,0
BRDA:288,66,0,0
BRDA:288,66,1,0
BRDA:296,67,0,0
BRDA:296,67,1,0
BRDA:306,68,0,0
BRDA:306,68,1,0
BRDA:308,69,0,0
BRDA:308,69,1,0
BRDA:312,70,0,0
BRDA:312,70,1,0
BRDA:312,71,0,0
BRDA:312,71,1,0
BRDA:312,71,2,0
BRDA:315,72,0,0
BRDA:315,72,1,0
BRDA:316,73,0,0
BRDA:316,73,1,0
BRDA:316,74,0,0
BRDA:316,74,1,0
BRDA:317,75,0,0
BRDA:317,75,1,0
BRDA:324,76,0,0
BRDA:324,76,1,0
BRDA:326,77,0,0
BRDA:326,77,1,0
BRDA:328,78,0,0
BRDA:328,78,1,0
BRDA:330,79,0,0
BRDA:330,79,1,0
BRDA:332,80,0,0
BRDA:332,80,1,0
BRDA:332,81,0,0
BRDA:332,81,1,0
BRDA:332,81,2,0
BRDA:334,82,0,0
BRDA:334,82,1,0
BRDA:334,83,0,0
BRDA:334,83,1,0
BRDA:343,84,0,0
BRDA:343,84,1,0
BRDA:344,85,0,0
BRDA:344,85,1,0
BRDA:344,86,0,0
BRDA:344,86,1,0
BRDA:346,87,0,0
BRDA:346,87,1,0
BRDA:347,88,0,0
BRDA:347,88,1,0
BRDA:347,89,0,0
BRDA:347,89,1,0
BRDA:347,90,0,0
BRDA:347,90,1,0
BRDA:349,91,0,0
BRDA:349,91,1,0
BRDA:350,92,0,0
BRDA:350,92,1,0
BRDA:351,93,0,0
BRDA:351,93,1,0
BRDA:352,94,0,0
BRDA:352,94,1,0
BRDA:353,95,0,0
BRDA:353,95,1,0
BRDA:354,96,0,0
BRDA:354,96,1,0
BRDA:355,97,0,0
BRDA:355,97,1,0
BRDA:357,98,0,0
BRDA:357,98,1,0
BRDA:358,99,0,0
BRDA:358,99,1,0
BRDA:358,100,0,0
BRDA:358,100,1,0
BRDA:359,101,0,0
BRDA:359,101,1,0
BRDA:361,102,0,0
BRDA:361,102,1,0
BRDA:361,103,0,0
BRDA:361,103,1,0
BRDA:363,104,0,0
BRDA:363,104,1,0
BRDA:363,105,0,0
BRDA:363,105,1,0
BRDA:370,106,0,0
BRDA:370,106,1,0
BRDA:370,107,0,0
BRDA:370,107,1,0
BRDA:373,108,0,0
BRDA:373,108,1,0
BRDA:375,109,0,0
BRDA:375,109,1,0
BRDA:378,110,0,0
BRDA:378,110,1,0
BRDA:382,111,0,0
BRDA:382,111,1,0
BRDA:384,112,0,0
BRDA:384,112,1,0
BRDA:387,113,0,0
BRDA:387,113,1,0
BRDA:390,114,0,0
BRDA:390,114,1,0
BRDA:393,115,0,0
BRDA:393,115,1,0
BRDA:397,116,0,0
BRDA:397,116,1,0
BRDA:399,117,0,0
BRDA:399,117,1,0
BRDA:399,118,0,0
BRDA:399,118,1,0
BRDA:401,119,0,0
BRDA:401,119,1,0
BRDA:404,120,0,0
BRDA:404,120,1,0
BRDA:416,121,0,0
BRDA:416,121,1,0
BRDA:416,122,0,0
BRDA:416,122,1,0
BRDA:416,122,2,0
BRDA:418,123,0,0
BRDA:418,123,1,0
BRDA:419,124,0,0
BRDA:419,124,1,0
BRDA:420,125,0,0
BRDA:420,125,1,0
BRDA:427,126,0,0
BRDA:427,126,1,0
BRDA:434,127,0,0
BRDA:434,127,1,0
BRDA:439,128,0,0
BRDA:439,128,1,0
BRDA:439,129,0,0
BRDA:439,129,1,0
BRDA:439,130,0,0
BRDA:439,130,1,0
BRDA:442,131,0,0
BRDA:442,131,1,0
BRDA:442,132,0,0
BRDA:442,132,1,0
BRDA:447,133,0,0
BRDA:447,133,1,0
BRDA:449,134,0,0
BRDA:449,134,1,0
BRDA:547,135,0,0
BRDA:547,135,1,0
BRDA:548,136,0,0
BRDA:548,136,1,0
BRDA:549,137,0,0
BRDA:549,137,1,0
BRDA:550,138,0,0
BRDA:550,138,1,0
BRDA:551,139,0,0
BRDA:551,139,1,0
BRDA:552,140,0,0
BRDA:552,140,1,0
BRDA:553,141,0,0
BRDA:553,141,1,0
BRDA:554,142,0,0
BRDA:554,142,1,0
BRDA:555,143,0,0
BRDA:555,143,1,0
BRDA:558,144,0,0
BRDA:558,144,1,0
BRDA:559,145,0,0
BRDA:559,145,1,0
BRDA:562,146,0,0
BRDA:562,146,1,0
BRDA:562,147,0,0
BRDA:562,147,1,0
BRDA:563,148,0,0
BRDA:563,148,1,0
BRDA:563,149,0,0
BRDA:563,149,1,0
BRDA:566,150,0,0
BRDA:566,150,1,0
BRDA:566,151,0,0
BRDA:566,151,1,0
BRDA:566,151,2,0
BRDA:568,152,0,0
BRDA:568,152,1,0
BRDA:585,153,0,0
BRDA:585,153,1,0
BRDA:586,154,0,0
BRDA:586,154,1,0
BRDA:587,155,0,0
BRDA:587,155,1,0
BRDA:588,156,0,0
BRDA:588,156,1,0
BRDA:589,157,0,0
BRDA:589,157,1,0
BRDA:590,158,0,0
BRDA:590,158,1,0
BRDA:591,159,0,0
BRDA:591,159,1,0
BRDA:592,160,0,0
BRDA:592,160,1,0
BRDA:593,161,0,0
BRDA:593,161,1,0
BRDA:594,162,0,0
BRDA:594,162,1,0
BRDA:595,163,0,0
BRDA:595,163,1,0
BRDA:603,164,0,0
BRDA:603,164,1,0
BRDA:605,165,0,0
BRDA:605,165,1,0
BRDA:607,166,0,0
BRDA:607,166,1,0
BRDA:611,167,0,0
BRDA:611,167,1,0
BRDA:614,168,0,0
BRDA:614,168,1,0
BRDA:618,169,0,0
BRDA:618,169,1,0
BRDA:620,170,0,0
BRDA:620,170,1,0
BRDA:620,171,0,0
BRDA:620,171,1,0
BRDA:621,172,0,0
BRDA:621,172,1,0
BRDA:626,173,0,0
BRDA:626,173,1,0
BRDA:626,174,0,0
BRDA:626,174,1,0
BRDA:626,174,2,0
BRDA:626,174,3,0
BRDA:628,175,0,0
BRDA:628,175,1,0
BRDA:629,176,0,0
BRDA:629,176,1,0
BRDA:630,177,0,0
BRDA:630,177,1,0
BRDA:631,178,0,0
BRDA:631,178,1,0
BRDA:634,179,0,0
BRDA:634,179,1,0
BRDA:635,180,0,0
BRDA:635,180,1,0
BRF:371
BRH:58
end_of_record
TN:
SF:services/openai/openaiResponseCache.js
FN:17,generateResponseCacheKey
FN:37,isCachedResponseValid
FN:47,isGenericResponse
FN:49,(anonymous_3)
FN:59,adaptCachedResponse
FNF:5
FNH:0
FNDA:0,generateResponseCacheKey
FNDA:0,isCachedResponseValid
FNDA:0,isGenericResponse
FNDA:0,(anonymous_3)
FNDA:0,adaptCachedResponse
DA:8,25
DA:18,0
DA:19,0
DA:20,0
DA:21,0
DA:22,0
DA:28,0
DA:38,0
DA:39,0
DA:40,0
DA:41,0
DA:42,0
DA:43,0
DA:44,0
DA:48,0
DA:49,0
DA:60,0
DA:61,0
DA:62,0
DA:63,0
DA:64,0
DA:65,0
DA:66,0
DA:69,0
LF:24
LH:1
BRDA:19,0,0,0
BRDA:19,0,1,0
BRDA:20,1,0,0
BRDA:20,1,1,0
BRDA:21,2,0,0
BRDA:21,2,1,0
BRDA:21,2,2,0
BRDA:38,3,0,0
BRDA:38,3,1,0
BRDA:38,4,0,0
BRDA:38,4,1,0
BRDA:39,5,0,0
BRDA:39,5,1,0
BRDA:40,6,0,0
BRDA:40,6,1,0
BRDA:42,7,0,0
BRDA:42,7,1,0
BRDA:43,8,0,0
BRDA:43,8,1,0
BRDA:43,9,0,0
BRDA:43,9,1,0
BRDA:43,9,2,0
BRDA:48,10,0,0
BRDA:48,10,1,0
BRDA:48,11,0,0
BRDA:48,11,1,0
BRDA:60,12,0,0
BRDA:60,12,1,0
BRDA:62,13,0,0
BRDA:62,13,1,0
BRDA:63,14,0,0
BRDA:63,14,1,0
BRDA:65,15,0,0
BRDA:65,15,1,0
BRDA:65,16,0,0
BRDA:65,16,1,0
BRF:36
BRH:0
end_of_record
TN:
SF:services/openai/openaiValidation.js
FN:16,validateMessage
FN:38,normalizeEmotionalAnalysis
FNF:2
FNH:0
FNDA:0,validateMessage
FNDA:0,normalizeEmotionalAnalysis
DA:7,25
DA:17,0
DA:18,0
DA:20,0
DA:21,0
DA:22,0
DA:24,0
DA:25,0
DA:30,0
DA:39,0
DA:40,0
DA:46,0
DA:47,0
DA:48,0
DA:49,0
DA:52,0
DA:53,0
DA:54,0
DA:56,0
DA:62,0
DA:64,0
DA:65,0
DA:66,0
DA:67,0
DA:69,0
LF:25
LH:1
BRDA:17,0,0,0
BRDA:17,0,1,0
BRDA:21,1,0,0
BRDA:21,1,1,0
BRDA:24,2,0,0
BRDA:24,2,1,0
BRDA:39,3,0,0
BRDA:39,3,1,0
BRDA:39,4,0,0
BRDA:39,4,1,0
BRDA:46,5,0,0
BRDA:46,5,1,0
BRDA:47,6,0,0
BRDA:47,6,1,0
BRDA:53,7,0,0
BRDA:53,7,1,0
BRDA:53,8,0,0
BRDA:53,8,1,0
BRDA:64,9,0,0
BRDA:64,9,1,0
BRDA:65,10,0,0
BRDA:65,10,1,0
BRDA:66,11,0,0
BRDA:66,11,1,0
BRDA:67,12,0,0
BRDA:67,12,1,0
BRF:26
BRH:0
end_of_record
TN:
SF:services/openai/promptHistoryTelemetry.js
FN:9,isPromptHistoryTelemetryEnabled
FN:13,countIntensityGe
FN:16,(anonymous_2)
FN:24,emitPromptHistoryTelemetry
FNF:4
FNH:4
FNDA:5,isPromptHistoryTelemetryEnabled
FNDA:9,countIntensityGe
FNDA:89,(anonymous_2)
FNDA:5,emitPromptHistoryTelemetry
DA:10,5
DA:14,9
DA:15,9
DA:16,89
DA:25,5
DA:27,0
DA:29,0
DA:30,0
DA:31,0
DA:32,0
DA:33,0
DA:35,0
DA:40,0
DA:42,0
DA:46,0
DA:47,0
DA:48,0
DA:53,0
DA:54,0
LF:19
LH:5
BRDA:14,0,0,0
BRDA:14,0,1,9
BRDA:16,1,0,89
BRDA:16,1,1,0
BRDA:24,2,0,0
BRDA:25,3,0,5
BRDA:25,3,1,0
BRDA:29,4,0,0
BRDA:29,4,1,0
BRDA:30,5,0,0
BRDA:30,5,1,0
BRDA:31,6,0,0
BRDA:31,6,1,0
BRDA:32,7,0,0
BRDA:32,7,1,0
BRDA:32,7,2,0
BRDA:33,8,0,0
BRDA:33,8,1,0
BRDA:43,9,0,0
BRDA:43,9,1,0
BRDA:46,10,0,0
BRDA:46,10,1,0
BRDA:50,11,0,0
BRDA:50,11,1,0
BRF:24
BRH:3
end_of_record
TN:
SF:services/userProfile/index.js
FNF:0
FNH:0
LF:0
LH:0
BRF:0
BRH:0
end_of_record
TN:
SF:services/userProfile/userProfileConstants.js
FNF:0
FNH:0
DA:6,28
DA:7,28
DA:8,28
DA:9,28
DA:10,28
DA:12,28
DA:13,28
DA:14,28
DA:15,28
DA:16,28
DA:17,28
DA:18,28
DA:20,28
DA:21,28
DA:23,28
DA:31,28
DA:33,28
LF:17
LH:17
BRF:0
BRH:0
end_of_record
TN:
SF:utils/errors.js
FN:14,(anonymous_0)
FN:27,(anonymous_1)
FN:44,(anonymous_2)
FN:59,(anonymous_3)
FN:64,(anonymous_4)
FN:77,(anonymous_5)
FN:86,(anonymous_6)
FN:95,(anonymous_7)
FN:105,(anonymous_8)
FN:114,(anonymous_9)
FN:123,(anonymous_10)
FN:133,(anonymous_11)
FN:143,(anonymous_12)
FN:153,(anonymous_13)
FN:163,(anonymous_14)
FN:173,(anonymous_15)
FN:175,(anonymous_16)
FN:209,(anonymous_17)
FN:224,(anonymous_18)
FNF:19
FNH:18
FNDA:28,(anonymous_0)
FNDA:5,(anonymous_1)
FNDA:9,(anonymous_2)
FNDA:4,(anonymous_3)
FNDA:1,(anonymous_4)
FNDA:3,(anonymous_5)
FNDA:2,(anonymous_6)
FNDA:1,(anonymous_7)
FNDA:2,(anonymous_8)
FNDA:1,(anonymous_9)
FNDA:2,(anonymous_10)
FNDA:1,(anonymous_11)
FNDA:1,(anonymous_12)
FNDA:0,(anonymous_13)
FNDA:1,(anonymous_14)
FNDA:3,(anonymous_15)
FNDA:1,(anonymous_16)
FNDA:2,(anonymous_17)
FNDA:3,(anonymous_18)
DA:15,28
DA:17,28
DA:18,28
DA:19,28
DA:20,28
DA:21,28
DA:24,28
DA:29,5
DA:41,5
DA:45,9
DA:60,4
DA:61,4
DA:65,1
DA:66,1
DA:67,1
DA:69,1
DA:78,3
DA:87,2
DA:96,1
DA:97,1
DA:106,2
DA:115,1
DA:124,2
DA:125,2
DA:134,1
DA:135,1
DA:144,1
DA:145,1
DA:154,0
DA:155,0
DA:164,1
DA:165,1
DA:166,1
DA:173,25
DA:174,3
DA:175,1
DA:179,1
DA:182,2
DA:183,1
DA:184,1
DA:187,1
DA:188,1
DA:192,0
DA:200,0
DA:203,0
DA:209,25
DA:210,2
DA:211,1
DA:214,1
DA:215,1
DA:218,0
DA:224,25
DA:225,3
DA:226,2
DA:228,1
LF:55
LH:49
BRDA:14,0,0,1
BRDA:14,1,0,3
BRDA:14,2,0,5
BRDA:20,3,0,28
BRDA:20,3,1,5
BRDA:41,4,0,5
BRDA:41,4,1,0
BRDA:59,5,0,0
BRDA:59,6,0,2
BRDA:66,7,0,1
BRDA:66,7,1,0
BRDA:77,8,0,1
BRDA:86,9,0,1
BRDA:95,10,0,0
BRDA:105,11,0,1
BRDA:114,12,0,1
BRDA:123,13,0,0
BRDA:133,14,0,0
BRDA:133,15,0,0
BRDA:143,16,0,0
BRDA:153,17,0,0
BRDA:163,18,0,1
BRDA:174,19,0,1
BRDA:174,19,1,2
BRDA:182,20,0,1
BRDA:182,20,1,1
BRDA:182,21,0,2
BRDA:182,21,1,1
BRDA:187,22,0,1
BRDA:187,22,1,0
BRDA:192,23,0,0
BRDA:192,23,1,0
BRDA:192,24,0,0
BRDA:192,24,1,0
BRDA:192,24,2,0
BRDA:192,24,3,0
BRDA:192,24,4,0
BRDA:192,24,5,0
BRDA:192,24,6,0
BRDA:210,25,0,1
BRDA:210,25,1,1
BRDA:214,26,0,1
BRDA:214,26,1,0
BRDA:225,27,0,2
BRDA:225,27,1,1
BRF:45
BRH:25
end_of_record
TN:
SF:utils/logger.js
FN:42,(anonymous_0)
FN:129,(anonymous_1)
FN:143,(anonymous_2)
FN:150,(anonymous_3)
FN:163,(anonymous_4)
FN:167,(anonymous_5)
FN:171,(anonymous_6)
FN:175,(anonymous_7)
FN:179,(anonymous_8)
FN:184,(anonymous_9)
FN:190,(anonymous_10)
FN:204,(anonymous_11)
FN:209,(anonymous_12)
FN:214,(anonymous_13)
FN:219,(anonymous_14)
FN:224,(anonymous_15)
FNF:16
FNH:14
FNDA:0,(anonymous_0)
FNDA:9,(anonymous_1)
FNDA:268,(anonymous_2)
FNDA:1658,(anonymous_3)
FNDA:9,(anonymous_4)
FNDA:27,(anonymous_5)
FNDA:164,(anonymous_6)
FNDA:1,(anonymous_7)
FNDA:51,(anonymous_8)
FNDA:1,(anonymous_9)
FNDA:8,(anonymous_10)
FNDA:1,(anonymous_11)
FNDA:1,(anonymous_12)
FNDA:1,(anonymous_13)
FNDA:3,(anonymous_14)
FNDA:0,(anonymous_15)
DA:14,52
DA:15,52
DA:18,52
DA:27,52
DA:35,52
DA:38,52
DA:42,0
DA:47,52
DA:54,52
DA:55,52
DA:58,52
DA:67,52
DA:69,52
DA:81,52
DA:93,52
DA:104,52
DA:105,0
DA:119,52
DA:129,52
DA:130,9
DA:132,9
DA:143,52
DA:144,268
DA:146,268
DA:147,268
DA:149,268
DA:150,1658
DA:151,4
DA:152,275
DA:153,10
DA:157,268
DA:161,52
DA:164,9
DA:168,27
DA:172,164
DA:176,1
DA:180,51
DA:185,1
DA:186,1
DA:191,8
DA:192,8
DA:205,1
DA:210,1
DA:215,1
DA:220,3
DA:225,0
DA:228,0
DA:229,0
DA:230,0
DA:231,0
DA:232,0
DA:234,0
LF:52
LH:43
BRDA:42,0,0,0
BRDA:42,0,1,0
BRDA:55,1,0,0
BRDA:55,1,1,52
BRDA:62,2,0,0
BRDA:62,2,1,52
BRDA:67,3,0,52
BRDA:67,3,1,0
BRDA:104,4,0,0
BRDA:104,4,1,52
BRDA:120,5,0,0
BRDA:120,5,1,52
BRDA:130,6,0,0
BRDA:130,6,1,9
BRDA:136,7,0,9
BRDA:136,7,1,0
BRDA:138,8,0,9
BRDA:138,8,1,8
BRDA:144,9,0,0
BRDA:144,9,1,268
BRDA:144,10,0,268
BRDA:144,10,1,268
BRDA:150,11,0,4
BRDA:150,11,1,275
BRDA:152,12,0,10
BRDA:152,12,1,265
BRDA:152,13,0,275
BRDA:152,13,1,10
BRDA:163,14,0,1
BRDA:167,15,0,1
BRDA:171,16,0,162
BRDA:175,17,0,1
BRDA:179,18,0,47
BRDA:184,19,0,0
BRDA:184,20,0,1
BRDA:190,21,0,0
BRDA:204,22,0,0
BRDA:209,23,0,0
BRDA:214,24,0,0
BRDA:219,25,0,0
BRDA:224,26,0,0
BRDA:228,27,0,0
BRDA:228,27,1,0
BRDA:228,28,0,0
BRDA:228,28,1,0
BRDA:231,29,0,0
BRDA:231,29,1,0
BRF:47
BRH:24
end_of_record
TN:
SF:utils/mercadopagoPaymentApi.js
FN:10,fetchMercadoPagoPaymentById
FNF:1
FNH:0
FNDA:0,fetchMercadoPagoPaymentById
DA:11,0
DA:12,0
DA:13,0
DA:16,0
DA:17,0
DA:18,0
DA:25,0
DA:26,0
DA:30,0
DA:33,0
DA:34,0
DA:41,0
DA:45,0
LF:13
LH:0
BRDA:12,0,0,0
BRDA:12,0,1,0
BRDA:12,1,0,0
BRDA:12,1,1,0
BRDA:25,2,0,0
BRDA:25,2,1,0
BRDA:37,3,0,0
BRDA:37,3,1,0
BRF:8
BRH:0
end_of_record
TN:
SF:utils/mercadopagoWebhookSignature.js
FN:12,extractMercadoPagoWebhookResourceId
FN:28,verifyMercadoPagoWebhookSignature
FNF:2
FNH:2
FNDA:3,extractMercadoPagoWebhookResourceId
FNDA:2,verifyMercadoPagoWebhookSignature
DA:13,3
DA:14,3
DA:15,2
DA:16,1
DA:35,2
DA:36,0
DA:39,2
DA:42,2
DA:43,4
DA:44,4
DA:45,4
DA:46,4
DA:47,4
DA:48,4
DA:51,2
DA:52,0
DA:55,2
DA:56,2
DA:57,0
DA:60,2
DA:61,2
DA:62,1
DA:65,1
DA:66,1
DA:68,1
DA:69,1
DA:70,1
DA:71,1
DA:72,0
DA:74,1
DA:75,1
DA:77,0
LF:32
LH:27
BRDA:13,0,0,0
BRDA:13,0,1,3
BRDA:13,1,0,3
BRDA:13,1,1,3
BRDA:14,2,0,1
BRDA:14,2,1,2
BRDA:14,3,0,3
BRDA:14,3,1,1
BRDA:15,4,0,1
BRDA:15,4,1,1
BRDA:33,5,0,1
BRDA:35,6,0,0
BRDA:35,6,1,2
BRDA:35,7,0,2
BRDA:35,7,1,2
BRDA:35,7,2,2
BRDA:35,7,3,2
BRDA:44,8,0,0
BRDA:44,8,1,4
BRDA:47,9,0,2
BRDA:47,9,1,2
BRDA:48,10,0,2
BRDA:48,10,1,2
BRDA:51,11,0,0
BRDA:51,11,1,2
BRDA:51,12,0,2
BRDA:51,12,1,2
BRDA:56,13,0,0
BRDA:56,13,1,2
BRDA:61,14,0,1
BRDA:61,14,1,1
BRDA:71,15,0,0
BRDA:71,15,1,1
BRDA:71,16,0,1
BRDA:71,16,1,1
BRDA:75,17,0,1
BRDA:75,17,1,0
BRF:37
BRH:30
end_of_record
TN:
SF:utils/pagination.js
FN:21,cursorPaginate
FN:105,offsetPaginate
FN:153,determinePaginationType
FN:185,paginate
FNF:4
FNH:4
FNDA:4,cursorPaginate
FNDA:4,offsetPaginate
FNDA:4,determinePaginationType
FNDA:3,paginate
DA:29,4
DA:31,4
DA:33,4
DA:35,0
DA:36,0
DA:38,0
DA:39,0
DA:41,0
DA:43,0
DA:48,0
DA:49,0
DA:63,4
DA:65,4
DA:67,4
DA:68,0
DA:71,4
DA:74,4
DA:75,4
DA:78,4
DA:82,4
DA:89,0
DA:90,0
DA:113,4
DA:114,4
DA:116,4
DA:118,4
DA:119,1
DA:122,4
DA:127,4
DA:139,0
DA:140,0
DA:159,4
DA:160,1
DA:163,3
DA:164,3
DA:165,3
DA:167,0
DA:168,0
DA:195,3
DA:198,3
DA:202,3
DA:203,2
DA:212,2
DA:222,1
DA:231,1
LF:45
LH:30
BRDA:22,0,0,0
BRDA:24,1,0,0
BRDA:25,2,0,0
BRDA:26,3,0,2
BRDA:27,4,0,2
BRDA:33,5,0,0
BRDA:33,5,1,4
BRDA:36,6,0,0
BRDA:36,6,1,0
BRDA:41,7,0,0
BRDA:41,7,1,0
BRDA:43,8,0,0
BRDA:43,8,1,0
BRDA:50,9,0,0
BRDA:50,9,1,0
BRDA:53,10,0,0
BRDA:53,10,1,0
BRDA:67,11,0,0
BRDA:67,11,1,4
BRDA:75,12,0,1
BRDA:75,12,1,3
BRDA:78,13,0,1
BRDA:78,13,1,3
BRDA:78,14,0,4
BRDA:78,14,1,1
BRDA:106,15,0,0
BRDA:108,16,0,0
BRDA:109,17,0,0
BRDA:110,18,0,2
BRDA:111,19,0,2
BRDA:118,20,0,1
BRDA:118,20,1,3
BRDA:154,21,0,0
BRDA:156,22,0,3
BRDA:157,23,0,2
BRDA:159,24,0,1
BRDA:159,24,1,3
BRDA:165,25,0,2
BRDA:165,25,1,1
BRDA:187,26,0,0
BRDA:189,27,0,0
BRDA:190,28,0,3
BRDA:191,29,0,2
BRDA:192,30,0,0
BRDA:193,31,0,3
BRDA:194,32,0,3
BRDA:198,33,0,1
BRDA:198,33,1,2
BRDA:202,34,0,2
BRDA:202,34,1,1
BRF:50
BRH:28
end_of_record
TN:
SF:utils/sentry.js
FN:21,(anonymous_0)
FN:57,(anonymous_1)
FN:82,(anonymous_2)
FN:105,(anonymous_3)
FN:126,(anonymous_4)
FN:146,(anonymous_5)
FN:165,(anonymous_6)
FN:183,(anonymous_7)
FN:200,(anonymous_8)
FN:221,(anonymous_9)
FN:244,(anonymous_10)
FN:262,(anonymous_11)
FNF:12
FNH:7
FNDA:23,(anonymous_0)
FNDA:0,(anonymous_1)
FNDA:0,(anonymous_2)
FNDA:2,(anonymous_3)
FNDA:2,(anonymous_4)
FNDA:1,(anonymous_5)
FNDA:1,(anonymous_6)
FNDA:1,(anonymous_7)
FNDA:1,(anonymous_8)
FNDA:0,(anonymous_9)
FNDA:0,(anonymous_10)
FNDA:0,(anonymous_11)
DA:14,29
DA:21,29
DA:23,23
DA:24,23
DA:25,23
DA:28,0
DA:29,0
DA:30,0
DA:31,0
DA:34,0
DA:35,0
DA:40,0
DA:41,0
DA:45,0
DA:46,0
DA:48,0
DA:51,0
DA:59,0
DA:60,0
DA:61,0
DA:62,0
DA:63,0
DA:65,0
DA:67,0
DA:72,0
DA:73,0
DA:80,0
DA:84,0
DA:86,0
DA:88,0
DA:92,0
DA:93,0
DA:95,0
DA:105,29
DA:106,2
DA:107,2
DA:110,0
DA:111,0
DA:115,0
DA:126,29
DA:127,2
DA:128,2
DA:131,0
DA:132,0
DA:137,0
DA:146,29
DA:147,1
DA:148,1
DA:151,0
DA:152,0
DA:158,0
DA:165,29
DA:166,1
DA:167,1
DA:170,0
DA:171,0
DA:173,0
DA:183,29
DA:184,1
DA:185,1
DA:188,0
DA:189,0
DA:191,0
DA:200,29
DA:201,1
DA:202,1
DA:205,0
DA:206,0
DA:211,0
DA:221,29
DA:222,0
DA:223,0
DA:226,0
DA:241,0
DA:243,0
DA:244,0
DA:245,0
DA:246,0
DA:247,0
DA:251,0
DA:262,0
LF:81
LH:24
BRDA:21,0,0,0
BRDA:23,1,0,23
BRDA:23,1,1,0
BRDA:23,2,0,23
BRDA:23,2,1,23
BRDA:29,3,0,0
BRDA:29,3,1,0
BRDA:40,4,0,0
BRDA:40,4,1,0
BRDA:53,5,0,0
BRDA:53,5,1,0
BRDA:54,6,0,0
BRDA:54,6,1,0
BRDA:55,7,0,0
BRDA:55,7,1,0
BRDA:59,8,0,0
BRDA:59,8,1,0
BRDA:60,9,0,0
BRDA:60,9,1,0
BRDA:65,10,0,0
BRDA:65,10,1,0
BRDA:72,11,0,0
BRDA:72,11,1,0
BRDA:84,12,0,0
BRDA:84,12,1,0
BRDA:105,13,0,1
BRDA:106,14,0,2
BRDA:106,14,1,0
BRDA:126,15,0,1
BRDA:126,16,0,1
BRDA:127,17,0,2
BRDA:127,17,1,0
BRDA:147,18,0,1
BRDA:147,18,1,0
BRDA:153,19,0,0
BRDA:153,19,1,0
BRDA:166,20,0,1
BRDA:166,20,1,0
BRDA:184,21,0,1
BRDA:184,21,1,0
BRDA:201,22,0,1
BRDA:201,22,1,0
BRDA:208,23,0,0
BRDA:208,23,1,0
BRDA:222,24,0,0
BRDA:222,24,1,0
BRDA:222,25,0,0
BRDA:222,25,1,0
BRDA:241,26,0,0
BRDA:241,26,1,0
BRDA:244,27,0,0
BRDA:244,27,1,0
BRDA:246,28,0,0
BRDA:246,28,1,0
BRDA:246,29,0,0
BRDA:246,29,1,0
BRF:56
BRH:12
end_of_record
TN:
SF:utils/withTimeout.js
FN:12,withTimeout
FN:29,(anonymous_1)
FN:30,(anonymous_2)
FNF:3
FNH:2
FNDA:4,withTimeout
FNDA:4,(anonymous_1)
FNDA:0,(anonymous_2)
DA:13,4
DA:14,4
DA:15,0
DA:18,4
DA:20,4
DA:24,4
DA:26,4
DA:27,4
DA:30,4
DA:32,4
DA:36,4
LF:11
LH:10
BRDA:12,0,0,0
BRDA:14,1,0,0
BRDA:14,1,1,4
BRDA:14,2,0,4
BRDA:14,2,1,4
BRDA:18,3,0,4
BRDA:18,3,1,0
BRDA:20,4,0,4
BRDA:20,4,1,4
BRDA:36,5,0,4
BRDA:36,5,1,0
BRF:11
BRH:7
end_of_record
